[BrowserServer] Launching Persistent Chromium (Default) (attempt 1/5)...
[BrowserServer] Launch failed: browserType.launchPersistentContext: Executable doesn't exist at /Users/infinite27/Library/Caches/ms-playwright/chromium_headless_shell-1208/chrome-headless-shell-mac-x64/chrome-headless-shell
╔═════════════════════════════════════════════════════════════════════════╗
║ Looks like Playwright Test or Playwright was just installed or updated. ║
║ Please run the following command to download new browsers:              ║
║                                                                         ║
║     npx playwright install                                              ║
║                                                                         ║
║ <3 Playwright Team                                                      ║
╚═════════════════════════════════════════════════════════════════════════╝
[BrowserServer] Retrying in 1000ms...
[BrowserServer] Launching Persistent Chromium (Default) (attempt 2/5)...
[BrowserServer] Launch failed: browserType.launchPersistentContext: Executable doesn't exist at /Users/infinite27/Library/Caches/ms-playwright/chromium_headless_shell-1208/chrome-headless-shell-mac-x64/chrome-headless-shell
╔═════════════════════════════════════════════════════════════════════════╗
║ Looks like Playwright Test or Playwright was just installed or updated. ║
║ Please run the following command to download new browsers:              ║
║                                                                         ║
║     npx playwright install                                              ║
║                                                                         ║
║ <3 Playwright Team                                                      ║
╚═════════════════════════════════════════════════════════════════════════╝
[BrowserServer] Retrying in 2000ms...
[BrowserServer] Launching Persistent Chromium (Default) (attempt 3/5)...
[BrowserServer] Launch failed: browserType.launchPersistentContext: Executable doesn't exist at /Users/infinite27/Library/Caches/ms-playwright/chromium_headless_shell-1208/chrome-headless-shell-mac-x64/chrome-headless-shell
╔═════════════════════════════════════════════════════════════════════════╗
║ Looks like Playwright Test or Playwright was just installed or updated. ║
║ Please run the following command to download new browsers:              ║
║                                                                         ║
║     npx playwright install                                              ║
║                                                                         ║
║ <3 Playwright Team                                                      ║
╚═════════════════════════════════════════════════════════════════════════╝
[BrowserServer] Retrying in 4000ms...
[BrowserServer] Launching Persistent Chromium (Default) (attempt 4/5)...
[BrowserServer] Launch failed: browserType.launchPersistentContext: Executable doesn't exist at /Users/infinite27/Library/Caches/ms-playwright/chromium_headless_shell-1208/chrome-headless-shell-mac-x64/chrome-headless-shell
╔═════════════════════════════════════════════════════════════════════════╗
║ Looks like Playwright Test or Playwright was just installed or updated. ║
║ Please run the following command to download new browsers:              ║
║                                                                         ║
║     npx playwright install                                              ║
║                                                                         ║
║ <3 Playwright Team                                                      ║
╚═════════════════════════════════════════════════════════════════════════╝
[BrowserServer] Retrying in 8000ms...
[BrowserServer] Launching Persistent Chromium (Default) (attempt 5/5)...
[BrowserServer] Launch failed: browserType.launchPersistentContext: Executable doesn't exist at /Users/infinite27/Library/Caches/ms-playwright/chromium_headless_shell-1208/chrome-headless-shell-mac-x64/chrome-headless-shell
╔═════════════════════════════════════════════════════════════════════════╗
║ Looks like Playwright Test or Playwright was just installed or updated. ║
║ Please run the following command to download new browsers:              ║
║                                                                         ║
║     npx playwright install                                              ║
║                                                                         ║
║ <3 Playwright Team                                                      ║
╚═════════════════════════════════════════════════════════════════════════╝
[BrowserServer] Failed to launch browser: browserType.launchPersistentContext: Executable doesn't exist at /Users/infinite27/Library/Caches/ms-playwright/chromium_headless_shell-1208/chrome-headless-shell-mac-x64/chrome-headless-shell
╔═════════════════════════════════════════════════════════════════════════╗
║ Looks like Playwright Test or Playwright was just installed or updated. ║
║ Please run the following command to download new browsers:              ║
║                                                                         ║
║     npx playwright install                                              ║
║                                                                         ║
║ <3 Playwright Team                                                      ║
╚═════════════════════════════════════════════════════════════════════════╝
