[dotenv@17.3.1] injecting env (10) from .env.local -- tip: ⚙️  write to custom object with { processEnv: myObject }

  ╔══════════════════════════════════════════════════════╗
  ║         🚀 AILCC NEURAL UPLINK (RELAY)               ║
  ║         Sovereign Tier Architecture Active           ║
  ╚══════════════════════════════════════════════════════╝
  📡 Network: http://localhost:5005
  📁 Vault: /Users/infinite27/Library/CloudStorage/OneDrive-Personal/AILCC_VAULT
  
📖 Agents Registry loaded.
⚡ Connected to Redis Persistent Core
✅ Dashboard state loaded from Redis.
📡 Fetching live tasks matrix...
❌ Linear Fetch Error: Authentication required, not authenticated - You need to authenticate to access this operation.
🔄 Periodic task matrix refresh complete
📡 Fetching live tasks matrix...
❌ Linear Fetch Error: Authentication required, not authenticated - You need to authenticate to access this operation.
🔄 Periodic task matrix refresh complete
📡 Fetching live tasks matrix...
❌ Linear Fetch Error: Authentication required, not authenticated - You need to authenticate to access this operation.
🔄 Periodic task matrix refresh complete
📡 Fetching live tasks matrix...
❌ Linear Fetch Error: Authentication required, not authenticated - You need to authenticate to access this operation.
🔄 Periodic task matrix refresh complete
📡 Fetching live tasks matrix...
❌ Linear Fetch Error: Authentication required, not authenticated - You need to authenticate to access this operation.
🔄 Periodic task matrix refresh complete
📡 Fetching live tasks matrix...
❌ Linear Fetch Error: Authentication required, not authenticated - You need to authenticate to access this operation.
🔄 Periodic task matrix refresh complete
📡 Fetching live tasks matrix...
❌ Linear Fetch Error: Authentication required, not authenticated - You need to authenticate to access this operation.
🔄 Periodic task matrix refresh complete
📡 Fetching live tasks matrix...
❌ Linear Fetch Error: Authentication required, not authenticated - You need to authenticate to access this operation.
🔄 Periodic task matrix refresh complete
📡 Fetching live tasks matrix...
❌ Linear Fetch Error: Authentication required, not authenticated - You need to authenticate to access this operation.
🔄 Periodic task matrix refresh complete
📡 Fetching live tasks matrix...
❌ Linear Fetch Error: Authentication required, not authenticated - You need to authenticate to access this operation.
🔄 Periodic task matrix refresh complete
📡 Fetching live tasks matrix...
❌ Linear Fetch Error: Authentication required, not authenticated - You need to authenticate to access this operation.
🔄 Periodic task matrix refresh complete
📡 Fetching live tasks matrix...
❌ Linear Fetch Error: Authentication required, not authenticated - You need to authenticate to access this operation.
🔄 Periodic task matrix refresh complete
📡 Fetching live tasks matrix...
❌ Linear Fetch Error: Authentication required, not authenticated - You need to authenticate to access this operation.
🔄 Periodic task matrix refresh complete
📡 Fetching live tasks matrix...
❌ Linear Fetch Error: Authentication required, not authenticated - You need to authenticate to access this operation.
🔄 Periodic task matrix refresh complete
📡 Fetching live tasks matrix...
❌ Linear Fetch Error: Authentication required, not authenticated - You need to authenticate to access this operation.
🔄 Periodic task matrix refresh complete
📡 Fetching live tasks matrix...
❌ Linear Fetch Error: Authentication required, not authenticated - You need to authenticate to access this operation.
🔄 Periodic task matrix refresh complete
📡 Fetching live tasks matrix...
❌ Linear Fetch Error: Authentication required, not authenticated - You need to authenticate to access this operation.
🔄 Periodic task matrix refresh complete
📡 Fetching live tasks matrix...
❌ Linear Fetch Error: Authentication required, not authenticated - You need to authenticate to access this operation.
🔄 Periodic task matrix refresh complete
📡 Fetching live tasks matrix...
❌ Linear Fetch Error: Authentication required, not authenticated - You need to authenticate to access this operation.
🔄 Periodic task matrix refresh complete
📡 Fetching live tasks matrix...
❌ Linear Fetch Error: Authentication required, not authenticated - You need to authenticate to access this operation.
🔄 Periodic task matrix refresh complete
📡 Fetching live tasks matrix...
❌ Linear Fetch Error: Authentication required, not authenticated - You need to authenticate to access this operation.
🔄 Periodic task matrix refresh complete
📡 Fetching live tasks matrix...
❌ Linear Fetch Error: Authentication required, not authenticated - You need to authenticate to access this operation.
🔄 Periodic task matrix refresh complete
📡 Fetching live tasks matrix...
❌ Linear Fetch Error: Authentication required, not authenticated - You need to authenticate to access this operation.
🔄 Periodic task matrix refresh complete
📡 Fetching live tasks matrix...
❌ Linear Fetch Error: Authentication required, not authenticated - You need to authenticate to access this operation.
🔄 Periodic task matrix refresh complete
📡 Fetching live tasks matrix...
❌ Linear Fetch Error: Authentication required, not authenticated - You need to authenticate to access this operation.
🔄 Periodic task matrix refresh complete
📡 Fetching live tasks matrix...
❌ Linear Fetch Error: Authentication required, not authenticated - You need to authenticate to access this operation.
🔄 Periodic task matrix refresh complete
📡 Fetching live tasks matrix...
❌ Linear Fetch Error: Authentication required, not authenticated - You need to authenticate to access this operation.
🔄 Periodic task matrix refresh complete
📡 Fetching live tasks matrix...
❌ Linear Fetch Error: Authentication required, not authenticated - You need to authenticate to access this operation.
🔄 Periodic task matrix refresh complete
📡 Fetching live tasks matrix...
❌ Linear Fetch Error: Authentication required, not authenticated - You need to authenticate to access this operation.
🔄 Periodic task matrix refresh complete
📡 Fetching live tasks matrix...
❌ Linear Fetch Error: Authentication required, not authenticated - You need to authenticate to access this operation.
🔄 Periodic task matrix refresh complete
📡 Fetching live tasks matrix...
❌ Linear Fetch Error: Authentication required, not authenticated - You need to authenticate to access this operation.
🔄 Periodic task matrix refresh complete
📡 Fetching live tasks matrix...
❌ Linear Fetch Error: Authentication required, not authenticated - You need to authenticate to access this operation.
🔄 Periodic task matrix refresh complete
📡 Fetching live tasks matrix...
❌ Linear Fetch Error: Authentication required, not authenticated - You need to authenticate to access this operation.
🔄 Periodic task matrix refresh complete
📡 Fetching live tasks matrix...
❌ Linear Fetch Error: Authentication required, not authenticated - You need to authenticate to access this operation.
🔄 Periodic task matrix refresh complete
📡 Fetching live tasks matrix...
❌ Linear Fetch Error: Authentication required, not authenticated - You need to authenticate to access this operation.
🔄 Periodic task matrix refresh complete
📡 Fetching live tasks matrix...
❌ Linear Fetch Error: Authentication required, not authenticated - You need to authenticate to access this operation.
🔄 Periodic task matrix refresh complete
📡 Fetching live tasks matrix...
❌ Linear Fetch Error: Authentication required, not authenticated - You need to authenticate to access this operation.
🔄 Periodic task matrix refresh complete
📡 Fetching live tasks matrix...
❌ Linear Fetch Error: Authentication required, not authenticated - You need to authenticate to access this operation.
🔄 Periodic task matrix refresh complete
📡 Fetching live tasks matrix...
❌ Linear Fetch Error: Authentication required, not authenticated - You need to authenticate to access this operation.
🔄 Periodic task matrix refresh complete
📡 Fetching live tasks matrix...
❌ Linear Fetch Error: Authentication required, not authenticated - You need to authenticate to access this operation.
🔄 Periodic task matrix refresh complete
📡 Fetching live tasks matrix...
❌ Linear Fetch Error: Authentication required, not authenticated - You need to authenticate to access this operation.
🔄 Periodic task matrix refresh complete
📡 Fetching live tasks matrix...
❌ Linear Fetch Error: Authentication required, not authenticated - You need to authenticate to access this operation.
🔄 Periodic task matrix refresh complete
📡 Fetching live tasks matrix...
❌ Linear Fetch Error: Authentication required, not authenticated - You need to authenticate to access this operation.
🔄 Periodic task matrix refresh complete
📡 Fetching live tasks matrix...
❌ Linear Fetch Error: Authentication required, not authenticated - You need to authenticate to access this operation.
🔄 Periodic task matrix refresh complete
📡 Fetching live tasks matrix...
❌ Linear Fetch Error: Authentication required, not authenticated - You need to authenticate to access this operation.
🔄 Periodic task matrix refresh complete
📡 Fetching live tasks matrix...
❌ Linear Fetch Error: Authentication required, not authenticated - You need to authenticate to access this operation.
🔄 Periodic task matrix refresh complete
📡 Fetching live tasks matrix...
❌ Linear Fetch Error: Authentication required, not authenticated - You need to authenticate to access this operation.
🔄 Periodic task matrix refresh complete
📡 Fetching live tasks matrix...
❌ Linear Fetch Error: Authentication required, not authenticated - You need to authenticate to access this operation.
🔄 Periodic task matrix refresh complete
📡 Fetching live tasks matrix...
❌ Linear Fetch Error: Authentication required, not authenticated - You need to authenticate to access this operation.
🔄 Periodic task matrix refresh complete
📡 Fetching live tasks matrix...
❌ Linear Fetch Error: Authentication required, not authenticated - You need to authenticate to access this operation.
🔄 Periodic task matrix refresh complete
📡 Fetching live tasks matrix...
❌ Linear Fetch Error: Authentication required, not authenticated - You need to authenticate to access this operation.
🔄 Periodic task matrix refresh complete
📡 Fetching live tasks matrix...
❌ Linear Fetch Error: Authentication required, not authenticated - You need to authenticate to access this operation.
🔄 Periodic task matrix refresh complete
📡 Fetching live tasks matrix...
❌ Linear Fetch Error: Authentication required, not authenticated - You need to authenticate to access this operation.
🔄 Periodic task matrix refresh complete
📡 Fetching live tasks matrix...
❌ Linear Fetch Error: Authentication required, not authenticated - You need to authenticate to access this operation.
🔄 Periodic task matrix refresh complete
📡 Fetching live tasks matrix...
❌ Linear Fetch Error: Authentication required, not authenticated - You need to authenticate to access this operation.
🔄 Periodic task matrix refresh complete
📡 Fetching live tasks matrix...
❌ Linear Fetch Error: Authentication required, not authenticated - You need to authenticate to access this operation.
🔄 Periodic task matrix refresh complete
📡 Fetching live tasks matrix...
❌ Linear Fetch Error: Authentication required, not authenticated - You need to authenticate to access this operation.
🔄 Periodic task matrix refresh complete
📡 Fetching live tasks matrix...
❌ Linear Fetch Error: Authentication required, not authenticated - You need to authenticate to access this operation.
🔄 Periodic task matrix refresh complete
📡 Fetching live tasks matrix...
❌ Linear Fetch Error: Authentication required, not authenticated - You need to authenticate to access this operation.
🔄 Periodic task matrix refresh complete
📡 Fetching live tasks matrix...
❌ Linear Fetch Error: Authentication required, not authenticated - You need to authenticate to access this operation.
🔄 Periodic task matrix refresh complete
📡 Fetching live tasks matrix...
❌ Linear Fetch Error: Authentication required, not authenticated - You need to authenticate to access this operation.
🔄 Periodic task matrix refresh complete
