[dotenv@17.3.1] injecting env (10) from .env.local -- tip: 🤖 agentic secret storage: https://dotenvx.com/as2

  ╔══════════════════════════════════════════════════════╗
  ║         🚀 AILCC NEURAL UPLINK (RELAY)               ║
  ║         Sovereign Tier Architecture Active           ║
  ╚══════════════════════════════════════════════════════╝
  📡 Network: http://localhost:5005
  📁 Vault: /Users/infinite27/Library/CloudStorage/OneDrive-Personal/AILCC_VAULT
  
📖 Agents Registry loaded.
⚡ Connected to Redis Persistent Core
✅ Dashboard state loaded from Redis.
🔗 Client connected to Neural Uplink
🔌 New client connected to Neural Uplink
📡 Broadcasted consolidated tasks matrix.
🔗 Client connected to Neural Uplink
🔌 New client connected to Neural Uplink
📡 Broadcasted consolidated tasks matrix.
❌ Client disconnected
🔌 Client disconnected
❌ Client disconnected
🔌 Client disconnected
🔗 Client connected to Neural Uplink
🔌 New client connected to Neural Uplink
📡 Broadcasted consolidated tasks matrix.
📡 Broadcasted consolidated tasks matrix.
🔄 Periodic task matrix refresh complete
📡 Broadcasted consolidated tasks matrix.
🔄 Periodic task matrix refresh complete
📡 Broadcasted consolidated tasks matrix.
🔄 Periodic task matrix refresh complete
❌ Client disconnected
🔌 Client disconnected
🔗 Client connected to Neural Uplink
🔌 New client connected to Neural Uplink
📡 Broadcasted consolidated tasks matrix.
🔗 Client connected to Neural Uplink
🔌 New client connected to Neural Uplink
📡 Broadcasted consolidated tasks matrix.
🔗 Client connected to Neural Uplink
🔌 New client connected to Neural Uplink
📡 Broadcasted consolidated tasks matrix.
❌ Client disconnected
🔌 Client disconnected
❌ Client disconnected
🔌 Client disconnected
📡 Broadcasted consolidated tasks matrix.
🔄 Periodic task matrix refresh complete
❌ Client disconnected
🔌 Client disconnected
🔗 Client connected to Neural Uplink
🔌 New client connected to Neural Uplink
📡 Broadcasted consolidated tasks matrix.
📡 Broadcasted consolidated tasks matrix.
🔄 Periodic task matrix refresh complete
🔗 Client connected to Neural Uplink
🔌 New client connected to Neural Uplink
📡 Broadcasted consolidated tasks matrix.
🔗 Client connected to Neural Uplink
🔌 New client connected to Neural Uplink
📡 Broadcasted consolidated tasks matrix.
🔗 Client connected to Neural Uplink
🔌 New client connected to Neural Uplink
📡 Broadcasted consolidated tasks matrix.
❌ Client disconnected
🔌 Client disconnected
❌ Client disconnected
🔌 Client disconnected
❌ Client disconnected
🔌 Client disconnected
🔗 Client connected to Neural Uplink
🔌 New client connected to Neural Uplink
📡 Broadcasted consolidated tasks matrix.
📡 Broadcasted consolidated tasks matrix.
🔄 Periodic task matrix refresh complete
🔗 Client connected to Neural Uplink
🔌 New client connected to Neural Uplink
📡 Broadcasted consolidated tasks matrix.
🔗 Client connected to Neural Uplink
🔌 New client connected to Neural Uplink
📡 Broadcasted consolidated tasks matrix.
❌ Client disconnected
🔌 Client disconnected
❌ Client disconnected
🔌 Client disconnected
❌ Client disconnected
🔌 Client disconnected
🔗 Client connected to Neural Uplink
🔌 New client connected to Neural Uplink
📡 Broadcasted consolidated tasks matrix.
📡 Broadcasted consolidated tasks matrix.
🔄 Periodic task matrix refresh complete
📡 Broadcasted consolidated tasks matrix.
🔄 Periodic task matrix refresh complete
❌ Client disconnected
🔌 Client disconnected
🔗 Client connected to Neural Uplink
🔌 New client connected to Neural Uplink
📡 Broadcasted consolidated tasks matrix.
🔗 Client connected to Neural Uplink
🔌 New client connected to Neural Uplink
📡 Broadcasted consolidated tasks matrix.
🔗 Client connected to Neural Uplink
🔌 New client connected to Neural Uplink
📡 Broadcasted consolidated tasks matrix.
❌ Client disconnected
🔌 Client disconnected
❌ Client disconnected
🔌 Client disconnected
📡 Broadcasted consolidated tasks matrix.
🔄 Periodic task matrix refresh complete
📡 Broadcasted consolidated tasks matrix.
🔄 Periodic task matrix refresh complete
📡 Broadcasted consolidated tasks matrix.
🔄 Periodic task matrix refresh complete
📡 Broadcasted consolidated tasks matrix.
🔄 Periodic task matrix refresh complete
📡 Broadcasted consolidated tasks matrix.
🔄 Periodic task matrix refresh complete
📡 Broadcasted consolidated tasks matrix.
🔄 Periodic task matrix refresh complete
