
--- AUDIT 2025-12-20T15:13:23.483538 ---
✅ [VAULT] Chamber 01_Areas is properly localized.
✅ [VAULT] Chamber 02_Resources is properly localized.
✅ [VAULT] Chamber 03_Archives is properly localized.
✅ [VAULT] Chamber 04_Intelligence_Vault is properly localized.
✅ [VAULT] Chamber 05_Templates is properly localized.
✅ [VAULT] Chamber 06_System is properly localized.
✅ [EXEC] context_orchestrator.py is operational.
✅ [EXEC] vault_rag.py is operational.
✅ [EXEC] budget_governor.py is operational.
✅ [EXEC] finance_tracker.py is operational.
✅ [STATE] current_context.json is synced.
✅ [STATE] vault_index.json is synced.
✅ [STATE] budget_state.json is synced.
✅ [STATE] finance_data.json is synced.
Final Convergence Score: 100.0%

--- AUDIT 2025-12-20T15:16:11.153697 ---
✅ [VAULT] Chamber 01_Areas is properly localized.
✅ [VAULT] Chamber 02_Resources is properly localized.
✅ [VAULT] Chamber 03_Archives is properly localized.
✅ [VAULT] Chamber 04_Intelligence_Vault is properly localized.
✅ [VAULT] Chamber 05_Templates is properly localized.
✅ [VAULT] Chamber 06_System is properly localized.
✅ [EXEC] context_orchestrator.py is operational.
✅ [EXEC] vault_rag.py is operational.
✅ [EXEC] budget_governor.py is operational.
✅ [EXEC] finance_tracker.py is operational.
✅ [STATE] current_context.json is synced.
✅ [STATE] vault_index.json is synced.
✅ [STATE] budget_state.json is synced.
✅ [STATE] finance_data.json is synced.
Final Convergence Score: 100.0%
