
> dev
> next dev

▲ Next.js 16.1.6 (Turbopack)
- Local:         http://localhost:3000
- Network:       http://10.0.0.245:3000
- Environments: .env.local
- Experiments (use with caution):
  ✓ externalDir

✓ Starting...
✓ Ready in 8.1s

-----
[1m[31mFATAL[39m[0m: An unexpected Turbopack error occurred. A panic log has been written to /var/folders/hz/52mr8nws137fxvfv8bbt6sq80000gn/T/next-panic-67ff29356652a3758abc348288231575.log.

To help make Turbopack better, report this error by clicking here: https://github.com/vercel/next.js/discussions/new?category=turbopack-error-report&title=Turbopack%20Error%3A%20Failed%20to%20write%20page%20endpoint%20%2F_app&body=Turbopack%20version%3A%20%60v16.1.0-canary.22-82-gadf8c612a%60%0ANext.js%20version%3A%20%600.0.0%60%0A%0AError%20message%3A%0A%60%60%60%0ATurbopack%20Error%3A%20Failed%20to%20write%20page%20endpoint%20%2F_app%0A%60%60%60&labels=Turbopack,Turbopack%20Panic%20Backtrace
-----

⨯ Error [TurbopackInternalError]: Failed to write page endpoint /_app

Caused by:
- [project]/dashboard/styles/globals.css [client] (css)
- failed to receive message
- reading packet length
- Connection reset by peer (os error 54)

Debug info:
- Execution of get_written_endpoint_with_issues_operation failed
- Execution of endpoint_write_to_disk failed
- Execution of <PageEndpoint as Endpoint>::output failed
- Failed to write page endpoint /_app
- Execution of PageEndpoint::output failed
- Execution of *ChunkGroupResult::all_assets failed
- Execution of PageEndpoint::client_chunk_group failed
- Execution of *ChunkingContext::evaluated_chunk_group failed
- Execution of ModuleGraph::from_modules failed
- Execution of *ModuleGraph::from_single_graph failed
- Execution of SingleModuleGraph::new_with_entries failed
- [project]/dashboard/styles/globals.css [client] (css)
- Execution of primary_chunkable_referenced_modules failed
- Execution of <CssModuleAsset as Module>::references failed
- Execution of parse_css failed
- Execution of <PostCssTransformedAsset as Asset>::content failed
- Execution of PostCssTransformedAsset::process failed
- Execution of evaluate_webpack_loader failed
- failed to receive message
- reading packet length
- Connection reset by peer (os error 54)
    at <unknown> (TurbopackInternalError: Failed to write page endpoint /_app) {
  location: undefined
}
Error [TurbopackInternalError]: Failed to write page endpoint /_app

Caused by:
- [project]/dashboard/styles/globals.css [client] (css)
- failed to receive message
- reading packet length
- Connection reset by peer (os error 54)

Debug info:
- Execution of get_written_endpoint_with_issues_operation failed
- Execution of endpoint_write_to_disk failed
- Execution of <PageEndpoint as Endpoint>::output failed
- Failed to write page endpoint /_app
- Execution of PageEndpoint::output failed
- Execution of *ChunkGroupResult::all_assets failed
- Execution of PageEndpoint::client_chunk_group failed
- Execution of *ChunkingContext::evaluated_chunk_group failed
- Execution of ModuleGraph::from_modules failed
- Execution of *ModuleGraph::from_single_graph failed
- Execution of SingleModuleGraph::new_with_entries failed
- [project]/dashboard/styles/globals.css [client] (css)
- Execution of primary_chunkable_referenced_modules failed
- Execution of <CssModuleAsset as Module>::references failed
- Execution of parse_css failed
- Execution of <PostCssTransformedAsset as Asset>::content failed
- Execution of PostCssTransformedAsset::process failed
- Execution of evaluate_webpack_loader failed
- failed to receive message
- reading packet length
- Connection reset by peer (os error 54)
    at <unknown> (TurbopackInternalError: Failed to write page endpoint /_app) {
  location: undefined
}
⨯ Error [TurbopackInternalError]: Failed to write page endpoint /_app

Caused by:
- [project]/dashboard/styles/globals.css [client] (css)
- failed to receive message
- reading packet length
- Connection reset by peer (os error 54)

Debug info:
- Execution of get_written_endpoint_with_issues_operation failed
- Execution of endpoint_write_to_disk failed
- Execution of <PageEndpoint as Endpoint>::output failed
- Failed to write page endpoint /_app
- Execution of PageEndpoint::output failed
- Execution of *ChunkGroupResult::all_assets failed
- Execution of PageEndpoint::client_chunk_group failed
- Execution of *ChunkingContext::evaluated_chunk_group failed
- Execution of ModuleGraph::from_modules failed
- Execution of *ModuleGraph::from_single_graph failed
- Execution of SingleModuleGraph::new_with_entries failed
- [project]/dashboard/styles/globals.css [client] (css)
- Execution of primary_chunkable_referenced_modules failed
- Execution of <CssModuleAsset as Module>::references failed
- Execution of parse_css failed
- Execution of <PostCssTransformedAsset as Asset>::content failed
- Execution of PostCssTransformedAsset::process failed
- Execution of evaluate_webpack_loader failed
- failed to receive message
- reading packet length
- Connection reset by peer (os error 54)
    at <unknown> (TurbopackInternalError: Failed to write page endpoint /_app) {
  location: undefined
}
Error [TurbopackInternalError]: Failed to write page endpoint /_app

Caused by:
- [project]/dashboard/styles/globals.css [client] (css)
- failed to receive message
- reading packet length
- Connection reset by peer (os error 54)

Debug info:
- Execution of get_written_endpoint_with_issues_operation failed
- Execution of endpoint_write_to_disk failed
- Execution of <PageEndpoint as Endpoint>::output failed
- Failed to write page endpoint /_app
- Execution of PageEndpoint::output failed
- Execution of *ChunkGroupResult::all_assets failed
- Execution of PageEndpoint::client_chunk_group failed
- Execution of *ChunkingContext::evaluated_chunk_group failed
- Execution of ModuleGraph::from_modules failed
- Execution of *ModuleGraph::from_single_graph failed
- Execution of SingleModuleGraph::new_with_entries failed
- [project]/dashboard/styles/globals.css [client] (css)
- Execution of primary_chunkable_referenced_modules failed
- Execution of <CssModuleAsset as Module>::references failed
- Execution of parse_css failed
- Execution of <PostCssTransformedAsset as Asset>::content failed
- Execution of PostCssTransformedAsset::process failed
- Execution of evaluate_webpack_loader failed
- failed to receive message
- reading packet length
- Connection reset by peer (os error 54)
    at <unknown> (TurbopackInternalError: Failed to write page endpoint /_app) {
  location: undefined
}
