⚖️ THE JUDGE v2.0: Monitoring System Entropy...
📡 Verdict: Slow Redis Response: 1003.60ms
📡 Verdict: High CPU Entropy: Antigravity Helper (Renderer) (PID: 3671) @ 130.7%
📡 Verdict: Slow Redis Response: 23.99ms
📡 Verdict: High CPU Entropy: language_server_macos_x64 (PID: 5388) @ 101.6%
📡 Verdict: Slow Redis Response: 29.55ms
📡 Verdict: Slow Redis Response: 113.19ms
📡 Verdict: High CPU Entropy: Antigravity Helper (Renderer) (PID: 3671) @ 101.5%
📡 Verdict: Slow Redis Response: 39.91ms
📡 Verdict: High CPU Entropy: Antigravity Helper (Renderer) (PID: 3671) @ 106.7%
📡 Verdict: High CPU Entropy: language_server_macos_x64 (PID: 5388) @ 90.4%
📡 Verdict: Slow Redis Response: 10.69ms
📡 Verdict: Slow Redis Response: 156.19ms
📡 Verdict: High CPU Entropy: language_server_macos_x64 (PID: 5388) @ 97.6%
📡 Verdict: Slow Redis Response: 557.05ms
📡 Verdict: High CPU Entropy: language_server_macos_x64 (PID: 5388) @ 119.9%
📡 Verdict: Slow Redis Response: 146.23ms
📡 Verdict: Slow Redis Response: 117.12ms
📡 Verdict: High CPU Entropy: language_server_macos_x64 (PID: 5388) @ 93.2%
📡 Verdict: Slow Redis Response: 11.66ms
📡 Verdict: High CPU Entropy: language_server_macos_x64 (PID: 5388) @ 93.3%
📡 Verdict: Slow Redis Response: 393.72ms
📡 Verdict: High CPU Entropy: language_server_macos_x64 (PID: 5388) @ 107.2%
📡 Verdict: Slow Redis Response: 12.89ms
📡 Verdict: High CPU Entropy: Antigravity Helper (Renderer) (PID: 3671) @ 109.9%
📡 Verdict: High CPU Entropy: language_server_macos_x64 (PID: 5388) @ 108.8%
📡 Verdict: Slow Redis Response: 15.73ms
📡 Verdict: High CPU Entropy: Antigravity Helper (Renderer) (PID: 3671) @ 109.3%
📡 Verdict: High CPU Entropy: language_server_macos_x64 (PID: 5388) @ 92.0%
📡 Verdict: High CPU Entropy: Antigravity Helper (Renderer) (PID: 3671) @ 115.2%
📡 Verdict: High CPU Entropy: language_server_macos_x64 (PID: 5388) @ 93.2%
📡 Verdict: High CPU Entropy: Antigravity Helper (Renderer) (PID: 3671) @ 119.1%
📡 Verdict: Slow Redis Response: 311.53ms
📡 Verdict: Slow Redis Response: 541.66ms
📡 Verdict: High CPU Entropy: Antigravity Helper (Renderer) (PID: 3671) @ 96.4%
📡 Verdict: Slow Redis Response: 867.41ms
📡 Verdict: Slow Redis Response: 3250.93ms
📡 Verdict: Slow Redis Response: 1149.86ms
📡 Verdict: Slow Redis Response: 96.10ms
📡 Verdict: Slow Redis Response: 76.30ms
📡 Verdict: High CPU Entropy: Google Chrome Helper (PID: 36168) @ 111.9%
📡 Verdict: Slow Redis Response: 168.03ms
📡 Verdict: High CPU Entropy: Google Chrome Helper (PID: 36168) @ 102.8%
📡 Verdict: Slow Redis Response: 44.42ms
📡 Verdict: High CPU Entropy: Google Chrome Helper (PID: 36168) @ 109.7%
📡 Verdict: Slow Redis Response: 156.65ms
📡 Verdict: Slow Redis Response: 18.32ms
📡 Verdict: High CPU Entropy: Google Chrome Helper (PID: 36168) @ 103.8%
📡 Verdict: Slow Redis Response: 454.61ms
📡 Verdict: High CPU Entropy: Google Chrome Helper (PID: 36168) @ 92.8%
📡 Verdict: Slow Redis Response: 22.95ms
📡 Verdict: Slow Redis Response: 48.34ms
📡 Verdict: Slow Redis Response: 71.97ms
📡 Verdict: Slow Redis Response: 122.10ms
📡 Verdict: Slow Redis Response: 54.49ms
📡 Verdict: Redis Persistent Core Offline: Timeout reading from socket
📡 Verdict: Slow Redis Response: 20.36ms
📡 Verdict: Slow Redis Response: 39.10ms
📡 Verdict: Slow Redis Response: 662.51ms
📡 Verdict: Slow Redis Response: 64.54ms
📡 Verdict: Slow Redis Response: 30.74ms
📡 Verdict: Slow Redis Response: 4004.06ms
📡 Verdict: Slow Redis Response: 176.12ms
📡 Verdict: Slow Redis Response: 145.51ms
📡 Verdict: High CPU Entropy: Google Chrome Helper (PID: 36168) @ 92.1%
📡 Verdict: Slow Redis Response: 49.91ms
📡 Verdict: High CPU Entropy: Google Chrome Helper (PID: 36168) @ 96.2%
📡 Verdict: Slow Redis Response: 60.48ms
📡 Verdict: Slow Redis Response: 105.94ms
📡 Verdict: Slow Redis Response: 233.26ms
📡 Verdict: High CPU Entropy: Google Chrome Helper (PID: 36168) @ 97.0%
📡 Verdict: Slow Redis Response: 326.65ms
📡 Verdict: Slow Redis Response: 170.93ms
📡 Verdict: High CPU Entropy: language_server_macos_x64 (PID: 5388) @ 103.2%
📡 Verdict: High CPU Entropy: Google Chrome Helper (PID: 36168) @ 93.9%
📡 Verdict: Slow Redis Response: 61.82ms
📡 Verdict: High CPU Entropy: language_server_macos_x64 (PID: 5388) @ 98.8%
📡 Verdict: High CPU Entropy: Google Chrome Helper (PID: 36168) @ 94.8%
📡 Verdict: Slow Redis Response: 1163.32ms
📡 Verdict: High CPU Entropy: language_server_macos_x64 (PID: 5388) @ 112.2%
📡 Verdict: High CPU Entropy: Google Chrome Helper (PID: 36168) @ 96.1%
📡 Verdict: Slow Redis Response: 154.10ms
📡 Verdict: High CPU Entropy: Google Chrome Helper (PID: 36168) @ 98.9%
📡 Verdict: Slow Redis Response: 78.14ms
📡 Verdict: High CPU Entropy: language_server_macos_x64 (PID: 5388) @ 103.9%
📡 Verdict: High CPU Entropy: Google Chrome Helper (PID: 36168) @ 112.0%
📡 Verdict: Slow Redis Response: 35.97ms
📡 Verdict: Slow Redis Response: 1369.53ms
📡 Verdict: Slow Redis Response: 138.86ms
📡 Verdict: High CPU Entropy: language_server_macos_x64 (PID: 5388) @ 119.2%
📡 Verdict: Slow Redis Response: 95.78ms
📡 Verdict: Slow Redis Response: 69.59ms
📡 Verdict: High CPU Entropy: language_server_macos_x64 (PID: 5388) @ 101.3%
📡 Verdict: Slow Redis Response: 10.61ms
📡 Verdict: Slow Redis Response: 11.48ms
📡 Verdict: Slow Redis Response: 377.55ms
📡 Verdict: Slow Redis Response: 32.68ms
📡 Verdict: Slow Redis Response: 13.23ms
📡 Verdict: Slow Redis Response: 243.97ms
📡 Verdict: Slow Redis Response: 17.24ms
📡 Verdict: Slow Redis Response: 47.44ms
📡 Verdict: Slow Redis Response: 182.63ms
📡 Verdict: High CPU Entropy: Antigravity Helper (Renderer) (PID: 3671) @ 105.9%
📡 Verdict: High CPU Entropy: Antigravity Helper (Renderer) (PID: 3671) @ 117.6%
📡 Verdict: Slow Redis Response: 24.75ms
📡 Verdict: High CPU Entropy: Antigravity Helper (Renderer) (PID: 3671) @ 121.0%
📡 Verdict: High CPU Entropy: Antigravity Helper (Renderer) (PID: 3671) @ 115.0%
📡 Verdict: Slow Redis Response: 878.10ms
📡 Verdict: Slow Redis Response: 31.86ms
📡 Verdict: Slow Redis Response: 21.48ms
📡 Verdict: Slow Redis Response: 47.37ms
📡 Verdict: High CPU Entropy: Antigravity Helper (Renderer) (PID: 3671) @ 113.7%
📡 Verdict: High CPU Entropy: Antigravity Helper (Renderer) (PID: 3671) @ 116.6%
📡 Verdict: Slow Redis Response: 12.46ms
📡 Verdict: High CPU Entropy: Antigravity Helper (Renderer) (PID: 3671) @ 113.2%
📡 Verdict: Slow Redis Response: 13.12ms
📡 Verdict: High CPU Entropy: Antigravity Helper (Renderer) (PID: 3671) @ 118.9%
📡 Verdict: High CPU Entropy: Antigravity Helper (Renderer) (PID: 3671) @ 90.6%
📡 Verdict: High CPU Entropy: Antigravity Helper (Renderer) (PID: 3671) @ 116.8%
📡 Verdict: High CPU Entropy: Antigravity Helper (Renderer) (PID: 3671) @ 116.3%
📡 Verdict: High CPU Entropy: Antigravity Helper (Renderer) (PID: 3671) @ 117.3%
📡 Verdict: Slow Redis Response: 33.50ms
📡 Verdict: Slow Redis Response: 28.80ms
📡 Verdict: Slow Redis Response: 9059.33ms
📡 Verdict: Slow Redis Response: 458.48ms
📡 Verdict: Slow Redis Response: 114.72ms
📡 Verdict: Slow Redis Response: 133.53ms
📡 Verdict: Slow Redis Response: 37.37ms
📡 Verdict: Slow Redis Response: 15.51ms
📡 Verdict: Slow Redis Response: 12.68ms
📡 Verdict: Slow Redis Response: 16.70ms
📡 Verdict: Slow Redis Response: 45.76ms
📡 Verdict: Slow Redis Response: 13.66ms
📡 Verdict: Slow Redis Response: 24.36ms
📡 Verdict: Slow Redis Response: 13.81ms
📡 Verdict: Slow Redis Response: 21.71ms
📡 Verdict: Slow Redis Response: 11.56ms
📡 Verdict: Slow Redis Response: 87.44ms
📡 Verdict: Slow Redis Response: 164.38ms
📡 Verdict: Slow Redis Response: 74.81ms
📡 Verdict: Slow Redis Response: 40.04ms
📡 Verdict: Slow Redis Response: 21.07ms
📡 Verdict: Slow Redis Response: 910.19ms
📡 Verdict: Slow Redis Response: 23.16ms
📡 Verdict: Slow Redis Response: 220.18ms
📡 Verdict: Slow Redis Response: 53.82ms
📡 Verdict: Slow Redis Response: 116.53ms
📡 Verdict: Slow Redis Response: 12.44ms
📡 Verdict: Slow Redis Response: 11.67ms
📡 Verdict: High CPU Entropy: Antigravity Helper (Renderer) (PID: 3671) @ 97.5%
📡 Verdict: Slow Redis Response: 107.53ms
📡 Verdict: High CPU Entropy: Antigravity Helper (Renderer) (PID: 3671) @ 112.4%
📡 Verdict: High CPU Entropy: Antigravity Helper (Renderer) (PID: 3671) @ 115.3%
📡 Verdict: Slow Redis Response: 10.66ms
📡 Verdict: High CPU Entropy: Antigravity Helper (Renderer) (PID: 3671) @ 115.6%
📡 Verdict: Slow Redis Response: 10.56ms
📡 Verdict: High CPU Entropy: Antigravity Helper (Renderer) (PID: 3671) @ 122.4%
📡 Verdict: High CPU Entropy: Antigravity Helper (Renderer) (PID: 3671) @ 117.0%
📡 Verdict: High CPU Entropy: Antigravity Helper (Renderer) (PID: 3671) @ 125.1%
📡 Verdict: High CPU Entropy: Antigravity Helper (Renderer) (PID: 3671) @ 115.8%
📡 Verdict: High CPU Entropy: Antigravity Helper (Renderer) (PID: 3671) @ 114.0%
📡 Verdict: High CPU Entropy: Antigravity Helper (Renderer) (PID: 3671) @ 105.9%
📡 Verdict: High CPU Entropy: Antigravity Helper (Renderer) (PID: 3671) @ 113.9%
📡 Verdict: High CPU Entropy: Antigravity Helper (Renderer) (PID: 3671) @ 109.8%
📡 Verdict: High CPU Entropy: Antigravity Helper (Renderer) (PID: 3671) @ 113.8%
📡 Verdict: Slow Redis Response: 61.04ms
📡 Verdict: Slow Redis Response: 136.55ms
📡 Verdict: Slow Redis Response: 20.79ms
📡 Verdict: High CPU Entropy: Antigravity Helper (Renderer) (PID: 39755) @ 95.7%
📡 Verdict: Slow Redis Response: 11.55ms
📡 Verdict: High CPU Entropy: Antigravity Helper (Renderer) (PID: 39755) @ 121.7%
📡 Verdict: Slow Redis Response: 19.12ms
📡 Verdict: High CPU Entropy: Antigravity Helper (Renderer) (PID: 39755) @ 104.2%
📡 Verdict: Slow Redis Response: 100.71ms
📡 Verdict: High CPU Entropy: Antigravity Helper (Plugin) (PID: 40784) @ 99.6%
📡 Verdict: High CPU Entropy: Antigravity Helper (Renderer) (PID: 39755) @ 129.2%
📡 Verdict: High CPU Entropy: Antigravity Helper (Renderer) (PID: 39755) @ 91.2%
📡 Verdict: High CPU Entropy: Antigravity Helper (Renderer) (PID: 39755) @ 99.6%
📡 Verdict: Slow Redis Response: 11.52ms
📡 Verdict: Slow Redis Response: 15.33ms
📡 Verdict: High CPU Entropy: node (PID: 42235) @ 107.9%
📡 Verdict: Slow Redis Response: 736.43ms
📡 Verdict: Slow Redis Response: 16084.81ms
📡 Verdict: Slow Redis Response: 475.47ms
📡 Verdict: Slow Redis Response: 166.54ms
📡 Verdict: Slow Redis Response: 21.83ms
📡 Verdict: Slow Redis Response: 2763.94ms
📡 Verdict: Slow Redis Response: 479.26ms
📡 Verdict: High CPU Entropy: Google Chrome Helper (PID: 42350) @ 97.4%
📡 Verdict: Slow Redis Response: 103.86ms
📡 Verdict: Slow Redis Response: 191.22ms
📡 Verdict: Slow Redis Response: 159.43ms
📡 Verdict: Slow Redis Response: 218.90ms
📡 Verdict: Slow Redis Response: 188.71ms
📡 Verdict: Slow Redis Response: 1891.59ms
📡 Verdict: Slow Redis Response: 287.89ms
📡 Verdict: Slow Redis Response: 831.23ms
📡 Verdict: Slow Redis Response: 17081.61ms
📡 Verdict: Redis Persistent Core Offline: Timeout reading from socket
📡 Verdict: Slow Redis Response: 7759.92ms
📡 Verdict: Redis Persistent Core Offline: Timeout reading from socket
📡 Verdict: Redis Persistent Core Offline: Timeout reading from socket
📡 Verdict: Slow Redis Response: 3591.97ms
📡 Verdict: Slow Redis Response: 1741.99ms
📡 Verdict: Slow Redis Response: 30.94ms
📡 Verdict: Slow Redis Response: 451.23ms
📡 Verdict: Slow Redis Response: 54.36ms
📡 Verdict: Slow Redis Response: 11867.32ms
📡 Verdict: Slow Redis Response: 38.22ms
📡 Verdict: Slow Redis Response: 31.99ms
📡 Verdict: Slow Redis Response: 1130.57ms
📡 Verdict: Slow Redis Response: 1008.88ms
📡 Verdict: Slow Redis Response: 183.99ms
📡 Verdict: Slow Redis Response: 114.20ms
📡 Verdict: Slow Redis Response: 121.96ms
📡 Verdict: Slow Redis Response: 172.49ms
📡 Verdict: Slow Redis Response: 224.00ms
📡 Verdict: Slow Redis Response: 529.31ms
📡 Verdict: Slow Redis Response: 409.37ms
📡 Verdict: Slow Redis Response: 7716.06ms
📡 Verdict: Slow Redis Response: 294.82ms
📡 Verdict: Redis Persistent Core Offline: Timeout reading from socket
📡 Verdict: Slow Redis Response: 617.20ms
📡 Verdict: Slow Redis Response: 185.69ms
📡 Verdict: Slow Redis Response: 243.68ms
📡 Verdict: Redis Persistent Core Offline: Timeout reading from socket
📡 Verdict: Redis Persistent Core Offline: Timeout reading from socket
📡 Verdict: Redis Persistent Core Offline: Timeout reading from socket
📡 Verdict: Redis Persistent Core Offline: Timeout reading from socket
📡 Verdict: Redis Persistent Core Offline: Timeout reading from socket
📡 Verdict: Slow Redis Response: 684.74ms
📡 Verdict: Slow Redis Response: 1231.72ms
📡 Verdict: Redis Persistent Core Offline: Timeout reading from socket
📡 Verdict: Redis Persistent Core Offline: Timeout reading from socket
📡 Verdict: Redis Persistent Core Offline: Timeout reading from socket
📡 Verdict: Redis Persistent Core Offline: Timeout reading from socket
📡 Verdict: Redis Persistent Core Offline: Timeout reading from socket
📡 Verdict: Redis Persistent Core Offline: Timeout reading from socket
📡 Verdict: Redis Persistent Core Offline: Timeout reading from socket
📡 Verdict: Redis Persistent Core Offline: Timeout reading from socket
📡 Verdict: Redis Persistent Core Offline: Timeout reading from socket
📡 Verdict: Slow Redis Response: 968.33ms
📡 Verdict: Slow Redis Response: 683.93ms
📡 Verdict: Slow Redis Response: 1733.93ms
📡 Verdict: Slow Redis Response: 192.08ms
📡 Verdict: Slow Redis Response: 75.55ms
📡 Verdict: Slow Redis Response: 27.40ms
📡 Verdict: Slow Redis Response: 13.96ms
📡 Verdict: Slow Redis Response: 10.47ms
📡 Verdict: Slow Redis Response: 111.83ms
📡 Verdict: Slow Redis Response: 30.97ms
📡 Verdict: High CPU Entropy: chronod (PID: 90551) @ 101.5%
📡 Verdict: Slow Redis Response: 42.24ms
📡 Verdict: Slow Redis Response: 16.69ms
📡 Verdict: High CPU Entropy: chronod (PID: 90551) @ 95.4%
📡 Verdict: Slow Redis Response: 145.99ms
📡 Verdict: Slow Redis Response: 13.45ms
📡 Verdict: Slow Redis Response: 18.80ms
📡 Verdict: Slow Redis Response: 498.42ms
📡 Verdict: Slow Redis Response: 834.80ms
📡 Verdict: Slow Redis Response: 140.67ms
📡 Verdict: Slow Redis Response: 1470.85ms
📡 Verdict: Redis Persistent Core Offline: Timeout reading from socket
📡 Verdict: Slow Redis Response: 427.65ms
📡 Verdict: Slow Redis Response: 1577.40ms
📡 Verdict: Slow Redis Response: 56.02ms
📡 Verdict: Slow Redis Response: 545.84ms
📡 Verdict: Slow Redis Response: 54.22ms
📡 Verdict: Slow Redis Response: 147.90ms
📡 Verdict: Slow Redis Response: 64.35ms
📡 Verdict: Slow Redis Response: 108.13ms
📡 Verdict: Slow Redis Response: 25.78ms
📡 Verdict: Slow Redis Response: 47.26ms
📡 Verdict: Slow Redis Response: 18.21ms
📡 Verdict: Slow Redis Response: 523.83ms
📡 Verdict: Slow Redis Response: 13.57ms
📡 Verdict: Slow Redis Response: 35.97ms
📡 Verdict: High CPU Entropy: Antigravity Helper (Renderer) (PID: 17612) @ 90.2%
📡 Verdict: Slow Redis Response: 70.63ms
📡 Verdict: High CPU Entropy: Antigravity Helper (Renderer) (PID: 17612) @ 90.7%
📡 Verdict: Slow Redis Response: 10.13ms
📡 Verdict: High CPU Entropy: Antigravity Helper (Renderer) (PID: 17612) @ 106.2%
📡 Verdict: High CPU Entropy: Antigravity Helper (Renderer) (PID: 17612) @ 100.8%
📡 Verdict: Slow Redis Response: 37.52ms
📡 Verdict: High CPU Entropy: Antigravity Helper (Renderer) (PID: 17612) @ 109.0%
📡 Verdict: High CPU Entropy: Antigravity Helper (Renderer) (PID: 17612) @ 98.6%
📡 Verdict: Slow Redis Response: 11.20ms
📡 Verdict: Slow Redis Response: 230.58ms
📡 Verdict: High CPU Entropy: Antigravity Helper (Renderer) (PID: 17612) @ 107.3%
📡 Verdict: High CPU Entropy: chronod (PID: 31817) @ 115.6%
📡 Verdict: High CPU Entropy: Antigravity Helper (Renderer) (PID: 17612) @ 127.5%
📡 Verdict: High CPU Entropy: Antigravity Helper (Renderer) (PID: 17612) @ 101.8%
📡 Verdict: Slow Redis Response: 107.31ms
📡 Verdict: Slow Redis Response: 113.72ms
📡 Verdict: Slow Redis Response: 968.49ms
📡 Verdict: Slow Redis Response: 26.65ms
📡 Verdict: Slow Redis Response: 94.26ms
📡 Verdict: Slow Redis Response: 22.53ms
📡 Verdict: Slow Redis Response: 23.48ms
📡 Verdict: High CPU Entropy: contactsd (PID: 79337) @ 96.1%
📡 Verdict: Slow Redis Response: 40.96ms
📡 Verdict: Slow Redis Response: 25.12ms
📡 Verdict: Slow Redis Response: 28.22ms
📡 Verdict: High CPU Entropy: Antigravity Helper (Renderer) (PID: 17612) @ 113.2%
📡 Verdict: Slow Redis Response: 16.10ms
📡 Verdict: High CPU Entropy: Antigravity Helper (Renderer) (PID: 17612) @ 106.7%
📡 Verdict: Slow Redis Response: 13.88ms
📡 Verdict: High CPU Entropy: Antigravity Helper (Renderer) (PID: 17612) @ 108.9%
📡 Verdict: Slow Redis Response: 63.92ms
📡 Verdict: High CPU Entropy: Antigravity Helper (Renderer) (PID: 17612) @ 91.9%
📡 Verdict: Slow Redis Response: 458.88ms
📡 Verdict: Slow Redis Response: 63.24ms
📡 Verdict: High CPU Entropy: Antigravity Helper (Renderer) (PID: 17612) @ 123.2%
📡 Verdict: High CPU Entropy: Antigravity Helper (Renderer) (PID: 17612) @ 102.5%
📡 Verdict: High CPU Entropy: contactsd (PID: 79337) @ 96.7%
📡 Verdict: High CPU Entropy: Antigravity Helper (Renderer) (PID: 17612) @ 125.8%
📡 Verdict: High CPU Entropy: Antigravity Helper (Renderer) (PID: 17612) @ 110.6%
📡 Verdict: High CPU Entropy: Antigravity Helper (Renderer) (PID: 17612) @ 121.8%
📡 Verdict: High CPU Entropy: Antigravity Helper (Renderer) (PID: 17612) @ 106.2%
📡 Verdict: High CPU Entropy: Antigravity Helper (Renderer) (PID: 17612) @ 131.7%
📡 Verdict: High CPU Entropy: Antigravity Helper (Renderer) (PID: 17612) @ 118.1%
📡 Verdict: High CPU Entropy: Antigravity Helper (Renderer) (PID: 17612) @ 124.9%
📡 Verdict: High CPU Entropy: Antigravity Helper (Renderer) (PID: 17612) @ 118.4%
📡 Verdict: High CPU Entropy: Antigravity Helper (Renderer) (PID: 17612) @ 126.4%
📡 Verdict: High CPU Entropy: Antigravity Helper (Renderer) (PID: 17612) @ 123.4%
📡 Verdict: Slow Redis Response: 27.09ms
📡 Verdict: Slow Redis Response: 45.75ms
📡 Verdict: High CPU Entropy: node (PID: 36818) @ 263.9%
📡 Verdict: Slow Redis Response: 206.37ms
📡 Verdict: High CPU Entropy: Antigravity Helper (Renderer) (PID: 17612) @ 121.1%
📡 Verdict: High CPU Entropy: Antigravity Helper (Renderer) (PID: 17612) @ 141.9%
📡 Verdict: Slow Redis Response: 19.36ms
📡 Verdict: High CPU Entropy: Antigravity Helper (Renderer) (PID: 17612) @ 148.3%
📡 Verdict: High CPU Entropy: Antigravity Helper (Renderer) (PID: 17612) @ 152.2%
📡 Verdict: Slow Redis Response: 20.13ms
📡 Verdict: High CPU Entropy: Antigravity Helper (Renderer) (PID: 17612) @ 155.0%
📡 Verdict: High CPU Entropy: Antigravity Helper (Renderer) (PID: 17612) @ 118.1%
📡 Verdict: High CPU Entropy: Antigravity Helper (Renderer) (PID: 17612) @ 120.0%
📡 Verdict: High CPU Entropy: Antigravity Helper (Renderer) (PID: 17612) @ 123.6%
📡 Verdict: High CPU Entropy: Antigravity Helper (Renderer) (PID: 17612) @ 122.0%
📡 Verdict: Slow Redis Response: 14.87ms
📡 Verdict: High CPU Entropy: Antigravity Helper (Renderer) (PID: 17612) @ 112.2%
📡 Verdict: High CPU Entropy: Antigravity Helper (Renderer) (PID: 17612) @ 110.5%
📡 Verdict: High CPU Entropy: Antigravity Helper (Renderer) (PID: 17612) @ 112.2%
📡 Verdict: Slow Redis Response: 14.19ms
📡 Verdict: High CPU Entropy: Antigravity Helper (Renderer) (PID: 17612) @ 110.3%
📡 Verdict: Slow Redis Response: 23.91ms
📡 Verdict: High CPU Entropy: Antigravity Helper (Renderer) (PID: 17612) @ 113.4%
📡 Verdict: Slow Redis Response: 14.88ms
📡 Verdict: Slow Redis Response: 37.63ms
📡 Verdict: High CPU Entropy: node (PID: 36919) @ 189.9%
📡 Verdict: Slow Redis Response: 13.70ms
📡 Verdict: Slow Redis Response: 270.03ms
📡 Verdict: Slow Redis Response: 20.64ms
📡 Verdict: Slow Redis Response: 825.47ms
📡 Verdict: Slow Redis Response: 72.31ms
📡 Verdict: Slow Redis Response: 31.01ms
📡 Verdict: Slow Redis Response: 95.55ms
📡 Verdict: Slow Redis Response: 30.82ms
📡 Verdict: Slow Redis Response: 22.00ms
📡 Verdict: Slow Redis Response: 175.13ms
📡 Verdict: Slow Redis Response: 17.65ms
📡 Verdict: Slow Redis Response: 129.69ms
📡 Verdict: Slow Redis Response: 70.25ms
📡 Verdict: Slow Redis Response: 280.45ms
📡 Verdict: Slow Redis Response: 54.76ms
📡 Verdict: Slow Redis Response: 232.25ms
📡 Verdict: Slow Redis Response: 55.41ms
📡 Verdict: Slow Redis Response: 42.07ms
📡 Verdict: Slow Redis Response: 351.16ms
📡 Verdict: Slow Redis Response: 38.20ms
📡 Verdict: Slow Redis Response: 12.90ms
📡 Verdict: Slow Redis Response: 7615.51ms
📡 Verdict: Slow Redis Response: 153.24ms
📡 Verdict: Slow Redis Response: 16.90ms
📡 Verdict: Slow Redis Response: 48.16ms
📡 Verdict: Slow Redis Response: 237.54ms
📡 Verdict: Slow Redis Response: 13.31ms
📡 Verdict: Slow Redis Response: 16.38ms
📡 Verdict: Slow Redis Response: 38.71ms
📡 Verdict: Slow Redis Response: 4421.55ms
📡 Verdict: Slow Redis Response: 66.72ms
📡 Verdict: Slow Redis Response: 311.32ms
📡 Verdict: Slow Redis Response: 223.88ms
📡 Verdict: Slow Redis Response: 924.09ms
📡 Verdict: Slow Redis Response: 58.24ms
📡 Verdict: Slow Redis Response: 1355.42ms
📡 Verdict: Slow Redis Response: 202.39ms
📡 Verdict: Slow Redis Response: 19.61ms
📡 Verdict: Slow Redis Response: 220.20ms
📡 Verdict: Slow Redis Response: 533.91ms
📡 Verdict: Slow Redis Response: 61.80ms
📡 Verdict: High CPU Entropy: node (PID: 96253) @ 104.6%
📡 Verdict: Slow Redis Response: 170.71ms
📡 Verdict: High CPU Entropy: node (PID: 96016) @ 113.6%
📡 Verdict: Slow Redis Response: 102.61ms
📡 Verdict: High CPU Entropy: node (PID: 96016) @ 197.7%
📡 Verdict: Slow Redis Response: 126.39ms
📡 Verdict: Slow Redis Response: 42.75ms
📡 Verdict: Slow Redis Response: 552.09ms
📡 Verdict: Slow Redis Response: 64.41ms
📡 Verdict: High CPU Entropy: node (PID: 9558) @ 94.0%
📡 Verdict: Slow Redis Response: 36.77ms
📡 Verdict: Slow Redis Response: 8421.79ms
📡 Verdict: High CPU Entropy: node (PID: 9310) @ 132.4%
📡 Verdict: Slow Redis Response: 659.16ms
📡 Verdict: High CPU Entropy: node (PID: 9310) @ 97.4%
📡 Verdict: Slow Redis Response: 574.29ms
📡 Verdict: Slow Redis Response: 1563.00ms
📡 Verdict: High CPU Entropy: node (PID: 9310) @ 120.2%
📡 Verdict: Slow Redis Response: 1438.84ms
📡 Verdict: Redis Persistent Core Offline: Timeout reading from socket
📡 Verdict: Slow Redis Response: 165.45ms
📡 Verdict: Slow Redis Response: 37.30ms
📡 Verdict: Slow Redis Response: 812.96ms
📡 Verdict: Slow Redis Response: 168.33ms
📡 Verdict: Slow Redis Response: 751.80ms
📡 Verdict: High CPU Entropy: Antigravity Helper (Renderer) (PID: 17612) @ 108.4%
📡 Verdict: Slow Redis Response: 109.23ms
📡 Verdict: High CPU Entropy: Antigravity Helper (Renderer) (PID: 17612) @ 113.0%
📡 Verdict: Slow Redis Response: 12.27ms
📡 Verdict: High CPU Entropy: Antigravity Helper (Renderer) (PID: 17612) @ 143.4%
📡 Verdict: High CPU Entropy: Antigravity Helper (Renderer) (PID: 17612) @ 142.1%
📡 Verdict: Slow Redis Response: 30.68ms
📡 Verdict: High CPU Entropy: Antigravity Helper (Renderer) (PID: 17612) @ 119.8%
📡 Verdict: High CPU Entropy: Antigravity Helper (Renderer) (PID: 17612) @ 107.9%
📡 Verdict: Slow Redis Response: 10.51ms
📡 Verdict: High CPU Entropy: Antigravity Helper (Renderer) (PID: 17612) @ 138.6%
📡 Verdict: High CPU Entropy: Antigravity Helper (Renderer) (PID: 17612) @ 150.2%
📡 Verdict: High CPU Entropy: Antigravity Helper (Renderer) (PID: 17612) @ 146.7%
📡 Verdict: High CPU Entropy: Antigravity Helper (Renderer) (PID: 17612) @ 123.8%
📡 Verdict: High CPU Entropy: Antigravity Helper (Renderer) (PID: 17612) @ 122.6%
📡 Verdict: Slow Redis Response: 445.73ms
📡 Verdict: Slow Redis Response: 137.66ms
📡 Verdict: Slow Redis Response: 545.78ms
📡 Verdict: High CPU Entropy: node (PID: 46562) @ 94.3%
📡 Verdict: Slow Redis Response: 76.11ms
📡 Verdict: High CPU Entropy: node (PID: 46558) @ 247.7%
📡 Verdict: Slow Redis Response: 134.91ms
📡 Verdict: High CPU Entropy: contactsd (PID: 79337) @ 101.8%
📡 Verdict: Slow Redis Response: 16.12ms
📡 Verdict: Slow Redis Response: 11.50ms
📡 Verdict: High CPU Entropy: Antigravity Helper (Renderer) (PID: 17612) @ 151.2%
📡 Verdict: High CPU Entropy: Antigravity Helper (Renderer) (PID: 17612) @ 154.8%
📡 Verdict: High CPU Entropy: Antigravity Helper (Renderer) (PID: 17612) @ 139.7%
📡 Verdict: Slow Redis Response: 41.64ms
📡 Verdict: High CPU Entropy: Antigravity Helper (Renderer) (PID: 17612) @ 114.2%
📡 Verdict: Slow Redis Response: 22.62ms
📡 Verdict: Slow Redis Response: 37.94ms
📡 Verdict: High CPU Entropy: contactsd (PID: 79337) @ 101.7%
📡 Verdict: Slow Redis Response: 95.60ms
📡 Verdict: High CPU Entropy: Antigravity Helper (Renderer) (PID: 17612) @ 97.9%
📡 Verdict: Slow Redis Response: 17.22ms
📡 Verdict: High CPU Entropy: Antigravity Helper (Renderer) (PID: 17612) @ 109.8%
📡 Verdict: Slow Redis Response: 27.30ms
📡 Verdict: High CPU Entropy: Antigravity Helper (Renderer) (PID: 17612) @ 113.0%
📡 Verdict: High CPU Entropy: Antigravity Helper (Renderer) (PID: 17612) @ 142.2%
📡 Verdict: High CPU Entropy: Antigravity Helper (Renderer) (PID: 17612) @ 156.6%
📡 Verdict: High CPU Entropy: Antigravity Helper (Renderer) (PID: 17612) @ 93.1%
📡 Verdict: High CPU Entropy: Antigravity Helper (Renderer) (PID: 17612) @ 156.3%
📡 Verdict: High CPU Entropy: Antigravity Helper (Renderer) (PID: 17612) @ 109.7%
📡 Verdict: High CPU Entropy: contactsd (PID: 79337) @ 99.4%
📡 Verdict: High CPU Entropy: Antigravity Helper (Renderer) (PID: 17612) @ 135.9%
📡 Verdict: High CPU Entropy: Antigravity Helper (Renderer) (PID: 17612) @ 158.4%
📡 Verdict: High CPU Entropy: contactsd (PID: 79337) @ 138.3%
📡 Verdict: High CPU Entropy: contactsd (PID: 79337) @ 101.0%
📡 Verdict: High CPU Entropy: contactsd (PID: 79337) @ 97.8%
📡 Verdict: High CPU Entropy: Antigravity Helper (Renderer) (PID: 17612) @ 101.9%
📡 Verdict: High CPU Entropy: Antigravity Helper (Renderer) (PID: 17612) @ 127.0%
📡 Verdict: High CPU Entropy: Antigravity Helper (Renderer) (PID: 17612) @ 126.5%
📡 Verdict: High CPU Entropy: Antigravity Helper (Renderer) (PID: 17612) @ 115.4%
📡 Verdict: High CPU Entropy: Antigravity Helper (Renderer) (PID: 17612) @ 155.9%
📡 Verdict: High CPU Entropy: Antigravity Helper (Renderer) (PID: 17612) @ 160.8%
📡 Verdict: Slow Redis Response: 25.93ms
📡 Verdict: High CPU Entropy: Antigravity Helper (Renderer) (PID: 17612) @ 169.2%
📡 Verdict: Slow Redis Response: 14.67ms
📡 Verdict: Slow Redis Response: 480.07ms
📡 Verdict: High CPU Entropy: Antigravity Helper (Renderer) (PID: 94791) @ 117.7%
📡 Verdict: High CPU Entropy: Google Chrome Helper (PID: 95949) @ 99.7%
📡 Verdict: High CPU Entropy: Google Chrome Helper (PID: 95949) @ 99.7%
📡 Verdict: High CPU Entropy: Google Chrome Helper (PID: 95949) @ 99.7%
📡 Verdict: High CPU Entropy: contactsd (PID: 79337) @ 104.3%
📡 Verdict: High CPU Entropy: Google Chrome Helper (PID: 95949) @ 99.6%
📡 Verdict: High CPU Entropy: Google Chrome Helper (PID: 95949) @ 99.0%
📡 Verdict: High CPU Entropy: Google Chrome Helper (PID: 95949) @ 99.6%
📡 Verdict: High CPU Entropy: Google Chrome Helper (PID: 95949) @ 99.6%
📡 Verdict: High CPU Entropy: Google Chrome Helper (PID: 95949) @ 97.0%
📡 Verdict: High CPU Entropy: Google Chrome Helper (PID: 95949) @ 98.8%
📡 Verdict: Slow Redis Response: 16.77ms
📡 Verdict: High CPU Entropy: Google Chrome Helper (PID: 95949) @ 99.7%
📡 Verdict: Slow Redis Response: 24.71ms
📡 Verdict: High CPU Entropy: Google Chrome Helper (PID: 95949) @ 96.9%
📡 Verdict: High CPU Entropy: contactsd (PID: 79337) @ 103.6%
📡 Verdict: High CPU Entropy: Google Chrome Helper (PID: 95949) @ 91.0%
📡 Verdict: High CPU Entropy: Google Chrome Helper (PID: 95949) @ 99.4%
📡 Verdict: Slow Redis Response: 13.77ms
📡 Verdict: High CPU Entropy: Google Chrome Helper (PID: 95949) @ 99.5%
📡 Verdict: High CPU Entropy: Google Chrome Helper (PID: 95949) @ 99.0%
📡 Verdict: High CPU Entropy: Google Chrome Helper (PID: 95949) @ 98.9%
📡 Verdict: High CPU Entropy: Google Chrome Helper (PID: 95949) @ 98.5%
📡 Verdict: High CPU Entropy: Google Chrome Helper (PID: 95949) @ 99.4%
📡 Verdict: High CPU Entropy: Google Chrome Helper (PID: 95949) @ 97.5%
📡 Verdict: High CPU Entropy: Antigravity Helper (Renderer) (PID: 94791) @ 150.0%
📡 Verdict: High CPU Entropy: Google Chrome Helper (PID: 95949) @ 94.8%
📡 Verdict: High CPU Entropy: Antigravity Helper (Renderer) (PID: 94791) @ 147.7%
📡 Verdict: High CPU Entropy: Google Chrome Helper (PID: 95949) @ 93.8%
📡 Verdict: High CPU Entropy: Antigravity Helper (Renderer) (PID: 94791) @ 136.4%
📡 Verdict: High CPU Entropy: Google Chrome Helper (PID: 95949) @ 96.5%
📡 Verdict: High CPU Entropy: Antigravity Helper (Renderer) (PID: 94791) @ 110.6%
📡 Verdict: High CPU Entropy: Google Chrome Helper (PID: 95949) @ 96.8%
📡 Verdict: High CPU Entropy: Antigravity Helper (Renderer) (PID: 94791) @ 91.5%
📡 Verdict: High CPU Entropy: Antigravity Helper (Renderer) (PID: 94791) @ 109.8%
📡 Verdict: High CPU Entropy: Google Chrome Helper (PID: 95949) @ 97.1%
📡 Verdict: High CPU Entropy: Antigravity Helper (Renderer) (PID: 94791) @ 94.3%
📡 Verdict: High CPU Entropy: Google Chrome Helper (PID: 95949) @ 91.2%
📡 Verdict: Slow Redis Response: 53.25ms
📡 Verdict: Slow Redis Response: 154.84ms
📡 Verdict: High CPU Entropy: Google Chrome Helper (PID: 95949) @ 97.8%
📡 Verdict: High CPU Entropy: Google Chrome Helper (PID: 95949) @ 97.4%
📡 Verdict: High CPU Entropy: Google Chrome Helper (PID: 95949) @ 98.7%
📡 Verdict: High CPU Entropy: Google Chrome Helper (PID: 95949) @ 90.2%
📡 Verdict: High CPU Entropy: Google Chrome Helper (PID: 95949) @ 96.8%
📡 Verdict: High CPU Entropy: Antigravity Helper (Renderer) (PID: 94791) @ 91.9%
📡 Verdict: Slow Redis Response: 54.60ms
📡 Verdict: High CPU Entropy: Google Chrome Helper (PID: 95949) @ 96.1%
📡 Verdict: High CPU Entropy: Google Chrome Helper (PID: 95949) @ 97.9%
📡 Verdict: High CPU Entropy: Google Chrome Helper (PID: 95949) @ 99.4%
📡 Verdict: High CPU Entropy: Google Chrome Helper (PID: 95949) @ 98.6%
📡 Verdict: High CPU Entropy: Google Chrome Helper (PID: 95949) @ 99.2%
📡 Verdict: High CPU Entropy: Google Chrome Helper (PID: 95949) @ 99.5%
📡 Verdict: High CPU Entropy: Google Chrome Helper (PID: 95949) @ 99.5%
📡 Verdict: High CPU Entropy: Google Chrome Helper (PID: 95949) @ 99.6%
📡 Verdict: High CPU Entropy: Google Chrome Helper (PID: 95949) @ 99.6%
📡 Verdict: High CPU Entropy: Google Chrome Helper (PID: 95949) @ 99.5%
📡 Verdict: High CPU Entropy: Google Chrome Helper (PID: 95949) @ 99.4%
📡 Verdict: High CPU Entropy: Google Chrome Helper (PID: 95949) @ 99.4%
📡 Verdict: High CPU Entropy: Google Chrome Helper (PID: 95949) @ 99.3%
📡 Verdict: High CPU Entropy: Google Chrome Helper (PID: 95949) @ 99.1%
📡 Verdict: High CPU Entropy: Google Chrome Helper (PID: 95949) @ 99.5%
📡 Verdict: High CPU Entropy: Google Chrome Helper (PID: 95949) @ 99.5%
📡 Verdict: High CPU Entropy: Google Chrome Helper (PID: 95949) @ 99.6%
📡 Verdict: High CPU Entropy: Google Chrome Helper (PID: 95949) @ 99.5%
📡 Verdict: High CPU Entropy: Google Chrome Helper (PID: 95949) @ 99.3%
📡 Verdict: High CPU Entropy: Google Chrome Helper (PID: 95949) @ 99.4%
📡 Verdict: High CPU Entropy: Google Chrome Helper (PID: 95949) @ 99.7%
📡 Verdict: High CPU Entropy: Google Chrome Helper (PID: 95949) @ 99.6%
📡 Verdict: High CPU Entropy: Google Chrome Helper (PID: 95949) @ 99.4%
📡 Verdict: High CPU Entropy: Google Chrome Helper (PID: 95949) @ 99.7%
📡 Verdict: High CPU Entropy: Google Chrome Helper (PID: 95949) @ 99.7%
📡 Verdict: High CPU Entropy: Google Chrome Helper (PID: 95949) @ 99.5%
📡 Verdict: High CPU Entropy: Google Chrome Helper (PID: 95949) @ 99.6%
📡 Verdict: High CPU Entropy: Google Chrome Helper (PID: 95949) @ 99.6%
📡 Verdict: High CPU Entropy: Google Chrome Helper (PID: 95949) @ 98.9%
📡 Verdict: High CPU Entropy: Google Chrome Helper (PID: 95949) @ 99.5%
📡 Verdict: High CPU Entropy: Google Chrome Helper (PID: 95949) @ 99.7%
📡 Verdict: High CPU Entropy: Google Chrome Helper (PID: 95949) @ 99.7%
📡 Verdict: High CPU Entropy: Google Chrome Helper (PID: 95949) @ 99.6%
📡 Verdict: High CPU Entropy: Google Chrome Helper (PID: 95949) @ 98.0%
📡 Verdict: High CPU Entropy: Google Chrome Helper (PID: 95949) @ 94.2%
📡 Verdict: High CPU Entropy: Google Chrome Helper (PID: 95949) @ 98.0%
📡 Verdict: High CPU Entropy: Google Chrome Helper (PID: 95949) @ 99.5%
📡 Verdict: High CPU Entropy: Google Chrome Helper (PID: 95949) @ 98.9%
📡 Verdict: High CPU Entropy: Google Chrome Helper (PID: 95949) @ 99.5%
📡 Verdict: High CPU Entropy: Google Chrome Helper (PID: 95949) @ 99.5%
📡 Verdict: High CPU Entropy: Google Chrome Helper (PID: 95949) @ 96.7%
📡 Verdict: High CPU Entropy: Google Chrome Helper (PID: 95949) @ 99.1%
📡 Verdict: High CPU Entropy: Google Chrome Helper (PID: 95949) @ 99.0%
📡 Verdict: High CPU Entropy: Google Chrome Helper (PID: 95949) @ 98.3%
📡 Verdict: High CPU Entropy: Google Chrome Helper (PID: 95949) @ 98.1%
📡 Verdict: High CPU Entropy: Antigravity Helper (Renderer) (PID: 94791) @ 93.3%
📡 Verdict: High CPU Entropy: Google Chrome Helper (PID: 95949) @ 93.5%
📡 Verdict: High CPU Entropy: Google Chrome Helper (PID: 95949) @ 98.8%
📡 Verdict: High CPU Entropy: Google Chrome Helper (PID: 95949) @ 97.8%
📡 Verdict: High CPU Entropy: pyrefly (PID: 92595) @ 143.1%
📡 Verdict: Slow Redis Response: 12.73ms
📡 Verdict: Slow Redis Response: 48.39ms
📡 Verdict: Slow Redis Response: 26.38ms
📡 Verdict: Slow Redis Response: 15.61ms
📡 Verdict: High CPU Entropy: Antigravity Helper (Renderer) (PID: 94791) @ 103.2%
📡 Verdict: High CPU Entropy: Google Chrome Helper (PID: 95949) @ 96.9%
📡 Verdict: High CPU Entropy: Google Chrome Helper (PID: 95949) @ 98.3%
📡 Verdict: High CPU Entropy: Google Chrome Helper (PID: 95949) @ 98.9%
📡 Verdict: High CPU Entropy: Google Chrome Helper (PID: 95949) @ 99.2%
📡 Verdict: High CPU Entropy: Google Chrome Helper (PID: 95949) @ 99.6%
📡 Verdict: High CPU Entropy: Google Chrome Helper (PID: 95949) @ 98.3%
📡 Verdict: High CPU Entropy: Google Chrome Helper (PID: 95949) @ 97.8%
📡 Verdict: High CPU Entropy: Google Chrome Helper (PID: 95949) @ 92.3%
📡 Verdict: Slow Redis Response: 66.45ms
📡 Verdict: Slow Redis Response: 14.83ms
📡 Verdict: High CPU Entropy: Antigravity Helper (Renderer) (PID: 94791) @ 109.1%
📡 Verdict: High CPU Entropy: Google Chrome Helper (PID: 95949) @ 96.7%
📡 Verdict: Slow Redis Response: 13.78ms
📡 Verdict: High CPU Entropy: Google Chrome Helper (PID: 95949) @ 98.5%
📡 Verdict: High CPU Entropy: Antigravity Helper (Renderer) (PID: 94791) @ 103.9%
📡 Verdict: High CPU Entropy: Google Chrome Helper (PID: 95949) @ 97.9%
📡 Verdict: High CPU Entropy: Antigravity Helper (Renderer) (PID: 94791) @ 108.6%
📡 Verdict: High CPU Entropy: Google Chrome Helper (PID: 95949) @ 98.6%
📡 Verdict: High CPU Entropy: Google Chrome Helper (PID: 95949) @ 97.5%
📡 Verdict: Slow Redis Response: 17.94ms
📡 Verdict: High CPU Entropy: Antigravity Helper (Renderer) (PID: 94791) @ 115.0%
📡 Verdict: Slow Redis Response: 13.33ms
📡 Verdict: High CPU Entropy: Antigravity Helper (Renderer) (PID: 94791) @ 96.3%
📡 Verdict: Slow Redis Response: 33.02ms
📡 Verdict: Slow Redis Response: 51.70ms
📡 Verdict: Slow Redis Response: 27.03ms
📡 Verdict: Slow Redis Response: 21.14ms
📡 Verdict: Slow Redis Response: 119.55ms
📡 Verdict: Slow Redis Response: 1183.93ms
📡 Verdict: Slow Redis Response: 237.46ms
📡 Verdict: Slow Redis Response: 8466.40ms
📡 Verdict: Slow Redis Response: 99.09ms
📡 Verdict: Slow Redis Response: 83.27ms
📡 Verdict: Slow Redis Response: 15.53ms
📡 Verdict: Slow Redis Response: 49.45ms
📡 Verdict: High CPU Entropy: Antigravity Helper (Renderer) (PID: 94791) @ 98.1%
📡 Verdict: Slow Redis Response: 32.92ms
📡 Verdict: High CPU Entropy: Antigravity Helper (Renderer) (PID: 94791) @ 102.0%
📡 Verdict: Slow Redis Response: 20.18ms
📡 Verdict: High CPU Entropy: Antigravity Helper (Renderer) (PID: 94791) @ 106.2%
📡 Verdict: Slow Redis Response: 23.32ms
📡 Verdict: High CPU Entropy: Antigravity Helper (Renderer) (PID: 94791) @ 95.1%
📡 Verdict: Slow Redis Response: 33.44ms
📡 Verdict: Slow Redis Response: 75.95ms
📡 Verdict: High CPU Entropy: Antigravity Helper (Renderer) (PID: 94791) @ 92.2%
📡 Verdict: Slow Redis Response: 16.92ms
📡 Verdict: Slow Redis Response: 80.49ms
📡 Verdict: High CPU Entropy: Antigravity Helper (Renderer) (PID: 94791) @ 97.7%
📡 Verdict: High CPU Entropy: spotlightknowledged (PID: 71195) @ 95.9%
📡 Verdict: High CPU Entropy: spotlightknowledged (PID: 71195) @ 95.6%
📡 Verdict: High CPU Entropy: spotlightknowledged (PID: 71195) @ 91.7%
📡 Verdict: Slow Redis Response: 19.79ms
📡 Verdict: High CPU Entropy: Antigravity Helper (Renderer) (PID: 94791) @ 113.1%
📡 Verdict: High CPU Entropy: Antigravity Helper (Renderer) (PID: 94791) @ 111.4%
📡 Verdict: Slow Redis Response: 45.48ms
📡 Verdict: High CPU Entropy: Antigravity Helper (Renderer) (PID: 94791) @ 112.4%
📡 Verdict: High CPU Entropy: Antigravity Helper (Renderer) (PID: 94791) @ 102.7%
📡 Verdict: High CPU Entropy: Antigravity Helper (Renderer) (PID: 94791) @ 90.5%
📡 Verdict: High CPU Entropy: Antigravity Helper (Renderer) (PID: 94791) @ 108.9%
📡 Verdict: High CPU Entropy: Antigravity Helper (Renderer) (PID: 94791) @ 119.4%
📡 Verdict: High CPU Entropy: Antigravity Helper (Renderer) (PID: 94791) @ 110.0%
📡 Verdict: High CPU Entropy: Antigravity Helper (Renderer) (PID: 94791) @ 115.5%
📡 Verdict: High CPU Entropy: Antigravity Helper (Renderer) (PID: 94791) @ 114.8%
📡 Verdict: High CPU Entropy: Antigravity Helper (Renderer) (PID: 94791) @ 106.6%
📡 Verdict: High CPU Entropy: Antigravity Helper (Renderer) (PID: 94791) @ 119.7%
📡 Verdict: Slow Redis Response: 94.92ms
📡 Verdict: Slow Redis Response: 25.37ms
📡 Verdict: Slow Redis Response: 10.29ms
📡 Verdict: Slow Redis Response: 27.25ms
📡 Verdict: Slow Redis Response: 26.57ms
📡 Verdict: High CPU Entropy: Comet Helper (PID: 54806) @ 116.4%
📡 Verdict: High CPU Entropy: Antigravity Helper (Renderer) (PID: 94791) @ 102.6%
📡 Verdict: Slow Redis Response: 62.75ms
📡 Verdict: High CPU Entropy: Antigravity Helper (Renderer) (PID: 94791) @ 103.2%
📡 Verdict: Slow Redis Response: 21.10ms
📡 Verdict: High CPU Entropy: Antigravity Helper (Renderer) (PID: 94791) @ 109.2%
📡 Verdict: Slow Redis Response: 27.20ms
📡 Verdict: Slow Redis Response: 102.53ms
📡 Verdict: Slow Redis Response: 33.70ms
📡 Verdict: Slow Redis Response: 17.37ms
📡 Verdict: High CPU Entropy: Antigravity Helper (Renderer) (PID: 94791) @ 102.5%
📡 Verdict: Slow Redis Response: 46.15ms
📡 Verdict: High CPU Entropy: Antigravity Helper (Renderer) (PID: 94791) @ 105.0%
📡 Verdict: Slow Redis Response: 89.26ms
📡 Verdict: High CPU Entropy: Antigravity Helper (Renderer) (PID: 94791) @ 93.4%
📡 Verdict: High CPU Entropy: Antigravity Helper (Renderer) (PID: 94791) @ 106.4%
📡 Verdict: Slow Redis Response: 31.99ms
📡 Verdict: Slow Redis Response: 56.11ms
📡 Verdict: Slow Redis Response: 13.78ms
📡 Verdict: High CPU Entropy: Antigravity Helper (Renderer) (PID: 94791) @ 100.4%
📡 Verdict: Slow Redis Response: 10.32ms
📡 Verdict: High CPU Entropy: Antigravity Helper (Renderer) (PID: 94791) @ 123.1%
📡 Verdict: High CPU Entropy: Antigravity Helper (Renderer) (PID: 94791) @ 113.6%
📡 Verdict: High CPU Entropy: Antigravity Helper (Renderer) (PID: 94791) @ 113.1%
📡 Verdict: High CPU Entropy: Antigravity Helper (Renderer) (PID: 94791) @ 116.2%
📡 Verdict: Slow Redis Response: 28.08ms
📡 Verdict: High CPU Entropy: Antigravity Helper (Renderer) (PID: 94791) @ 121.9%
📡 Verdict: High CPU Entropy: Antigravity Helper (Renderer) (PID: 94791) @ 116.2%
📡 Verdict: Slow Redis Response: 18.31ms
📡 Verdict: High CPU Entropy: Antigravity Helper (Renderer) (PID: 94791) @ 116.0%
📡 Verdict: High CPU Entropy: Antigravity Helper (Renderer) (PID: 94791) @ 118.2%