[16:54:39] 🛡️ Initiating System Security Audit...
⚠️ Found 2 items requiring verification.
 - [Generic Key] in ailcc-diagnostic.html: TOKEN=yo...
 - [Generic Key] in system_signal.json: token": ...
[16:54:40] 🔐 Running Integrity Pulse...
✅ All core scripts verify against baseline.
[16:55:07] 🛡️ Initiating System Security Audit...
⚠️ Found 2 items requiring verification.
 - [Generic Key] in ailcc-diagnostic.html: TOKEN=yo...
 - [Generic Key] in system_signal.json: token": ...
[16:55:07] 🔐 Running Integrity Pulse...
✅ All core scripts verify against baseline.
[16:55:37] 🛡️ Initiating System Security Audit...
⚠️ Found 2 items requiring verification.
 - [Generic Key] in ailcc-diagnostic.html: TOKEN=yo...
 - [Generic Key] in system_signal.json: token": ...
[16:55:37] 🔐 Running Integrity Pulse...
✅ All core scripts verify against baseline.
[16:56:07] 🛡️ Initiating System Security Audit...
⚠️ Found 2 items requiring verification.
 - [Generic Key] in ailcc-diagnostic.html: TOKEN=yo...
 - [Generic Key] in system_signal.json: token": ...
[16:56:07] 🔐 Running Integrity Pulse...
✅ All core scripts verify against baseline.
[16:56:37] 🛡️ Initiating System Security Audit...
⚠️ Found 2 items requiring verification.
 - [Generic Key] in ailcc-diagnostic.html: TOKEN=yo...
 - [Generic Key] in system_signal.json: token": ...
[16:56:37] 🔐 Running Integrity Pulse...
✅ All core scripts verify against baseline.
[16:57:08] 🛡️ Initiating System Security Audit...
⚠️ Found 2 items requiring verification.
 - [Generic Key] in ailcc-diagnostic.html: TOKEN=yo...
 - [Generic Key] in system_signal.json: token": ...
[16:57:08] 🔐 Running Integrity Pulse...
✅ All core scripts verify against baseline.
[16:57:59] 🛡️ Initiating System Security Audit...
⚠️ Found 2 items requiring verification.
 - [Generic Key] in ailcc-diagnostic.html: TOKEN=yo...
 - [Generic Key] in system_signal.json: token": ...
[16:57:59] 🔐 Running Integrity Pulse...
✅ All core scripts verify against baseline.
[16:58:08] 🛡️ Initiating System Security Audit...
⚠️ Found 2 items requiring verification.
 - [Generic Key] in ailcc-diagnostic.html: TOKEN=yo...
 - [Generic Key] in system_signal.json: token": ...
[16:58:09] 🔐 Running Integrity Pulse...
✅ All core scripts verify against baseline.
[16:58:49] 🛡️ Initiating System Security Audit...
⚠️ Found 2 items requiring verification.
 - [Generic Key] in ailcc-diagnostic.html: TOKEN=yo...
 - [Generic Key] in system_signal.json: token": ...
[16:58:49] 🔐 Running Integrity Pulse...
✅ All core scripts verify against baseline.
[16:59:10] 🛡️ Initiating System Security Audit...
⚠️ Found 2 items requiring verification.
 - [Generic Key] in ailcc-diagnostic.html: TOKEN=yo...
 - [Generic Key] in system_signal.json: token": ...
[16:59:10] 🔐 Running Integrity Pulse...
✅ All core scripts verify against baseline.
[16:59:41] 🛡️ Initiating System Security Audit...
⚠️ Found 2 items requiring verification.
 - [Generic Key] in ailcc-diagnostic.html: TOKEN=yo...
 - [Generic Key] in system_signal.json: token": ...
[16:59:41] 🔐 Running Integrity Pulse...
✅ All core scripts verify against baseline.
[17:00:10] 🛡️ Initiating System Security Audit...
⚠️ Found 2 items requiring verification.
 - [Generic Key] in ailcc-diagnostic.html: TOKEN=yo...
 - [Generic Key] in system_signal.json: token": ...
[17:00:10] 🔐 Running Integrity Pulse...
✅ All core scripts verify against baseline.
[18:17:30] 🛡️ Initiating System Security Audit...
⚠️ Found 2 items requiring verification.
 - [Generic Key] in ailcc-diagnostic.html: TOKEN=yo...
 - [Generic Key] in system_signal.json: token": ...
[18:17:31] 🔐 Running Integrity Pulse...
✅ All core scripts verify against baseline.
[18:18:05] 🛡️ Initiating System Security Audit...
⚠️ Found 3 items requiring verification.
 - [Generic Key] in ailcc-diagnostic.html: TOKEN=yo...
 - [Generic Key] in mcp_proxy.log: auth app...
 - [Generic Key] in system_signal.json: token": ...
[18:18:05] 🔐 Running Integrity Pulse...
✅ All core scripts verify against baseline.
[18:18:14] 🛡️ Initiating System Security Audit...
⚠️ Found 3 items requiring verification.
 - [Generic Key] in ailcc-diagnostic.html: TOKEN=yo...
 - [Generic Key] in mcp_proxy.log: auth app...
 - [Generic Key] in system_signal.json: token": ...
[18:18:14] 🔐 Running Integrity Pulse...
✅ All core scripts verify against baseline.
[18:18:28] 🛡️ Initiating System Security Audit...
⚠️ Found 3 items requiring verification.
 - [Generic Key] in ailcc-diagnostic.html: TOKEN=yo...
 - [Generic Key] in mcp_proxy.log: auth app...
 - [Generic Key] in system_signal.json: token": ...
[18:18:29] 🔐 Running Integrity Pulse...
✅ All core scripts verify against baseline.
[19:22:56] 🛡️ Initiating System Security Audit...
⚠️ Found 2 items requiring verification.
 - [Generic Key] in ailcc-diagnostic.html: TOKEN=yo...
 - [Generic Key] in system_signal.json: token": ...
[19:22:59] 🔐 Running Integrity Pulse...
✅ All core scripts verify against baseline.
