[Sun Jan  4 16:54:39 AST 2026] ⚙️ Starting Scheduled Maintenance...
[Sun Jan  4 16:54:39 AST 2026] 🧹 Optimizing Knowledge Base...
[16:54:39] 🧹 Starting Database Maintenance...
Current Cache Size: 9296.00 KB
⚡ Executing VACUUM...
📊 Executing ANALYZE...
Optimized Cache Size: 9296.00 KB
✅ Maintenance Complete. Space recovered: 0.00 KB
[Sun Jan  4 16:54:39 AST 2026] 📂 Archiving Logs...
[Sun Jan  4 16:54:39 AST 2026] 🛡️ Running Security Audit...
[Sun Jan  4 16:54:39 AST 2026] 🔐 Verifying System Integrity...
[Sun Jan  4 16:54:40 AST 2026] ✅ Maintenance Complete.
[Sun Jan  4 16:55:06 AST 2026] ⚙️ Starting Scheduled Maintenance...
[Sun Jan  4 16:55:06 AST 2026] 🧹 Optimizing Knowledge Base...
[16:55:06] 🧹 Starting Database Maintenance...
Current Cache Size: 9324.00 KB
⚡ Executing VACUUM...
📊 Executing ANALYZE...
Optimized Cache Size: 9324.00 KB
✅ Maintenance Complete. Space recovered: 0.00 KB
[Sun Jan  4 16:55:06 AST 2026] 📂 Archiving Logs...
[Sun Jan  4 16:55:06 AST 2026] 🛡️ Running Security Audit...
[Sun Jan  4 16:55:07 AST 2026] 🔐 Verifying System Integrity...
[Sun Jan  4 16:55:07 AST 2026] ✅ Maintenance Complete.
[Sun Jan  4 16:55:35 AST 2026] ⚙️ Starting Scheduled Maintenance...
[Sun Jan  4 16:55:35 AST 2026] 🧹 Optimizing Knowledge Base...
[16:55:36] 🧹 Starting Database Maintenance...
Current Cache Size: 9356.00 KB
⚡ Executing VACUUM...
📊 Executing ANALYZE...
Optimized Cache Size: 9356.00 KB
✅ Maintenance Complete. Space recovered: 0.00 KB
[Sun Jan  4 16:55:37 AST 2026] 📂 Archiving Logs...
[Sun Jan  4 16:55:37 AST 2026] 🛡️ Running Security Audit...
[Sun Jan  4 16:55:37 AST 2026] 🔐 Verifying System Integrity...
[Sun Jan  4 16:55:37 AST 2026] ✅ Maintenance Complete.
[Sun Jan  4 16:56:06 AST 2026] ⚙️ Starting Scheduled Maintenance...
[Sun Jan  4 16:56:06 AST 2026] 🧹 Optimizing Knowledge Base...
[16:56:06] 🧹 Starting Database Maintenance...
Current Cache Size: 9392.00 KB
⚡ Executing VACUUM...
📊 Executing ANALYZE...
Optimized Cache Size: 9392.00 KB
✅ Maintenance Complete. Space recovered: 0.00 KB
[Sun Jan  4 16:56:07 AST 2026] 📂 Archiving Logs...
[Sun Jan  4 16:56:07 AST 2026] 🛡️ Running Security Audit...
[Sun Jan  4 16:56:07 AST 2026] 🔐 Verifying System Integrity...
[Sun Jan  4 16:56:07 AST 2026] ✅ Maintenance Complete.
[Sun Jan  4 16:56:36 AST 2026] ⚙️ Starting Scheduled Maintenance...
[Sun Jan  4 16:56:36 AST 2026] 🧹 Optimizing Knowledge Base...
[16:56:36] 🧹 Starting Database Maintenance...
Current Cache Size: 9428.00 KB
⚡ Executing VACUUM...
📊 Executing ANALYZE...
Optimized Cache Size: 9428.00 KB
✅ Maintenance Complete. Space recovered: 0.00 KB
[Sun Jan  4 16:56:36 AST 2026] 📂 Archiving Logs...
[Sun Jan  4 16:56:36 AST 2026] 🛡️ Running Security Audit...
[Sun Jan  4 16:56:37 AST 2026] 🔐 Verifying System Integrity...
[Sun Jan  4 16:56:37 AST 2026] ✅ Maintenance Complete.
[Sun Jan  4 16:57:07 AST 2026] ⚙️ Starting Scheduled Maintenance...
[Sun Jan  4 16:57:07 AST 2026] 🧹 Optimizing Knowledge Base...
[16:57:07] 🧹 Starting Database Maintenance...
Current Cache Size: 9468.00 KB
⚡ Executing VACUUM...
📊 Executing ANALYZE...
Optimized Cache Size: 9468.00 KB
✅ Maintenance Complete. Space recovered: 0.00 KB
[Sun Jan  4 16:57:08 AST 2026] 📂 Archiving Logs...
[Sun Jan  4 16:57:08 AST 2026] 🛡️ Running Security Audit...
[Sun Jan  4 16:57:08 AST 2026] 🔐 Verifying System Integrity...
[Sun Jan  4 16:57:08 AST 2026] ✅ Maintenance Complete.
[Sun Jan  4 16:57:54 AST 2026] ⚙️ Starting Scheduled Maintenance...
[Sun Jan  4 16:57:54 AST 2026] 🧹 Optimizing Knowledge Base...
[16:57:54] 🧹 Starting Database Maintenance...
Current Cache Size: 9508.00 KB
⚡ Executing VACUUM...
📊 Executing ANALYZE...
Optimized Cache Size: 9544.00 KB
✅ Maintenance Complete. Space recovered: 0.00 KB
[Sun Jan  4 16:57:59 AST 2026] 📂 Archiving Logs...
[Sun Jan  4 16:57:59 AST 2026] 🛡️ Running Security Audit...
[Sun Jan  4 16:57:59 AST 2026] 🔐 Verifying System Integrity...
[Sun Jan  4 16:57:59 AST 2026] ✅ Maintenance Complete.
[Sun Jan  4 16:58:08 AST 2026] ⚙️ Starting Scheduled Maintenance...
[Sun Jan  4 16:58:08 AST 2026] 🧹 Optimizing Knowledge Base...
[16:58:08] 🧹 Starting Database Maintenance...
Current Cache Size: 9544.00 KB
⚡ Executing VACUUM...
📊 Executing ANALYZE...
Optimized Cache Size: 9544.00 KB
✅ Maintenance Complete. Space recovered: 0.00 KB
[Sun Jan  4 16:58:08 AST 2026] 📂 Archiving Logs...
[Sun Jan  4 16:58:08 AST 2026] 🛡️ Running Security Audit...
[Sun Jan  4 16:58:09 AST 2026] 🔐 Verifying System Integrity...
[Sun Jan  4 16:58:09 AST 2026] ✅ Maintenance Complete.
[Sun Jan  4 16:58:48 AST 2026] ⚙️ Starting Scheduled Maintenance...
[Sun Jan  4 16:58:48 AST 2026] 🧹 Optimizing Knowledge Base...
[16:58:48] 🧹 Starting Database Maintenance...
Current Cache Size: 9592.00 KB
⚡ Executing VACUUM...
📊 Executing ANALYZE...
Optimized Cache Size: 9592.00 KB
✅ Maintenance Complete. Space recovered: 0.00 KB
[Sun Jan  4 16:58:49 AST 2026] 📂 Archiving Logs...
[Sun Jan  4 16:58:49 AST 2026] 🛡️ Running Security Audit...
[Sun Jan  4 16:58:49 AST 2026] 🔐 Verifying System Integrity...
[Sun Jan  4 16:58:49 AST 2026] ✅ Maintenance Complete.
[Sun Jan  4 16:59:09 AST 2026] ⚙️ Starting Scheduled Maintenance...
[Sun Jan  4 16:59:09 AST 2026] 🧹 Optimizing Knowledge Base...
[16:59:09] 🧹 Starting Database Maintenance...
Current Cache Size: 9636.00 KB
⚡ Executing VACUUM...
📊 Executing ANALYZE...
Optimized Cache Size: 9636.00 KB
✅ Maintenance Complete. Space recovered: 0.00 KB
[Sun Jan  4 16:59:10 AST 2026] 📂 Archiving Logs...
[Sun Jan  4 16:59:10 AST 2026] 🛡️ Running Security Audit...
[Sun Jan  4 16:59:10 AST 2026] 🔐 Verifying System Integrity...
[Sun Jan  4 16:59:10 AST 2026] ✅ Maintenance Complete.
[Sun Jan  4 16:59:40 AST 2026] ⚙️ Starting Scheduled Maintenance...
[Sun Jan  4 16:59:40 AST 2026] 🧹 Optimizing Knowledge Base...
[16:59:40] 🧹 Starting Database Maintenance...
Current Cache Size: 9684.00 KB
⚡ Executing VACUUM...
📊 Executing ANALYZE...
Optimized Cache Size: 9684.00 KB
✅ Maintenance Complete. Space recovered: 0.00 KB
[Sun Jan  4 16:59:40 AST 2026] 📂 Archiving Logs...
[Sun Jan  4 16:59:40 AST 2026] 🛡️ Running Security Audit...
[Sun Jan  4 16:59:41 AST 2026] 🔐 Verifying System Integrity...
[Sun Jan  4 16:59:41 AST 2026] ✅ Maintenance Complete.
[Sun Jan  4 17:00:09 AST 2026] ⚙️ Starting Scheduled Maintenance...
[Sun Jan  4 17:00:09 AST 2026] 🧹 Optimizing Knowledge Base...
[17:00:09] 🧹 Starting Database Maintenance...
Current Cache Size: 9728.00 KB
⚡ Executing VACUUM...
📊 Executing ANALYZE...
Optimized Cache Size: 9728.00 KB
✅ Maintenance Complete. Space recovered: 0.00 KB
[Sun Jan  4 17:00:10 AST 2026] 📂 Archiving Logs...
[Sun Jan  4 17:00:10 AST 2026] 🛡️ Running Security Audit...
[Sun Jan  4 17:00:10 AST 2026] 🔐 Verifying System Integrity...
[Sun Jan  4 17:00:10 AST 2026] ✅ Maintenance Complete.
[Sun Jan  4 18:17:28 AST 2026] ⚙️ Starting Scheduled Maintenance...
[Sun Jan  4 18:17:28 AST 2026] 🧹 Optimizing Knowledge Base...
[18:17:28] 🧹 Starting Database Maintenance...
Current Cache Size: 9772.00 KB
⚡ Executing VACUUM...
📊 Executing ANALYZE...
Optimized Cache Size: 9772.00 KB
✅ Maintenance Complete. Space recovered: 0.00 KB
[Sun Jan  4 18:17:30 AST 2026] 📂 Archiving Logs...
[Sun Jan  4 18:17:30 AST 2026] 🛡️ Running Security Audit...
[Sun Jan  4 18:17:31 AST 2026] 🔐 Verifying System Integrity...
[Sun Jan  4 18:17:32 AST 2026] ✅ Maintenance Complete.
/Users/infinite27/AILCC_PRIME/scripts/maintenance_scheduler.sh: fork: Resource temporarily unavailable
/Users/infinite27/AILCC_PRIME/scripts/maintenance_scheduler.sh: fork: Resource temporarily unavailable
[Sun Jan  4 18:18:03 AST 2026] ⚙️ Starting Scheduled Maintenance...
[Sun Jan  4 18:18:03 AST 2026] 🧹 Optimizing Knowledge Base...
[18:18:03] 🧹 Starting Database Maintenance...
Current Cache Size: 9956.00 KB
⚡ Executing VACUUM...
📊 Executing ANALYZE...
Optimized Cache Size: 9956.00 KB
✅ Maintenance Complete. Space recovered: 0.00 KB
[Sun Jan  4 18:18:05 AST 2026] 📂 Archiving Logs...
[Sun Jan  4 18:18:05 AST 2026] 🛡️ Running Security Audit...
[Sun Jan  4 18:18:05 AST 2026] 🔐 Verifying System Integrity...
[Sun Jan  4 18:18:05 AST 2026] ✅ Maintenance Complete.
[Sun Jan  4 18:18:12 AST 2026] ⚙️ Starting Scheduled Maintenance...
[Sun Jan  4 18:18:12 AST 2026] 🧹 Optimizing Knowledge Base...
[18:18:12] 🧹 Starting Database Maintenance...
Current Cache Size: 10012.00 KB
⚡ Executing VACUUM...
📊 Executing ANALYZE...
Optimized Cache Size: 10012.00 KB
✅ Maintenance Complete. Space recovered: 0.00 KB
[Sun Jan  4 18:18:14 AST 2026] 📂 Archiving Logs...
[Sun Jan  4 18:18:14 AST 2026] 🛡️ Running Security Audit...
[Sun Jan  4 18:18:14 AST 2026] 🔐 Verifying System Integrity...
[Sun Jan  4 18:18:14 AST 2026] ✅ Maintenance Complete.
[Sun Jan  4 18:18:23 AST 2026] ⚙️ Starting Scheduled Maintenance...
[Sun Jan  4 18:18:23 AST 2026] 🧹 Optimizing Knowledge Base...
[18:18:23] 🧹 Starting Database Maintenance...
Current Cache Size: 10012.00 KB
⚡ Executing VACUUM...
❌ Maintenance Failed: database is locked
[Sun Jan  4 18:18:28 AST 2026] 📂 Archiving Logs...
[Sun Jan  4 18:18:28 AST 2026] 🛡️ Running Security Audit...
[Sun Jan  4 18:18:29 AST 2026] 🔐 Verifying System Integrity...
[Sun Jan  4 18:18:29 AST 2026] ✅ Maintenance Complete.
[Thu Jan  8 19:22:55 AST 2026] ⚙️ Starting Scheduled Maintenance...
[Thu Jan  8 19:22:55 AST 2026] 🧹 Optimizing Knowledge Base...
[19:22:55] 🧹 Starting Database Maintenance...
Current Cache Size: 10260.00 KB
⚡ Executing VACUUM...
📊 Executing ANALYZE...
Optimized Cache Size: 10256.00 KB
✅ Maintenance Complete. Space recovered: 4.00 KB
[Thu Jan  8 19:22:56 AST 2026] 📂 Archiving Logs...
[Thu Jan  8 19:22:56 AST 2026] 🛡️ Running Security Audit...
[Thu Jan  8 19:22:58 AST 2026] 🔐 Verifying System Integrity...
[Thu Jan  8 19:22:59 AST 2026] ✅ Maintenance Complete.
