[2025-12-21 22:52:29] 🚀 Starting Dual-Drive Nexus Migration...
[2025-12-21 22:52:29] ✅ Created destination hub: /Volumes/XDriveAlpha/Vault/Migration_Archive
[2025-12-21 22:52:29] 📦 Migrating /Users/infinite27/AILCC_PRIME/01_Areas/Codebases -> /Volumes/XDriveAlpha/Vault/Migration_Archive/Codebases...
[2025-12-21 22:52:33] 🚀 Starting Dual-Drive Nexus Migration...
[2025-12-21 22:52:33] 📦 Migrating /Users/infinite27/AILCC_PRIME/01_Areas/Codebases -> /Volumes/XDriveAlpha/Vault/Migration_Archive/Codebases...
[2025-12-21 23:16:07] 🚀 Starting Dual-Drive Nexus Migration...
[2025-12-21 23:16:07] 📦 Migrating /Users/infinite27/AILCC_PRIME/01_Areas/Codebases -> /Volumes/XDriveAlpha/Vault/Migration_Archive/Codebases...
[2025-12-22 00:41:21] ❌ Rsync failed for /Users/infinite27/AILCC_PRIME/01_Areas/Codebases: Command '['rsync', '-av', '--progress', '/Users/infinite27/AILCC_PRIME/01_Areas/Codebases', '/Volumes/XDriveAlpha/Vault/Migration_Archive']' returned non-zero exit status 1.
[2025-12-22 00:41:21] 📦 Migrating /Users/infinite27/Library/Application Support/Google/Chrome -> /Volumes/XDriveAlpha/Vault/Migration_Archive/Chrome...
[2025-12-27 19:34:48] 🚀 Starting Dual-Drive Nexus Migration...
[2025-12-27 19:34:48] 📦 Migrating /Users/infinite27/AILCC_PRIME/01_Areas/Codebases -> /Volumes/XDriveAlpha/Vault/Migration_Archive/Codebases...
[2025-12-27 19:36:44] 🚀 Starting Dual-Drive Nexus Migration...
[2025-12-27 19:36:44] 📦 Migrating /Users/infinite27/AILCC_PRIME/01_Areas/Codebases -> /Volumes/XDriveAlpha/Vault/Migration_Archive/Codebases...
[2025-12-27 20:42:25] ✅ Successfully copied /Users/infinite27/AILCC_PRIME/01_Areas/Codebases
[2025-12-27 20:42:26] 📦 Migrating /Users/infinite27/Library/Application Support/Google/Chrome -> /Volumes/XDriveAlpha/Vault/Migration_Archive/Chrome...
[2025-12-27 21:28:08] ❌ Rsync failed for /Users/infinite27/Library/Application Support/Google/Chrome: Command '['rsync', '-av', '--progress', '/Users/infinite27/Library/Application Support/Google/Chrome', '/Volumes/XDriveAlpha/Vault/Migration_Archive']' returned non-zero exit status 23.
[2025-12-27 21:28:08] 📦 Migrating /Users/infinite27/Library/Mail -> /Volumes/XDriveAlpha/Vault/Migration_Archive/Mail...
[2025-12-27 21:33:42] ❌ Rsync failed for /Users/infinite27/Library/Mail: Command '['rsync', '-av', '--progress', '/Users/infinite27/Library/Mail', '/Volumes/XDriveAlpha/Vault/Migration_Archive']' returned non-zero exit status 20.
[2025-12-27 21:33:42] 📦 Migrating /Users/infinite27/Library/Application Support/Antigravity -> /Volumes/XDriveAlpha/Vault/Migration_Archive/Antigravity...
[2025-12-27 21:33:47] ❌ Rsync failed for /Users/infinite27/Library/Application Support/Antigravity: Command '['rsync', '-av', '--progress', '/Users/infinite27/Library/Application Support/Antigravity', '/Volumes/XDriveAlpha/Vault/Migration_Archive']' returned non-zero exit status 20.
[2025-12-27 21:33:47] 📦 Migrating /Users/infinite27/Library/Mobile Documents/com~apple~CloudDocs -> /Volumes/XDriveAlpha/Vault/Migration_Archive/com~apple~CloudDocs...
[2025-12-27 21:33:49] ❌ Rsync failed for /Users/infinite27/Library/Mobile Documents/com~apple~CloudDocs: Command '['rsync', '-av', '--progress', '/Users/infinite27/Library/Mobile Documents/com~apple~CloudDocs', '/Volumes/XDriveAlpha/Vault/Migration_Archive']' returned non-zero exit status 20.
[2025-12-27 21:33:49] 🏁 Migration Pulse Complete.
