[2025-12-26 16:12:13] Sync Daemon (CDC) starting...
[2025-12-26 16:12:13] Mocking Comet API Pulse...
[2025-12-26 16:12:14] CDC Event: MODIFIED at /Users/infinite27/Library/Application Support/Antigravity/Workspaces/test_cdc.txt
[2025-12-26 18:19:24] Sync Daemon (CDC) starting...
[2025-12-26 18:19:25] Mocking Comet API Pulse...
[2025-12-26 18:20:25] Mocking Comet API Pulse...
[2025-12-26 18:21:26] Mocking Comet API Pulse...
[2025-12-26 18:22:27] Mocking Comet API Pulse...
[2025-12-26 18:23:28] Mocking Comet API Pulse...
[2025-12-26 18:24:28] Mocking Comet API Pulse...
[2025-12-26 18:25:28] Mocking Comet API Pulse...
[2025-12-26 18:26:28] Mocking Comet API Pulse...
[2025-12-26 18:27:29] Mocking Comet API Pulse...
[2025-12-26 18:28:30] Mocking Comet API Pulse...
[2025-12-26 18:29:30] Mocking Comet API Pulse...
[2025-12-26 18:30:30] Mocking Comet API Pulse...
[2025-12-26 18:31:40] Mocking Comet API Pulse...
[2025-12-26 18:32:43] Mocking Comet API Pulse...
[2025-12-26 18:33:44] Mocking Comet API Pulse...
[2025-12-26 18:34:44] Mocking Comet API Pulse...
[2025-12-26 18:35:44] Mocking Comet API Pulse...
[2025-12-26 18:36:44] Mocking Comet API Pulse...
[2025-12-26 18:37:44] Mocking Comet API Pulse...
[2025-12-26 18:38:44] Mocking Comet API Pulse...
[2025-12-26 18:39:44] Mocking Comet API Pulse...
[2025-12-26 18:40:44] Mocking Comet API Pulse...
[2025-12-26 18:41:44] Mocking Comet API Pulse...
[2025-12-26 18:42:44] Mocking Comet API Pulse...
[2025-12-26 18:43:44] Mocking Comet API Pulse...
[2025-12-26 18:44:44] Mocking Comet API Pulse...
[2025-12-26 18:45:44] Mocking Comet API Pulse...
[2025-12-26 18:46:44] Mocking Comet API Pulse...
[2025-12-26 18:47:44] Mocking Comet API Pulse...
[2025-12-26 18:48:44] Mocking Comet API Pulse...
[2025-12-26 18:49:44] Mocking Comet API Pulse...
[2025-12-26 18:50:44] Mocking Comet API Pulse...
[2025-12-26 18:51:44] Mocking Comet API Pulse...
[2025-12-26 18:52:44] Mocking Comet API Pulse...
[2025-12-26 18:53:44] Mocking Comet API Pulse...
[2025-12-26 18:54:44] Mocking Comet API Pulse...
[2025-12-26 18:55:44] Mocking Comet API Pulse...
[2025-12-26 18:56:44] Mocking Comet API Pulse...
[2025-12-26 18:57:44] Mocking Comet API Pulse...
[2025-12-26 18:58:44] Mocking Comet API Pulse...
[2025-12-26 18:59:44] Mocking Comet API Pulse...
[2025-12-26 19:00:44] Mocking Comet API Pulse...
[2025-12-26 19:01:44] Mocking Comet API Pulse...
[2025-12-26 19:02:44] Mocking Comet API Pulse...
[2025-12-26 19:03:44] Mocking Comet API Pulse...
[2025-12-26 19:04:44] Mocking Comet API Pulse...
[2025-12-26 19:05:44] Mocking Comet API Pulse...
[2025-12-26 19:06:44] Mocking Comet API Pulse...
[2025-12-26 19:07:44] Mocking Comet API Pulse...
[2025-12-26 19:08:44] Mocking Comet API Pulse...
[2025-12-26 19:09:44] Mocking Comet API Pulse...
[2025-12-26 19:10:44] Mocking Comet API Pulse...
[2025-12-26 19:11:44] Mocking Comet API Pulse...
[2025-12-26 19:12:44] Mocking Comet API Pulse...
[2025-12-26 19:13:44] Mocking Comet API Pulse...
[2025-12-26 19:14:44] Mocking Comet API Pulse...
[2025-12-26 19:15:44] Mocking Comet API Pulse...
[2025-12-26 19:16:44] Mocking Comet API Pulse...
[2025-12-26 19:17:44] Mocking Comet API Pulse...
[2025-12-26 19:18:44] Mocking Comet API Pulse...
[2025-12-26 19:19:44] Mocking Comet API Pulse...
[2025-12-26 19:20:44] Mocking Comet API Pulse...
[2025-12-26 19:21:44] Mocking Comet API Pulse...
[2025-12-26 19:22:44] Mocking Comet API Pulse...
[2025-12-26 19:23:44] Mocking Comet API Pulse...
[2025-12-26 19:24:44] Mocking Comet API Pulse...
[2025-12-26 19:25:44] Mocking Comet API Pulse...
[2025-12-26 19:26:44] Mocking Comet API Pulse...
[2025-12-26 19:27:44] Mocking Comet API Pulse...
[2025-12-26 19:28:44] Mocking Comet API Pulse...
[2025-12-26 19:29:44] Mocking Comet API Pulse...
[2025-12-26 19:30:44] Mocking Comet API Pulse...
[2025-12-26 19:31:44] Mocking Comet API Pulse...
[2025-12-26 19:32:44] Mocking Comet API Pulse...
[2025-12-26 19:33:44] Mocking Comet API Pulse...
[2025-12-26 19:34:44] Mocking Comet API Pulse...
[2025-12-26 19:35:44] Mocking Comet API Pulse...
[2025-12-26 19:36:44] Mocking Comet API Pulse...
[2025-12-26 19:37:44] Mocking Comet API Pulse...
[2025-12-26 19:38:44] Mocking Comet API Pulse...
[2025-12-26 19:39:44] Mocking Comet API Pulse...
[2025-12-26 19:40:44] Mocking Comet API Pulse...
[2025-12-26 19:41:44] Mocking Comet API Pulse...
[2025-12-26 19:42:44] Mocking Comet API Pulse...
[2025-12-26 19:43:44] Mocking Comet API Pulse...
[2025-12-26 19:44:44] Mocking Comet API Pulse...
[2025-12-26 19:45:44] Mocking Comet API Pulse...
[2025-12-26 19:46:44] Mocking Comet API Pulse...
[2025-12-26 19:47:44] Mocking Comet API Pulse...
[2025-12-26 19:48:44] Mocking Comet API Pulse...
[2025-12-26 19:49:44] Mocking Comet API Pulse...
[2025-12-26 19:50:44] Mocking Comet API Pulse...
[2025-12-26 19:51:44] Mocking Comet API Pulse...
[2025-12-26 19:52:44] Mocking Comet API Pulse...
[2025-12-26 19:53:44] Mocking Comet API Pulse...
[2025-12-26 19:54:44] Mocking Comet API Pulse...
[2025-12-26 19:55:44] Mocking Comet API Pulse...
[2025-12-26 19:56:44] Mocking Comet API Pulse...
[2025-12-26 19:57:44] Mocking Comet API Pulse...
[2025-12-26 19:58:44] Mocking Comet API Pulse...
[2025-12-26 19:59:44] Mocking Comet API Pulse...
[2025-12-26 20:00:44] Mocking Comet API Pulse...
[2025-12-26 20:01:44] Mocking Comet API Pulse...
[2025-12-26 20:02:44] Mocking Comet API Pulse...
[2025-12-26 20:03:45] Mocking Comet API Pulse...
[2025-12-26 20:04:45] Mocking Comet API Pulse...
[2025-12-26 20:05:45] Mocking Comet API Pulse...
[2025-12-26 20:06:45] Mocking Comet API Pulse...
[2025-12-26 20:07:45] Mocking Comet API Pulse...
[2025-12-26 20:08:45] Mocking Comet API Pulse...
[2025-12-26 20:09:45] Mocking Comet API Pulse...
[2025-12-26 20:10:45] Mocking Comet API Pulse...
[2025-12-26 20:11:45] Mocking Comet API Pulse...
[2025-12-26 20:12:45] Mocking Comet API Pulse...
[2025-12-26 20:13:45] Mocking Comet API Pulse...
[2025-12-26 20:14:45] Mocking Comet API Pulse...
[2025-12-26 20:15:45] Mocking Comet API Pulse...
[2025-12-26 20:16:45] Mocking Comet API Pulse...
[2025-12-26 20:17:45] Mocking Comet API Pulse...
[2025-12-26 20:18:45] Mocking Comet API Pulse...
[2025-12-26 20:19:45] Mocking Comet API Pulse...
[2025-12-26 20:20:45] Mocking Comet API Pulse...
[2025-12-26 20:21:45] Mocking Comet API Pulse...
[2025-12-26 20:22:45] Mocking Comet API Pulse...
[2025-12-26 20:23:45] Mocking Comet API Pulse...
[2025-12-26 20:24:45] Mocking Comet API Pulse...
[2025-12-26 20:25:45] Mocking Comet API Pulse...
[2025-12-26 20:26:45] Mocking Comet API Pulse...
[2025-12-26 20:27:45] Mocking Comet API Pulse...
[2025-12-26 20:28:45] Mocking Comet API Pulse...
[2025-12-26 20:29:45] Mocking Comet API Pulse...
[2025-12-26 20:30:45] Mocking Comet API Pulse...
[2025-12-26 20:31:45] Mocking Comet API Pulse...
[2025-12-26 20:32:45] Mocking Comet API Pulse...
[2025-12-26 20:33:45] Mocking Comet API Pulse...
[2025-12-26 20:34:45] Mocking Comet API Pulse...
[2025-12-26 20:35:45] Mocking Comet API Pulse...
[2025-12-26 20:36:45] Mocking Comet API Pulse...
[2025-12-26 20:37:45] Mocking Comet API Pulse...
[2025-12-26 20:38:45] Mocking Comet API Pulse...
[2025-12-26 20:39:45] Mocking Comet API Pulse...
[2025-12-26 20:40:45] Mocking Comet API Pulse...
[2025-12-26 20:41:45] Mocking Comet API Pulse...
[2025-12-26 20:42:45] Mocking Comet API Pulse...
[2025-12-26 20:43:45] Mocking Comet API Pulse...
[2025-12-26 20:44:45] Mocking Comet API Pulse...
[2025-12-26 20:45:45] Mocking Comet API Pulse...
[2025-12-26 20:46:45] Mocking Comet API Pulse...
[2025-12-26 20:47:45] Mocking Comet API Pulse...
[2025-12-26 20:48:45] Mocking Comet API Pulse...
[2025-12-26 20:49:45] Mocking Comet API Pulse...
[2025-12-26 20:50:45] Mocking Comet API Pulse...
[2025-12-26 20:51:45] Mocking Comet API Pulse...
[2025-12-26 20:52:45] Mocking Comet API Pulse...
[2025-12-26 20:53:45] Mocking Comet API Pulse...
[2025-12-26 20:54:45] Mocking Comet API Pulse...
[2025-12-26 20:55:45] Mocking Comet API Pulse...
[2025-12-26 20:56:45] Mocking Comet API Pulse...
[2025-12-26 20:57:46] Mocking Comet API Pulse...
[2025-12-26 20:58:46] Mocking Comet API Pulse...
[2025-12-26 20:59:46] Mocking Comet API Pulse...
[2025-12-26 21:00:46] Mocking Comet API Pulse...
[2025-12-26 21:01:46] Mocking Comet API Pulse...
[2025-12-26 21:02:46] Mocking Comet API Pulse...
[2025-12-26 21:03:46] Mocking Comet API Pulse...
[2025-12-26 21:04:46] Mocking Comet API Pulse...
[2025-12-26 18:19:24] Sync Daemon (CDC) starting...
[2025-12-26 18:19:25] Mocking Comet API Pulse...
[2025-12-26 18:20:25] Mocking Comet API Pulse...
[2025-12-26 18:21:26] Mocking Comet API Pulse...
[2025-12-26 18:22:27] Mocking Comet API Pulse...
[2025-12-26 18:23:28] Mocking Comet API Pulse...
[2025-12-26 18:24:28] Mocking Comet API Pulse...
[2025-12-26 18:25:28] Mocking Comet API Pulse...
[2025-12-26 18:26:28] Mocking Comet API Pulse...
[2025-12-26 18:27:29] Mocking Comet API Pulse...
[2025-12-26 18:28:30] Mocking Comet API Pulse...
[2025-12-26 18:29:30] Mocking Comet API Pulse...
[2025-12-26 18:30:30] Mocking Comet API Pulse...
[2025-12-26 18:31:40] Mocking Comet API Pulse...
[2025-12-26 18:32:43] Mocking Comet API Pulse...
[2025-12-26 18:33:44] Mocking Comet API Pulse...
[2025-12-26 18:34:44] Mocking Comet API Pulse...
[2025-12-26 18:35:44] Mocking Comet API Pulse...
[2025-12-26 18:36:44] Mocking Comet API Pulse...
[2025-12-26 18:37:44] Mocking Comet API Pulse...
[2025-12-26 18:38:44] Mocking Comet API Pulse...
[2025-12-26 18:39:44] Mocking Comet API Pulse...
[2025-12-26 18:40:44] Mocking Comet API Pulse...
[2025-12-26 18:41:44] Mocking Comet API Pulse...
[2025-12-26 18:42:44] Mocking Comet API Pulse...
[2025-12-26 18:43:44] Mocking Comet API Pulse...
[2025-12-26 18:44:44] Mocking Comet API Pulse...
[2025-12-26 18:45:44] Mocking Comet API Pulse...
[2025-12-26 18:46:44] Mocking Comet API Pulse...
[2025-12-26 18:47:44] Mocking Comet API Pulse...
[2025-12-26 18:48:44] Mocking Comet API Pulse...
[2025-12-26 18:49:44] Mocking Comet API Pulse...
[2025-12-26 18:50:44] Mocking Comet API Pulse...
[2025-12-26 18:51:44] Mocking Comet API Pulse...
[2025-12-26 18:52:44] Mocking Comet API Pulse...
[2025-12-26 18:53:44] Mocking Comet API Pulse...
[2025-12-26 18:54:44] Mocking Comet API Pulse...
[2025-12-26 18:55:44] Mocking Comet API Pulse...
[2025-12-26 18:56:44] Mocking Comet API Pulse...
[2025-12-26 18:57:44] Mocking Comet API Pulse...
[2025-12-26 18:58:44] Mocking Comet API Pulse...
[2025-12-26 18:59:44] Mocking Comet API Pulse...
[2025-12-26 19:00:44] Mocking Comet API Pulse...
[2025-12-26 19:01:44] Mocking Comet API Pulse...
[2025-12-26 19:02:44] Mocking Comet API Pulse...
[2025-12-26 19:03:44] Mocking Comet API Pulse...
[2025-12-26 19:04:44] Mocking Comet API Pulse...
[2025-12-26 19:05:44] Mocking Comet API Pulse...
[2025-12-26 19:06:44] Mocking Comet API Pulse...
[2025-12-26 19:07:44] Mocking Comet API Pulse...
[2025-12-26 19:08:44] Mocking Comet API Pulse...
[2025-12-26 19:09:44] Mocking Comet API Pulse...
[2025-12-26 19:10:44] Mocking Comet API Pulse...
[2025-12-26 19:11:44] Mocking Comet API Pulse...
[2025-12-26 19:12:44] Mocking Comet API Pulse...
[2025-12-26 19:13:44] Mocking Comet API Pulse...
[2025-12-26 19:14:44] Mocking Comet API Pulse...
[2025-12-26 19:15:44] Mocking Comet API Pulse...
[2025-12-26 19:16:44] Mocking Comet API Pulse...
[2025-12-26 19:17:44] Mocking Comet API Pulse...
[2025-12-26 19:18:44] Mocking Comet API Pulse...
[2025-12-26 19:19:44] Mocking Comet API Pulse...
[2025-12-26 19:20:44] Mocking Comet API Pulse...
[2025-12-26 19:21:44] Mocking Comet API Pulse...
[2025-12-26 19:22:44] Mocking Comet API Pulse...
[2025-12-26 19:23:44] Mocking Comet API Pulse...
[2025-12-26 19:24:44] Mocking Comet API Pulse...
[2025-12-26 19:25:44] Mocking Comet API Pulse...
[2025-12-26 19:26:44] Mocking Comet API Pulse...
[2025-12-26 19:27:44] Mocking Comet API Pulse...
[2025-12-26 19:28:44] Mocking Comet API Pulse...
[2025-12-26 19:29:44] Mocking Comet API Pulse...
[2025-12-26 19:30:44] Mocking Comet API Pulse...
[2025-12-26 19:31:44] Mocking Comet API Pulse...
[2025-12-26 19:32:44] Mocking Comet API Pulse...
[2025-12-26 19:33:44] Mocking Comet API Pulse...
[2025-12-26 19:34:44] Mocking Comet API Pulse...
[2025-12-26 19:35:44] Mocking Comet API Pulse...
[2025-12-26 19:36:44] Mocking Comet API Pulse...
[2025-12-26 19:37:44] Mocking Comet API Pulse...
[2025-12-26 19:38:44] Mocking Comet API Pulse...
[2025-12-26 19:39:44] Mocking Comet API Pulse...
[2025-12-26 19:40:44] Mocking Comet API Pulse...
[2025-12-26 19:41:44] Mocking Comet API Pulse...
[2025-12-26 19:42:44] Mocking Comet API Pulse...
[2025-12-26 19:43:44] Mocking Comet API Pulse...
[2025-12-26 19:44:44] Mocking Comet API Pulse...
[2025-12-26 19:45:44] Mocking Comet API Pulse...
[2025-12-26 19:46:44] Mocking Comet API Pulse...
[2025-12-26 19:47:44] Mocking Comet API Pulse...
[2025-12-26 19:48:44] Mocking Comet API Pulse...
[2025-12-26 19:49:44] Mocking Comet API Pulse...
[2025-12-26 19:50:44] Mocking Comet API Pulse...
[2025-12-26 19:51:44] Mocking Comet API Pulse...
[2025-12-26 19:52:44] Mocking Comet API Pulse...
[2025-12-26 19:53:44] Mocking Comet API Pulse...
[2025-12-26 19:54:44] Mocking Comet API Pulse...
[2025-12-26 19:55:44] Mocking Comet API Pulse...
[2025-12-26 19:56:44] Mocking Comet API Pulse...
[2025-12-26 19:57:44] Mocking Comet API Pulse...
[2025-12-26 19:58:44] Mocking Comet API Pulse...
[2025-12-26 19:59:44] Mocking Comet API Pulse...
[2025-12-26 20:00:44] Mocking Comet API Pulse...
[2025-12-26 20:01:44] Mocking Comet API Pulse...
[2025-12-26 20:02:44] Mocking Comet API Pulse...
[2025-12-26 20:03:45] Mocking Comet API Pulse...
[2025-12-26 20:04:45] Mocking Comet API Pulse...
[2025-12-26 20:05:45] Mocking Comet API Pulse...
[2025-12-26 20:06:45] Mocking Comet API Pulse...
[2025-12-26 20:07:45] Mocking Comet API Pulse...
[2025-12-26 20:08:45] Mocking Comet API Pulse...
[2025-12-26 20:09:45] Mocking Comet API Pulse...
[2025-12-26 20:10:45] Mocking Comet API Pulse...
[2025-12-26 20:11:45] Mocking Comet API Pulse...
[2025-12-26 20:12:45] Mocking Comet API Pulse...
[2025-12-26 20:13:45] Mocking Comet API Pulse...
[2025-12-26 20:14:45] Mocking Comet API Pulse...
[2025-12-26 20:15:45] Mocking Comet API Pulse...
[2025-12-26 20:16:45] Mocking Comet API Pulse...
[2025-12-26 20:17:45] Mocking Comet API Pulse...
[2025-12-26 20:18:45] Mocking Comet API Pulse...
[2025-12-26 20:19:45] Mocking Comet API Pulse...
[2025-12-26 20:20:45] Mocking Comet API Pulse...
[2025-12-26 20:21:45] Mocking Comet API Pulse...
[2025-12-26 20:22:45] Mocking Comet API Pulse...
[2025-12-26 20:23:45] Mocking Comet API Pulse...
[2025-12-26 20:24:45] Mocking Comet API Pulse...
[2025-12-26 20:25:45] Mocking Comet API Pulse...
[2025-12-26 20:26:45] Mocking Comet API Pulse...
[2025-12-26 20:27:45] Mocking Comet API Pulse...
[2025-12-26 20:28:45] Mocking Comet API Pulse...
[2025-12-26 20:29:45] Mocking Comet API Pulse...
[2025-12-26 20:30:45] Mocking Comet API Pulse...
[2025-12-26 20:31:45] Mocking Comet API Pulse...
[2025-12-26 20:32:45] Mocking Comet API Pulse...
[2025-12-26 20:33:45] Mocking Comet API Pulse...
[2025-12-26 20:34:45] Mocking Comet API Pulse...
[2025-12-26 20:35:45] Mocking Comet API Pulse...
[2025-12-26 20:36:45] Mocking Comet API Pulse...
[2025-12-26 20:37:45] Mocking Comet API Pulse...
[2025-12-26 20:38:45] Mocking Comet API Pulse...
[2025-12-26 20:39:45] Mocking Comet API Pulse...
[2025-12-26 20:40:45] Mocking Comet API Pulse...
[2025-12-26 20:41:45] Mocking Comet API Pulse...
[2025-12-26 20:42:45] Mocking Comet API Pulse...
[2025-12-26 20:43:45] Mocking Comet API Pulse...
[2025-12-26 20:44:45] Mocking Comet API Pulse...
[2025-12-26 20:45:45] Mocking Comet API Pulse...
[2025-12-26 20:46:45] Mocking Comet API Pulse...
[2025-12-26 20:47:45] Mocking Comet API Pulse...
[2025-12-26 20:48:45] Mocking Comet API Pulse...
[2025-12-26 20:49:45] Mocking Comet API Pulse...
[2025-12-26 20:50:45] Mocking Comet API Pulse...
[2025-12-26 20:51:45] Mocking Comet API Pulse...
[2025-12-26 20:52:45] Mocking Comet API Pulse...
[2025-12-26 20:53:45] Mocking Comet API Pulse...
[2025-12-26 20:54:45] Mocking Comet API Pulse...
[2025-12-26 20:55:45] Mocking Comet API Pulse...
[2025-12-26 20:56:45] Mocking Comet API Pulse...
[2025-12-26 20:57:46] Mocking Comet API Pulse...
[2025-12-26 20:58:46] Mocking Comet API Pulse...
[2025-12-26 20:59:46] Mocking Comet API Pulse...
[2025-12-26 21:00:46] Mocking Comet API Pulse...
[2025-12-26 21:01:46] Mocking Comet API Pulse...
[2025-12-26 21:02:46] Mocking Comet API Pulse...
[2025-12-26 21:03:46] Mocking Comet API Pulse...
[2025-12-26 21:04:46] Mocking Comet API Pulse...
[2025-12-26 21:05:46] Mocking Comet API Pulse...[2025-12-26 21:05:46] Mocking Comet API Pulse...
[2025-12-26 21:06:46] Mocking Comet API Pulse...
[2025-12-26 21:07:46] Mocking Comet API Pulse...
[2025-12-26 21:08:46] Mocking Comet API Pulse...
[2025-12-26 21:09:46] Mocking Comet API Pulse...
[2025-12-26 21:10:46] Mocking Comet API Pulse...
[2025-12-26 21:11:46] Mocking Comet API Pulse...
[2025-12-26 21:12:46] Mocking Comet API Pulse...
[2025-12-26 21:13:46] Mocking Comet API Pulse...
[2025-12-26 21:14:46] Mocking Comet API Pulse...
[2025-12-26 21:15:46] Mocking Comet API Pulse...
[2025-12-26 21:16:46] Mocking Comet API Pulse...
[2025-12-26 21:17:46] Mocking Comet API Pulse...
[2025-12-26 21:18:46] Mocking Comet API Pulse...
[2025-12-26 21:19:46] Mocking Comet API Pulse...
[2025-12-26 21:20:46] Mocking Comet API Pulse...
[2025-12-26 21:21:46] Mocking Comet API Pulse...
[2025-12-26 21:22:46] Mocking Comet API Pulse...
[2025-12-26 21:23:46] Mocking Comet API Pulse...
[2025-12-26 21:25:08] Mocking Comet API Pulse...
[2025-12-26 21:44:00] Mocking Comet API Pulse...
[2025-12-26 21:45:36] Mocking Comet API Pulse...
[2025-12-26 21:48:58] Mocking Comet API Pulse...
[2025-12-26 21:53:42] Mocking Comet API Pulse...
[2025-12-26 22:10:24] Mocking Comet API Pulse...
[2025-12-26 22:11:24] Mocking Comet API Pulse...
[2025-12-26 22:28:05] Mocking Comet API Pulse...
[2025-12-26 22:29:06] Mocking Comet API Pulse...
[2025-12-26 22:31:16] Mocking Comet API Pulse...
[2025-12-26 22:33:46] Mocking Comet API Pulse...
[2025-12-26 22:34:46] Mocking Comet API Pulse...
[2025-12-26 22:37:02] Mocking Comet API Pulse...
[2025-12-26 22:39:53] Mocking Comet API Pulse...
[2025-12-26 22:42:08] Mocking Comet API Pulse...
[2025-12-26 22:43:26] Mocking Comet API Pulse...
[2025-12-26 22:46:22] Mocking Comet API Pulse...
[2025-12-26 22:47:29] Mocking Comet API Pulse...
[2025-12-26 22:51:00] Mocking Comet API Pulse...
[2025-12-26 22:52:01] Mocking Comet API Pulse...
[2025-12-26 22:53:01] Mocking Comet API Pulse...
[2025-12-26 22:54:01] Mocking Comet API Pulse...
[2025-12-26 22:55:01] Mocking Comet API Pulse...
[2025-12-26 22:56:01] Mocking Comet API Pulse...
[2025-12-26 23:13:44] Mocking Comet API Pulse...
[2025-12-26 23:14:44] Mocking Comet API Pulse...
[2025-12-26 23:15:44] Mocking Comet API Pulse...
[2025-12-26 23:16:44] Mocking Comet API Pulse...
[2025-12-26 23:17:44] Mocking Comet API Pulse...
[2025-12-26 23:18:44] Mocking Comet API Pulse...
[2025-12-26 23:25:34] Mocking Comet API Pulse...
[2025-12-26 23:26:34] Mocking Comet API Pulse...
[2025-12-26 23:27:34] Mocking Comet API Pulse...
[2025-12-26 23:28:34] Mocking Comet API Pulse...
[2025-12-26 23:29:34] Mocking Comet API Pulse...
[2025-12-26 23:48:10] Mocking Comet API Pulse...
[2025-12-26 23:49:10] Mocking Comet API Pulse...
[2025-12-26 23:50:10] Mocking Comet API Pulse...
[2025-12-26 23:51:10] Mocking Comet API Pulse...
[2025-12-26 23:52:10] Mocking Comet API Pulse...
[2025-12-26 23:53:10] Mocking Comet API Pulse...
[2025-12-26 23:54:10] Mocking Comet API Pulse...
[2025-12-27 00:11:54] Mocking Comet API Pulse...
[2025-12-27 00:26:15] Mocking Comet API Pulse...
[2025-12-27 00:28:58] Mocking Comet API Pulse...
[2025-12-27 00:46:01] Mocking Comet API Pulse...
[2025-12-27 00:50:30] Mocking Comet API Pulse...
[2025-12-27 00:55:00] Mocking Comet API Pulse...
[2025-12-27 00:56:19] Mocking Comet API Pulse...
[2025-12-27 00:57:21] Mocking Comet API Pulse...
[2025-12-27 00:58:21] Mocking Comet API Pulse...
[2025-12-27 01:01:26] Mocking Comet API Pulse...
[2025-12-27 01:07:09] Mocking Comet API Pulse...
[2025-12-27 01:14:37] Mocking Comet API Pulse...
[2025-12-27 01:21:39] Mocking Comet API Pulse...
[2025-12-27 01:22:40] Mocking Comet API Pulse...
[2025-12-27 01:27:29] Mocking Comet API Pulse...
[2025-12-27 01:43:36] Mocking Comet API Pulse...
[2025-12-27 02:27:47] Mocking Comet API Pulse...
[2025-12-27 02:44:59] Mocking Comet API Pulse...
[2025-12-27 02:46:00] Mocking Comet API Pulse...
[2025-12-27 03:10:56] Mocking Comet API Pulse...
[2025-12-27 03:14:25] Mocking Comet API Pulse...
[2025-12-27 03:16:04] Mocking Comet API Pulse...
[2025-12-27 03:17:04] Mocking Comet API Pulse...
[2025-12-27 03:19:47] Mocking Comet API Pulse...
[2025-12-27 03:20:47] Mocking Comet API Pulse...
[2025-12-27 03:21:47] Mocking Comet API Pulse...
[2025-12-27 03:22:47] Mocking Comet API Pulse...
[2025-12-27 03:23:47] Mocking Comet API Pulse...
[2025-12-27 03:24:47] Mocking Comet API Pulse...
[2025-12-27 03:25:47] Mocking Comet API Pulse...
[2025-12-27 03:26:47] Mocking Comet API Pulse...
[2025-12-27 03:27:47] Mocking Comet API Pulse...
[2025-12-27 03:28:47] Mocking Comet API Pulse...
[2025-12-27 03:29:47] Mocking Comet API Pulse...
[2025-12-27 03:30:47] Mocking Comet API Pulse...
[2025-12-27 03:31:47] Mocking Comet API Pulse...
[2025-12-27 03:32:47] Mocking Comet API Pulse...
[2025-12-27 03:33:47] Mocking Comet API Pulse...
[2025-12-27 03:34:47] Mocking Comet API Pulse...
[2025-12-27 03:35:47] Mocking Comet API Pulse...
[2025-12-27 03:36:47] Mocking Comet API Pulse...
[2025-12-27 03:37:47] Mocking Comet API Pulse...
[2025-12-27 03:38:47] Mocking Comet API Pulse...
[2025-12-27 03:39:47] Mocking Comet API Pulse...
[2025-12-27 03:40:47] Mocking Comet API Pulse...
[2025-12-27 03:41:47] Mocking Comet API Pulse...
[2025-12-27 03:42:47] Mocking Comet API Pulse...
[2025-12-27 03:43:47] Mocking Comet API Pulse...
[2025-12-27 03:44:47] Mocking Comet API Pulse...
[2025-12-27 03:45:47] Mocking Comet API Pulse...
[2025-12-27 03:46:47] Mocking Comet API Pulse...
[2025-12-27 03:47:47] Mocking Comet API Pulse...
[2025-12-27 03:48:47] Mocking Comet API Pulse...
[2025-12-27 03:49:47] Mocking Comet API Pulse...
[2025-12-27 03:50:47] Mocking Comet API Pulse...
[2025-12-27 03:51:47] Mocking Comet API Pulse...
[2025-12-27 03:52:47] Mocking Comet API Pulse...
[2025-12-27 03:53:47] Mocking Comet API Pulse...
[2025-12-27 03:54:47] Mocking Comet API Pulse...
[2025-12-27 03:55:47] Mocking Comet API Pulse...
[2025-12-27 03:56:47] Mocking Comet API Pulse...
[2025-12-27 03:57:47] Mocking Comet API Pulse...
[2025-12-27 03:58:47] Mocking Comet API Pulse...
[2025-12-27 03:59:47] Mocking Comet API Pulse...
[2025-12-27 04:00:35] Sync Daemon (CDC) starting...
[2025-12-27 04:00:35] Mocking Comet API Pulse...
[2025-12-27 04:00:47] Mocking Comet API Pulse...
[2025-12-27 04:01:35] Mocking Comet API Pulse...
[2025-12-27 04:01:47] Mocking Comet API Pulse...
[2025-12-27 04:02:35] Mocking Comet API Pulse...
[2025-12-27 04:02:47] Mocking Comet API Pulse...
[2025-12-27 04:03:35] Mocking Comet API Pulse...
[2025-12-27 04:03:47] Mocking Comet API Pulse...
[2025-12-27 04:04:35] Mocking Comet API Pulse...
[2025-12-27 04:04:48] Mocking Comet API Pulse...
[2025-12-27 04:05:35] Mocking Comet API Pulse...
[2025-12-27 04:05:48] Mocking Comet API Pulse...
[2025-12-27 04:06:36] Mocking Comet API Pulse...
[2025-12-27 04:06:48] Mocking Comet API Pulse...
[2025-12-27 04:07:36] Mocking Comet API Pulse...
[2025-12-27 04:07:48] Mocking Comet API Pulse...
[2025-12-27 04:08:36] Mocking Comet API Pulse...
[2025-12-27 04:08:48] Mocking Comet API Pulse...
[2025-12-27 04:09:36] Mocking Comet API Pulse...
[2025-12-27 04:09:48] Mocking Comet API Pulse...
[2025-12-27 04:10:37] Mocking Comet API Pulse...
[2025-12-27 04:10:48] Mocking Comet API Pulse...
[2025-12-27 04:11:37] Mocking Comet API Pulse...
[2025-12-27 04:11:48] Mocking Comet API Pulse...
[2025-12-27 04:12:37] Mocking Comet API Pulse...
[2025-12-27 04:12:49] Mocking Comet API Pulse...
[2025-12-27 04:13:37] Mocking Comet API Pulse...
[2025-12-27 04:13:49] Mocking Comet API Pulse...
[2025-12-27 04:14:37] Mocking Comet API Pulse...
[2025-12-27 04:14:49] Mocking Comet API Pulse...
[2025-12-27 04:15:37] Mocking Comet API Pulse...
[2025-12-27 04:15:49] Mocking Comet API Pulse...
[2025-12-27 04:16:38] Mocking Comet API Pulse...
[2025-12-27 04:16:49] Mocking Comet API Pulse...
[2025-12-27 04:17:38] Mocking Comet API Pulse...
[2025-12-27 04:17:49] Mocking Comet API Pulse...
[2025-12-27 04:18:38] Mocking Comet API Pulse...
[2025-12-27 04:18:49] Mocking Comet API Pulse...
[2025-12-27 04:19:38] Mocking Comet API Pulse...
[2025-12-27 04:19:51] Mocking Comet API Pulse...
[2025-12-27 04:20:38] Mocking Comet API Pulse...
[2025-12-27 04:20:51] Mocking Comet API Pulse...
[2025-12-27 04:21:39] Mocking Comet API Pulse...
[2025-12-27 04:21:51] Mocking Comet API Pulse...
[2025-12-27 04:22:39] Mocking Comet API Pulse...
[2025-12-27 04:22:51] Mocking Comet API Pulse...
[2025-12-27 04:23:39] Mocking Comet API Pulse...
[2025-12-27 04:23:51] Mocking Comet API Pulse...
[2025-12-27 04:24:39] Mocking Comet API Pulse...
[2025-12-27 04:24:51] Mocking Comet API Pulse...
[2025-12-27 04:25:39] Mocking Comet API Pulse...
[2025-12-27 04:25:52] Mocking Comet API Pulse...
[2025-12-27 04:26:39] Mocking Comet API Pulse...
[2025-12-27 04:26:52] Mocking Comet API Pulse...
[2025-12-27 04:27:39] Mocking Comet API Pulse...
[2025-12-27 04:27:52] Mocking Comet API Pulse...
[2025-12-27 04:28:40] Mocking Comet API Pulse...
[2025-12-27 04:28:52] Mocking Comet API Pulse...
[2025-12-27 04:29:40] Mocking Comet API Pulse...
[2025-12-27 04:29:52] Mocking Comet API Pulse...
[2025-12-27 04:30:40] Mocking Comet API Pulse...
[2025-12-27 04:30:53] Mocking Comet API Pulse...
[2025-12-27 04:31:40] Mocking Comet API Pulse...
[2025-12-27 04:31:53] Mocking Comet API Pulse...
[2025-12-27 04:32:40] Mocking Comet API Pulse...
[2025-12-27 04:32:53] Mocking Comet API Pulse...
[2025-12-27 04:33:40] Mocking Comet API Pulse...
[2025-12-27 04:33:53] Mocking Comet API Pulse...
[2025-12-27 04:34:40] Mocking Comet API Pulse...
[2025-12-27 04:34:53] Mocking Comet API Pulse...
[2025-12-27 04:35:40] Mocking Comet API Pulse...
[2025-12-27 04:35:53] Mocking Comet API Pulse...
[2025-12-27 04:36:41] Mocking Comet API Pulse...
[2025-12-27 04:36:54] Mocking Comet API Pulse...
[2025-12-27 04:37:41] Mocking Comet API Pulse...
[2025-12-27 04:37:54] Mocking Comet API Pulse...
[2025-12-27 04:38:41] Mocking Comet API Pulse...
[2025-12-27 04:38:54] Mocking Comet API Pulse...
[2025-12-27 04:39:41] Mocking Comet API Pulse...
[2025-12-27 04:39:54] Mocking Comet API Pulse...
[2025-12-27 04:40:41] Mocking Comet API Pulse...
[2025-12-27 04:40:54] Mocking Comet API Pulse...
[2025-12-27 04:41:41] Mocking Comet API Pulse...
[2025-12-27 04:41:54] Mocking Comet API Pulse...
[2025-12-27 04:42:41] Mocking Comet API Pulse...
[2025-12-27 04:42:54] Mocking Comet API Pulse...
[2025-12-27 04:43:41] Mocking Comet API Pulse...

[2025-12-26 21:06:46] Mocking Comet API Pulse...
[2025-12-26 21:07:46] Mocking Comet API Pulse...
[2025-12-26 21:08:46] Mocking Comet API Pulse...
[2025-12-26 21:09:46] Mocking Comet API Pulse...
[2025-12-26 21:10:46] Mocking Comet API Pulse...
[2025-12-26 21:11:46] Mocking Comet API Pulse...
[2025-12-26 21:12:46] Mocking Comet API Pulse...
[2025-12-26 21:13:46] Mocking Comet API Pulse...
[2025-12-26 21:14:46] Mocking Comet API Pulse...
[2025-12-26 21:15:46] Mocking Comet API Pulse...
[2025-12-26 21:16:46] Mocking Comet API Pulse...
[2025-12-26 21:17:46] Mocking Comet API Pulse...
[2025-12-26 21:18:46] Mocking Comet API Pulse...
[2025-12-26 21:19:46] Mocking Comet API Pulse...
[2025-12-26 21:20:46] Mocking Comet API Pulse...
[2025-12-26 21:21:46] Mocking Comet API Pulse...
[2025-12-26 21:22:46] Mocking Comet API Pulse...
[2025-12-26 21:23:46] Mocking Comet API Pulse...
[2025-12-26 21:25:08] Mocking Comet API Pulse...
[2025-12-26 21:44:00] Mocking Comet API Pulse...
[2025-12-26 21:45:36] Mocking Comet API Pulse...
[2025-12-26 21:48:58] Mocking Comet API Pulse...
[2025-12-26 21:53:42] Mocking Comet API Pulse...
[2025-12-26 22:10:24] Mocking Comet API Pulse...
[2025-12-26 22:11:24] Mocking Comet API Pulse...
[2025-12-26 22:28:05] Mocking Comet API Pulse...
[2025-12-26 22:29:06] Mocking Comet API Pulse...
[2025-12-26 22:31:16] Mocking Comet API Pulse...
[2025-12-26 22:33:46] Mocking Comet API Pulse...
[2025-12-26 22:34:46] Mocking Comet API Pulse...
[2025-12-26 22:37:02] Mocking Comet API Pulse...
[2025-12-26 22:39:53] Mocking Comet API Pulse...
[2025-12-26 22:42:08] Mocking Comet API Pulse...
[2025-12-26 22:43:26] Mocking Comet API Pulse...
[2025-12-26 22:46:22] Mocking Comet API Pulse...
[2025-12-26 22:47:29] Mocking Comet API Pulse...
[2025-12-26 22:51:00] Mocking Comet API Pulse...
[2025-12-26 22:52:01] Mocking Comet API Pulse...
[2025-12-26 22:53:01] Mocking Comet API Pulse...
[2025-12-26 22:54:01] Mocking Comet API Pulse...
[2025-12-26 22:55:01] Mocking Comet API Pulse...
[2025-12-26 22:56:01] Mocking Comet API Pulse...
[2025-12-26 23:13:44] Mocking Comet API Pulse...
[2025-12-26 23:14:44] Mocking Comet API Pulse...
[2025-12-26 23:15:44] Mocking Comet API Pulse...
[2025-12-26 23:16:44] Mocking Comet API Pulse...
[2025-12-26 23:17:44] Mocking Comet API Pulse...
[2025-12-26 23:18:44] Mocking Comet API Pulse...
[2025-12-26 23:25:34] Mocking Comet API Pulse...
[2025-12-26 23:26:34] Mocking Comet API Pulse...
[2025-12-26 23:27:34] Mocking Comet API Pulse...
[2025-12-26 23:28:34] Mocking Comet API Pulse...
[2025-12-26 23:29:34] Mocking Comet API Pulse...
[2025-12-26 23:48:10] Mocking Comet API Pulse...
[2025-12-26 23:49:10] Mocking Comet API Pulse...
[2025-12-26 23:50:10] Mocking Comet API Pulse...
[2025-12-26 23:51:10] Mocking Comet API Pulse...
[2025-12-26 23:52:10] Mocking Comet API Pulse...
[2025-12-26 23:53:10] Mocking Comet API Pulse...
[2025-12-26 23:54:10] Mocking Comet API Pulse...
[2025-12-27 00:11:54] Mocking Comet API Pulse...
[2025-12-27 00:26:15] Mocking Comet API Pulse...
[2025-12-27 00:28:58] Mocking Comet API Pulse...
[2025-12-27 00:46:01] Mocking Comet API Pulse...
[2025-12-27 00:50:30] Mocking Comet API Pulse...
[2025-12-27 00:55:00] Mocking Comet API Pulse...
[2025-12-27 00:56:19] Mocking Comet API Pulse...
[2025-12-27 00:57:21] Mocking Comet API Pulse...
[2025-12-27 00:58:21] Mocking Comet API Pulse...
[2025-12-27 01:01:26] Mocking Comet API Pulse...
[2025-12-27 01:07:09] Mocking Comet API Pulse...
[2025-12-27 01:14:37] Mocking Comet API Pulse...
[2025-12-27 01:21:39] Mocking Comet API Pulse...
[2025-12-27 01:22:40] Mocking Comet API Pulse...
[2025-12-27 01:27:29] Mocking Comet API Pulse...
[2025-12-27 01:43:36] Mocking Comet API Pulse...
[2025-12-27 02:27:47] Mocking Comet API Pulse...
[2025-12-27 02:44:59] Mocking Comet API Pulse...
[2025-12-27 02:46:00] Mocking Comet API Pulse...
[2025-12-27 03:10:56] Mocking Comet API Pulse...
[2025-12-27 03:14:25] Mocking Comet API Pulse...
[2025-12-27 03:16:04] Mocking Comet API Pulse...
[2025-12-27 03:17:04] Mocking Comet API Pulse...
[2025-12-27 03:19:47] Mocking Comet API Pulse...
[2025-12-27 03:20:47] Mocking Comet API Pulse...
[2025-12-27 03:21:47] Mocking Comet API Pulse...
[2025-12-27 03:22:47] Mocking Comet API Pulse...
[2025-12-27 03:23:47] Mocking Comet API Pulse...
[2025-12-27 03:24:47] Mocking Comet API Pulse...
[2025-12-27 03:25:47] Mocking Comet API Pulse...
[2025-12-27 03:26:47] Mocking Comet API Pulse...
[2025-12-27 03:27:47] Mocking Comet API Pulse...
[2025-12-27 03:28:47] Mocking Comet API Pulse...
[2025-12-27 03:29:47] Mocking Comet API Pulse...
[2025-12-27 03:30:47] Mocking Comet API Pulse...
[2025-12-27 03:31:47] Mocking Comet API Pulse...
[2025-12-27 03:32:47] Mocking Comet API Pulse...
[2025-12-27 03:33:47] Mocking Comet API Pulse...
[2025-12-27 03:34:47] Mocking Comet API Pulse...
[2025-12-27 03:35:47] Mocking Comet API Pulse...
[2025-12-27 03:36:47] Mocking Comet API Pulse...
[2025-12-27 03:37:47] Mocking Comet API Pulse...
[2025-12-27 03:38:47] Mocking Comet API Pulse...
[2025-12-27 03:39:47] Mocking Comet API Pulse...
[2025-12-27 03:40:47] Mocking Comet API Pulse...
[2025-12-27 03:41:47] Mocking Comet API Pulse...
[2025-12-27 03:42:47] Mocking Comet API Pulse...
[2025-12-27 03:43:47] Mocking Comet API Pulse...
[2025-12-27 03:44:47] Mocking Comet API Pulse...
[2025-12-27 03:45:47] Mocking Comet API Pulse...
[2025-12-27 03:46:47] Mocking Comet API Pulse...
[2025-12-27 03:47:47] Mocking Comet API Pulse...
[2025-12-27 03:48:47] Mocking Comet API Pulse...
[2025-12-27 03:49:47] Mocking Comet API Pulse...
[2025-12-27 03:50:47] Mocking Comet API Pulse...
[2025-12-27 03:51:47] Mocking Comet API Pulse...
[2025-12-27 03:52:47] Mocking Comet API Pulse...
[2025-12-27 03:53:47] Mocking Comet API Pulse...
[2025-12-27 03:54:47] Mocking Comet API Pulse...
[2025-12-27 03:55:47] Mocking Comet API Pulse...
[2025-12-27 03:56:47] Mocking Comet API Pulse...
[2025-12-27 03:57:47] Mocking Comet API Pulse...
[2025-12-27 03:58:47] Mocking Comet API Pulse...
[2025-12-27 03:59:47] Mocking Comet API Pulse...
[2025-12-27 04:00:47] Mocking Comet API Pulse...
[2025-12-27 04:01:47] Mocking Comet API Pulse...
[2025-12-27 04:02:47] Mocking Comet API Pulse...
[2025-12-27 04:03:47] Mocking Comet API Pulse...
[2025-12-27 04:04:48] Mocking Comet API Pulse...
[2025-12-27 04:05:48] Mocking Comet API Pulse...
[2025-12-27 04:06:48] Mocking Comet API Pulse...
[2025-12-27 04:07:48] Mocking Comet API Pulse...
[2025-12-27 04:08:48] Mocking Comet API Pulse...
[2025-12-27 04:09:48] Mocking Comet API Pulse...
[2025-12-27 04:10:48] Mocking Comet API Pulse...
[2025-12-27 04:11:48] Mocking Comet API Pulse...
[2025-12-27 04:12:49] Mocking Comet API Pulse...
[2025-12-27 04:13:49] Mocking Comet API Pulse...
[2025-12-27 04:14:49] Mocking Comet API Pulse...
[2025-12-27 04:15:49] Mocking Comet API Pulse...
[2025-12-27 04:16:49] Mocking Comet API Pulse...
[2025-12-27 04:17:49] Mocking Comet API Pulse...
[2025-12-27 04:18:49] Mocking Comet API Pulse...
[2025-12-27 04:19:51] Mocking Comet API Pulse...
[2025-12-27 04:20:51] Mocking Comet API Pulse...
[2025-12-27 04:21:51] Mocking Comet API Pulse...
[2025-12-27 04:22:51] Mocking Comet API Pulse...
[2025-12-27 04:23:51] Mocking Comet API Pulse...
[2025-12-27 04:24:51] Mocking Comet API Pulse...
[2025-12-27 04:25:52] Mocking Comet API Pulse...
[2025-12-27 04:26:52] Mocking Comet API Pulse...
[2025-12-27 04:27:52] Mocking Comet API Pulse...
[2025-12-27 04:28:52] Mocking Comet API Pulse...
[2025-12-27 04:29:52] Mocking Comet API Pulse...
[2025-12-27 04:30:53] Mocking Comet API Pulse...
[2025-12-27 04:31:53] Mocking Comet API Pulse...
[2025-12-27 04:32:53] Mocking Comet API Pulse...
[2025-12-27 04:33:53] Mocking Comet API Pulse...
[2025-12-27 04:34:53] Mocking Comet API Pulse...
[2025-12-27 04:35:53] Mocking Comet API Pulse...
[2025-12-27 04:36:54] Mocking Comet API Pulse...
[2025-12-27 04:37:54] Mocking Comet API Pulse...
[2025-12-27 04:38:54] Mocking Comet API Pulse...
[2025-12-27 04:39:54] Mocking Comet API Pulse...
[2025-12-27 04:40:54] Mocking Comet API Pulse...
[2025-12-27 04:41:54] Mocking Comet API Pulse...
[2025-12-27 04:42:54] Mocking Comet API Pulse...
[2025-12-27 04:43:54] Mocking Comet API Pulse...[2025-12-27 04:43:54] Mocking Comet API Pulse...
[2025-12-27 04:44:41] Mocking Comet API Pulse...
[2025-12-27 04:44:54] Mocking Comet API Pulse...
[2025-12-27 04:45:41] Mocking Comet API Pulse...
[2025-12-27 04:45:54] Mocking Comet API Pulse...
[2025-12-27 04:46:41] Mocking Comet API Pulse...
[2025-12-27 04:46:54] Mocking Comet API Pulse...
[2025-12-27 04:47:41] Mocking Comet API Pulse...
[2025-12-27 04:47:54] Mocking Comet API Pulse...
[2025-12-27 04:48:41] Mocking Comet API Pulse...
[2025-12-27 04:48:54] Mocking Comet API Pulse...
[2025-12-27 04:49:41] Mocking Comet API Pulse...
[2025-12-27 04:49:54] Mocking Comet API Pulse...
[2025-12-27 04:50:42] Mocking Comet API Pulse...
[2025-12-27 04:50:55] Mocking Comet API Pulse...
[2025-12-27 04:51:42] Mocking Comet API Pulse...
[2025-12-27 04:51:55] Mocking Comet API Pulse...
[2025-12-27 04:52:42] Mocking Comet API Pulse...
[2025-12-27 04:52:55] Mocking Comet API Pulse...
[2025-12-27 04:53:42] Mocking Comet API Pulse...
[2025-12-27 04:53:55] Mocking Comet API Pulse...
[2025-12-27 04:54:42] Mocking Comet API Pulse...
[2025-12-27 04:54:56] Mocking Comet API Pulse...
[2025-12-27 04:55:43] Mocking Comet API Pulse...
[2025-12-27 04:55:56] Mocking Comet API Pulse...
[2025-12-27 04:56:43] Mocking Comet API Pulse...
[2025-12-27 04:56:57] Mocking Comet API Pulse...
[2025-12-27 04:57:43] Mocking Comet API Pulse...
[2025-12-27 04:57:58] Mocking Comet API Pulse...
[2025-12-27 04:58:43] Mocking Comet API Pulse...
[2025-12-27 04:58:58] Mocking Comet API Pulse...
[2025-12-27 04:59:44] Mocking Comet API Pulse...
[2025-12-27 04:59:58] Mocking Comet API Pulse...
[2025-12-27 05:00:44] Mocking Comet API Pulse...
[2025-12-27 05:00:59] Mocking Comet API Pulse...
[2025-12-27 05:01:44] Mocking Comet API Pulse...
[2025-12-27 05:01:59] Mocking Comet API Pulse...
[2025-12-27 05:02:44] Mocking Comet API Pulse...
[2025-12-27 05:03:00] Mocking Comet API Pulse...
[2025-12-27 05:03:45] Mocking Comet API Pulse...
[2025-12-27 05:04:00] Mocking Comet API Pulse...
[2025-12-27 05:04:45] Mocking Comet API Pulse...
[2025-12-27 05:05:01] Mocking Comet API Pulse...
[2025-12-27 05:05:45] Mocking Comet API Pulse...
[2025-12-27 05:06:01] Mocking Comet API Pulse...
[2025-12-27 05:06:46] Mocking Comet API Pulse...
[2025-12-27 05:07:02] Mocking Comet API Pulse...
[2025-12-27 05:07:46] Mocking Comet API Pulse...
[2025-12-27 05:08:02] Mocking Comet API Pulse...
[2025-12-27 05:08:46] Mocking Comet API Pulse...
[2025-12-27 05:09:02] Mocking Comet API Pulse...
[2025-12-27 05:09:46] Mocking Comet API Pulse...
[2025-12-27 05:10:02] Mocking Comet API Pulse...
[2025-12-27 05:10:46] Mocking Comet API Pulse...
[2025-12-27 05:11:03] Mocking Comet API Pulse...
[2025-12-27 05:11:47] Mocking Comet API Pulse...
[2025-12-27 05:12:03] Mocking Comet API Pulse...
[2025-12-27 05:12:47] Mocking Comet API Pulse...
[2025-12-27 05:13:03] Mocking Comet API Pulse...
[2025-12-27 05:13:47] Mocking Comet API Pulse...
[2025-12-27 05:14:03] Mocking Comet API Pulse...
[2025-12-27 05:14:47] Mocking Comet API Pulse...
[2025-12-27 05:15:03] Mocking Comet API Pulse...
[2025-12-27 05:15:48] Mocking Comet API Pulse...
[2025-12-27 05:16:03] Mocking Comet API Pulse...
[2025-12-27 05:16:48] Mocking Comet API Pulse...
[2025-12-27 05:17:03] Mocking Comet API Pulse...
[2025-12-27 05:17:48] Mocking Comet API Pulse...
[2025-12-27 05:18:03] Mocking Comet API Pulse...
[2025-12-27 05:18:48] Mocking Comet API Pulse...
[2025-12-27 05:19:03] Mocking Comet API Pulse...
[2025-12-27 05:19:48] Mocking Comet API Pulse...
[2025-12-27 05:20:03] Mocking Comet API Pulse...
[2025-12-27 05:20:48] Mocking Comet API Pulse...
[2025-12-27 05:21:03] Mocking Comet API Pulse...
[2025-12-27 05:21:48] Mocking Comet API Pulse...
[2025-12-27 05:22:03] Mocking Comet API Pulse...
[2025-12-27 05:22:48] Mocking Comet API Pulse...
[2025-12-27 05:23:04] Mocking Comet API Pulse...
[2025-12-27 05:23:49] Mocking Comet API Pulse...
[2025-12-27 05:24:04] Mocking Comet API Pulse...
[2025-12-27 05:24:49] Mocking Comet API Pulse...
[2025-12-27 05:25:04] Mocking Comet API Pulse...
[2025-12-27 05:25:49] Mocking Comet API Pulse...
[2025-12-27 05:26:05] Mocking Comet API Pulse...
[2025-12-27 05:26:49] Mocking Comet API Pulse...
[2025-12-27 05:27:05] Mocking Comet API Pulse...
[2025-12-27 05:27:49] Mocking Comet API Pulse...
[2025-12-27 05:28:05] Mocking Comet API Pulse...
[2025-12-27 05:28:50] Mocking Comet API Pulse...
[2025-12-27 05:29:05] Mocking Comet API Pulse...
[2025-12-27 05:29:50] Mocking Comet API Pulse...
[2025-12-27 05:30:05] Mocking Comet API Pulse...
[2025-12-27 05:30:50] Mocking Comet API Pulse...
[2025-12-27 05:31:05] Mocking Comet API Pulse...
[2025-12-27 05:31:50] Mocking Comet API Pulse...
[2025-12-27 05:32:06] Mocking Comet API Pulse...
[2025-12-27 05:32:51] Mocking Comet API Pulse...
[2025-12-27 05:33:06] Mocking Comet API Pulse...
[2025-12-27 05:33:51] Mocking Comet API Pulse...
[2025-12-27 05:34:06] Mocking Comet API Pulse...
[2025-12-27 05:34:52] Mocking Comet API Pulse...
[2025-12-27 05:35:06] Mocking Comet API Pulse...
[2025-12-27 05:35:52] Mocking Comet API Pulse...
[2025-12-27 05:36:06] Mocking Comet API Pulse...
[2025-12-27 05:36:52] Mocking Comet API Pulse...
[2025-12-27 05:37:06] Mocking Comet API Pulse...
[2025-12-27 05:37:52] Mocking Comet API Pulse...
[2025-12-27 05:38:07] Mocking Comet API Pulse...
[2025-12-27 05:38:52] Mocking Comet API Pulse...
[2025-12-27 05:39:07] Mocking Comet API Pulse...
[2025-12-27 05:39:53] Mocking Comet API Pulse...
[2025-12-27 05:40:07] Mocking Comet API Pulse...
[2025-12-27 05:40:53] Mocking Comet API Pulse...
[2025-12-27 05:41:07] Mocking Comet API Pulse...
[2025-12-27 05:41:53] Mocking Comet API Pulse...
[2025-12-27 05:42:08] Mocking Comet API Pulse...
[2025-12-27 05:42:54] Mocking Comet API Pulse...
[2025-12-27 05:43:08] Mocking Comet API Pulse...
[2025-12-27 05:43:54] Mocking Comet API Pulse...
[2025-12-27 05:44:08] Mocking Comet API Pulse...
[2025-12-27 05:44:54] Mocking Comet API Pulse...
[2025-12-27 05:45:08] Mocking Comet API Pulse...
[2025-12-27 05:45:54] Mocking Comet API Pulse...
[2025-12-27 05:46:08] Mocking Comet API Pulse...
[2025-12-27 05:46:55] Mocking Comet API Pulse...
[2025-12-27 05:47:09] Mocking Comet API Pulse...
[2025-12-27 05:47:55] Mocking Comet API Pulse...
[2025-12-27 05:48:09] Mocking Comet API Pulse...
[2025-12-27 05:48:55] Mocking Comet API Pulse...
[2025-12-27 05:49:09] Mocking Comet API Pulse...
[2025-12-27 05:49:55] Mocking Comet API Pulse...
[2025-12-27 05:50:09] Mocking Comet API Pulse...
[2025-12-27 05:50:58] Mocking Comet API Pulse...
[2025-12-27 05:51:09] Mocking Comet API Pulse...
[2025-12-27 05:51:58] Mocking Comet API Pulse...
[2025-12-27 05:52:09] Mocking Comet API Pulse...
[2025-12-27 05:52:59] Mocking Comet API Pulse...
[2025-12-27 05:53:09] Mocking Comet API Pulse...
[2025-12-27 05:53:59] Mocking Comet API Pulse...
[2025-12-27 05:54:09] Mocking Comet API Pulse...
[2025-12-27 05:55:00] Mocking Comet API Pulse...
[2025-12-27 05:55:10] Mocking Comet API Pulse...
[2025-12-27 05:56:01] Mocking Comet API Pulse...
[2025-12-27 05:56:11] Mocking Comet API Pulse...
[2025-12-27 05:57:02] Mocking Comet API Pulse...
[2025-12-27 05:57:11] Mocking Comet API Pulse...
[2025-12-27 05:58:02] Mocking Comet API Pulse...
[2025-12-27 05:58:11] Mocking Comet API Pulse...
[2025-12-27 05:59:02] Mocking Comet API Pulse...
[2025-12-27 05:59:13] Mocking Comet API Pulse...
[2025-12-27 06:00:03] Mocking Comet API Pulse...
[2025-12-27 06:00:14] Mocking Comet API Pulse...
[2025-12-27 06:01:03] Mocking Comet API Pulse...
[2025-12-27 06:01:14] Mocking Comet API Pulse...
[2025-12-27 06:02:03] Mocking Comet API Pulse...
[2025-12-27 06:02:14] Mocking Comet API Pulse...
[2025-12-27 06:03:03] Mocking Comet API Pulse...
[2025-12-27 06:03:17] Mocking Comet API Pulse...
[2025-12-27 06:04:03] Mocking Comet API Pulse...
[2025-12-27 06:04:17] Mocking Comet API Pulse...
[2025-12-27 06:05:04] Mocking Comet API Pulse...
[2025-12-27 06:05:17] Mocking Comet API Pulse...
[2025-12-27 06:06:04] Mocking Comet API Pulse...
[2025-12-27 06:06:18] Mocking Comet API Pulse...
[2025-12-27 06:07:04] Mocking Comet API Pulse...
[2025-12-27 06:07:18] Mocking Comet API Pulse...
[2025-12-27 06:08:04] Mocking Comet API Pulse...
[2025-12-27 06:08:18] Mocking Comet API Pulse...
[2025-12-27 06:09:04] Mocking Comet API Pulse...
[2025-12-27 06:09:18] Mocking Comet API Pulse...
[2025-12-27 06:10:04] Mocking Comet API Pulse...
[2025-12-27 06:10:18] Mocking Comet API Pulse...
[2025-12-27 06:11:05] Mocking Comet API Pulse...
[2025-12-27 06:11:18] Mocking Comet API Pulse...
[2025-12-27 06:12:05] Mocking Comet API Pulse...
[2025-12-27 06:12:19] Mocking Comet API Pulse...
[2025-12-27 06:13:05] Mocking Comet API Pulse...
[2025-12-27 06:13:19] Mocking Comet API Pulse...
[2025-12-27 06:14:05] Mocking Comet API Pulse...
[2025-12-27 06:14:19] Mocking Comet API Pulse...
[2025-12-27 06:15:05] Mocking Comet API Pulse...
[2025-12-27 06:15:19] Mocking Comet API Pulse...
[2025-12-27 06:16:05] Mocking Comet API Pulse...
[2025-12-27 06:16:19] Mocking Comet API Pulse...
[2025-12-27 06:17:06] Mocking Comet API Pulse...
[2025-12-27 06:17:19] Mocking Comet API Pulse...
[2025-12-27 06:18:06] Mocking Comet API Pulse...
[2025-12-27 06:18:19] Mocking Comet API Pulse...
[2025-12-27 06:19:12] Mocking Comet API Pulse...
[2025-12-27 06:19:20] Mocking Comet API Pulse...
[2025-12-27 06:20:12] Mocking Comet API Pulse...
[2025-12-27 06:20:20] Mocking Comet API Pulse...
[2025-12-27 06:21:12] Mocking Comet API Pulse...
[2025-12-27 06:21:20] Mocking Comet API Pulse...
[2025-12-27 06:22:12] Mocking Comet API Pulse...
[2025-12-27 06:22:20] Mocking Comet API Pulse...
[2025-12-27 06:23:12] Mocking Comet API Pulse...
[2025-12-27 06:23:20] Mocking Comet API Pulse...
[2025-12-27 06:24:12] Mocking Comet API Pulse...
[2025-12-27 06:24:20] Mocking Comet API Pulse...
[2025-12-27 06:25:13] Mocking Comet API Pulse...
[2025-12-27 06:25:20] Mocking Comet API Pulse...
[2025-12-27 06:26:13] Mocking Comet API Pulse...
[2025-12-27 06:26:20] Mocking Comet API Pulse...
[2025-12-27 06:27:13] Mocking Comet API Pulse...
[2025-12-27 06:27:20] Mocking Comet API Pulse...
[2025-12-27 06:28:13] Mocking Comet API Pulse...
[2025-12-27 06:28:20] Mocking Comet API Pulse...
[2025-12-27 06:29:13] Mocking Comet API Pulse...
[2025-12-27 06:29:21] Mocking Comet API Pulse...
[2025-12-27 06:30:13] Mocking Comet API Pulse...
[2025-12-27 06:30:21] Mocking Comet API Pulse...
[2025-12-27 06:31:14] Mocking Comet API Pulse...
[2025-12-27 06:31:23] Mocking Comet API Pulse...
[2025-12-27 06:32:14] Mocking Comet API Pulse...
[2025-12-27 06:32:23] Mocking Comet API Pulse...
[2025-12-27 06:33:14] Mocking Comet API Pulse...
[2025-12-27 06:33:23] Mocking Comet API Pulse...
[2025-12-27 06:34:14] Mocking Comet API Pulse...
[2025-12-27 06:34:23] Mocking Comet API Pulse...
[2025-12-27 06:35:14] Mocking Comet API Pulse...
[2025-12-27 06:35:23] Mocking Comet API Pulse...
[2025-12-27 06:36:14] Mocking Comet API Pulse...
[2025-12-27 06:36:23] Mocking Comet API Pulse...
[2025-12-27 06:37:15] Mocking Comet API Pulse...
[2025-12-27 06:37:23] Mocking Comet API Pulse...
[2025-12-27 06:38:15] Mocking Comet API Pulse...
[2025-12-27 06:38:23] Mocking Comet API Pulse...
[2025-12-27 06:39:15] Mocking Comet API Pulse...
[2025-12-27 06:39:23] Mocking Comet API Pulse...
[2025-12-27 06:40:15] Mocking Comet API Pulse...
[2025-12-27 06:40:24] Mocking Comet API Pulse...
[2025-12-27 06:41:16] Mocking Comet API Pulse...
[2025-12-27 06:41:24] Mocking Comet API Pulse...
[2025-12-27 06:42:16] Mocking Comet API Pulse...
[2025-12-27 06:42:24] Mocking Comet API Pulse...
[2025-12-27 06:43:16] Mocking Comet API Pulse...
[2025-12-27 06:43:24] Mocking Comet API Pulse...
[2025-12-27 06:44:16] Mocking Comet API Pulse...
[2025-12-27 06:44:24] Mocking Comet API Pulse...
[2025-12-27 06:45:16] Mocking Comet API Pulse...
[2025-12-27 06:45:24] Mocking Comet API Pulse...
[2025-12-27 06:46:16] Mocking Comet API Pulse...
[2025-12-27 06:46:24] Mocking Comet API Pulse...
[2025-12-27 04:00:35] Sync Daemon (CDC) starting...
[2025-12-27 04:00:35] Mocking Comet API Pulse...
[2025-12-27 04:01:35] Mocking Comet API Pulse...
[2025-12-27 04:02:35] Mocking Comet API Pulse...
[2025-12-27 04:03:35] Mocking Comet API Pulse...
[2025-12-27 04:04:35] Mocking Comet API Pulse...
[2025-12-27 04:05:35] Mocking Comet API Pulse...
[2025-12-27 04:06:36] Mocking Comet API Pulse...
[2025-12-27 04:07:36] Mocking Comet API Pulse...
[2025-12-27 04:08:36] Mocking Comet API Pulse...
[2025-12-27 04:09:36] Mocking Comet API Pulse...
[2025-12-27 04:10:37] Mocking Comet API Pulse...
[2025-12-27 04:11:37] Mocking Comet API Pulse...
[2025-12-27 04:12:37] Mocking Comet API Pulse...
[2025-12-27 04:13:37] Mocking Comet API Pulse...
[2025-12-27 04:14:37] Mocking Comet API Pulse...
[2025-12-27 04:15:37] Mocking Comet API Pulse...
[2025-12-27 04:16:38] Mocking Comet API Pulse...
[2025-12-27 04:17:38] Mocking Comet API Pulse...
[2025-12-27 04:18:38] Mocking Comet API Pulse...
[2025-12-27 04:19:38] Mocking Comet API Pulse...
[2025-12-27 04:20:38] Mocking Comet API Pulse...
[2025-12-27 04:21:39] Mocking Comet API Pulse...
[2025-12-27 04:22:39] Mocking Comet API Pulse...
[2025-12-27 04:23:39] Mocking Comet API Pulse...
[2025-12-27 04:24:39] Mocking Comet API Pulse...
[2025-12-27 04:25:39] Mocking Comet API Pulse...
[2025-12-27 04:26:39] Mocking Comet API Pulse...
[2025-12-27 04:27:39] Mocking Comet API Pulse...
[2025-12-27 04:28:40] Mocking Comet API Pulse...
[2025-12-27 04:29:40] Mocking Comet API Pulse...
[2025-12-27 04:30:40] Mocking Comet API Pulse...
[2025-12-27 04:31:40] Mocking Comet API Pulse...
[2025-12-27 04:32:40] Mocking Comet API Pulse...
[2025-12-27 04:33:40] Mocking Comet API Pulse...
[2025-12-27 04:34:40] Mocking Comet API Pulse...
[2025-12-27 04:35:40] Mocking Comet API Pulse...
[2025-12-27 04:36:41] Mocking Comet API Pulse...
[2025-12-27 04:37:41] Mocking Comet API Pulse...
[2025-12-27 04:38:41] Mocking Comet API Pulse...
[2025-12-27 04:39:41] Mocking Comet API Pulse...
[2025-12-27 04:40:41] Mocking Comet API Pulse...
[2025-12-27 04:41:41] Mocking Comet API Pulse...
[2025-12-27 04:42:41] Mocking Comet API Pulse...
[2025-12-27 04:43:41] Mocking Comet API Pulse...
[2025-12-27 04:44:41] Mocking Comet API Pulse...
[2025-12-27 04:45:41] Mocking Comet API Pulse...
[2025-12-27 04:46:41] Mocking Comet API Pulse...
[2025-12-27 04:47:41] Mocking Comet API Pulse...
[2025-12-27 04:48:41] Mocking Comet API Pulse...
[2025-12-27 04:49:41] Mocking Comet API Pulse...
[2025-12-27 04:50:42] Mocking Comet API Pulse...
[2025-12-27 04:51:42] Mocking Comet API Pulse...
[2025-12-27 04:52:42] Mocking Comet API Pulse...
[2025-12-27 04:53:42] Mocking Comet API Pulse...
[2025-12-27 04:54:42] Mocking Comet API Pulse...
[2025-12-27 04:55:43] Mocking Comet API Pulse...
[2025-12-27 04:56:43] Mocking Comet API Pulse...
[2025-12-27 04:57:43] Mocking Comet API Pulse...
[2025-12-27 04:58:43] Mocking Comet API Pulse...
[2025-12-27 04:59:44] Mocking Comet API Pulse...
[2025-12-27 05:00:44] Mocking Comet API Pulse...
[2025-12-27 05:01:44] Mocking Comet API Pulse...
[2025-12-27 05:02:44] Mocking Comet API Pulse...
[2025-12-27 05:03:45] Mocking Comet API Pulse...
[2025-12-27 05:04:45] Mocking Comet API Pulse...
[2025-12-27 05:05:45] Mocking Comet API Pulse...
[2025-12-27 05:06:46] Mocking Comet API Pulse...
[2025-12-27 05:07:46] Mocking Comet API Pulse...
[2025-12-27 05:08:46] Mocking Comet API Pulse...
[2025-12-27 05:09:46] Mocking Comet API Pulse...
[2025-12-27 05:10:46] Mocking Comet API Pulse...
[2025-12-27 05:11:47] Mocking Comet API Pulse...
[2025-12-27 05:12:47] Mocking Comet API Pulse...
[2025-12-27 05:13:47] Mocking Comet API Pulse...
[2025-12-27 05:14:47] Mocking Comet API Pulse...
[2025-12-27 05:15:48] Mocking Comet API Pulse...
[2025-12-27 05:16:48] Mocking Comet API Pulse...
[2025-12-27 05:17:48] Mocking Comet API Pulse...
[2025-12-27 05:18:48] Mocking Comet API Pulse...
[2025-12-27 05:19:48] Mocking Comet API Pulse...
[2025-12-27 05:20:48] Mocking Comet API Pulse...
[2025-12-27 05:21:48] Mocking Comet API Pulse...
[2025-12-27 05:22:48] Mocking Comet API Pulse...
[2025-12-27 05:23:49] Mocking Comet API Pulse...
[2025-12-27 05:24:49] Mocking Comet API Pulse...
[2025-12-27 05:25:49] Mocking Comet API Pulse...
[2025-12-27 05:26:49] Mocking Comet API Pulse...
[2025-12-27 05:27:49] Mocking Comet API Pulse...
[2025-12-27 05:28:50] Mocking Comet API Pulse...
[2025-12-27 05:29:50] Mocking Comet API Pulse...
[2025-12-27 05:30:50] Mocking Comet API Pulse...
[2025-12-27 05:31:50] Mocking Comet API Pulse...
[2025-12-27 05:32:51] Mocking Comet API Pulse...
[2025-12-27 05:33:51] Mocking Comet API Pulse...
[2025-12-27 05:34:52] Mocking Comet API Pulse...
[2025-12-27 05:35:52] Mocking Comet API Pulse...
[2025-12-27 05:36:52] Mocking Comet API Pulse...
[2025-12-27 05:37:52] Mocking Comet API Pulse...
[2025-12-27 05:38:52] Mocking Comet API Pulse...
[2025-12-27 05:39:53] Mocking Comet API Pulse...
[2025-12-27 05:40:53] Mocking Comet API Pulse...
[2025-12-27 05:41:53] Mocking Comet API Pulse...
[2025-12-27 05:42:54] Mocking Comet API Pulse...
[2025-12-27 05:43:54] Mocking Comet API Pulse...
[2025-12-27 05:44:54] Mocking Comet API Pulse...
[2025-12-27 05:45:54] Mocking Comet API Pulse...
[2025-12-27 05:46:55] Mocking Comet API Pulse...
[2025-12-27 05:47:55] Mocking Comet API Pulse...
[2025-12-27 05:48:55] Mocking Comet API Pulse...
[2025-12-27 05:49:55] Mocking Comet API Pulse...
[2025-12-27 05:50:58] Mocking Comet API Pulse...
[2025-12-27 05:51:58] Mocking Comet API Pulse...
[2025-12-27 05:52:59] Mocking Comet API Pulse...
[2025-12-27 05:53:59] Mocking Comet API Pulse...
[2025-12-27 05:55:00] Mocking Comet API Pulse...
[2025-12-27 05:56:01] Mocking Comet API Pulse...
[2025-12-27 05:57:02] Mocking Comet API Pulse...
[2025-12-27 05:58:02] Mocking Comet API Pulse...
[2025-12-27 05:59:02] Mocking Comet API Pulse...
[2025-12-27 06:00:03] Mocking Comet API Pulse...
[2025-12-27 06:01:03] Mocking Comet API Pulse...
[2025-12-27 06:02:03] Mocking Comet API Pulse...
[2025-12-27 06:03:03] Mocking Comet API Pulse...
[2025-12-27 06:04:03] Mocking Comet API Pulse...
[2025-12-27 06:05:04] Mocking Comet API Pulse...
[2025-12-27 06:06:04] Mocking Comet API Pulse...
[2025-12-27 06:07:04] Mocking Comet API Pulse...
[2025-12-27 06:08:04] Mocking Comet API Pulse...
[2025-12-27 06:09:04] Mocking Comet API Pulse...
[2025-12-27 06:10:04] Mocking Comet API Pulse...
[2025-12-27 06:11:05] Mocking Comet API Pulse...
[2025-12-27 06:12:05] Mocking Comet API Pulse...
[2025-12-27 06:13:05] Mocking Comet API Pulse...
[2025-12-27 06:14:05] Mocking Comet API Pulse...
[2025-12-27 06:15:05] Mocking Comet API Pulse...
[2025-12-27 06:16:05] Mocking Comet API Pulse...
[2025-12-27 06:17:06] Mocking Comet API Pulse...
[2025-12-27 06:18:06] Mocking Comet API Pulse...
[2025-12-27 06:19:12] Mocking Comet API Pulse...
[2025-12-27 06:20:12] Mocking Comet API Pulse...
[2025-12-27 06:21:12] Mocking Comet API Pulse...
[2025-12-27 06:22:12] Mocking Comet API Pulse...
[2025-12-27 06:23:12] Mocking Comet API Pulse...
[2025-12-27 06:24:12] Mocking Comet API Pulse...
[2025-12-27 06:25:13] Mocking Comet API Pulse...
[2025-12-27 06:26:13] Mocking Comet API Pulse...
[2025-12-27 06:27:13] Mocking Comet API Pulse...
[2025-12-27 06:28:13] Mocking Comet API Pulse...
[2025-12-27 06:29:13] Mocking Comet API Pulse...
[2025-12-27 06:30:13] Mocking Comet API Pulse...
[2025-12-27 06:31:14] Mocking Comet API Pulse...
[2025-12-27 06:32:14] Mocking Comet API Pulse...
[2025-12-27 06:33:14] Mocking Comet API Pulse...
[2025-12-27 06:34:14] Mocking Comet API Pulse...
[2025-12-27 06:35:14] Mocking Comet API Pulse...
[2025-12-27 06:36:14] Mocking Comet API Pulse...
[2025-12-27 06:37:15] Mocking Comet API Pulse...
[2025-12-27 06:38:15] Mocking Comet API Pulse...
[2025-12-27 06:39:15] Mocking Comet API Pulse...
[2025-12-27 06:40:15] Mocking Comet API Pulse...
[2025-12-27 06:41:16] Mocking Comet API Pulse...
[2025-12-27 06:42:16] Mocking Comet API Pulse...
[2025-12-27 06:43:16] Mocking Comet API Pulse...
[2025-12-27 06:44:16] Mocking Comet API Pulse...
[2025-12-27 06:45:16] Mocking Comet API Pulse...
[2025-12-27 06:46:16] Mocking Comet API Pulse...
[2025-12-27 06:47:17] Mocking Comet API Pulse...[2025-12-27 06:47:17] Mocking Comet API Pulse...
[2025-12-27 06:47:24] Mocking Comet API Pulse...
[2025-12-27 06:48:17] Mocking Comet API Pulse...
[2025-12-27 06:48:24] Mocking Comet API Pulse...
[2025-12-27 06:49:17] Mocking Comet API Pulse...
[2025-12-27 06:49:25] Mocking Comet API Pulse...
[2025-12-27 06:50:17] Mocking Comet API Pulse...
[2025-12-27 06:50:25] Mocking Comet API Pulse...
[2025-12-27 06:51:17] Mocking Comet API Pulse...
[2025-12-27 06:51:25] Mocking Comet API Pulse...
[2025-12-27 06:52:17] Mocking Comet API Pulse...
[2025-12-27 06:52:25] Mocking Comet API Pulse...
[2025-12-27 06:53:17] Mocking Comet API Pulse...
[2025-12-27 06:53:25] Mocking Comet API Pulse...
[2025-12-27 06:54:17] Mocking Comet API Pulse...
[2025-12-27 06:54:25] Mocking Comet API Pulse...
[2025-12-27 06:55:18] Mocking Comet API Pulse...
[2025-12-27 06:55:25] Mocking Comet API Pulse...
[2025-12-27 06:56:18] Mocking Comet API Pulse...
[2025-12-27 06:56:25] Mocking Comet API Pulse...
[2025-12-27 06:57:18] Mocking Comet API Pulse...
[2025-12-27 06:57:25] Mocking Comet API Pulse...
[2025-12-27 06:58:18] Mocking Comet API Pulse...
[2025-12-27 06:58:27] Mocking Comet API Pulse...
[2025-12-27 06:59:18] Mocking Comet API Pulse...
[2025-12-27 06:59:27] Mocking Comet API Pulse...
[2025-12-27 07:00:18] Mocking Comet API Pulse...
[2025-12-27 07:00:27] Mocking Comet API Pulse...
[2025-12-27 07:01:18] Mocking Comet API Pulse...
[2025-12-27 07:01:27] Mocking Comet API Pulse...
[2025-12-27 07:02:18] Mocking Comet API Pulse...
[2025-12-27 07:02:28] Mocking Comet API Pulse...
[2025-12-27 07:03:19] Mocking Comet API Pulse...
[2025-12-27 07:03:29] Mocking Comet API Pulse...
[2025-12-27 07:04:19] Mocking Comet API Pulse...
[2025-12-27 07:04:29] Mocking Comet API Pulse...
[2025-12-27 07:05:19] Mocking Comet API Pulse...
[2025-12-27 07:05:30] Mocking Comet API Pulse...
[2025-12-27 07:06:19] Mocking Comet API Pulse...
[2025-12-27 07:06:30] Mocking Comet API Pulse...
[2025-12-27 07:07:19] Mocking Comet API Pulse...
[2025-12-27 07:07:30] Mocking Comet API Pulse...
[2025-12-27 07:08:19] Mocking Comet API Pulse...
[2025-12-27 07:08:30] Mocking Comet API Pulse...
[2025-12-27 07:09:19] Mocking Comet API Pulse...
[2025-12-27 07:09:31] Mocking Comet API Pulse...
[2025-12-27 07:10:19] Mocking Comet API Pulse...
[2025-12-27 07:10:31] Mocking Comet API Pulse...
[2025-12-27 07:11:21] Mocking Comet API Pulse...
[2025-12-27 07:11:31] Mocking Comet API Pulse...
[2025-12-27 07:12:21] Mocking Comet API Pulse...
[2025-12-27 07:12:31] Mocking Comet API Pulse...
[2025-12-27 07:13:22] Mocking Comet API Pulse...
[2025-12-27 07:13:33] Mocking Comet API Pulse...
[2025-12-27 07:14:22] Mocking Comet API Pulse...
[2025-12-27 07:14:34] Mocking Comet API Pulse...
[2025-12-27 07:15:22] Mocking Comet API Pulse...
[2025-12-27 07:15:34] Mocking Comet API Pulse...
[2025-12-27 07:16:22] Mocking Comet API Pulse...
[2025-12-27 07:16:34] Mocking Comet API Pulse...
