--- FLUSHED SESSION Tue Dec 23 23:41:47 AST 2025 ---
[2025-12-25 23:49:05] 🚀 INITIALIZING AILCC ORCHESTRATOR...
[2025-12-25 23:49:05] ⚡ Initializing context_orchestrator.py...
[2025-12-25 23:49:05] ✅ context_orchestrator.py Initialized.
[2025-12-25 23:49:06] ⚡ Initializing vault_rag.py...
[2025-12-25 23:49:07] ✅ vault_rag.py Initialized.
[2025-12-25 23:49:08] ⚡ Initializing budget_governor.py...
[2025-12-25 23:49:09] ✅ budget_governor.py Initialized.
[2025-12-25 23:49:10] ⚡ Initializing finance_tracker.py...
[2025-12-25 23:49:10] ✅ finance_tracker.py Initialized.
[2025-12-25 23:49:11] ⚡ Initializing convergence_audit.py...
[2025-12-25 23:49:12] ✅ convergence_audit.py Initialized.
[2025-12-25 23:49:13] ⚡ Initializing web_daemon.py...
[2025-12-26 00:10:31] 🚀 INITIALIZING AILCC ORCHESTRATOR...
[2025-12-26 00:10:31] ⚡ Initializing context_orchestrator.py...
[2025-12-26 00:10:31] ✅ context_orchestrator.py Initialized.
[2025-12-26 00:10:32] ⚡ Initializing vault_rag.py...
[2025-12-26 00:10:33] ✅ vault_rag.py Initialized.
[2025-12-26 00:10:34] ⚡ Initializing budget_governor.py...
[2025-12-26 00:10:35] ✅ budget_governor.py Initialized.
[2025-12-26 00:10:36] ⚡ Initializing finance_tracker.py...
[2025-12-26 00:10:36] ✅ finance_tracker.py Initialized.
[2025-12-26 00:10:37] ⚡ Initializing convergence_audit.py...
[2025-12-26 00:10:38] ✅ convergence_audit.py Initialized.
[2025-12-26 00:10:39] ⚡ Initializing web_daemon.py...
[2025-12-26 00:32:47] 🚀 INITIALIZING AILCC ORCHESTRATOR...
[2025-12-26 00:32:47] ⚡ Launching context_orchestrator.py in background...
[2025-12-26 00:32:47] ✅ context_orchestrator.py launched.
[2025-12-26 00:32:48] ⚡ Launching vault_rag.py in background...
[2025-12-26 00:32:48] ✅ vault_rag.py launched.
[2025-12-26 00:32:49] ⚡ Launching budget_governor.py in background...
[2025-12-26 00:32:49] ✅ budget_governor.py launched.
[2025-12-26 00:32:50] ⚡ Launching finance_tracker.py in background...
[2025-12-26 00:32:50] ✅ finance_tracker.py launched.
[2025-12-26 00:32:51] ⚡ Launching convergence_audit.py in background...
[2025-12-26 00:32:51] ✅ convergence_audit.py launched.
[2025-12-26 00:32:52] ⚡ Launching web_daemon.py in background...
[2025-12-26 00:32:53] ✅ web_daemon.py launched.
[2025-12-26 00:32:54] ⚡ Launching nexus_server.py in background...
[2025-12-26 00:32:54] ✅ nexus_server.py launched.
[2025-12-26 00:32:55] ⚖️ Engaging THE JUDGE (Strategic Growth Advisory)...
[2025-12-26 00:32:55] ✅ The Judge launched.
[2025-12-26 00:32:55] 📡 Engaging NEURAL RELAY (Port 3001)...
[2025-12-26 00:32:55] ✅ Neural Relay launched.
[2025-12-26 00:32:55] 🚀 Launching Dashboard (Next.js)...
[2025-12-26 00:32:55]    Dashboard logging to /Users/infinite27/AILCC_PRIME/06_System/Logs/dashboard.log
[2025-12-26 00:32:58] 🖥️ Opening Dashboard & Diagnostics...
[2025-12-26 00:33:13] ✅ SYSTEM LAUNCH COMPLETE (MODE 5: ACTIVE). Monitoring Heartbeat...
[2025-12-26 00:33:13] 🌐 Neural Relay: ONLINE
[2025-12-26 00:33:13] 📊 NEXUS Dashboard: http://localhost:8000
[2025-12-26 00:33:13] 🧠 Singularity Alignment: 100%
[2025-12-26 18:19:16] 🚀 INITIALIZING AILCC ORCHESTRATOR...
[2025-12-26 18:19:16] ⚡ Launching context_orchestrator.py in background...
[2025-12-26 18:19:17] ✅ context_orchestrator.py launched.
[2025-12-26 18:19:18] ⚡ Launching vault_rag.py in background...
[2025-12-26 18:19:18] ✅ vault_rag.py launched.
[2025-12-26 18:19:19] ⚡ Launching budget_governor.py in background...
[2025-12-26 18:19:19] ✅ budget_governor.py launched.
[2025-12-26 18:19:20] ⚡ Launching finance_tracker.py in background...
[2025-12-26 18:19:20] ✅ finance_tracker.py launched.
[2025-12-26 18:19:21] ⚡ Launching convergence_audit.py in background...
[2025-12-26 18:19:21] ✅ convergence_audit.py launched.
[2025-12-26 18:19:22] ⚡ Launching web_daemon.py in background...
[2025-12-26 18:19:22] ✅ web_daemon.py launched.
[2025-12-26 18:19:23] ⚡ Launching nexus_server.py in background...
[2025-12-26 18:19:23] ✅ nexus_server.py launched.
[2025-12-26 18:19:24] ⚡ Launching sync_daemon.py in background...
[2025-12-26 18:19:24] ✅ sync_daemon.py launched.
[2025-12-26 18:19:26] ⚖️ Engaging THE JUDGE (Strategic Growth Advisory)...
[2025-12-26 18:19:26] ⚠️ The Judge is already active. Skipping launch.
[2025-12-26 18:19:26] 📡 Engaging NEURAL RELAY (Port 3001)...
[2025-12-26 18:19:26] ⚠️ Port 3001 active. Relay likely running.
[2025-12-26 18:19:26] ⚠️ Port 3000 in use. Assuming Dashboard is active.
[2025-12-26 18:19:26] 🖥️ Opening Dashboard & Diagnostics...
[2025-12-26 18:19:39] ✅ SYSTEM LAUNCH COMPLETE (MODE 5: ACTIVE). Monitoring Heartbeat...
[2025-12-26 18:19:39] 🌐 Neural Relay: ONLINE
[2025-12-26 18:19:39] 📊 NEXUS Dashboard: http://localhost:8000
[2025-12-26 18:19:39] 🧠 Singularity Alignment: 100%
[2025-12-27 04:00:28] 🚀 INITIALIZING AILCC ORCHESTRATOR...
[2025-12-27 04:00:28] ⚡ Launching context_orchestrator.py in background...
[2025-12-27 04:00:28] ✅ context_orchestrator.py launched.
[2025-12-27 04:00:29] ⚡ Launching vault_rag.py in background...
[2025-12-27 04:00:29] ✅ vault_rag.py launched.
[2025-12-27 04:00:30] ⚡ Launching budget_governor.py in background...
[2025-12-27 04:00:30] ✅ budget_governor.py launched.
[2025-12-27 04:00:31] ⚡ Launching finance_tracker.py in background...
[2025-12-27 04:00:31] ✅ finance_tracker.py launched.
[2025-12-27 04:00:32] ⚡ Launching convergence_audit.py in background...
[2025-12-27 04:00:32] ✅ convergence_audit.py launched.
[2025-12-27 04:00:33] ⚡ Launching web_daemon.py in background...
[2025-12-27 04:00:33] ✅ web_daemon.py launched.
[2025-12-27 04:00:34] ⚡ Launching nexus_server.py in background...
[2025-12-27 04:00:34] ✅ nexus_server.py launched.
[2025-12-27 04:00:35] ⚡ Launching sync_daemon.py in background...
[2025-12-27 04:00:35] ✅ sync_daemon.py launched.
[2025-12-27 04:00:36] ⚖️ Engaging THE JUDGE (Strategic Growth Advisory)...
[2025-12-27 04:00:36] ⚠️ The Judge is already active. Skipping launch.
[2025-12-27 04:00:36] 📡 Engaging NEURAL RELAY (Port 3001)...
[2025-12-27 04:00:36] ⚠️ Port 3001 active. Relay likely running.
[2025-12-27 04:00:36] ⚠️ Port 3000 in use. Assuming Dashboard is active.
[2025-12-27 04:00:36] 🖥️ Opening Dashboard & Diagnostics...
[2025-12-27 04:00:39] ✅ SYSTEM LAUNCH COMPLETE (MODE 5: ACTIVE). Monitoring Heartbeat...
[2025-12-27 04:00:39] 🌐 Neural Relay: ONLINE
[2025-12-27 04:00:39] 📊 NEXUS Dashboard: http://localhost:8000
[2025-12-27 04:00:39] 🧠 Singularity Alignment: 100%
