2026-01-03 02:35:16,709 [INFO] 🚀 Starting Neural Relay on 0.0.0.0:3001
Traceback (most recent call last):
  File "/Users/infinite27/AILCC_PRIME/06_System/Execution/system_relay.py", line 63, in <module>
    asyncio.run(main())
    ~~~~~~~~~~~^^^^^^^^
  File "/Library/Frameworks/Python.framework/Versions/3.13/lib/python3.13/asyncio/runners.py", line 194, in run
    return runner.run(main)
           ~~~~~~~~~~^^^^^^
  File "/Library/Frameworks/Python.framework/Versions/3.13/lib/python3.13/asyncio/runners.py", line 118, in run
    return self._loop.run_until_complete(task)
           ~~~~~~~~~~~~~~~~~~~~~~~~~~~~~^^^^^^
  File "/Library/Frameworks/Python.framework/Versions/3.13/lib/python3.13/asyncio/base_events.py", line 720, in run_until_complete
    return future.result()
           ~~~~~~~~~~~~~^^
  File "/Users/infinite27/AILCC_PRIME/06_System/Execution/system_relay.py", line 58, in main
    async with websockets.serve(handler, "0.0.0.0", 3001):
               ~~~~~~~~~~~~~~~~^^^^^^^^^^^^^^^^^^^^^^^^^^
  File "/Library/Frameworks/Python.framework/Versions/3.13/lib/python3.13/site-packages/websockets/asyncio/server.py", line 813, in __aenter__
    return await self
           ^^^^^^^^^^
  File "/Library/Frameworks/Python.framework/Versions/3.13/lib/python3.13/site-packages/websockets/asyncio/server.py", line 831, in __await_impl__
    server = await self.create_server
             ^^^^^^^^^^^^^^^^^^^^^^^^
  File "/Library/Frameworks/Python.framework/Versions/3.13/lib/python3.13/asyncio/base_events.py", line 1615, in create_server
    raise OSError(err.errno, msg) from None
OSError: [Errno 48] error while attempting to bind on address ('0.0.0.0', 3001): [errno 48] address already in use
