2026-01-08 19:22:58,015 [INFO] 🚀 Starting Neural Relay on 0.0.0.0:3001
2026-01-08 19:22:58,015 [INFO] 🚀 Starting Neural Relay on 0.0.0.0:3001
2026-01-08 19:22:58,332 [INFO] server listening on 0.0.0.0:3001
2026-01-08 19:22:58,332 [INFO] server listening on 0.0.0.0:3001
2026-01-08 19:22:58,812 [INFO] connection open
2026-01-08 19:22:58,812 [INFO] connection open
2026-01-08 19:22:58,813 [INFO] 🔗 Client Connected: ('127.0.0.1', 61035)
2026-01-08 19:22:58,813 [INFO] 🔗 Client Connected: ('127.0.0.1', 61035)
2026-01-08 19:22:58,848 [INFO] 📨 Received: {'type': 'HEARTBEAT', 'source': 'valentine', 'status': 'online', 'timestamp': '2026-01-08T19:22:58.847458'}
2026-01-08 19:22:58,848 [INFO] 📨 Received: {'type': 'HEARTBEAT', 'source': 'valentine', 'status': 'online', 'timestamp': '2026-01-08T19:22:58.847458'}
2026-01-08 19:27:59,137 [INFO] 📨 Received: {'type': 'HEARTBEAT', 'source': 'valentine', 'status': 'online', 'timestamp': '2026-01-08T19:27:59.042843'}
2026-01-08 19:27:59,137 [INFO] 📨 Received: {'type': 'HEARTBEAT', 'source': 'valentine', 'status': 'online', 'timestamp': '2026-01-08T19:27:59.042843'}
2026-01-08 19:32:17,893 [INFO] server closing
2026-01-08 19:32:17,893 [INFO] server closing
2026-01-08 19:32:19,027 [INFO] server closed
2026-01-08 19:32:19,027 [INFO] server closed
2026-01-08 19:32:19,179 [INFO] 🛑 Shutting down Neural Relay
2026-01-08 19:32:19,179 [INFO] 🛑 Shutting down Neural Relay
2026-01-10 02:22:55,157 [INFO] 🚀 Starting Neural Relay v2.0 on 0.0.0.0:3001
2026-01-10 02:22:55,539 [INFO] server listening on 0.0.0.0:3001
2026-01-10 02:23:01,807 [INFO] connection open
2026-01-10 02:23:01,824 [INFO] 🔗 Client Connected: ('127.0.0.1', 59286)
2026-01-10 02:32:02,984 [INFO] connection open
2026-01-10 02:32:03,334 [INFO] 🔗 Client Connected: ('127.0.0.1', 60001)
2026-01-10 03:17:33,626 [INFO] connection open
2026-01-10 03:17:33,687 [INFO] 🔗 Client Connected: ('127.0.0.1', 62387)
2026-01-10 03:17:38,011 [INFO] connection open
2026-01-10 03:17:38,016 [INFO] 🔗 Client Connected: ('127.0.0.1', 62391)
2026-01-10 03:42:21,088 [INFO] connection open
2026-01-10 03:42:21,106 [INFO] 🔗 Client Connected: ('127.0.0.1', 63178)
2026-01-10 03:42:21,199 [INFO] 📨 Received: {'type': 'AGENT_HEARTBEAT', 'payload': {'name': 'SLM_ROUTER', 'status': 'ACTIVE', 'role': 'Classification'}}
2026-01-10 03:50:20,412 [INFO] connection open
2026-01-10 03:50:20,466 [INFO] 🔗 Client Connected: ('127.0.0.1', 63542)
2026-01-10 15:59:44,485 [INFO] connection open
2026-01-10 15:59:44,555 [INFO] 🔗 Client Connected: ('127.0.0.1', 55467)
2026-01-10 15:59:44,615 [INFO] 📨 Received: {'type': 'AGENT_HEARTBEAT', 'payload': {'name': 'SLM_ROUTER', 'status': 'ACTIVE', 'role': 'Classification'}}
2026-01-10 16:36:51,562 [INFO] connection open
2026-01-10 16:36:51,685 [INFO] 🔗 Client Connected: ('127.0.0.1', 55886)
2026-01-10 16:38:01,565 [INFO] connection open
2026-01-10 16:38:01,686 [INFO] 🔗 Client Connected: ('127.0.0.1', 55916)
2026-01-10 16:39:22,822 [INFO] connection open
2026-01-10 16:39:22,851 [INFO] 🔗 Client Connected: ('127.0.0.1', 56025)
2026-01-10 16:51:17,448 [INFO] ❌ Client Disconnected
2026-01-10 16:51:17,510 [ERROR] Broadcast Error: sent 1011 (internal error) keepalive ping timeout; no close frame received
2026-01-10 16:52:20,810 [INFO] connection open
2026-01-10 16:52:20,829 [INFO] 🔗 Client Connected: ('127.0.0.1', 56284)
2026-01-11 21:10:19,904 [INFO] 🚀 Starting Neural Relay on 0.0.0.0:3001
2026-01-11 21:10:19,904 [INFO] 🚀 Starting Neural Relay on 0.0.0.0:3001
2026-01-11 21:10:20,195 [INFO] server listening on 0.0.0.0:3001
2026-01-11 21:10:20,195 [INFO] server listening on 0.0.0.0:3001
2026-01-11 21:10:20,625 [INFO] connection open
2026-01-11 21:10:20,625 [INFO] connection open
2026-01-11 21:10:20,625 [INFO] 🔗 Client Connected: ('127.0.0.1', 49782)
2026-01-11 21:10:20,625 [INFO] 🔗 Client Connected: ('127.0.0.1', 49782)
2026-01-11 21:10:20,797 [INFO] 📨 Received: {'type': 'HEARTBEAT', 'source': 'valentine', 'status': 'online', 'timestamp': '2026-01-11T21:10:20.796567'}
2026-01-11 21:10:20,797 [INFO] 📨 Received: {'type': 'HEARTBEAT', 'source': 'valentine', 'status': 'online', 'timestamp': '2026-01-11T21:10:20.796567'}
2026-01-11 21:15:15,516 [ERROR] opening handshake failed
Traceback (most recent call last):
  File "/Library/Frameworks/Python.framework/Versions/3.13/lib/python3.13/site-packages/websockets/http11.py", line 138, in parse
    request_line = yield from parse_line(read_line)
                   ^^^^^^^^^^^^^^^^^^^^^^^^^^^^^^^^
  File "/Library/Frameworks/Python.framework/Versions/3.13/lib/python3.13/site-packages/websockets/http11.py", line 309, in parse_line
    line = yield from read_line(MAX_LINE_LENGTH)
           ^^^^^^^^^^^^^^^^^^^^^^^^^^^^^^^^^^^^^
  File "/Library/Frameworks/Python.framework/Versions/3.13/lib/python3.13/site-packages/websockets/streams.py", line 46, in read_line
    raise EOFError(f"stream ends after {p} bytes, before end of line")
EOFError: stream ends after 0 bytes, before end of line

The above exception was the direct cause of the following exception:

Traceback (most recent call last):
  File "/Library/Frameworks/Python.framework/Versions/3.13/lib/python3.13/site-packages/websockets/server.py", line 545, in parse
    request = yield from Request.parse(
              ^^^^^^^^^^^^^^^^^^^^^^^^^
        self.reader.read_line,
        ^^^^^^^^^^^^^^^^^^^^^^
    )
    ^
  File "/Library/Frameworks/Python.framework/Versions/3.13/lib/python3.13/site-packages/websockets/http11.py", line 140, in parse
    raise EOFError("connection closed while reading HTTP request line") from exc
EOFError: connection closed while reading HTTP request line

The above exception was the direct cause of the following exception:

Traceback (most recent call last):
  File "/Library/Frameworks/Python.framework/Versions/3.13/lib/python3.13/site-packages/websockets/asyncio/server.py", line 356, in conn_handler
    await connection.handshake(
    ...<3 lines>...
    )
  File "/Library/Frameworks/Python.framework/Versions/3.13/lib/python3.13/site-packages/websockets/asyncio/server.py", line 207, in handshake
    raise self.protocol.handshake_exc
websockets.exceptions.InvalidMessage: did not receive a valid HTTP request
2026-01-11 21:15:15,516 [ERROR] opening handshake failed
Traceback (most recent call last):
  File "/Library/Frameworks/Python.framework/Versions/3.13/lib/python3.13/site-packages/websockets/http11.py", line 138, in parse
    request_line = yield from parse_line(read_line)
                   ^^^^^^^^^^^^^^^^^^^^^^^^^^^^^^^^
  File "/Library/Frameworks/Python.framework/Versions/3.13/lib/python3.13/site-packages/websockets/http11.py", line 309, in parse_line
    line = yield from read_line(MAX_LINE_LENGTH)
           ^^^^^^^^^^^^^^^^^^^^^^^^^^^^^^^^^^^^^
  File "/Library/Frameworks/Python.framework/Versions/3.13/lib/python3.13/site-packages/websockets/streams.py", line 46, in read_line
    raise EOFError(f"stream ends after {p} bytes, before end of line")
EOFError: stream ends after 0 bytes, before end of line

The above exception was the direct cause of the following exception:

Traceback (most recent call last):
  File "/Library/Frameworks/Python.framework/Versions/3.13/lib/python3.13/site-packages/websockets/server.py", line 545, in parse
    request = yield from Request.parse(
              ^^^^^^^^^^^^^^^^^^^^^^^^^
        self.reader.read_line,
        ^^^^^^^^^^^^^^^^^^^^^^
    )
    ^
  File "/Library/Frameworks/Python.framework/Versions/3.13/lib/python3.13/site-packages/websockets/http11.py", line 140, in parse
    raise EOFError("connection closed while reading HTTP request line") from exc
EOFError: connection closed while reading HTTP request line

The above exception was the direct cause of the following exception:

Traceback (most recent call last):
  File "/Library/Frameworks/Python.framework/Versions/3.13/lib/python3.13/site-packages/websockets/asyncio/server.py", line 356, in conn_handler
    await connection.handshake(
    ...<3 lines>...
    )
  File "/Library/Frameworks/Python.framework/Versions/3.13/lib/python3.13/site-packages/websockets/asyncio/server.py", line 207, in handshake
    raise self.protocol.handshake_exc
websockets.exceptions.InvalidMessage: did not receive a valid HTTP request
2026-01-11 21:15:20,818 [INFO] 📨 Received: {'type': 'HEARTBEAT', 'source': 'valentine', 'status': 'online', 'timestamp': '2026-01-11T21:15:20.807932'}
2026-01-11 21:15:20,818 [INFO] 📨 Received: {'type': 'HEARTBEAT', 'source': 'valentine', 'status': 'online', 'timestamp': '2026-01-11T21:15:20.807932'}
2026-01-11 21:20:15,515 [ERROR] opening handshake failed
Traceback (most recent call last):
  File "/Library/Frameworks/Python.framework/Versions/3.13/lib/python3.13/site-packages/websockets/http11.py", line 138, in parse
    request_line = yield from parse_line(read_line)
                   ^^^^^^^^^^^^^^^^^^^^^^^^^^^^^^^^
  File "/Library/Frameworks/Python.framework/Versions/3.13/lib/python3.13/site-packages/websockets/http11.py", line 309, in parse_line
    line = yield from read_line(MAX_LINE_LENGTH)
           ^^^^^^^^^^^^^^^^^^^^^^^^^^^^^^^^^^^^^
  File "/Library/Frameworks/Python.framework/Versions/3.13/lib/python3.13/site-packages/websockets/streams.py", line 46, in read_line
    raise EOFError(f"stream ends after {p} bytes, before end of line")
EOFError: stream ends after 0 bytes, before end of line

The above exception was the direct cause of the following exception:

Traceback (most recent call last):
  File "/Library/Frameworks/Python.framework/Versions/3.13/lib/python3.13/site-packages/websockets/server.py", line 545, in parse
    request = yield from Request.parse(
              ^^^^^^^^^^^^^^^^^^^^^^^^^
        self.reader.read_line,
        ^^^^^^^^^^^^^^^^^^^^^^
    )
    ^
  File "/Library/Frameworks/Python.framework/Versions/3.13/lib/python3.13/site-packages/websockets/http11.py", line 140, in parse
    raise EOFError("connection closed while reading HTTP request line") from exc
EOFError: connection closed while reading HTTP request line

The above exception was the direct cause of the following exception:

Traceback (most recent call last):
  File "/Library/Frameworks/Python.framework/Versions/3.13/lib/python3.13/site-packages/websockets/asyncio/server.py", line 356, in conn_handler
    await connection.handshake(
    ...<3 lines>...
    )
  File "/Library/Frameworks/Python.framework/Versions/3.13/lib/python3.13/site-packages/websockets/asyncio/server.py", line 207, in handshake
    raise self.protocol.handshake_exc
websockets.exceptions.InvalidMessage: did not receive a valid HTTP request
2026-01-11 21:20:15,515 [ERROR] opening handshake failed
Traceback (most recent call last):
  File "/Library/Frameworks/Python.framework/Versions/3.13/lib/python3.13/site-packages/websockets/http11.py", line 138, in parse
    request_line = yield from parse_line(read_line)
                   ^^^^^^^^^^^^^^^^^^^^^^^^^^^^^^^^
  File "/Library/Frameworks/Python.framework/Versions/3.13/lib/python3.13/site-packages/websockets/http11.py", line 309, in parse_line
    line = yield from read_line(MAX_LINE_LENGTH)
           ^^^^^^^^^^^^^^^^^^^^^^^^^^^^^^^^^^^^^
  File "/Library/Frameworks/Python.framework/Versions/3.13/lib/python3.13/site-packages/websockets/streams.py", line 46, in read_line
    raise EOFError(f"stream ends after {p} bytes, before end of line")
EOFError: stream ends after 0 bytes, before end of line

The above exception was the direct cause of the following exception:

Traceback (most recent call last):
  File "/Library/Frameworks/Python.framework/Versions/3.13/lib/python3.13/site-packages/websockets/server.py", line 545, in parse
    request = yield from Request.parse(
              ^^^^^^^^^^^^^^^^^^^^^^^^^
        self.reader.read_line,
        ^^^^^^^^^^^^^^^^^^^^^^
    )
    ^
  File "/Library/Frameworks/Python.framework/Versions/3.13/lib/python3.13/site-packages/websockets/http11.py", line 140, in parse
    raise EOFError("connection closed while reading HTTP request line") from exc
EOFError: connection closed while reading HTTP request line

The above exception was the direct cause of the following exception:

Traceback (most recent call last):
  File "/Library/Frameworks/Python.framework/Versions/3.13/lib/python3.13/site-packages/websockets/asyncio/server.py", line 356, in conn_handler
    await connection.handshake(
    ...<3 lines>...
    )
  File "/Library/Frameworks/Python.framework/Versions/3.13/lib/python3.13/site-packages/websockets/asyncio/server.py", line 207, in handshake
    raise self.protocol.handshake_exc
websockets.exceptions.InvalidMessage: did not receive a valid HTTP request
2026-01-11 21:20:20,829 [INFO] 📨 Received: {'type': 'HEARTBEAT', 'source': 'valentine', 'status': 'online', 'timestamp': '2026-01-11T21:20:20.825936'}
2026-01-11 21:20:20,829 [INFO] 📨 Received: {'type': 'HEARTBEAT', 'source': 'valentine', 'status': 'online', 'timestamp': '2026-01-11T21:20:20.825936'}
2026-01-11 21:23:09,903 [INFO] connection open
2026-01-11 21:23:09,903 [INFO] connection open
2026-01-11 21:23:09,910 [INFO] 🔗 Client Connected: ('127.0.0.1', 50123)
2026-01-11 21:23:09,910 [INFO] 🔗 Client Connected: ('127.0.0.1', 50123)
2026-01-11 21:24:01,695 [ERROR] opening handshake failed
Traceback (most recent call last):
  File "/Library/Frameworks/Python.framework/Versions/3.13/lib/python3.13/site-packages/websockets/http11.py", line 138, in parse
    request_line = yield from parse_line(read_line)
                   ^^^^^^^^^^^^^^^^^^^^^^^^^^^^^^^^
  File "/Library/Frameworks/Python.framework/Versions/3.13/lib/python3.13/site-packages/websockets/http11.py", line 309, in parse_line
    line = yield from read_line(MAX_LINE_LENGTH)
           ^^^^^^^^^^^^^^^^^^^^^^^^^^^^^^^^^^^^^
  File "/Library/Frameworks/Python.framework/Versions/3.13/lib/python3.13/site-packages/websockets/streams.py", line 46, in read_line
    raise EOFError(f"stream ends after {p} bytes, before end of line")
EOFError: stream ends after 0 bytes, before end of line

The above exception was the direct cause of the following exception:

Traceback (most recent call last):
  File "/Library/Frameworks/Python.framework/Versions/3.13/lib/python3.13/site-packages/websockets/server.py", line 545, in parse
    request = yield from Request.parse(
              ^^^^^^^^^^^^^^^^^^^^^^^^^
        self.reader.read_line,
        ^^^^^^^^^^^^^^^^^^^^^^
    )
    ^
  File "/Library/Frameworks/Python.framework/Versions/3.13/lib/python3.13/site-packages/websockets/http11.py", line 140, in parse
    raise EOFError("connection closed while reading HTTP request line") from exc
EOFError: connection closed while reading HTTP request line

The above exception was the direct cause of the following exception:

Traceback (most recent call last):
  File "/Library/Frameworks/Python.framework/Versions/3.13/lib/python3.13/site-packages/websockets/asyncio/server.py", line 356, in conn_handler
    await connection.handshake(
    ...<3 lines>...
    )
  File "/Library/Frameworks/Python.framework/Versions/3.13/lib/python3.13/site-packages/websockets/asyncio/server.py", line 207, in handshake
    raise self.protocol.handshake_exc
websockets.exceptions.InvalidMessage: did not receive a valid HTTP request
2026-01-11 21:24:01,695 [ERROR] opening handshake failed
Traceback (most recent call last):
  File "/Library/Frameworks/Python.framework/Versions/3.13/lib/python3.13/site-packages/websockets/http11.py", line 138, in parse
    request_line = yield from parse_line(read_line)
                   ^^^^^^^^^^^^^^^^^^^^^^^^^^^^^^^^
  File "/Library/Frameworks/Python.framework/Versions/3.13/lib/python3.13/site-packages/websockets/http11.py", line 309, in parse_line
    line = yield from read_line(MAX_LINE_LENGTH)
           ^^^^^^^^^^^^^^^^^^^^^^^^^^^^^^^^^^^^^
  File "/Library/Frameworks/Python.framework/Versions/3.13/lib/python3.13/site-packages/websockets/streams.py", line 46, in read_line
    raise EOFError(f"stream ends after {p} bytes, before end of line")
EOFError: stream ends after 0 bytes, before end of line

The above exception was the direct cause of the following exception:

Traceback (most recent call last):
  File "/Library/Frameworks/Python.framework/Versions/3.13/lib/python3.13/site-packages/websockets/server.py", line 545, in parse
    request = yield from Request.parse(
              ^^^^^^^^^^^^^^^^^^^^^^^^^
        self.reader.read_line,
        ^^^^^^^^^^^^^^^^^^^^^^
    )
    ^
  File "/Library/Frameworks/Python.framework/Versions/3.13/lib/python3.13/site-packages/websockets/http11.py", line 140, in parse
    raise EOFError("connection closed while reading HTTP request line") from exc
EOFError: connection closed while reading HTTP request line

The above exception was the direct cause of the following exception:

Traceback (most recent call last):
  File "/Library/Frameworks/Python.framework/Versions/3.13/lib/python3.13/site-packages/websockets/asyncio/server.py", line 356, in conn_handler
    await connection.handshake(
    ...<3 lines>...
    )
  File "/Library/Frameworks/Python.framework/Versions/3.13/lib/python3.13/site-packages/websockets/asyncio/server.py", line 207, in handshake
    raise self.protocol.handshake_exc
websockets.exceptions.InvalidMessage: did not receive a valid HTTP request
2026-01-11 21:24:39,165 [INFO] connection open
2026-01-11 21:24:39,165 [INFO] connection open
2026-01-11 21:24:39,173 [INFO] 🔗 Client Connected: ('127.0.0.1', 50284)
2026-01-11 21:24:39,173 [INFO] 🔗 Client Connected: ('127.0.0.1', 50284)
2026-01-11 21:24:39,183 [INFO] 📨 Received: {'type': 'LATENCY_PING', 'timestamp': 1315.994964924}
2026-01-11 21:24:39,183 [INFO] 📨 Received: {'type': 'LATENCY_PING', 'timestamp': 1315.994964924}
2026-01-11 21:25:20,830 [INFO] 📨 Received: {'type': 'HEARTBEAT', 'source': 'valentine', 'status': 'online', 'timestamp': '2026-01-11T21:25:20.744973'}
2026-01-11 21:25:20,830 [INFO] 📨 Received: {'type': 'HEARTBEAT', 'source': 'valentine', 'status': 'online', 'timestamp': '2026-01-11T21:25:20.744973'}
2026-01-11 21:26:34,007 [ERROR] opening handshake failed
Traceback (most recent call last):
  File "/Library/Frameworks/Python.framework/Versions/3.13/lib/python3.13/site-packages/websockets/http11.py", line 138, in parse
    request_line = yield from parse_line(read_line)
                   ^^^^^^^^^^^^^^^^^^^^^^^^^^^^^^^^
  File "/Library/Frameworks/Python.framework/Versions/3.13/lib/python3.13/site-packages/websockets/http11.py", line 309, in parse_line
    line = yield from read_line(MAX_LINE_LENGTH)
           ^^^^^^^^^^^^^^^^^^^^^^^^^^^^^^^^^^^^^
  File "/Library/Frameworks/Python.framework/Versions/3.13/lib/python3.13/site-packages/websockets/streams.py", line 46, in read_line
    raise EOFError(f"stream ends after {p} bytes, before end of line")
EOFError: stream ends after 0 bytes, before end of line

The above exception was the direct cause of the following exception:

Traceback (most recent call last):
  File "/Library/Frameworks/Python.framework/Versions/3.13/lib/python3.13/site-packages/websockets/server.py", line 545, in parse
    request = yield from Request.parse(
              ^^^^^^^^^^^^^^^^^^^^^^^^^
        self.reader.read_line,
        ^^^^^^^^^^^^^^^^^^^^^^
    )
    ^
  File "/Library/Frameworks/Python.framework/Versions/3.13/lib/python3.13/site-packages/websockets/http11.py", line 140, in parse
    raise EOFError("connection closed while reading HTTP request line") from exc
EOFError: connection closed while reading HTTP request line

The above exception was the direct cause of the following exception:

Traceback (most recent call last):
  File "/Library/Frameworks/Python.framework/Versions/3.13/lib/python3.13/site-packages/websockets/asyncio/server.py", line 356, in conn_handler
    await connection.handshake(
    ...<3 lines>...
    )
  File "/Library/Frameworks/Python.framework/Versions/3.13/lib/python3.13/site-packages/websockets/asyncio/server.py", line 207, in handshake
    raise self.protocol.handshake_exc
websockets.exceptions.InvalidMessage: did not receive a valid HTTP request
2026-01-11 21:26:34,007 [ERROR] opening handshake failed
Traceback (most recent call last):
  File "/Library/Frameworks/Python.framework/Versions/3.13/lib/python3.13/site-packages/websockets/http11.py", line 138, in parse
    request_line = yield from parse_line(read_line)
                   ^^^^^^^^^^^^^^^^^^^^^^^^^^^^^^^^
  File "/Library/Frameworks/Python.framework/Versions/3.13/lib/python3.13/site-packages/websockets/http11.py", line 309, in parse_line
    line = yield from read_line(MAX_LINE_LENGTH)
           ^^^^^^^^^^^^^^^^^^^^^^^^^^^^^^^^^^^^^
  File "/Library/Frameworks/Python.framework/Versions/3.13/lib/python3.13/site-packages/websockets/streams.py", line 46, in read_line
    raise EOFError(f"stream ends after {p} bytes, before end of line")
EOFError: stream ends after 0 bytes, before end of line

The above exception was the direct cause of the following exception:

Traceback (most recent call last):
  File "/Library/Frameworks/Python.framework/Versions/3.13/lib/python3.13/site-packages/websockets/server.py", line 545, in parse
    request = yield from Request.parse(
              ^^^^^^^^^^^^^^^^^^^^^^^^^
        self.reader.read_line,
        ^^^^^^^^^^^^^^^^^^^^^^
    )
    ^
  File "/Library/Frameworks/Python.framework/Versions/3.13/lib/python3.13/site-packages/websockets/http11.py", line 140, in parse
    raise EOFError("connection closed while reading HTTP request line") from exc
EOFError: connection closed while reading HTTP request line

The above exception was the direct cause of the following exception:

Traceback (most recent call last):
  File "/Library/Frameworks/Python.framework/Versions/3.13/lib/python3.13/site-packages/websockets/asyncio/server.py", line 356, in conn_handler
    await connection.handshake(
    ...<3 lines>...
    )
  File "/Library/Frameworks/Python.framework/Versions/3.13/lib/python3.13/site-packages/websockets/asyncio/server.py", line 207, in handshake
    raise self.protocol.handshake_exc
websockets.exceptions.InvalidMessage: did not receive a valid HTTP request
2026-01-11 21:26:34,711 [INFO] connection open
2026-01-11 21:26:34,711 [INFO] connection open
2026-01-11 21:26:34,711 [INFO] 🔗 Client Connected: ('127.0.0.1', 50557)
2026-01-11 21:26:34,711 [INFO] 🔗 Client Connected: ('127.0.0.1', 50557)
2026-01-11 21:29:55,127 [INFO] connection open
2026-01-11 21:29:55,127 [INFO] connection open
2026-01-11 21:29:55,184 [INFO] 🔗 Client Connected: ('127.0.0.1', 51021)
2026-01-11 21:29:55,184 [INFO] 🔗 Client Connected: ('127.0.0.1', 51021)
2026-01-11 21:30:20,908 [INFO] 📨 Received: {'type': 'HEARTBEAT', 'source': 'valentine', 'status': 'online', 'timestamp': '2026-01-11T21:30:20.860734'}
2026-01-11 21:30:20,908 [INFO] 📨 Received: {'type': 'HEARTBEAT', 'source': 'valentine', 'status': 'online', 'timestamp': '2026-01-11T21:30:20.860734'}
2026-01-11 21:31:11,270 [INFO] connection open
2026-01-11 21:31:11,270 [INFO] connection open
2026-01-11 21:31:11,286 [INFO] 🔗 Client Connected: ('127.0.0.1', 51209)
2026-01-11 21:31:11,286 [INFO] 🔗 Client Connected: ('127.0.0.1', 51209)
2026-01-11 21:31:11,338 [INFO] 📨 Received: {'type': 'LATENCY_PING', 'timestamp': 1708.142273449}
2026-01-11 21:31:11,338 [INFO] 📨 Received: {'type': 'LATENCY_PING', 'timestamp': 1708.142273449}
2026-01-11 21:32:00,885 [ERROR] opening handshake failed
Traceback (most recent call last):
  File "/Library/Frameworks/Python.framework/Versions/3.13/lib/python3.13/site-packages/websockets/http11.py", line 138, in parse
    request_line = yield from parse_line(read_line)
                   ^^^^^^^^^^^^^^^^^^^^^^^^^^^^^^^^
  File "/Library/Frameworks/Python.framework/Versions/3.13/lib/python3.13/site-packages/websockets/http11.py", line 309, in parse_line
    line = yield from read_line(MAX_LINE_LENGTH)
           ^^^^^^^^^^^^^^^^^^^^^^^^^^^^^^^^^^^^^
  File "/Library/Frameworks/Python.framework/Versions/3.13/lib/python3.13/site-packages/websockets/streams.py", line 46, in read_line
    raise EOFError(f"stream ends after {p} bytes, before end of line")
EOFError: stream ends after 0 bytes, before end of line

The above exception was the direct cause of the following exception:

Traceback (most recent call last):
  File "/Library/Frameworks/Python.framework/Versions/3.13/lib/python3.13/site-packages/websockets/server.py", line 545, in parse
    request = yield from Request.parse(
              ^^^^^^^^^^^^^^^^^^^^^^^^^
        self.reader.read_line,
        ^^^^^^^^^^^^^^^^^^^^^^
    )
    ^
  File "/Library/Frameworks/Python.framework/Versions/3.13/lib/python3.13/site-packages/websockets/http11.py", line 140, in parse
    raise EOFError("connection closed while reading HTTP request line") from exc
EOFError: connection closed while reading HTTP request line

The above exception was the direct cause of the following exception:

Traceback (most recent call last):
  File "/Library/Frameworks/Python.framework/Versions/3.13/lib/python3.13/site-packages/websockets/asyncio/server.py", line 356, in conn_handler
    await connection.handshake(
    ...<3 lines>...
    )
  File "/Library/Frameworks/Python.framework/Versions/3.13/lib/python3.13/site-packages/websockets/asyncio/server.py", line 207, in handshake
    raise self.protocol.handshake_exc
websockets.exceptions.InvalidMessage: did not receive a valid HTTP request
2026-01-11 21:32:00,885 [ERROR] opening handshake failed
Traceback (most recent call last):
  File "/Library/Frameworks/Python.framework/Versions/3.13/lib/python3.13/site-packages/websockets/http11.py", line 138, in parse
    request_line = yield from parse_line(read_line)
                   ^^^^^^^^^^^^^^^^^^^^^^^^^^^^^^^^
  File "/Library/Frameworks/Python.framework/Versions/3.13/lib/python3.13/site-packages/websockets/http11.py", line 309, in parse_line
    line = yield from read_line(MAX_LINE_LENGTH)
           ^^^^^^^^^^^^^^^^^^^^^^^^^^^^^^^^^^^^^
  File "/Library/Frameworks/Python.framework/Versions/3.13/lib/python3.13/site-packages/websockets/streams.py", line 46, in read_line
    raise EOFError(f"stream ends after {p} bytes, before end of line")
EOFError: stream ends after 0 bytes, before end of line

The above exception was the direct cause of the following exception:

Traceback (most recent call last):
  File "/Library/Frameworks/Python.framework/Versions/3.13/lib/python3.13/site-packages/websockets/server.py", line 545, in parse
    request = yield from Request.parse(
              ^^^^^^^^^^^^^^^^^^^^^^^^^
        self.reader.read_line,
        ^^^^^^^^^^^^^^^^^^^^^^
    )
    ^
  File "/Library/Frameworks/Python.framework/Versions/3.13/lib/python3.13/site-packages/websockets/http11.py", line 140, in parse
    raise EOFError("connection closed while reading HTTP request line") from exc
EOFError: connection closed while reading HTTP request line

The above exception was the direct cause of the following exception:

Traceback (most recent call last):
  File "/Library/Frameworks/Python.framework/Versions/3.13/lib/python3.13/site-packages/websockets/asyncio/server.py", line 356, in conn_handler
    await connection.handshake(
    ...<3 lines>...
    )
  File "/Library/Frameworks/Python.framework/Versions/3.13/lib/python3.13/site-packages/websockets/asyncio/server.py", line 207, in handshake
    raise self.protocol.handshake_exc
websockets.exceptions.InvalidMessage: did not receive a valid HTTP request
2026-01-11 21:35:21,060 [INFO] 📨 Received: {'type': 'HEARTBEAT', 'source': 'valentine', 'status': 'online', 'timestamp': '2026-01-11T21:35:20.903039'}
2026-01-11 21:35:21,060 [INFO] 📨 Received: {'type': 'HEARTBEAT', 'source': 'valentine', 'status': 'online', 'timestamp': '2026-01-11T21:35:20.903039'}
2026-01-11 21:36:52,616 [ERROR] opening handshake failed
Traceback (most recent call last):
  File "/Library/Frameworks/Python.framework/Versions/3.13/lib/python3.13/site-packages/websockets/http11.py", line 138, in parse
    request_line = yield from parse_line(read_line)
                   ^^^^^^^^^^^^^^^^^^^^^^^^^^^^^^^^
  File "/Library/Frameworks/Python.framework/Versions/3.13/lib/python3.13/site-packages/websockets/http11.py", line 309, in parse_line
    line = yield from read_line(MAX_LINE_LENGTH)
           ^^^^^^^^^^^^^^^^^^^^^^^^^^^^^^^^^^^^^
  File "/Library/Frameworks/Python.framework/Versions/3.13/lib/python3.13/site-packages/websockets/streams.py", line 46, in read_line
    raise EOFError(f"stream ends after {p} bytes, before end of line")
EOFError: stream ends after 0 bytes, before end of line

The above exception was the direct cause of the following exception:

Traceback (most recent call last):
  File "/Library/Frameworks/Python.framework/Versions/3.13/lib/python3.13/site-packages/websockets/server.py", line 545, in parse
    request = yield from Request.parse(
              ^^^^^^^^^^^^^^^^^^^^^^^^^
        self.reader.read_line,
        ^^^^^^^^^^^^^^^^^^^^^^
    )
    ^
  File "/Library/Frameworks/Python.framework/Versions/3.13/lib/python3.13/site-packages/websockets/http11.py", line 140, in parse
    raise EOFError("connection closed while reading HTTP request line") from exc
EOFError: connection closed while reading HTTP request line

The above exception was the direct cause of the following exception:

Traceback (most recent call last):
  File "/Library/Frameworks/Python.framework/Versions/3.13/lib/python3.13/site-packages/websockets/asyncio/server.py", line 356, in conn_handler
    await connection.handshake(
    ...<3 lines>...
    )
  File "/Library/Frameworks/Python.framework/Versions/3.13/lib/python3.13/site-packages/websockets/asyncio/server.py", line 207, in handshake
    raise self.protocol.handshake_exc
websockets.exceptions.InvalidMessage: did not receive a valid HTTP request
2026-01-11 21:36:52,616 [ERROR] opening handshake failed
Traceback (most recent call last):
  File "/Library/Frameworks/Python.framework/Versions/3.13/lib/python3.13/site-packages/websockets/http11.py", line 138, in parse
    request_line = yield from parse_line(read_line)
                   ^^^^^^^^^^^^^^^^^^^^^^^^^^^^^^^^
  File "/Library/Frameworks/Python.framework/Versions/3.13/lib/python3.13/site-packages/websockets/http11.py", line 309, in parse_line
    line = yield from read_line(MAX_LINE_LENGTH)
           ^^^^^^^^^^^^^^^^^^^^^^^^^^^^^^^^^^^^^
  File "/Library/Frameworks/Python.framework/Versions/3.13/lib/python3.13/site-packages/websockets/streams.py", line 46, in read_line
    raise EOFError(f"stream ends after {p} bytes, before end of line")
EOFError: stream ends after 0 bytes, before end of line

The above exception was the direct cause of the following exception:

Traceback (most recent call last):
  File "/Library/Frameworks/Python.framework/Versions/3.13/lib/python3.13/site-packages/websockets/server.py", line 545, in parse
    request = yield from Request.parse(
              ^^^^^^^^^^^^^^^^^^^^^^^^^
        self.reader.read_line,
        ^^^^^^^^^^^^^^^^^^^^^^
    )
    ^
  File "/Library/Frameworks/Python.framework/Versions/3.13/lib/python3.13/site-packages/websockets/http11.py", line 140, in parse
    raise EOFError("connection closed while reading HTTP request line") from exc
EOFError: connection closed while reading HTTP request line

The above exception was the direct cause of the following exception:

Traceback (most recent call last):
  File "/Library/Frameworks/Python.framework/Versions/3.13/lib/python3.13/site-packages/websockets/asyncio/server.py", line 356, in conn_handler
    await connection.handshake(
    ...<3 lines>...
    )
  File "/Library/Frameworks/Python.framework/Versions/3.13/lib/python3.13/site-packages/websockets/asyncio/server.py", line 207, in handshake
    raise self.protocol.handshake_exc
websockets.exceptions.InvalidMessage: did not receive a valid HTTP request
2026-01-11 21:40:21,148 [INFO] 📨 Received: {'type': 'HEARTBEAT', 'source': 'valentine', 'status': 'online', 'timestamp': '2026-01-11T21:40:20.949994'}
2026-01-11 21:40:21,148 [INFO] 📨 Received: {'type': 'HEARTBEAT', 'source': 'valentine', 'status': 'online', 'timestamp': '2026-01-11T21:40:20.949994'}
2026-01-11 21:41:54,713 [ERROR] opening handshake failed
Traceback (most recent call last):
  File "/Library/Frameworks/Python.framework/Versions/3.13/lib/python3.13/site-packages/websockets/http11.py", line 138, in parse
    request_line = yield from parse_line(read_line)
                   ^^^^^^^^^^^^^^^^^^^^^^^^^^^^^^^^
  File "/Library/Frameworks/Python.framework/Versions/3.13/lib/python3.13/site-packages/websockets/http11.py", line 309, in parse_line
    line = yield from read_line(MAX_LINE_LENGTH)
           ^^^^^^^^^^^^^^^^^^^^^^^^^^^^^^^^^^^^^
  File "/Library/Frameworks/Python.framework/Versions/3.13/lib/python3.13/site-packages/websockets/streams.py", line 46, in read_line
    raise EOFError(f"stream ends after {p} bytes, before end of line")
EOFError: stream ends after 0 bytes, before end of line

The above exception was the direct cause of the following exception:

Traceback (most recent call last):
  File "/Library/Frameworks/Python.framework/Versions/3.13/lib/python3.13/site-packages/websockets/server.py", line 545, in parse
    request = yield from Request.parse(
              ^^^^^^^^^^^^^^^^^^^^^^^^^
        self.reader.read_line,
        ^^^^^^^^^^^^^^^^^^^^^^
    )
    ^
  File "/Library/Frameworks/Python.framework/Versions/3.13/lib/python3.13/site-packages/websockets/http11.py", line 140, in parse
    raise EOFError("connection closed while reading HTTP request line") from exc
EOFError: connection closed while reading HTTP request line

The above exception was the direct cause of the following exception:

Traceback (most recent call last):
  File "/Library/Frameworks/Python.framework/Versions/3.13/lib/python3.13/site-packages/websockets/asyncio/server.py", line 356, in conn_handler
    await connection.handshake(
    ...<3 lines>...
    )
  File "/Library/Frameworks/Python.framework/Versions/3.13/lib/python3.13/site-packages/websockets/asyncio/server.py", line 207, in handshake
    raise self.protocol.handshake_exc
websockets.exceptions.InvalidMessage: did not receive a valid HTTP request
2026-01-11 21:41:54,713 [ERROR] opening handshake failed
Traceback (most recent call last):
  File "/Library/Frameworks/Python.framework/Versions/3.13/lib/python3.13/site-packages/websockets/http11.py", line 138, in parse
    request_line = yield from parse_line(read_line)
                   ^^^^^^^^^^^^^^^^^^^^^^^^^^^^^^^^
  File "/Library/Frameworks/Python.framework/Versions/3.13/lib/python3.13/site-packages/websockets/http11.py", line 309, in parse_line
    line = yield from read_line(MAX_LINE_LENGTH)
           ^^^^^^^^^^^^^^^^^^^^^^^^^^^^^^^^^^^^^
  File "/Library/Frameworks/Python.framework/Versions/3.13/lib/python3.13/site-packages/websockets/streams.py", line 46, in read_line
    raise EOFError(f"stream ends after {p} bytes, before end of line")
EOFError: stream ends after 0 bytes, before end of line

The above exception was the direct cause of the following exception:

Traceback (most recent call last):
  File "/Library/Frameworks/Python.framework/Versions/3.13/lib/python3.13/site-packages/websockets/server.py", line 545, in parse
    request = yield from Request.parse(
              ^^^^^^^^^^^^^^^^^^^^^^^^^
        self.reader.read_line,
        ^^^^^^^^^^^^^^^^^^^^^^
    )
    ^
  File "/Library/Frameworks/Python.framework/Versions/3.13/lib/python3.13/site-packages/websockets/http11.py", line 140, in parse
    raise EOFError("connection closed while reading HTTP request line") from exc
EOFError: connection closed while reading HTTP request line

The above exception was the direct cause of the following exception:

Traceback (most recent call last):
  File "/Library/Frameworks/Python.framework/Versions/3.13/lib/python3.13/site-packages/websockets/asyncio/server.py", line 356, in conn_handler
    await connection.handshake(
    ...<3 lines>...
    )
  File "/Library/Frameworks/Python.framework/Versions/3.13/lib/python3.13/site-packages/websockets/asyncio/server.py", line 207, in handshake
    raise self.protocol.handshake_exc
websockets.exceptions.InvalidMessage: did not receive a valid HTTP request
2026-01-11 21:45:21,352 [INFO] 📨 Received: {'type': 'HEARTBEAT', 'source': 'valentine', 'status': 'online', 'timestamp': '2026-01-11T21:45:21.042516'}
2026-01-11 21:45:21,352 [INFO] 📨 Received: {'type': 'HEARTBEAT', 'source': 'valentine', 'status': 'online', 'timestamp': '2026-01-11T21:45:21.042516'}
2026-01-11 21:47:36,516 [ERROR] opening handshake failed
Traceback (most recent call last):
  File "/Library/Frameworks/Python.framework/Versions/3.13/lib/python3.13/site-packages/websockets/http11.py", line 138, in parse
    request_line = yield from parse_line(read_line)
                   ^^^^^^^^^^^^^^^^^^^^^^^^^^^^^^^^
  File "/Library/Frameworks/Python.framework/Versions/3.13/lib/python3.13/site-packages/websockets/http11.py", line 309, in parse_line
    line = yield from read_line(MAX_LINE_LENGTH)
           ^^^^^^^^^^^^^^^^^^^^^^^^^^^^^^^^^^^^^
  File "/Library/Frameworks/Python.framework/Versions/3.13/lib/python3.13/site-packages/websockets/streams.py", line 46, in read_line
    raise EOFError(f"stream ends after {p} bytes, before end of line")
EOFError: stream ends after 0 bytes, before end of line

The above exception was the direct cause of the following exception:

Traceback (most recent call last):
  File "/Library/Frameworks/Python.framework/Versions/3.13/lib/python3.13/site-packages/websockets/server.py", line 545, in parse
    request = yield from Request.parse(
              ^^^^^^^^^^^^^^^^^^^^^^^^^
        self.reader.read_line,
        ^^^^^^^^^^^^^^^^^^^^^^
    )
    ^
  File "/Library/Frameworks/Python.framework/Versions/3.13/lib/python3.13/site-packages/websockets/http11.py", line 140, in parse
    raise EOFError("connection closed while reading HTTP request line") from exc
EOFError: connection closed while reading HTTP request line

The above exception was the direct cause of the following exception:

Traceback (most recent call last):
  File "/Library/Frameworks/Python.framework/Versions/3.13/lib/python3.13/site-packages/websockets/asyncio/server.py", line 356, in conn_handler
    await connection.handshake(
    ...<3 lines>...
    )
  File "/Library/Frameworks/Python.framework/Versions/3.13/lib/python3.13/site-packages/websockets/asyncio/server.py", line 207, in handshake
    raise self.protocol.handshake_exc
websockets.exceptions.InvalidMessage: did not receive a valid HTTP request
2026-01-11 21:47:36,516 [ERROR] opening handshake failed
Traceback (most recent call last):
  File "/Library/Frameworks/Python.framework/Versions/3.13/lib/python3.13/site-packages/websockets/http11.py", line 138, in parse
    request_line = yield from parse_line(read_line)
                   ^^^^^^^^^^^^^^^^^^^^^^^^^^^^^^^^
  File "/Library/Frameworks/Python.framework/Versions/3.13/lib/python3.13/site-packages/websockets/http11.py", line 309, in parse_line
    line = yield from read_line(MAX_LINE_LENGTH)
           ^^^^^^^^^^^^^^^^^^^^^^^^^^^^^^^^^^^^^
  File "/Library/Frameworks/Python.framework/Versions/3.13/lib/python3.13/site-packages/websockets/streams.py", line 46, in read_line
    raise EOFError(f"stream ends after {p} bytes, before end of line")
EOFError: stream ends after 0 bytes, before end of line

The above exception was the direct cause of the following exception:

Traceback (most recent call last):
  File "/Library/Frameworks/Python.framework/Versions/3.13/lib/python3.13/site-packages/websockets/server.py", line 545, in parse
    request = yield from Request.parse(
              ^^^^^^^^^^^^^^^^^^^^^^^^^
        self.reader.read_line,
        ^^^^^^^^^^^^^^^^^^^^^^
    )
    ^
  File "/Library/Frameworks/Python.framework/Versions/3.13/lib/python3.13/site-packages/websockets/http11.py", line 140, in parse
    raise EOFError("connection closed while reading HTTP request line") from exc
EOFError: connection closed while reading HTTP request line

The above exception was the direct cause of the following exception:

Traceback (most recent call last):
  File "/Library/Frameworks/Python.framework/Versions/3.13/lib/python3.13/site-packages/websockets/asyncio/server.py", line 356, in conn_handler
    await connection.handshake(
    ...<3 lines>...
    )
  File "/Library/Frameworks/Python.framework/Versions/3.13/lib/python3.13/site-packages/websockets/asyncio/server.py", line 207, in handshake
    raise self.protocol.handshake_exc
websockets.exceptions.InvalidMessage: did not receive a valid HTTP request
2026-01-11 21:50:21,319 [INFO] 📨 Received: {'type': 'HEARTBEAT', 'source': 'valentine', 'status': 'online', 'timestamp': '2026-01-11T21:50:21.200975'}
2026-01-11 21:50:21,319 [INFO] 📨 Received: {'type': 'HEARTBEAT', 'source': 'valentine', 'status': 'online', 'timestamp': '2026-01-11T21:50:21.200975'}
2026-01-11 21:51:52,131 [ERROR] opening handshake failed
Traceback (most recent call last):
  File "/Library/Frameworks/Python.framework/Versions/3.13/lib/python3.13/site-packages/websockets/http11.py", line 138, in parse
    request_line = yield from parse_line(read_line)
                   ^^^^^^^^^^^^^^^^^^^^^^^^^^^^^^^^
  File "/Library/Frameworks/Python.framework/Versions/3.13/lib/python3.13/site-packages/websockets/http11.py", line 309, in parse_line
    line = yield from read_line(MAX_LINE_LENGTH)
           ^^^^^^^^^^^^^^^^^^^^^^^^^^^^^^^^^^^^^
  File "/Library/Frameworks/Python.framework/Versions/3.13/lib/python3.13/site-packages/websockets/streams.py", line 46, in read_line
    raise EOFError(f"stream ends after {p} bytes, before end of line")
EOFError: stream ends after 0 bytes, before end of line

The above exception was the direct cause of the following exception:

Traceback (most recent call last):
  File "/Library/Frameworks/Python.framework/Versions/3.13/lib/python3.13/site-packages/websockets/server.py", line 545, in parse
    request = yield from Request.parse(
              ^^^^^^^^^^^^^^^^^^^^^^^^^
        self.reader.read_line,
        ^^^^^^^^^^^^^^^^^^^^^^
    )
    ^
  File "/Library/Frameworks/Python.framework/Versions/3.13/lib/python3.13/site-packages/websockets/http11.py", line 140, in parse
    raise EOFError("connection closed while reading HTTP request line") from exc
EOFError: connection closed while reading HTTP request line

The above exception was the direct cause of the following exception:

Traceback (most recent call last):
  File "/Library/Frameworks/Python.framework/Versions/3.13/lib/python3.13/site-packages/websockets/asyncio/server.py", line 356, in conn_handler
    await connection.handshake(
    ...<3 lines>...
    )
  File "/Library/Frameworks/Python.framework/Versions/3.13/lib/python3.13/site-packages/websockets/asyncio/server.py", line 207, in handshake
    raise self.protocol.handshake_exc
websockets.exceptions.InvalidMessage: did not receive a valid HTTP request
2026-01-11 21:51:52,131 [ERROR] opening handshake failed
Traceback (most recent call last):
  File "/Library/Frameworks/Python.framework/Versions/3.13/lib/python3.13/site-packages/websockets/http11.py", line 138, in parse
    request_line = yield from parse_line(read_line)
                   ^^^^^^^^^^^^^^^^^^^^^^^^^^^^^^^^
  File "/Library/Frameworks/Python.framework/Versions/3.13/lib/python3.13/site-packages/websockets/http11.py", line 309, in parse_line
    line = yield from read_line(MAX_LINE_LENGTH)
           ^^^^^^^^^^^^^^^^^^^^^^^^^^^^^^^^^^^^^
  File "/Library/Frameworks/Python.framework/Versions/3.13/lib/python3.13/site-packages/websockets/streams.py", line 46, in read_line
    raise EOFError(f"stream ends after {p} bytes, before end of line")
EOFError: stream ends after 0 bytes, before end of line

The above exception was the direct cause of the following exception:

Traceback (most recent call last):
  File "/Library/Frameworks/Python.framework/Versions/3.13/lib/python3.13/site-packages/websockets/server.py", line 545, in parse
    request = yield from Request.parse(
              ^^^^^^^^^^^^^^^^^^^^^^^^^
        self.reader.read_line,
        ^^^^^^^^^^^^^^^^^^^^^^
    )
    ^
  File "/Library/Frameworks/Python.framework/Versions/3.13/lib/python3.13/site-packages/websockets/http11.py", line 140, in parse
    raise EOFError("connection closed while reading HTTP request line") from exc
EOFError: connection closed while reading HTTP request line

The above exception was the direct cause of the following exception:

Traceback (most recent call last):
  File "/Library/Frameworks/Python.framework/Versions/3.13/lib/python3.13/site-packages/websockets/asyncio/server.py", line 356, in conn_handler
    await connection.handshake(
    ...<3 lines>...
    )
  File "/Library/Frameworks/Python.framework/Versions/3.13/lib/python3.13/site-packages/websockets/asyncio/server.py", line 207, in handshake
    raise self.protocol.handshake_exc
websockets.exceptions.InvalidMessage: did not receive a valid HTTP request
2026-01-11 21:55:21,682 [INFO] 📨 Received: {'type': 'HEARTBEAT', 'source': 'valentine', 'status': 'online', 'timestamp': '2026-01-11T21:55:21.349027'}
2026-01-11 21:55:21,682 [INFO] 📨 Received: {'type': 'HEARTBEAT', 'source': 'valentine', 'status': 'online', 'timestamp': '2026-01-11T21:55:21.349027'}
2026-01-11 21:57:18,551 [ERROR] opening handshake failed
Traceback (most recent call last):
  File "/Library/Frameworks/Python.framework/Versions/3.13/lib/python3.13/site-packages/websockets/http11.py", line 138, in parse
    request_line = yield from parse_line(read_line)
                   ^^^^^^^^^^^^^^^^^^^^^^^^^^^^^^^^
  File "/Library/Frameworks/Python.framework/Versions/3.13/lib/python3.13/site-packages/websockets/http11.py", line 309, in parse_line
    line = yield from read_line(MAX_LINE_LENGTH)
           ^^^^^^^^^^^^^^^^^^^^^^^^^^^^^^^^^^^^^
  File "/Library/Frameworks/Python.framework/Versions/3.13/lib/python3.13/site-packages/websockets/streams.py", line 46, in read_line
    raise EOFError(f"stream ends after {p} bytes, before end of line")
EOFError: stream ends after 0 bytes, before end of line

The above exception was the direct cause of the following exception:

Traceback (most recent call last):
  File "/Library/Frameworks/Python.framework/Versions/3.13/lib/python3.13/site-packages/websockets/server.py", line 545, in parse
    request = yield from Request.parse(
              ^^^^^^^^^^^^^^^^^^^^^^^^^
        self.reader.read_line,
        ^^^^^^^^^^^^^^^^^^^^^^
    )
    ^
  File "/Library/Frameworks/Python.framework/Versions/3.13/lib/python3.13/site-packages/websockets/http11.py", line 140, in parse
    raise EOFError("connection closed while reading HTTP request line") from exc
EOFError: connection closed while reading HTTP request line

The above exception was the direct cause of the following exception:

Traceback (most recent call last):
  File "/Library/Frameworks/Python.framework/Versions/3.13/lib/python3.13/site-packages/websockets/asyncio/server.py", line 356, in conn_handler
    await connection.handshake(
    ...<3 lines>...
    )
  File "/Library/Frameworks/Python.framework/Versions/3.13/lib/python3.13/site-packages/websockets/asyncio/server.py", line 207, in handshake
    raise self.protocol.handshake_exc
websockets.exceptions.InvalidMessage: did not receive a valid HTTP request
2026-01-11 21:57:18,551 [ERROR] opening handshake failed
Traceback (most recent call last):
  File "/Library/Frameworks/Python.framework/Versions/3.13/lib/python3.13/site-packages/websockets/http11.py", line 138, in parse
    request_line = yield from parse_line(read_line)
                   ^^^^^^^^^^^^^^^^^^^^^^^^^^^^^^^^
  File "/Library/Frameworks/Python.framework/Versions/3.13/lib/python3.13/site-packages/websockets/http11.py", line 309, in parse_line
    line = yield from read_line(MAX_LINE_LENGTH)
           ^^^^^^^^^^^^^^^^^^^^^^^^^^^^^^^^^^^^^
  File "/Library/Frameworks/Python.framework/Versions/3.13/lib/python3.13/site-packages/websockets/streams.py", line 46, in read_line
    raise EOFError(f"stream ends after {p} bytes, before end of line")
EOFError: stream ends after 0 bytes, before end of line

The above exception was the direct cause of the following exception:

Traceback (most recent call last):
  File "/Library/Frameworks/Python.framework/Versions/3.13/lib/python3.13/site-packages/websockets/server.py", line 545, in parse
    request = yield from Request.parse(
              ^^^^^^^^^^^^^^^^^^^^^^^^^
        self.reader.read_line,
        ^^^^^^^^^^^^^^^^^^^^^^
    )
    ^
  File "/Library/Frameworks/Python.framework/Versions/3.13/lib/python3.13/site-packages/websockets/http11.py", line 140, in parse
    raise EOFError("connection closed while reading HTTP request line") from exc
EOFError: connection closed while reading HTTP request line

The above exception was the direct cause of the following exception:

Traceback (most recent call last):
  File "/Library/Frameworks/Python.framework/Versions/3.13/lib/python3.13/site-packages/websockets/asyncio/server.py", line 356, in conn_handler
    await connection.handshake(
    ...<3 lines>...
    )
  File "/Library/Frameworks/Python.framework/Versions/3.13/lib/python3.13/site-packages/websockets/asyncio/server.py", line 207, in handshake
    raise self.protocol.handshake_exc
websockets.exceptions.InvalidMessage: did not receive a valid HTTP request
2026-01-11 22:00:21,518 [INFO] 📨 Received: {'type': 'HEARTBEAT', 'source': 'valentine', 'status': 'online', 'timestamp': '2026-01-11T22:00:21.455237'}
2026-01-11 22:00:21,518 [INFO] 📨 Received: {'type': 'HEARTBEAT', 'source': 'valentine', 'status': 'online', 'timestamp': '2026-01-11T22:00:21.455237'}
2026-01-11 22:02:15,324 [ERROR] opening handshake failed
Traceback (most recent call last):
  File "/Library/Frameworks/Python.framework/Versions/3.13/lib/python3.13/site-packages/websockets/http11.py", line 138, in parse
    request_line = yield from parse_line(read_line)
                   ^^^^^^^^^^^^^^^^^^^^^^^^^^^^^^^^
  File "/Library/Frameworks/Python.framework/Versions/3.13/lib/python3.13/site-packages/websockets/http11.py", line 309, in parse_line
    line = yield from read_line(MAX_LINE_LENGTH)
           ^^^^^^^^^^^^^^^^^^^^^^^^^^^^^^^^^^^^^
  File "/Library/Frameworks/Python.framework/Versions/3.13/lib/python3.13/site-packages/websockets/streams.py", line 46, in read_line
    raise EOFError(f"stream ends after {p} bytes, before end of line")
EOFError: stream ends after 0 bytes, before end of line

The above exception was the direct cause of the following exception:

Traceback (most recent call last):
  File "/Library/Frameworks/Python.framework/Versions/3.13/lib/python3.13/site-packages/websockets/server.py", line 545, in parse
    request = yield from Request.parse(
              ^^^^^^^^^^^^^^^^^^^^^^^^^
        self.reader.read_line,
        ^^^^^^^^^^^^^^^^^^^^^^
    )
    ^
  File "/Library/Frameworks/Python.framework/Versions/3.13/lib/python3.13/site-packages/websockets/http11.py", line 140, in parse
    raise EOFError("connection closed while reading HTTP request line") from exc
EOFError: connection closed while reading HTTP request line

The above exception was the direct cause of the following exception:

Traceback (most recent call last):
  File "/Library/Frameworks/Python.framework/Versions/3.13/lib/python3.13/site-packages/websockets/asyncio/server.py", line 356, in conn_handler
    await connection.handshake(
    ...<3 lines>...
    )
  File "/Library/Frameworks/Python.framework/Versions/3.13/lib/python3.13/site-packages/websockets/asyncio/server.py", line 207, in handshake
    raise self.protocol.handshake_exc
websockets.exceptions.InvalidMessage: did not receive a valid HTTP request
2026-01-11 22:02:15,324 [ERROR] opening handshake failed
Traceback (most recent call last):
  File "/Library/Frameworks/Python.framework/Versions/3.13/lib/python3.13/site-packages/websockets/http11.py", line 138, in parse
    request_line = yield from parse_line(read_line)
                   ^^^^^^^^^^^^^^^^^^^^^^^^^^^^^^^^
  File "/Library/Frameworks/Python.framework/Versions/3.13/lib/python3.13/site-packages/websockets/http11.py", line 309, in parse_line
    line = yield from read_line(MAX_LINE_LENGTH)
           ^^^^^^^^^^^^^^^^^^^^^^^^^^^^^^^^^^^^^
  File "/Library/Frameworks/Python.framework/Versions/3.13/lib/python3.13/site-packages/websockets/streams.py", line 46, in read_line
    raise EOFError(f"stream ends after {p} bytes, before end of line")
EOFError: stream ends after 0 bytes, before end of line

The above exception was the direct cause of the following exception:

Traceback (most recent call last):
  File "/Library/Frameworks/Python.framework/Versions/3.13/lib/python3.13/site-packages/websockets/server.py", line 545, in parse
    request = yield from Request.parse(
              ^^^^^^^^^^^^^^^^^^^^^^^^^
        self.reader.read_line,
        ^^^^^^^^^^^^^^^^^^^^^^
    )
    ^
  File "/Library/Frameworks/Python.framework/Versions/3.13/lib/python3.13/site-packages/websockets/http11.py", line 140, in parse
    raise EOFError("connection closed while reading HTTP request line") from exc
EOFError: connection closed while reading HTTP request line

The above exception was the direct cause of the following exception:

Traceback (most recent call last):
  File "/Library/Frameworks/Python.framework/Versions/3.13/lib/python3.13/site-packages/websockets/asyncio/server.py", line 356, in conn_handler
    await connection.handshake(
    ...<3 lines>...
    )
  File "/Library/Frameworks/Python.framework/Versions/3.13/lib/python3.13/site-packages/websockets/asyncio/server.py", line 207, in handshake
    raise self.protocol.handshake_exc
websockets.exceptions.InvalidMessage: did not receive a valid HTTP request
2026-01-11 22:05:21,510 [INFO] 📨 Received: {'type': 'HEARTBEAT', 'source': 'valentine', 'status': 'online', 'timestamp': '2026-01-11T22:05:21.488084'}
2026-01-11 22:05:21,510 [INFO] 📨 Received: {'type': 'HEARTBEAT', 'source': 'valentine', 'status': 'online', 'timestamp': '2026-01-11T22:05:21.488084'}
2026-01-11 22:06:32,187 [INFO] connection open
2026-01-11 22:06:32,187 [INFO] connection open
2026-01-11 22:06:32,202 [INFO] 🔗 Client Connected: ('127.0.0.1', 54931)
2026-01-11 22:06:32,202 [INFO] 🔗 Client Connected: ('127.0.0.1', 54931)
2026-01-11 22:06:32,230 [INFO] 📨 Received: {'type': 'LATENCY_PING', 'timestamp': 3828.928378089}
2026-01-11 22:06:32,230 [INFO] 📨 Received: {'type': 'LATENCY_PING', 'timestamp': 3828.928378089}
2026-01-11 22:06:38,653 [INFO] connection open
2026-01-11 22:06:38,653 [INFO] connection open
2026-01-11 22:06:38,671 [INFO] 🔗 Client Connected: ('127.0.0.1', 54938)
2026-01-11 22:06:38,671 [INFO] 🔗 Client Connected: ('127.0.0.1', 54938)
2026-01-11 22:10:21,752 [INFO] 📨 Received: {'type': 'HEARTBEAT', 'source': 'valentine', 'status': 'online', 'timestamp': '2026-01-11T22:10:21.513241'}
2026-01-11 22:10:21,752 [INFO] 📨 Received: {'type': 'HEARTBEAT', 'source': 'valentine', 'status': 'online', 'timestamp': '2026-01-11T22:10:21.513241'}
2026-01-11 22:13:56,394 [INFO] connection open
2026-01-11 22:13:56,394 [INFO] connection open
2026-01-11 22:13:56,411 [INFO] 🔗 Client Connected: ('127.0.0.1', 55679)
2026-01-11 22:13:56,411 [INFO] 🔗 Client Connected: ('127.0.0.1', 55679)
2026-01-11 22:13:56,464 [INFO] 📨 Received: {'type': 'LATENCY_PING', 'timestamp': 4273.132752207}
2026-01-11 22:13:56,464 [INFO] 📨 Received: {'type': 'LATENCY_PING', 'timestamp': 4273.132752207}
2026-01-11 22:15:21,619 [INFO] 📨 Received: {'type': 'HEARTBEAT', 'source': 'valentine', 'status': 'online', 'timestamp': '2026-01-11T22:15:21.590216'}
2026-01-11 22:15:21,619 [INFO] 📨 Received: {'type': 'HEARTBEAT', 'source': 'valentine', 'status': 'online', 'timestamp': '2026-01-11T22:15:21.590216'}
2026-01-11 22:20:21,640 [INFO] 📨 Received: {'type': 'HEARTBEAT', 'source': 'valentine', 'status': 'online', 'timestamp': '2026-01-11T22:20:21.612855'}
2026-01-11 22:20:21,640 [INFO] 📨 Received: {'type': 'HEARTBEAT', 'source': 'valentine', 'status': 'online', 'timestamp': '2026-01-11T22:20:21.612855'}
2026-01-11 22:25:21,768 [INFO] 📨 Received: {'type': 'HEARTBEAT', 'source': 'valentine', 'status': 'online', 'timestamp': '2026-01-11T22:25:21.643311'}
2026-01-11 22:25:21,768 [INFO] 📨 Received: {'type': 'HEARTBEAT', 'source': 'valentine', 'status': 'online', 'timestamp': '2026-01-11T22:25:21.643311'}
2026-01-11 22:30:21,745 [INFO] 📨 Received: {'type': 'HEARTBEAT', 'source': 'valentine', 'status': 'online', 'timestamp': '2026-01-11T22:30:21.688871'}
2026-01-11 22:30:21,745 [INFO] 📨 Received: {'type': 'HEARTBEAT', 'source': 'valentine', 'status': 'online', 'timestamp': '2026-01-11T22:30:21.688871'}
2026-01-11 22:35:21,932 [INFO] 📨 Received: {'type': 'HEARTBEAT', 'source': 'valentine', 'status': 'online', 'timestamp': '2026-01-11T22:35:21.723954'}
2026-01-11 22:35:21,932 [INFO] 📨 Received: {'type': 'HEARTBEAT', 'source': 'valentine', 'status': 'online', 'timestamp': '2026-01-11T22:35:21.723954'}
2026-01-11 22:40:21,955 [INFO] 📨 Received: {'type': 'HEARTBEAT', 'source': 'valentine', 'status': 'online', 'timestamp': '2026-01-11T22:40:21.849530'}
2026-01-11 22:40:21,955 [INFO] 📨 Received: {'type': 'HEARTBEAT', 'source': 'valentine', 'status': 'online', 'timestamp': '2026-01-11T22:40:21.849530'}
2026-01-11 22:45:22,146 [INFO] 📨 Received: {'type': 'HEARTBEAT', 'source': 'valentine', 'status': 'online', 'timestamp': '2026-01-11T22:45:21.892240'}
2026-01-11 22:45:22,146 [INFO] 📨 Received: {'type': 'HEARTBEAT', 'source': 'valentine', 'status': 'online', 'timestamp': '2026-01-11T22:45:21.892240'}
2026-01-11 22:47:47,729 [INFO] connection open
2026-01-11 22:47:47,729 [INFO] connection open
2026-01-11 22:47:51,424 [INFO] 🔗 Client Connected: ('127.0.0.1', 58733)
2026-01-11 22:47:51,424 [INFO] 🔗 Client Connected: ('127.0.0.1', 58733)
2026-01-11 22:50:22,348 [INFO] 📨 Received: {'type': 'HEARTBEAT', 'source': 'valentine', 'status': 'online', 'timestamp': '2026-01-11T22:50:21.987906'}
2026-01-11 22:50:22,348 [INFO] 📨 Received: {'type': 'HEARTBEAT', 'source': 'valentine', 'status': 'online', 'timestamp': '2026-01-11T22:50:21.987906'}
2026-01-11 22:55:22,184 [INFO] 📨 Received: {'type': 'HEARTBEAT', 'source': 'valentine', 'status': 'online', 'timestamp': '2026-01-11T22:55:22.072432'}
2026-01-11 22:55:22,184 [INFO] 📨 Received: {'type': 'HEARTBEAT', 'source': 'valentine', 'status': 'online', 'timestamp': '2026-01-11T22:55:22.072432'}
2026-01-11 23:00:22,247 [INFO] 📨 Received: {'type': 'HEARTBEAT', 'source': 'valentine', 'status': 'online', 'timestamp': '2026-01-11T23:00:22.132731'}
2026-01-11 23:00:22,247 [INFO] 📨 Received: {'type': 'HEARTBEAT', 'source': 'valentine', 'status': 'online', 'timestamp': '2026-01-11T23:00:22.132731'}
2026-01-11 23:05:22,531 [INFO] 📨 Received: {'type': 'HEARTBEAT', 'source': 'valentine', 'status': 'online', 'timestamp': '2026-01-11T23:05:22.217051'}
2026-01-11 23:05:22,531 [INFO] 📨 Received: {'type': 'HEARTBEAT', 'source': 'valentine', 'status': 'online', 'timestamp': '2026-01-11T23:05:22.217051'}
2026-01-11 23:10:22,448 [INFO] 📨 Received: {'type': 'HEARTBEAT', 'source': 'valentine', 'status': 'online', 'timestamp': '2026-01-11T23:10:22.391116'}
2026-01-11 23:10:22,448 [INFO] 📨 Received: {'type': 'HEARTBEAT', 'source': 'valentine', 'status': 'online', 'timestamp': '2026-01-11T23:10:22.391116'}
2026-01-11 23:15:22,475 [INFO] 📨 Received: {'type': 'HEARTBEAT', 'source': 'valentine', 'status': 'online', 'timestamp': '2026-01-11T23:15:22.433129'}
2026-01-11 23:15:22,475 [INFO] 📨 Received: {'type': 'HEARTBEAT', 'source': 'valentine', 'status': 'online', 'timestamp': '2026-01-11T23:15:22.433129'}
2026-01-11 23:20:22,487 [INFO] 📨 Received: {'type': 'HEARTBEAT', 'source': 'valentine', 'status': 'online', 'timestamp': '2026-01-11T23:20:22.453184'}
2026-01-11 23:20:22,487 [INFO] 📨 Received: {'type': 'HEARTBEAT', 'source': 'valentine', 'status': 'online', 'timestamp': '2026-01-11T23:20:22.453184'}
2026-01-11 23:25:22,333 [INFO] 📨 Received: {'type': 'HEARTBEAT', 'source': 'valentine', 'status': 'online', 'timestamp': '2026-01-11T23:25:22.317464'}
2026-01-11 23:25:22,333 [INFO] 📨 Received: {'type': 'HEARTBEAT', 'source': 'valentine', 'status': 'online', 'timestamp': '2026-01-11T23:25:22.317464'}
2026-01-11 23:30:22,346 [INFO] 📨 Received: {'type': 'HEARTBEAT', 'source': 'valentine', 'status': 'online', 'timestamp': '2026-01-11T23:30:22.330520'}
2026-01-11 23:30:22,346 [INFO] 📨 Received: {'type': 'HEARTBEAT', 'source': 'valentine', 'status': 'online', 'timestamp': '2026-01-11T23:30:22.330520'}
2026-01-11 23:35:22,348 [INFO] 📨 Received: {'type': 'HEARTBEAT', 'source': 'valentine', 'status': 'online', 'timestamp': '2026-01-11T23:35:22.341378'}
2026-01-11 23:35:22,348 [INFO] 📨 Received: {'type': 'HEARTBEAT', 'source': 'valentine', 'status': 'online', 'timestamp': '2026-01-11T23:35:22.341378'}
2026-01-11 23:40:22,346 [INFO] 📨 Received: {'type': 'HEARTBEAT', 'source': 'valentine', 'status': 'online', 'timestamp': '2026-01-11T23:40:22.335931'}
2026-01-11 23:40:22,346 [INFO] 📨 Received: {'type': 'HEARTBEAT', 'source': 'valentine', 'status': 'online', 'timestamp': '2026-01-11T23:40:22.335931'}
2026-01-11 23:45:22,373 [INFO] 📨 Received: {'type': 'HEARTBEAT', 'source': 'valentine', 'status': 'online', 'timestamp': '2026-01-11T23:45:22.346778'}
2026-01-11 23:45:22,373 [INFO] 📨 Received: {'type': 'HEARTBEAT', 'source': 'valentine', 'status': 'online', 'timestamp': '2026-01-11T23:45:22.346778'}
2026-01-11 23:50:22,370 [INFO] 📨 Received: {'type': 'HEARTBEAT', 'source': 'valentine', 'status': 'online', 'timestamp': '2026-01-11T23:50:22.361184'}
2026-01-11 23:50:22,370 [INFO] 📨 Received: {'type': 'HEARTBEAT', 'source': 'valentine', 'status': 'online', 'timestamp': '2026-01-11T23:50:22.361184'}
2026-01-11 23:55:22,317 [INFO] 📨 Received: {'type': 'HEARTBEAT', 'source': 'valentine', 'status': 'online', 'timestamp': '2026-01-11T23:55:22.304709'}
2026-01-11 23:55:22,317 [INFO] 📨 Received: {'type': 'HEARTBEAT', 'source': 'valentine', 'status': 'online', 'timestamp': '2026-01-11T23:55:22.304709'}
2026-01-12 00:00:22,318 [INFO] 📨 Received: {'type': 'HEARTBEAT', 'source': 'valentine', 'status': 'online', 'timestamp': '2026-01-12T00:00:22.307112'}
2026-01-12 00:00:22,318 [INFO] 📨 Received: {'type': 'HEARTBEAT', 'source': 'valentine', 'status': 'online', 'timestamp': '2026-01-12T00:00:22.307112'}
2026-01-12 00:05:22,342 [INFO] 📨 Received: {'type': 'HEARTBEAT', 'source': 'valentine', 'status': 'online', 'timestamp': '2026-01-12T00:05:22.318706'}
2026-01-12 00:05:22,342 [INFO] 📨 Received: {'type': 'HEARTBEAT', 'source': 'valentine', 'status': 'online', 'timestamp': '2026-01-12T00:05:22.318706'}
2026-01-12 00:10:22,345 [INFO] 📨 Received: {'type': 'HEARTBEAT', 'source': 'valentine', 'status': 'online', 'timestamp': '2026-01-12T00:10:22.324515'}
2026-01-12 00:10:22,345 [INFO] 📨 Received: {'type': 'HEARTBEAT', 'source': 'valentine', 'status': 'online', 'timestamp': '2026-01-12T00:10:22.324515'}
2026-01-12 00:15:22,343 [INFO] 📨 Received: {'type': 'HEARTBEAT', 'source': 'valentine', 'status': 'online', 'timestamp': '2026-01-12T00:15:22.338792'}
2026-01-12 00:15:22,343 [INFO] 📨 Received: {'type': 'HEARTBEAT', 'source': 'valentine', 'status': 'online', 'timestamp': '2026-01-12T00:15:22.338792'}
2026-01-12 00:20:22,429 [INFO] 📨 Received: {'type': 'HEARTBEAT', 'source': 'valentine', 'status': 'online', 'timestamp': '2026-01-12T00:20:22.420612'}
2026-01-12 00:20:22,429 [INFO] 📨 Received: {'type': 'HEARTBEAT', 'source': 'valentine', 'status': 'online', 'timestamp': '2026-01-12T00:20:22.420612'}
2026-01-12 00:25:22,435 [INFO] 📨 Received: {'type': 'HEARTBEAT', 'source': 'valentine', 'status': 'online', 'timestamp': '2026-01-12T00:25:22.432401'}
2026-01-12 00:25:22,435 [INFO] 📨 Received: {'type': 'HEARTBEAT', 'source': 'valentine', 'status': 'online', 'timestamp': '2026-01-12T00:25:22.432401'}
2026-01-12 00:30:22,436 [INFO] 📨 Received: {'type': 'HEARTBEAT', 'source': 'valentine', 'status': 'online', 'timestamp': '2026-01-12T00:30:22.432976'}
2026-01-12 00:30:22,436 [INFO] 📨 Received: {'type': 'HEARTBEAT', 'source': 'valentine', 'status': 'online', 'timestamp': '2026-01-12T00:30:22.432976'}
2026-01-12 00:35:22,443 [INFO] 📨 Received: {'type': 'HEARTBEAT', 'source': 'valentine', 'status': 'online', 'timestamp': '2026-01-12T00:35:22.441161'}
2026-01-12 00:35:22,443 [INFO] 📨 Received: {'type': 'HEARTBEAT', 'source': 'valentine', 'status': 'online', 'timestamp': '2026-01-12T00:35:22.441161'}
2026-01-12 00:40:22,461 [INFO] 📨 Received: {'type': 'HEARTBEAT', 'source': 'valentine', 'status': 'online', 'timestamp': '2026-01-12T00:40:22.449908'}
2026-01-12 00:40:22,461 [INFO] 📨 Received: {'type': 'HEARTBEAT', 'source': 'valentine', 'status': 'online', 'timestamp': '2026-01-12T00:40:22.449908'}
2026-01-12 00:45:22,474 [INFO] 📨 Received: {'type': 'HEARTBEAT', 'source': 'valentine', 'status': 'online', 'timestamp': '2026-01-12T00:45:22.470758'}
2026-01-12 00:45:22,474 [INFO] 📨 Received: {'type': 'HEARTBEAT', 'source': 'valentine', 'status': 'online', 'timestamp': '2026-01-12T00:45:22.470758'}
2026-01-12 00:50:22,728 [INFO] 📨 Received: {'type': 'HEARTBEAT', 'source': 'valentine', 'status': 'online', 'timestamp': '2026-01-12T00:50:22.489068'}
2026-01-12 00:50:22,728 [INFO] 📨 Received: {'type': 'HEARTBEAT', 'source': 'valentine', 'status': 'online', 'timestamp': '2026-01-12T00:50:22.489068'}
2026-01-12 00:55:22,871 [INFO] 📨 Received: {'type': 'HEARTBEAT', 'source': 'valentine', 'status': 'online', 'timestamp': '2026-01-12T00:55:22.702598'}
2026-01-12 00:55:22,871 [INFO] 📨 Received: {'type': 'HEARTBEAT', 'source': 'valentine', 'status': 'online', 'timestamp': '2026-01-12T00:55:22.702598'}
2026-01-12 01:00:22,873 [INFO] 📨 Received: {'type': 'HEARTBEAT', 'source': 'valentine', 'status': 'online', 'timestamp': '2026-01-12T01:00:22.771438'}
2026-01-12 01:00:22,873 [INFO] 📨 Received: {'type': 'HEARTBEAT', 'source': 'valentine', 'status': 'online', 'timestamp': '2026-01-12T01:00:22.771438'}
2026-01-12 01:05:22,864 [INFO] 📨 Received: {'type': 'HEARTBEAT', 'source': 'valentine', 'status': 'online', 'timestamp': '2026-01-12T01:05:22.804912'}
2026-01-12 01:05:22,864 [INFO] 📨 Received: {'type': 'HEARTBEAT', 'source': 'valentine', 'status': 'online', 'timestamp': '2026-01-12T01:05:22.804912'}
2026-01-12 01:10:23,031 [INFO] 📨 Received: {'type': 'HEARTBEAT', 'source': 'valentine', 'status': 'online', 'timestamp': '2026-01-12T01:10:22.871105'}
2026-01-12 01:10:23,031 [INFO] 📨 Received: {'type': 'HEARTBEAT', 'source': 'valentine', 'status': 'online', 'timestamp': '2026-01-12T01:10:22.871105'}
2026-01-12 01:15:23,294 [INFO] 📨 Received: {'type': 'HEARTBEAT', 'source': 'valentine', 'status': 'online', 'timestamp': '2026-01-12T01:15:22.972855'}
2026-01-12 01:15:23,294 [INFO] 📨 Received: {'type': 'HEARTBEAT', 'source': 'valentine', 'status': 'online', 'timestamp': '2026-01-12T01:15:22.972855'}
2026-01-12 01:20:23,256 [INFO] 📨 Received: {'type': 'HEARTBEAT', 'source': 'valentine', 'status': 'online', 'timestamp': '2026-01-12T01:20:23.116403'}
2026-01-12 01:20:23,256 [INFO] 📨 Received: {'type': 'HEARTBEAT', 'source': 'valentine', 'status': 'online', 'timestamp': '2026-01-12T01:20:23.116403'}
2026-01-12 01:25:23,335 [INFO] 📨 Received: {'type': 'HEARTBEAT', 'source': 'valentine', 'status': 'online', 'timestamp': '2026-01-12T01:25:23.168597'}
2026-01-12 01:25:23,335 [INFO] 📨 Received: {'type': 'HEARTBEAT', 'source': 'valentine', 'status': 'online', 'timestamp': '2026-01-12T01:25:23.168597'}
2026-01-12 01:30:23,401 [INFO] 📨 Received: {'type': 'HEARTBEAT', 'source': 'valentine', 'status': 'online', 'timestamp': '2026-01-12T01:30:23.209448'}
2026-01-12 01:30:23,401 [INFO] 📨 Received: {'type': 'HEARTBEAT', 'source': 'valentine', 'status': 'online', 'timestamp': '2026-01-12T01:30:23.209448'}
2026-01-12 01:35:23,415 [INFO] 📨 Received: {'type': 'HEARTBEAT', 'source': 'valentine', 'status': 'online', 'timestamp': '2026-01-12T01:35:23.254002'}
2026-01-12 01:35:23,415 [INFO] 📨 Received: {'type': 'HEARTBEAT', 'source': 'valentine', 'status': 'online', 'timestamp': '2026-01-12T01:35:23.254002'}
2026-01-12 01:40:23,794 [INFO] 📨 Received: {'type': 'HEARTBEAT', 'source': 'valentine', 'status': 'online', 'timestamp': '2026-01-12T01:40:23.362889'}
2026-01-12 01:40:23,794 [INFO] 📨 Received: {'type': 'HEARTBEAT', 'source': 'valentine', 'status': 'online', 'timestamp': '2026-01-12T01:40:23.362889'}
2026-01-12 01:45:23,807 [INFO] 📨 Received: {'type': 'HEARTBEAT', 'source': 'valentine', 'status': 'online', 'timestamp': '2026-01-12T01:45:23.626899'}
2026-01-12 01:45:23,807 [INFO] 📨 Received: {'type': 'HEARTBEAT', 'source': 'valentine', 'status': 'online', 'timestamp': '2026-01-12T01:45:23.626899'}
2026-01-12 01:50:23,859 [INFO] 📨 Received: {'type': 'HEARTBEAT', 'source': 'valentine', 'status': 'online', 'timestamp': '2026-01-12T01:50:23.738632'}
2026-01-12 01:50:23,859 [INFO] 📨 Received: {'type': 'HEARTBEAT', 'source': 'valentine', 'status': 'online', 'timestamp': '2026-01-12T01:50:23.738632'}
2026-01-12 01:55:23,803 [INFO] 📨 Received: {'type': 'HEARTBEAT', 'source': 'valentine', 'status': 'online', 'timestamp': '2026-01-12T01:55:23.776856'}
2026-01-12 01:55:23,803 [INFO] 📨 Received: {'type': 'HEARTBEAT', 'source': 'valentine', 'status': 'online', 'timestamp': '2026-01-12T01:55:23.776856'}
2026-01-12 02:00:23,817 [INFO] 📨 Received: {'type': 'HEARTBEAT', 'source': 'valentine', 'status': 'online', 'timestamp': '2026-01-12T02:00:23.792556'}
2026-01-12 02:00:23,817 [INFO] 📨 Received: {'type': 'HEARTBEAT', 'source': 'valentine', 'status': 'online', 'timestamp': '2026-01-12T02:00:23.792556'}
2026-01-12 02:05:23,852 [INFO] 📨 Received: {'type': 'HEARTBEAT', 'source': 'valentine', 'status': 'online', 'timestamp': '2026-01-12T02:05:23.842007'}
2026-01-12 02:05:23,852 [INFO] 📨 Received: {'type': 'HEARTBEAT', 'source': 'valentine', 'status': 'online', 'timestamp': '2026-01-12T02:05:23.842007'}
2026-01-12 02:10:23,941 [INFO] 📨 Received: {'type': 'HEARTBEAT', 'source': 'valentine', 'status': 'online', 'timestamp': '2026-01-12T02:10:23.856347'}
2026-01-12 02:10:23,941 [INFO] 📨 Received: {'type': 'HEARTBEAT', 'source': 'valentine', 'status': 'online', 'timestamp': '2026-01-12T02:10:23.856347'}
2026-01-12 02:15:23,949 [INFO] 📨 Received: {'type': 'HEARTBEAT', 'source': 'valentine', 'status': 'online', 'timestamp': '2026-01-12T02:15:23.890647'}
2026-01-12 02:15:23,949 [INFO] 📨 Received: {'type': 'HEARTBEAT', 'source': 'valentine', 'status': 'online', 'timestamp': '2026-01-12T02:15:23.890647'}
2026-01-12 02:20:23,929 [INFO] 📨 Received: {'type': 'HEARTBEAT', 'source': 'valentine', 'status': 'online', 'timestamp': '2026-01-12T02:20:23.926258'}
2026-01-12 02:20:23,929 [INFO] 📨 Received: {'type': 'HEARTBEAT', 'source': 'valentine', 'status': 'online', 'timestamp': '2026-01-12T02:20:23.926258'}
2026-01-12 02:25:24,103 [INFO] 📨 Received: {'type': 'HEARTBEAT', 'source': 'valentine', 'status': 'online', 'timestamp': '2026-01-12T02:25:23.914602'}
2026-01-12 02:25:24,103 [INFO] 📨 Received: {'type': 'HEARTBEAT', 'source': 'valentine', 'status': 'online', 'timestamp': '2026-01-12T02:25:23.914602'}
2026-01-12 02:30:24,039 [INFO] 📨 Received: {'type': 'HEARTBEAT', 'source': 'valentine', 'status': 'online', 'timestamp': '2026-01-12T02:30:24.020877'}
2026-01-12 02:30:24,039 [INFO] 📨 Received: {'type': 'HEARTBEAT', 'source': 'valentine', 'status': 'online', 'timestamp': '2026-01-12T02:30:24.020877'}
2026-01-12 02:35:24,150 [INFO] 📨 Received: {'type': 'HEARTBEAT', 'source': 'valentine', 'status': 'online', 'timestamp': '2026-01-12T02:35:24.039467'}
2026-01-12 02:35:24,150 [INFO] 📨 Received: {'type': 'HEARTBEAT', 'source': 'valentine', 'status': 'online', 'timestamp': '2026-01-12T02:35:24.039467'}
2026-01-12 02:40:24,444 [INFO] 📨 Received: {'type': 'HEARTBEAT', 'source': 'valentine', 'status': 'online', 'timestamp': '2026-01-12T02:40:24.042431'}
2026-01-12 02:40:24,444 [INFO] 📨 Received: {'type': 'HEARTBEAT', 'source': 'valentine', 'status': 'online', 'timestamp': '2026-01-12T02:40:24.042431'}
2026-01-12 02:45:24,169 [INFO] 📨 Received: {'type': 'HEARTBEAT', 'source': 'valentine', 'status': 'online', 'timestamp': '2026-01-12T02:45:24.140025'}
2026-01-12 02:45:24,169 [INFO] 📨 Received: {'type': 'HEARTBEAT', 'source': 'valentine', 'status': 'online', 'timestamp': '2026-01-12T02:45:24.140025'}
2026-01-12 02:50:24,244 [INFO] 📨 Received: {'type': 'HEARTBEAT', 'source': 'valentine', 'status': 'online', 'timestamp': '2026-01-12T02:50:24.151648'}
2026-01-12 02:50:24,244 [INFO] 📨 Received: {'type': 'HEARTBEAT', 'source': 'valentine', 'status': 'online', 'timestamp': '2026-01-12T02:50:24.151648'}
2026-01-12 02:55:24,166 [INFO] 📨 Received: {'type': 'HEARTBEAT', 'source': 'valentine', 'status': 'online', 'timestamp': '2026-01-12T02:55:24.158819'}
2026-01-12 02:55:24,166 [INFO] 📨 Received: {'type': 'HEARTBEAT', 'source': 'valentine', 'status': 'online', 'timestamp': '2026-01-12T02:55:24.158819'}
2026-01-12 03:00:24,197 [INFO] 📨 Received: {'type': 'HEARTBEAT', 'source': 'valentine', 'status': 'online', 'timestamp': '2026-01-12T03:00:24.189264'}
2026-01-12 03:00:24,197 [INFO] 📨 Received: {'type': 'HEARTBEAT', 'source': 'valentine', 'status': 'online', 'timestamp': '2026-01-12T03:00:24.189264'}
2026-01-12 03:05:24,354 [INFO] 📨 Received: {'type': 'HEARTBEAT', 'source': 'valentine', 'status': 'online', 'timestamp': '2026-01-12T03:05:24.209291'}
2026-01-12 03:05:24,354 [INFO] 📨 Received: {'type': 'HEARTBEAT', 'source': 'valentine', 'status': 'online', 'timestamp': '2026-01-12T03:05:24.209291'}
2026-02-17 13:47:15,320 [INFO] 🚀 Starting Neural Relay on 0.0.0.0:3001
2026-02-17 13:47:15,320 [INFO] 🚀 Starting Neural Relay on 0.0.0.0:3001
2026-02-17 13:47:15,525 [INFO] server listening on 0.0.0.0:3001
2026-02-17 13:47:15,525 [INFO] server listening on 0.0.0.0:3001
2026-02-17 13:47:15,946 [INFO] connection open
2026-02-17 13:47:15,946 [INFO] connection open
2026-02-17 13:47:15,946 [INFO] 🔗 Client Connected: ('127.0.0.1', 50361)
2026-02-17 13:47:15,946 [INFO] 🔗 Client Connected: ('127.0.0.1', 50361)
2026-02-17 13:47:15,957 [INFO] 📨 Received: {'type': 'HEARTBEAT', 'source': 'valentine', 'status': 'online', 'timestamp': '2026-02-17T13:47:15.957380'}
2026-02-17 13:47:15,957 [INFO] 📨 Received: {'type': 'HEARTBEAT', 'source': 'valentine', 'status': 'online', 'timestamp': '2026-02-17T13:47:15.957380'}
2026-02-17 13:52:15,955 [INFO] 📨 Received: {'type': 'HEARTBEAT', 'source': 'valentine', 'status': 'online', 'timestamp': '2026-02-17T13:52:15.951726'}
2026-02-17 13:52:15,955 [INFO] 📨 Received: {'type': 'HEARTBEAT', 'source': 'valentine', 'status': 'online', 'timestamp': '2026-02-17T13:52:15.951726'}
2026-02-17 13:57:15,965 [INFO] 📨 Received: {'type': 'HEARTBEAT', 'source': 'valentine', 'status': 'online', 'timestamp': '2026-02-17T13:57:15.950618'}
2026-02-17 13:57:15,965 [INFO] 📨 Received: {'type': 'HEARTBEAT', 'source': 'valentine', 'status': 'online', 'timestamp': '2026-02-17T13:57:15.950618'}
2026-02-17 14:02:15,986 [INFO] 📨 Received: {'type': 'HEARTBEAT', 'source': 'valentine', 'status': 'online', 'timestamp': '2026-02-17T14:02:15.954376'}
2026-02-17 14:02:15,986 [INFO] 📨 Received: {'type': 'HEARTBEAT', 'source': 'valentine', 'status': 'online', 'timestamp': '2026-02-17T14:02:15.954376'}
2026-02-17 14:07:16,221 [INFO] 📨 Received: {'type': 'HEARTBEAT', 'source': 'valentine', 'status': 'online', 'timestamp': '2026-02-17T14:07:16.004360'}
2026-02-17 14:07:16,221 [INFO] 📨 Received: {'type': 'HEARTBEAT', 'source': 'valentine', 'status': 'online', 'timestamp': '2026-02-17T14:07:16.004360'}
2026-02-17 14:12:16,243 [INFO] 📨 Received: {'type': 'HEARTBEAT', 'source': 'valentine', 'status': 'online', 'timestamp': '2026-02-17T14:12:16.160943'}
2026-02-17 14:12:16,243 [INFO] 📨 Received: {'type': 'HEARTBEAT', 'source': 'valentine', 'status': 'online', 'timestamp': '2026-02-17T14:12:16.160943'}
2026-02-17 14:17:16,283 [INFO] 📨 Received: {'type': 'HEARTBEAT', 'source': 'valentine', 'status': 'online', 'timestamp': '2026-02-17T14:17:16.182395'}
2026-02-17 14:17:16,283 [INFO] 📨 Received: {'type': 'HEARTBEAT', 'source': 'valentine', 'status': 'online', 'timestamp': '2026-02-17T14:17:16.182395'}
2026-02-17 14:22:16,322 [INFO] 📨 Received: {'type': 'HEARTBEAT', 'source': 'valentine', 'status': 'online', 'timestamp': '2026-02-17T14:22:16.230764'}
2026-02-17 14:22:16,322 [INFO] 📨 Received: {'type': 'HEARTBEAT', 'source': 'valentine', 'status': 'online', 'timestamp': '2026-02-17T14:22:16.230764'}
2026-02-17 14:27:16,306 [INFO] 📨 Received: {'type': 'HEARTBEAT', 'source': 'valentine', 'status': 'online', 'timestamp': '2026-02-17T14:27:16.279433'}
2026-02-17 14:27:16,306 [INFO] 📨 Received: {'type': 'HEARTBEAT', 'source': 'valentine', 'status': 'online', 'timestamp': '2026-02-17T14:27:16.279433'}
2026-02-17 14:31:39,512 [INFO] connection open
2026-02-17 14:31:39,512 [INFO] connection open
2026-02-17 14:31:39,643 [INFO] 🔗 Client Connected: ('127.0.0.1', 50969)
2026-02-17 14:31:39,643 [INFO] 🔗 Client Connected: ('127.0.0.1', 50969)
2026-02-17 14:31:39,670 [INFO] connection open
2026-02-17 14:31:39,670 [INFO] connection open
2026-02-17 14:31:39,672 [INFO] 🔗 Client Connected: ('127.0.0.1', 50975)
2026-02-17 14:31:39,672 [INFO] 🔗 Client Connected: ('127.0.0.1', 50975)
2026-02-17 14:31:39,832 [INFO] connection open
2026-02-17 14:31:39,832 [INFO] connection open
2026-02-17 14:31:39,833 [INFO] 🔗 Client Connected: ('127.0.0.1', 50977)
2026-02-17 14:31:39,833 [INFO] 🔗 Client Connected: ('127.0.0.1', 50977)
2026-02-17 14:32:16,374 [INFO] 📨 Received: {'type': 'HEARTBEAT', 'source': 'valentine', 'status': 'online', 'timestamp': '2026-02-17T14:32:16.300752'}
2026-02-17 14:32:16,374 [INFO] 📨 Received: {'type': 'HEARTBEAT', 'source': 'valentine', 'status': 'online', 'timestamp': '2026-02-17T14:32:16.300752'}
2026-02-17 14:37:16,668 [INFO] 📨 Received: {'type': 'HEARTBEAT', 'source': 'valentine', 'status': 'online', 'timestamp': '2026-02-17T14:37:16.348113'}
2026-02-17 14:37:16,668 [INFO] 📨 Received: {'type': 'HEARTBEAT', 'source': 'valentine', 'status': 'online', 'timestamp': '2026-02-17T14:37:16.348113'}
2026-02-17 14:42:17,042 [INFO] 📨 Received: {'type': 'HEARTBEAT', 'source': 'valentine', 'status': 'online', 'timestamp': '2026-02-17T14:42:16.567633'}
2026-02-17 14:42:17,042 [INFO] 📨 Received: {'type': 'HEARTBEAT', 'source': 'valentine', 'status': 'online', 'timestamp': '2026-02-17T14:42:16.567633'}
2026-02-17 14:47:17,289 [INFO] 📨 Received: {'type': 'HEARTBEAT', 'source': 'valentine', 'status': 'online', 'timestamp': '2026-02-17T14:47:16.857833'}
2026-02-17 14:47:17,289 [INFO] 📨 Received: {'type': 'HEARTBEAT', 'source': 'valentine', 'status': 'online', 'timestamp': '2026-02-17T14:47:16.857833'}
2026-02-17 14:50:33,389 [INFO] connection open
2026-02-17 14:50:33,389 [INFO] connection open
2026-02-17 14:50:33,792 [INFO] 🔗 Client Connected: ('127.0.0.1', 51668)
2026-02-17 14:50:33,792 [INFO] 🔗 Client Connected: ('127.0.0.1', 51668)
2026-02-17 14:52:17,279 [INFO] 📨 Received: {'type': 'HEARTBEAT', 'source': 'valentine', 'status': 'online', 'timestamp': '2026-02-17T14:52:17.110813'}
2026-02-17 14:52:17,279 [INFO] 📨 Received: {'type': 'HEARTBEAT', 'source': 'valentine', 'status': 'online', 'timestamp': '2026-02-17T14:52:17.110813'}
2026-02-17 14:57:18,954 [INFO] 📨 Received: {'type': 'HEARTBEAT', 'source': 'valentine', 'status': 'online', 'timestamp': '2026-02-17T14:57:17.291827'}
2026-02-17 14:57:18,954 [INFO] 📨 Received: {'type': 'HEARTBEAT', 'source': 'valentine', 'status': 'online', 'timestamp': '2026-02-17T14:57:17.291827'}
2026-02-17 15:02:18,460 [INFO] 📨 Received: {'type': 'HEARTBEAT', 'source': 'valentine', 'status': 'online', 'timestamp': '2026-02-17T15:02:18.406639'}
2026-02-17 15:02:18,460 [INFO] 📨 Received: {'type': 'HEARTBEAT', 'source': 'valentine', 'status': 'online', 'timestamp': '2026-02-17T15:02:18.406639'}
2026-02-17 15:07:18,474 [INFO] 📨 Received: {'type': 'HEARTBEAT', 'source': 'valentine', 'status': 'online', 'timestamp': '2026-02-17T15:07:18.425768'}
2026-02-17 15:07:18,474 [INFO] 📨 Received: {'type': 'HEARTBEAT', 'source': 'valentine', 'status': 'online', 'timestamp': '2026-02-17T15:07:18.425768'}
2026-02-17 15:12:18,454 [INFO] 📨 Received: {'type': 'HEARTBEAT', 'source': 'valentine', 'status': 'online', 'timestamp': '2026-02-17T15:12:18.431102'}
2026-02-17 15:12:18,454 [INFO] 📨 Received: {'type': 'HEARTBEAT', 'source': 'valentine', 'status': 'online', 'timestamp': '2026-02-17T15:12:18.431102'}
2026-02-17 15:17:18,568 [INFO] 📨 Received: {'type': 'HEARTBEAT', 'source': 'valentine', 'status': 'online', 'timestamp': '2026-02-17T15:17:18.474697'}
2026-02-17 15:17:18,568 [INFO] 📨 Received: {'type': 'HEARTBEAT', 'source': 'valentine', 'status': 'online', 'timestamp': '2026-02-17T15:17:18.474697'}
2026-02-17 15:22:18,594 [INFO] 📨 Received: {'type': 'HEARTBEAT', 'source': 'valentine', 'status': 'online', 'timestamp': '2026-02-17T15:22:18.504776'}
2026-02-17 15:22:18,594 [INFO] 📨 Received: {'type': 'HEARTBEAT', 'source': 'valentine', 'status': 'online', 'timestamp': '2026-02-17T15:22:18.504776'}
2026-02-17 15:27:18,549 [INFO] 📨 Received: {'type': 'HEARTBEAT', 'source': 'valentine', 'status': 'online', 'timestamp': '2026-02-17T15:27:18.514657'}
2026-02-17 15:27:18,549 [INFO] 📨 Received: {'type': 'HEARTBEAT', 'source': 'valentine', 'status': 'online', 'timestamp': '2026-02-17T15:27:18.514657'}
2026-02-17 15:32:18,543 [INFO] 📨 Received: {'type': 'HEARTBEAT', 'source': 'valentine', 'status': 'online', 'timestamp': '2026-02-17T15:32:18.514555'}
2026-02-17 15:32:18,543 [INFO] 📨 Received: {'type': 'HEARTBEAT', 'source': 'valentine', 'status': 'online', 'timestamp': '2026-02-17T15:32:18.514555'}
2026-02-17 15:37:18,706 [INFO] 📨 Received: {'type': 'HEARTBEAT', 'source': 'valentine', 'status': 'online', 'timestamp': '2026-02-17T15:37:18.538114'}
2026-02-17 15:37:18,706 [INFO] 📨 Received: {'type': 'HEARTBEAT', 'source': 'valentine', 'status': 'online', 'timestamp': '2026-02-17T15:37:18.538114'}
2026-02-17 15:42:18,648 [INFO] 📨 Received: {'type': 'HEARTBEAT', 'source': 'valentine', 'status': 'online', 'timestamp': '2026-02-17T15:42:18.614766'}
2026-02-17 15:42:18,648 [INFO] 📨 Received: {'type': 'HEARTBEAT', 'source': 'valentine', 'status': 'online', 'timestamp': '2026-02-17T15:42:18.614766'}
2026-02-17 15:47:18,648 [INFO] 📨 Received: {'type': 'HEARTBEAT', 'source': 'valentine', 'status': 'online', 'timestamp': '2026-02-17T15:47:18.622532'}
2026-02-17 15:47:18,648 [INFO] 📨 Received: {'type': 'HEARTBEAT', 'source': 'valentine', 'status': 'online', 'timestamp': '2026-02-17T15:47:18.622532'}
2026-02-17 15:52:18,655 [INFO] 📨 Received: {'type': 'HEARTBEAT', 'source': 'valentine', 'status': 'online', 'timestamp': '2026-02-17T15:52:18.621315'}
2026-02-17 15:52:18,655 [INFO] 📨 Received: {'type': 'HEARTBEAT', 'source': 'valentine', 'status': 'online', 'timestamp': '2026-02-17T15:52:18.621315'}
2026-02-17 15:57:18,634 [INFO] 📨 Received: {'type': 'HEARTBEAT', 'source': 'valentine', 'status': 'online', 'timestamp': '2026-02-17T15:57:18.619316'}
2026-02-17 15:57:18,634 [INFO] 📨 Received: {'type': 'HEARTBEAT', 'source': 'valentine', 'status': 'online', 'timestamp': '2026-02-17T15:57:18.619316'}
2026-02-17 16:02:18,632 [INFO] 📨 Received: {'type': 'HEARTBEAT', 'source': 'valentine', 'status': 'online', 'timestamp': '2026-02-17T16:02:18.616744'}
2026-02-17 16:02:18,632 [INFO] 📨 Received: {'type': 'HEARTBEAT', 'source': 'valentine', 'status': 'online', 'timestamp': '2026-02-17T16:02:18.616744'}
2026-02-17 16:04:41,430 [INFO] connection open
2026-02-17 16:04:41,430 [INFO] connection open
2026-02-17 16:04:42,235 [INFO] 🔗 Client Connected: ('127.0.0.1', 52742)
2026-02-17 16:04:42,235 [INFO] 🔗 Client Connected: ('127.0.0.1', 52742)
2026-02-17 16:04:43,218 [INFO] connection open
2026-02-17 16:04:43,218 [INFO] connection open
2026-02-17 16:04:43,273 [INFO] 🔗 Client Connected: ('127.0.0.1', 52749)
2026-02-17 16:04:43,273 [INFO] 🔗 Client Connected: ('127.0.0.1', 52749)
2026-02-17 16:07:18,989 [INFO] 📨 Received: {'type': 'HEARTBEAT', 'source': 'valentine', 'status': 'online', 'timestamp': '2026-02-17T16:07:18.674729'}
2026-02-17 16:07:18,989 [INFO] 📨 Received: {'type': 'HEARTBEAT', 'source': 'valentine', 'status': 'online', 'timestamp': '2026-02-17T16:07:18.674729'}
2026-02-17 16:12:18,986 [INFO] 📨 Received: {'type': 'HEARTBEAT', 'source': 'valentine', 'status': 'online', 'timestamp': '2026-02-17T16:12:18.925488'}
2026-02-17 16:12:18,986 [INFO] 📨 Received: {'type': 'HEARTBEAT', 'source': 'valentine', 'status': 'online', 'timestamp': '2026-02-17T16:12:18.925488'}
2026-02-17 16:17:18,986 [INFO] 📨 Received: {'type': 'HEARTBEAT', 'source': 'valentine', 'status': 'online', 'timestamp': '2026-02-17T16:17:18.962189'}
2026-02-17 16:17:18,986 [INFO] 📨 Received: {'type': 'HEARTBEAT', 'source': 'valentine', 'status': 'online', 'timestamp': '2026-02-17T16:17:18.962189'}
2026-02-17 16:22:19,011 [INFO] 📨 Received: {'type': 'HEARTBEAT', 'source': 'valentine', 'status': 'online', 'timestamp': '2026-02-17T16:22:18.962068'}
2026-02-17 16:22:19,011 [INFO] 📨 Received: {'type': 'HEARTBEAT', 'source': 'valentine', 'status': 'online', 'timestamp': '2026-02-17T16:22:18.962068'}
2026-02-17 16:27:19,003 [INFO] 📨 Received: {'type': 'HEARTBEAT', 'source': 'valentine', 'status': 'online', 'timestamp': '2026-02-17T16:27:18.980890'}
2026-02-17 16:27:19,003 [INFO] 📨 Received: {'type': 'HEARTBEAT', 'source': 'valentine', 'status': 'online', 'timestamp': '2026-02-17T16:27:18.980890'}
2026-02-17 16:32:19,011 [INFO] 📨 Received: {'type': 'HEARTBEAT', 'source': 'valentine', 'status': 'online', 'timestamp': '2026-02-17T16:32:18.985368'}
2026-02-17 16:32:19,011 [INFO] 📨 Received: {'type': 'HEARTBEAT', 'source': 'valentine', 'status': 'online', 'timestamp': '2026-02-17T16:32:18.985368'}
2026-02-17 16:37:19,012 [INFO] 📨 Received: {'type': 'HEARTBEAT', 'source': 'valentine', 'status': 'online', 'timestamp': '2026-02-17T16:37:18.989989'}
2026-02-17 16:37:19,012 [INFO] 📨 Received: {'type': 'HEARTBEAT', 'source': 'valentine', 'status': 'online', 'timestamp': '2026-02-17T16:37:18.989989'}
2026-02-17 16:42:19,169 [INFO] 📨 Received: {'type': 'HEARTBEAT', 'source': 'valentine', 'status': 'online', 'timestamp': '2026-02-17T16:42:18.992939'}
2026-02-17 16:42:19,169 [INFO] 📨 Received: {'type': 'HEARTBEAT', 'source': 'valentine', 'status': 'online', 'timestamp': '2026-02-17T16:42:18.992939'}
2026-02-17 16:47:20,588 [INFO] 📨 Received: {'type': 'HEARTBEAT', 'source': 'valentine', 'status': 'online', 'timestamp': '2026-02-17T16:47:19.239538'}
2026-02-17 16:47:20,588 [INFO] 📨 Received: {'type': 'HEARTBEAT', 'source': 'valentine', 'status': 'online', 'timestamp': '2026-02-17T16:47:19.239538'}
2026-02-17 16:52:20,256 [INFO] 📨 Received: {'type': 'HEARTBEAT', 'source': 'valentine', 'status': 'online', 'timestamp': '2026-02-17T16:52:19.415163'}
2026-02-17 16:52:20,256 [INFO] 📨 Received: {'type': 'HEARTBEAT', 'source': 'valentine', 'status': 'online', 'timestamp': '2026-02-17T16:52:19.415163'}
2026-02-17 16:57:20,560 [INFO] 📨 Received: {'type': 'HEARTBEAT', 'source': 'valentine', 'status': 'online', 'timestamp': '2026-02-17T16:57:19.753455'}
2026-02-17 16:57:20,560 [INFO] 📨 Received: {'type': 'HEARTBEAT', 'source': 'valentine', 'status': 'online', 'timestamp': '2026-02-17T16:57:19.753455'}
2026-02-17 17:02:20,223 [INFO] 📨 Received: {'type': 'HEARTBEAT', 'source': 'valentine', 'status': 'online', 'timestamp': '2026-02-17T17:02:19.972962'}
2026-02-17 17:02:20,223 [INFO] 📨 Received: {'type': 'HEARTBEAT', 'source': 'valentine', 'status': 'online', 'timestamp': '2026-02-17T17:02:19.972962'}
2026-02-17 17:07:20,342 [INFO] 📨 Received: {'type': 'HEARTBEAT', 'source': 'valentine', 'status': 'online', 'timestamp': '2026-02-17T17:07:20.130259'}
2026-02-17 17:07:20,342 [INFO] 📨 Received: {'type': 'HEARTBEAT', 'source': 'valentine', 'status': 'online', 'timestamp': '2026-02-17T17:07:20.130259'}
2026-02-17 17:12:20,634 [INFO] 📨 Received: {'type': 'HEARTBEAT', 'source': 'valentine', 'status': 'online', 'timestamp': '2026-02-17T17:12:20.274596'}
2026-02-17 17:12:20,634 [INFO] 📨 Received: {'type': 'HEARTBEAT', 'source': 'valentine', 'status': 'online', 'timestamp': '2026-02-17T17:12:20.274596'}
2026-02-17 17:17:20,821 [INFO] 📨 Received: {'type': 'HEARTBEAT', 'source': 'valentine', 'status': 'online', 'timestamp': '2026-02-17T17:17:20.444553'}
2026-02-17 17:17:20,821 [INFO] 📨 Received: {'type': 'HEARTBEAT', 'source': 'valentine', 'status': 'online', 'timestamp': '2026-02-17T17:17:20.444553'}
2026-02-17 17:22:21,479 [INFO] 📨 Received: {'type': 'HEARTBEAT', 'source': 'valentine', 'status': 'online', 'timestamp': '2026-02-17T17:22:20.525380'}
2026-02-17 17:22:21,479 [INFO] 📨 Received: {'type': 'HEARTBEAT', 'source': 'valentine', 'status': 'online', 'timestamp': '2026-02-17T17:22:20.525380'}
2026-02-17 17:27:21,569 [INFO] 📨 Received: {'type': 'HEARTBEAT', 'source': 'valentine', 'status': 'online', 'timestamp': '2026-02-17T17:27:20.973944'}
2026-02-17 17:27:21,569 [INFO] 📨 Received: {'type': 'HEARTBEAT', 'source': 'valentine', 'status': 'online', 'timestamp': '2026-02-17T17:27:20.973944'}
2026-02-17 17:32:23,528 [INFO] 📨 Received: {'type': 'HEARTBEAT', 'source': 'valentine', 'status': 'online', 'timestamp': '2026-02-17T17:32:22.082178'}
2026-02-17 17:32:23,528 [INFO] 📨 Received: {'type': 'HEARTBEAT', 'source': 'valentine', 'status': 'online', 'timestamp': '2026-02-17T17:32:22.082178'}
2026-02-17 17:37:23,301 [INFO] 📨 Received: {'type': 'HEARTBEAT', 'source': 'valentine', 'status': 'online', 'timestamp': '2026-02-17T17:37:23.287320'}
2026-02-17 17:37:23,301 [INFO] 📨 Received: {'type': 'HEARTBEAT', 'source': 'valentine', 'status': 'online', 'timestamp': '2026-02-17T17:37:23.287320'}
