[2025-12-25 23:05:44] Web Daemon started.
[2025-12-25 23:05:44] Scraping: https://www.google.com
[2025-12-25 23:05:47] Saved to: /Users/infinite27/AILCC_PRIME/06_System/AILCC/context/web/test_verification_1766718347.md
[2025-12-25 23:49:24] Web Daemon started.
[2025-12-26 00:10:44] Web Daemon started.
[2025-12-26 00:32:58] Web Daemon started.
[2025-12-26 18:19:26] Web Daemon started.
[2025-12-27 04:00:34] Web Daemon started.
Traceback (most recent call last):
  File "/Users/infinite27/AILCC_PRIME/06_System/Execution/web_daemon.py", line 4, in <module>
    import requests
ModuleNotFoundError: No module named 'requests'
[2025-12-28 12:37:44] Web Daemon started.
[2025-12-28 13:19:23] Web Daemon started.
[2025-12-28 21:09:36] Web Daemon started.
[2025-12-28 21:36:05] Web Daemon started.
[2026-01-03 02:36:39] Web Daemon started.
[2026-01-04 15:10:14] Web Daemon started.
[2026-01-04 15:10:44] Web Daemon started.
[2026-01-04 15:11:14] Web Daemon started.
[2026-01-04 15:11:45] Web Daemon started.
[2026-01-04 15:12:16] Web Daemon started.
[2026-01-04 15:12:50] Web Daemon started.
[2026-01-04 15:13:16] Web Daemon started.
[2026-01-04 15:13:46] Web Daemon started.
[2026-01-04 15:14:18] Web Daemon started.
[2026-01-04 15:14:48] Web Daemon started.
[2026-01-04 15:15:17] Web Daemon started.
[2026-01-04 15:15:47] Web Daemon started.
[2026-01-04 15:16:17] Web Daemon started.
[2026-01-04 15:16:47] Web Daemon started.
[2026-01-04 15:17:17] Web Daemon started.
[2026-01-04 15:17:47] Web Daemon started.
[2026-01-04 15:18:17] Web Daemon started.
[2026-01-04 15:18:47] Web Daemon started.
[2026-01-04 15:19:17] Web Daemon started.
[2026-01-04 15:19:47] Web Daemon started.
[2026-01-04 15:20:18] Web Daemon started.
[2026-01-04 15:20:47] Web Daemon started.
[2026-01-04 15:21:17] Web Daemon started.
[2026-01-04 15:21:48] Web Daemon started.
[2026-01-04 15:22:18] Web Daemon started.
[2026-01-04 15:22:48] Web Daemon started.
[2026-01-04 15:23:18] Web Daemon started.
[2026-01-04 15:23:48] Web Daemon started.
[2026-01-04 15:24:18] Web Daemon started.
[2026-01-04 15:24:48] Web Daemon started.
[2026-01-04 15:25:18] Web Daemon started.
[2026-01-04 15:25:48] Web Daemon started.
[2026-01-04 15:26:18] Web Daemon started.
[2026-01-04 15:26:48] Web Daemon started.
[2026-01-04 15:27:18] Web Daemon started.
[2026-01-04 15:27:48] Web Daemon started.
[2026-01-04 15:28:18] Web Daemon started.
[2026-01-04 15:28:49] Web Daemon started.
[2026-01-04 15:29:19] Web Daemon started.
[2026-01-04 15:29:49] Web Daemon started.
[2026-01-04 15:30:19] Web Daemon started.
[2026-01-04 15:30:50] Web Daemon started.
[2026-01-04 15:31:20] Web Daemon started.
[2026-01-04 15:31:49] Web Daemon started.
[2026-01-04 15:32:19] Web Daemon started.
[2026-01-04 15:32:49] Web Daemon started.
[2026-01-04 15:33:19] Web Daemon started.
[2026-01-04 15:33:49] Web Daemon started.
[2026-01-04 15:34:20] Web Daemon started.
[2026-01-04 15:34:50] Web Daemon started.
[2026-01-04 15:35:20] Web Daemon started.
[2026-01-04 15:35:50] Web Daemon started.
[2026-01-04 15:36:20] Web Daemon started.
[2026-01-04 15:36:50] Web Daemon started.
[2026-01-04 15:37:20] Web Daemon started.
[2026-01-04 15:37:50] Web Daemon started.
[2026-01-04 15:38:20] Web Daemon started.
[2026-01-04 15:38:50] Web Daemon started.
[2026-01-04 15:39:20] Web Daemon started.
[2026-01-04 15:39:50] Web Daemon started.
[2026-01-04 15:40:21] Web Daemon started.
[2026-01-04 15:40:51] Web Daemon started.
[2026-01-04 15:41:21] Web Daemon started.
[2026-01-04 15:41:51] Web Daemon started.
[2026-01-04 15:42:21] Web Daemon started.
[2026-01-04 15:42:51] Web Daemon started.
[2026-01-04 15:43:21] Web Daemon started.
[2026-01-04 15:43:51] Web Daemon started.
[2026-01-04 15:44:21] Web Daemon started.
[2026-01-04 15:44:51] Web Daemon started.
[2026-01-04 15:45:21] Web Daemon started.
[2026-01-04 15:45:51] Web Daemon started.
[2026-01-04 15:46:22] Web Daemon started.
[2026-01-04 15:46:52] Web Daemon started.
[2026-01-04 15:47:22] Web Daemon started.
[2026-01-04 15:47:52] Web Daemon started.
[2026-01-04 15:48:22] Web Daemon started.
[2026-01-04 15:48:52] Web Daemon started.
[2026-01-04 15:49:22] Web Daemon started.
[2026-01-04 15:49:52] Web Daemon started.
[2026-01-04 15:50:22] Web Daemon started.
[2026-01-04 15:50:52] Web Daemon started.
[2026-01-04 15:51:23] Web Daemon started.
[2026-01-04 15:51:52] Web Daemon started.
[2026-01-04 15:52:23] Web Daemon started.
[2026-01-04 15:52:53] Web Daemon started.
[2026-01-04 15:53:23] Web Daemon started.
[2026-01-04 15:53:53] Web Daemon started.
[2026-01-04 15:54:24] Web Daemon started.
[2026-01-04 15:54:57] Web Daemon started.
[2026-01-04 15:55:26] Web Daemon started.
[2026-01-04 15:56:06] Web Daemon started.
[2026-01-04 15:57:55] Web Daemon started.
[2026-01-04 15:57:55] Web Daemon started.
[2026-01-04 15:57:56] Web Daemon started.
[2026-01-04 15:59:17] Web Daemon started.
[2026-01-04 15:59:17] Web Daemon started.
[2026-01-04 15:59:18] Web Daemon started.
[2026-01-04 15:59:50] Web Daemon started.
[2026-01-04 16:00:18] Web Daemon started.
[2026-01-04 16:00:49] Web Daemon started.
[2026-01-04 16:01:43] Web Daemon started.
[2026-01-04 16:02:17] Web Daemon started.
[2026-01-04 16:02:33] Web Daemon started.
[2026-01-04 16:02:53] Web Daemon started.
[2026-01-04 16:03:24] Web Daemon started.
[2026-01-04 16:04:47] Web Daemon started.
[2026-01-04 16:04:47] Web Daemon started.
[2026-01-04 16:05:07] Web Daemon started.
[2026-01-04 16:05:26] Web Daemon started.
[2026-01-04 16:05:52] Web Daemon started.
[2026-01-04 16:06:32] Web Daemon started.
[2026-01-04 16:07:03] Web Daemon started.
[2026-01-04 16:07:40] Web Daemon started.
[2026-01-04 16:07:56] Web Daemon started.
[2026-01-04 16:08:44] Web Daemon started.
[2026-01-04 16:09:08] Web Daemon started.
[2026-01-04 16:09:47] Web Daemon started.
[2026-01-04 16:10:06] Web Daemon started.
[2026-01-04 16:10:33] Web Daemon started.
[2026-01-04 16:11:33] Web Daemon started.
[2026-01-04 16:21:54] Web Daemon started.
[2026-01-04 16:21:54] Web Daemon started.
[2026-01-04 16:21:55] Web Daemon started.
[2026-01-04 16:21:58] Web Daemon started.
[2026-01-04 16:22:00] Web Daemon started.
[2026-01-04 16:22:02] Web Daemon started.
[2026-01-04 16:22:02] Web Daemon started.
[2026-01-04 16:22:02] Web Daemon started.
[2026-01-04 16:22:02] Web Daemon started.
[2026-01-04 16:22:03] Web Daemon started.
[2026-01-04 16:22:07] Web Daemon started.
[2026-01-04 16:22:09] Web Daemon started.
[2026-01-04 16:22:12] Web Daemon started.
[2026-01-04 16:22:13] Web Daemon started.
[2026-01-04 16:22:15] Web Daemon started.
[2026-01-04 16:22:17] Web Daemon started.
[2026-01-04 16:22:19] Web Daemon started.
[2026-01-04 16:22:20] Web Daemon started.
[2026-01-04 16:22:24] Web Daemon started.
[2026-01-04 16:22:31] Web Daemon started.
[2026-01-04 16:22:34] Web Daemon started.
[2026-01-04 16:23:04] Web Daemon started.
[2026-01-04 16:23:09] Web Daemon started.
[2026-01-04 16:23:41] Web Daemon started.
[2026-01-04 16:24:34] Web Daemon started.
[2026-01-04 16:24:49] Web Daemon started.
[2026-01-04 16:26:05] Web Daemon started.
[2026-01-04 16:26:10] Web Daemon started.
[2026-01-04 16:26:36] Web Daemon started.
[2026-01-04 16:27:19] Web Daemon started.
[2026-01-04 16:27:36] Web Daemon started.
[2026-01-04 16:28:06] Web Daemon started.
[2026-01-04 16:28:31] Web Daemon started.
[2026-01-04 16:28:49] Web Daemon started.
[2026-01-04 16:29:41] Web Daemon started.
[2026-01-04 16:29:56] Web Daemon started.
[2026-01-04 16:30:22] Web Daemon started.
[2026-01-04 16:31:11] Web Daemon started.
[2026-01-04 16:31:35] Web Daemon started.
[2026-01-04 16:31:39] Web Daemon started.
[2026-01-04 16:32:01] Web Daemon started.
[2026-01-04 16:32:46] Web Daemon started.
[2026-01-04 16:32:58] Web Daemon started.
[2026-01-04 16:33:32] Web Daemon started.
[2026-01-04 16:33:48] Web Daemon started.
[2026-01-04 16:34:20] Web Daemon started.
[2026-01-04 16:34:47] Web Daemon started.
[2026-01-04 16:35:42] Web Daemon started.
[2026-01-04 16:35:49] Web Daemon started.
[2026-01-04 16:36:23] Web Daemon started.
[2026-01-04 16:37:17] Web Daemon started.
[2026-01-04 16:37:21] Web Daemon started.
[2026-01-04 16:37:36] Web Daemon started.
[2026-01-04 16:38:00] Web Daemon started.
[2026-01-04 16:38:35] Web Daemon started.
[2026-01-04 16:39:09] Web Daemon started.
[2026-01-04 16:39:21] Web Daemon started.
[2026-01-04 16:40:12] Web Daemon started.
[2026-01-04 16:40:41] Web Daemon started.
[2026-01-04 16:41:26] Web Daemon started.
[2026-01-04 16:42:26] Web Daemon started.
[2026-01-04 16:42:27] Web Daemon started.
[2026-01-04 16:42:47] Web Daemon started.
[2026-01-04 16:43:10] Web Daemon started.
[2026-01-04 16:44:01] Web Daemon started.
[2026-01-04 16:44:23] Web Daemon started.
[2026-01-04 16:44:52] Web Daemon started.
[2026-01-04 16:45:04] Web Daemon started.
[2026-01-04 16:45:28] Web Daemon started.
[2026-01-04 16:46:12] Web Daemon started.
[2026-01-04 16:47:20] Web Daemon started.
[2026-01-04 16:47:25] Web Daemon started.
[2026-01-04 16:47:33] Web Daemon started.
[2026-01-04 16:47:59] Web Daemon started.
[2026-01-04 16:48:27] Web Daemon started.
[2026-01-04 16:48:58] Web Daemon started.
[2026-01-04 16:49:31] Web Daemon started.
[2026-01-04 16:49:59] Web Daemon started.
[2026-01-04 16:50:31] Web Daemon started.
[2026-01-04 16:51:02] Web Daemon started.
[2026-01-04 16:51:35] Web Daemon started.
[2026-01-04 16:52:03] Web Daemon started.
[2026-01-04 16:52:32] Web Daemon started.
[2026-01-04 16:53:03] Web Daemon started.
[2026-01-04 16:53:33] Web Daemon started.
[2026-01-04 16:54:03] Web Daemon started.
[2026-01-04 16:54:34] Web Daemon started.
[2026-01-04 16:55:01] Web Daemon started.
[2026-01-04 16:55:31] Web Daemon started.
[2026-01-04 16:56:01] Web Daemon started.
[2026-01-04 16:56:31] Web Daemon started.
[2026-01-04 16:57:02] Web Daemon started.
[2026-01-04 16:57:49] Web Daemon started.
[2026-01-04 16:58:03] Web Daemon started.
[2026-01-04 16:58:43] Web Daemon started.
[2026-01-04 16:59:04] Web Daemon started.
[2026-01-04 16:59:36] Web Daemon started.
[2026-01-04 17:00:05] Web Daemon started.
[2026-01-04 18:17:23] Web Daemon started.
[2026-01-04 18:17:43] Web Daemon started.
[2026-01-04 18:17:45] Web Daemon started.
[2026-01-04 18:17:45] Web Daemon started.
[2026-01-04 18:17:45] Web Daemon started.
[2026-01-04 18:17:45] Web Daemon started.
[2026-01-04 18:17:46] Web Daemon started.
[2026-01-04 18:17:57] Web Daemon started.
[2026-01-04 18:18:07] Web Daemon started.
[2026-01-04 18:18:18] Web Daemon started.
[2026-01-04 18:18:38] Web Daemon started.
