[16:37:28] 🛡️ Initiating System Security Audit...
⚠️ Found 4 items requiring verification.
 - [Generic Key] in ailcc-diagnostic.html: TOKEN=yo...
 - [Generic Key] in mcp_proxy.log: auth app...
 - [Generic Key] in mcp_proxy.log: auth app...
 - [Generic Key] in system_signal.json: token": ...
[16:37:28] 🔐 Running Integrity Pulse...
⚠️ TAMPERED/UPDATED: ailcc_orchestrator.py
🚨 INTEGRITY BREACH DETECTED. Review recent changes.
[16:37:29] 🛡️ Initiating System Security Audit...
⚠️ Found 4 items requiring verification.
 - [Generic Key] in ailcc-diagnostic.html: TOKEN=yo...
 - [Generic Key] in mcp_proxy.log: auth app...
 - [Generic Key] in mcp_proxy.log: auth app...
 - [Generic Key] in system_signal.json: token": ...
[16:37:30] 🔐 Running Integrity Pulse...
⚠️ TAMPERED/UPDATED: ailcc_orchestrator.py
🚨 INTEGRITY BREACH DETECTED. Review recent changes.
[16:37:46] 🛡️ Initiating System Security Audit...
⚠️ Found 4 items requiring verification.
 - [Generic Key] in ailcc-diagnostic.html: TOKEN=yo...
 - [Generic Key] in mcp_proxy.log: auth app...
 - [Generic Key] in mcp_proxy.log: auth app...
 - [Generic Key] in system_signal.json: token": ...
[16:37:47] 🔐 Running Integrity Pulse...
⚠️ TAMPERED/UPDATED: ailcc_orchestrator.py
🚨 INTEGRITY BREACH DETECTED. Review recent changes.
[16:38:07] 🛡️ Initiating System Security Audit...
⚠️ Found 4 items requiring verification.
 - [Generic Key] in ailcc-diagnostic.html: TOKEN=yo...
 - [Generic Key] in mcp_proxy.log: auth app...
 - [Generic Key] in mcp_proxy.log: auth app...
 - [Generic Key] in system_signal.json: token": ...
[16:38:07] 🔐 Running Integrity Pulse...
⚠️ TAMPERED/UPDATED: ailcc_orchestrator.py
🚨 INTEGRITY BREACH DETECTED. Review recent changes.
[16:38:41] 🛡️ Initiating System Security Audit...
⚠️ Found 4 items requiring verification.
 - [Generic Key] in ailcc-diagnostic.html: TOKEN=yo...
 - [Generic Key] in mcp_proxy.log: auth app...
 - [Generic Key] in mcp_proxy.log: auth app...
 - [Generic Key] in system_signal.json: token": ...
[16:38:43] 🔐 Running Integrity Pulse...
⚠️ TAMPERED/UPDATED: ailcc_orchestrator.py
🚨 INTEGRITY BREACH DETECTED. Review recent changes.
[16:39:16] 🛡️ Initiating System Security Audit...
⚠️ Found 4 items requiring verification.
 - [Generic Key] in ailcc-diagnostic.html: TOKEN=yo...
 - [Generic Key] in mcp_proxy.log: auth app...
 - [Generic Key] in mcp_proxy.log: auth app...
 - [Generic Key] in system_signal.json: token": ...
[16:39:16] 🔐 Running Integrity Pulse...
⚠️ TAMPERED/UPDATED: ailcc_orchestrator.py
🚨 INTEGRITY BREACH DETECTED. Review recent changes.
[16:39:26] 🛡️ Initiating System Security Audit...
⚠️ Found 4 items requiring verification.
 - [Generic Key] in ailcc-diagnostic.html: TOKEN=yo...
 - [Generic Key] in mcp_proxy.log: auth app...
 - [Generic Key] in mcp_proxy.log: auth app...
 - [Generic Key] in system_signal.json: token": ...
[16:39:27] 🔐 Running Integrity Pulse...
⚠️ TAMPERED/UPDATED: ailcc_orchestrator.py
🚨 INTEGRITY BREACH DETECTED. Review recent changes.
[16:40:23] 🛡️ Initiating System Security Audit...
⚠️ Found 4 items requiring verification.
 - [Generic Key] in ailcc-diagnostic.html: TOKEN=yo...
 - [Generic Key] in mcp_proxy.log: auth app...
 - [Generic Key] in mcp_proxy.log: auth app...
 - [Generic Key] in system_signal.json: token": ...
[16:40:23] 🔐 Running Integrity Pulse...
⚠️ TAMPERED/UPDATED: ailcc_orchestrator.py
🚨 INTEGRITY BREACH DETECTED. Review recent changes.
[16:40:49] 🛡️ Initiating System Security Audit...
⚠️ Found 4 items requiring verification.
 - [Generic Key] in ailcc-diagnostic.html: TOKEN=yo...
 - [Generic Key] in mcp_proxy.log: auth app...
 - [Generic Key] in mcp_proxy.log: auth app...
 - [Generic Key] in system_signal.json: token": ...
[16:40:51] 🔐 Running Integrity Pulse...
⚠️ TAMPERED/UPDATED: ailcc_orchestrator.py
🚨 INTEGRITY BREACH DETECTED. Review recent changes.
[16:41:37] 🛡️ Initiating System Security Audit...
⚠️ Found 4 items requiring verification.
 - [Generic Key] in ailcc-diagnostic.html: TOKEN=yo...
 - [Generic Key] in mcp_proxy.log: auth app...
 - [Generic Key] in mcp_proxy.log: auth app...
 - [Generic Key] in system_signal.json: token": ...
[16:41:37] 🔐 Running Integrity Pulse...
⚠️ TAMPERED/UPDATED: ailcc_orchestrator.py
🚨 INTEGRITY BREACH DETECTED. Review recent changes.
[16:42:33] 🛡️ Initiating System Security Audit...
⚠️ Found 4 items requiring verification.
 - [Generic Key] in ailcc-diagnostic.html: TOKEN=yo...
 - [Generic Key] in mcp_proxy.log: auth app...
 - [Generic Key] in mcp_proxy.log: auth app...
 - [Generic Key] in system_signal.json: token": ...
[16:42:37] 🔐 Running Integrity Pulse...
⚠️ TAMPERED/UPDATED: ailcc_orchestrator.py
🚨 INTEGRITY BREACH DETECTED. Review recent changes.
[16:42:37] 🛡️ Initiating System Security Audit...
⚠️ Found 4 items requiring verification.
 - [Generic Key] in ailcc-diagnostic.html: TOKEN=yo...
 - [Generic Key] in mcp_proxy.log: auth app...
 - [Generic Key] in mcp_proxy.log: auth app...
 - [Generic Key] in system_signal.json: token": ...
[16:42:37] 🔐 Running Integrity Pulse...
⚠️ TAMPERED/UPDATED: ailcc_orchestrator.py
🚨 INTEGRITY BREACH DETECTED. Review recent changes.
[16:42:55] 🛡️ Initiating System Security Audit...
⚠️ Found 4 items requiring verification.
 - [Generic Key] in ailcc-diagnostic.html: TOKEN=yo...
 - [Generic Key] in mcp_proxy.log: auth app...
 - [Generic Key] in mcp_proxy.log: auth app...
 - [Generic Key] in system_signal.json: token": ...
[16:42:56] 🔐 Running Integrity Pulse...
⚠️ TAMPERED/UPDATED: ailcc_orchestrator.py
🚨 INTEGRITY BREACH DETECTED. Review recent changes.
[16:43:16] 🛡️ Initiating System Security Audit...
⚠️ Found 4 items requiring verification.
 - [Generic Key] in ailcc-diagnostic.html: TOKEN=yo...
 - [Generic Key] in mcp_proxy.log: auth app...
 - [Generic Key] in mcp_proxy.log: auth app...
 - [Generic Key] in system_signal.json: token": ...
[16:43:17] 🔐 Running Integrity Pulse...
⚠️ TAMPERED/UPDATED: ailcc_orchestrator.py
🚨 INTEGRITY BREACH DETECTED. Review recent changes.
[16:44:12] 🛡️ Initiating System Security Audit...
⚠️ Found 4 items requiring verification.
 - [Generic Key] in ailcc-diagnostic.html: TOKEN=yo...
 - [Generic Key] in mcp_proxy.log: auth app...
 - [Generic Key] in mcp_proxy.log: auth app...
 - [Generic Key] in system_signal.json: token": ...
[16:44:14] 🔐 Running Integrity Pulse...
⚠️ TAMPERED/UPDATED: ailcc_orchestrator.py
🚨 INTEGRITY BREACH DETECTED. Review recent changes.
[16:44:30] 🛡️ Initiating System Security Audit...
⚠️ Found 4 items requiring verification.
 - [Generic Key] in ailcc-diagnostic.html: TOKEN=yo...
 - [Generic Key] in mcp_proxy.log: auth app...
 - [Generic Key] in mcp_proxy.log: auth app...
 - [Generic Key] in system_signal.json: token": ...
[16:44:30] 🔐 Running Integrity Pulse...
⚠️ TAMPERED/UPDATED: ailcc_orchestrator.py
🚨 INTEGRITY BREACH DETECTED. Review recent changes.
[16:44:59] 🛡️ Initiating System Security Audit...
⚠️ Found 4 items requiring verification.
 - [Generic Key] in ailcc-diagnostic.html: TOKEN=yo...
 - [Generic Key] in mcp_proxy.log: auth app...
 - [Generic Key] in mcp_proxy.log: auth app...
 - [Generic Key] in system_signal.json: token": ...
[16:45:00] 🔐 Running Integrity Pulse...
✅ All core scripts verify against baseline.
[16:45:09] 🛡️ Initiating System Security Audit...
⚠️ Found 4 items requiring verification.
 - [Generic Key] in ailcc-diagnostic.html: TOKEN=yo...
 - [Generic Key] in mcp_proxy.log: auth app...
 - [Generic Key] in mcp_proxy.log: auth app...
 - [Generic Key] in system_signal.json: token": ...
[16:45:10] 🔐 Running Integrity Pulse...
✅ All core scripts verify against baseline.
[16:45:33] 🛡️ Initiating System Security Audit...
⚠️ Found 4 items requiring verification.
 - [Generic Key] in ailcc-diagnostic.html: TOKEN=yo...
 - [Generic Key] in mcp_proxy.log: auth app...
 - [Generic Key] in mcp_proxy.log: auth app...
 - [Generic Key] in system_signal.json: token": ...
[16:45:33] 🔐 Running Integrity Pulse...
✅ All core scripts verify against baseline.
[16:46:17] 🛡️ Initiating System Security Audit...
⚠️ Found 4 items requiring verification.
 - [Generic Key] in ailcc-diagnostic.html: TOKEN=yo...
 - [Generic Key] in mcp_proxy.log: auth app...
 - [Generic Key] in mcp_proxy.log: auth app...
 - [Generic Key] in system_signal.json: token": ...
[16:46:18] 🔐 Running Integrity Pulse...
✅ All core scripts verify against baseline.
[16:47:28] 🛡️ Initiating System Security Audit...
⚠️ Found 4 items requiring verification.
 - [Generic Key] in ailcc-diagnostic.html: TOKEN=yo...
 - [Generic Key] in mcp_proxy.log: auth app...
 - [Generic Key] in mcp_proxy.log: auth app...
 - [Generic Key] in system_signal.json: token": ...
[16:47:29] 🔐 Running Integrity Pulse...
✅ All core scripts verify against baseline.
[16:47:30] 🛡️ Initiating System Security Audit...
⚠️ Found 4 items requiring verification.
 - [Generic Key] in ailcc-diagnostic.html: TOKEN=yo...
 - [Generic Key] in mcp_proxy.log: auth app...
 - [Generic Key] in mcp_proxy.log: auth app...
 - [Generic Key] in system_signal.json: token": ...
[16:47:30] 🔐 Running Integrity Pulse...
✅ All core scripts verify against baseline.
[16:47:38] 🛡️ Initiating System Security Audit...
⚠️ Found 4 items requiring verification.
 - [Generic Key] in ailcc-diagnostic.html: TOKEN=yo...
 - [Generic Key] in mcp_proxy.log: auth app...
 - [Generic Key] in mcp_proxy.log: auth app...
 - [Generic Key] in system_signal.json: token": ...
[16:47:39] 🔐 Running Integrity Pulse...
✅ All core scripts verify against baseline.
[16:48:04] 🛡️ Initiating System Security Audit...
⚠️ Found 4 items requiring verification.
 - [Generic Key] in ailcc-diagnostic.html: TOKEN=yo...
 - [Generic Key] in mcp_proxy.log: auth app...
 - [Generic Key] in mcp_proxy.log: auth app...
 - [Generic Key] in system_signal.json: token": ...
[16:48:05] 🔐 Running Integrity Pulse...
✅ All core scripts verify against baseline.
[16:48:32] 🛡️ Initiating System Security Audit...
⚠️ Found 4 items requiring verification.
 - [Generic Key] in ailcc-diagnostic.html: TOKEN=yo...
 - [Generic Key] in mcp_proxy.log: auth app...
 - [Generic Key] in mcp_proxy.log: auth app...
 - [Generic Key] in system_signal.json: token": ...
[16:48:32] 🔐 Running Integrity Pulse...
✅ All core scripts verify against baseline.
[16:49:03] 🛡️ Initiating System Security Audit...
⚠️ Found 4 items requiring verification.
 - [Generic Key] in ailcc-diagnostic.html: TOKEN=yo...
 - [Generic Key] in mcp_proxy.log: auth app...
 - [Generic Key] in mcp_proxy.log: auth app...
 - [Generic Key] in system_signal.json: token": ...
[16:49:03] 🔐 Running Integrity Pulse...
✅ All core scripts verify against baseline.
[16:49:36] 🛡️ Initiating System Security Audit...
⚠️ Found 4 items requiring verification.
 - [Generic Key] in ailcc-diagnostic.html: TOKEN=yo...
 - [Generic Key] in mcp_proxy.log: auth app...
 - [Generic Key] in mcp_proxy.log: auth app...
 - [Generic Key] in system_signal.json: token": ...
[16:49:37] 🔐 Running Integrity Pulse...
✅ All core scripts verify against baseline.
[16:50:05] 🛡️ Initiating System Security Audit...
⚠️ Found 4 items requiring verification.
 - [Generic Key] in ailcc-diagnostic.html: TOKEN=yo...
 - [Generic Key] in mcp_proxy.log: auth app...
 - [Generic Key] in mcp_proxy.log: auth app...
 - [Generic Key] in system_signal.json: token": ...
[16:50:05] 🔐 Running Integrity Pulse...
✅ All core scripts verify against baseline.
[16:50:36] 🛡️ Initiating System Security Audit...
⚠️ Found 4 items requiring verification.
 - [Generic Key] in ailcc-diagnostic.html: TOKEN=yo...
 - [Generic Key] in mcp_proxy.log: auth app...
 - [Generic Key] in mcp_proxy.log: auth app...
 - [Generic Key] in system_signal.json: token": ...
[16:50:36] 🔐 Running Integrity Pulse...
✅ All core scripts verify against baseline.
[16:51:07] 🛡️ Initiating System Security Audit...
⚠️ Found 4 items requiring verification.
 - [Generic Key] in ailcc-diagnostic.html: TOKEN=yo...
 - [Generic Key] in mcp_proxy.log: auth app...
 - [Generic Key] in mcp_proxy.log: auth app...
 - [Generic Key] in system_signal.json: token": ...
[16:51:07] 🔐 Running Integrity Pulse...
✅ All core scripts verify against baseline.
[16:51:39] 🛡️ Initiating System Security Audit...
⚠️ Found 4 items requiring verification.
 - [Generic Key] in ailcc-diagnostic.html: TOKEN=yo...
 - [Generic Key] in mcp_proxy.log: auth app...
 - [Generic Key] in mcp_proxy.log: auth app...
 - [Generic Key] in system_signal.json: token": ...
[16:51:40] 🔐 Running Integrity Pulse...
✅ All core scripts verify against baseline.
[16:52:08] 🛡️ Initiating System Security Audit...
⚠️ Found 4 items requiring verification.
 - [Generic Key] in ailcc-diagnostic.html: TOKEN=yo...
 - [Generic Key] in mcp_proxy.log: auth app...
 - [Generic Key] in mcp_proxy.log: auth app...
 - [Generic Key] in system_signal.json: token": ...
[16:52:08] 🔐 Running Integrity Pulse...
✅ All core scripts verify against baseline.
[16:52:37] 🛡️ Initiating System Security Audit...
⚠️ Found 4 items requiring verification.
 - [Generic Key] in ailcc-diagnostic.html: TOKEN=yo...
 - [Generic Key] in mcp_proxy.log: auth app...
 - [Generic Key] in mcp_proxy.log: auth app...
 - [Generic Key] in system_signal.json: token": ...
[16:52:38] 🔐 Running Integrity Pulse...
✅ All core scripts verify against baseline.
[16:53:09] 🛡️ Initiating System Security Audit...
⚠️ Found 4 items requiring verification.
 - [Generic Key] in ailcc-diagnostic.html: TOKEN=yo...
 - [Generic Key] in mcp_proxy.log: auth app...
 - [Generic Key] in mcp_proxy.log: auth app...
 - [Generic Key] in system_signal.json: token": ...
[16:53:09] 🔐 Running Integrity Pulse...
✅ All core scripts verify against baseline.
[16:53:39] 🛡️ Initiating System Security Audit...
⚠️ Found 4 items requiring verification.
 - [Generic Key] in ailcc-diagnostic.html: TOKEN=yo...
 - [Generic Key] in mcp_proxy.log: auth app...
 - [Generic Key] in mcp_proxy.log: auth app...
 - [Generic Key] in system_signal.json: token": ...
[16:53:40] 🔐 Running Integrity Pulse...
✅ All core scripts verify against baseline.
[16:54:08] 🛡️ Initiating System Security Audit...
⚠️ Found 4 items requiring verification.
 - [Generic Key] in ailcc-diagnostic.html: TOKEN=yo...
 - [Generic Key] in mcp_proxy.log: auth app...
 - [Generic Key] in mcp_proxy.log: auth app...
 - [Generic Key] in system_signal.json: token": ...
[16:54:08] 🔐 Running Integrity Pulse...
✅ All core scripts verify against baseline.
