[Sun Jan  4 16:37:22 AST 2026] ⚙️ Starting Scheduled Maintenance...
[Sun Jan  4 16:37:22 AST 2026] 🧹 Optimizing Knowledge Base...
[Sun Jan  4 16:37:24 AST 2026] ⚙️ Starting Scheduled Maintenance...
[Sun Jan  4 16:37:24 AST 2026] 🧹 Optimizing Knowledge Base...
[16:37:22] 🧹 Starting Database Maintenance...
Current Cache Size: 7436.00 KB
⚡ Executing VACUUM...
❌ Maintenance Failed: database is locked
[Sun Jan  4 16:37:27 AST 2026] 📂 Archiving Logs...
[Sun Jan  4 16:37:27 AST 2026] 🛡️ Running Security Audit...
[Sun Jan  4 16:37:28 AST 2026] 🔐 Verifying System Integrity...
[Sun Jan  4 16:37:28 AST 2026] ✅ Maintenance Complete.
[16:37:24] 🧹 Starting Database Maintenance...
Current Cache Size: 7436.00 KB
⚡ Executing VACUUM...
❌ Maintenance Failed: database is locked
[Sun Jan  4 16:37:29 AST 2026] 📂 Archiving Logs...
[Sun Jan  4 16:37:29 AST 2026] 🛡️ Running Security Audit...
[Sun Jan  4 16:37:30 AST 2026] 🔐 Verifying System Integrity...
[Sun Jan  4 16:37:30 AST 2026] ✅ Maintenance Complete.
[Sun Jan  4 16:37:40 AST 2026] ⚙️ Starting Scheduled Maintenance...
[Sun Jan  4 16:37:40 AST 2026] 🧹 Optimizing Knowledge Base...
[16:37:41] 🧹 Starting Database Maintenance...
Current Cache Size: 7488.00 KB
⚡ Executing VACUUM...
❌ Maintenance Failed: database is locked
[Sun Jan  4 16:37:46 AST 2026] 📂 Archiving Logs...
[Sun Jan  4 16:37:46 AST 2026] 🛡️ Running Security Audit...
[Sun Jan  4 16:37:46 AST 2026] 🔐 Verifying System Integrity...
[Sun Jan  4 16:37:47 AST 2026] ✅ Maintenance Complete.
[Sun Jan  4 16:38:04 AST 2026] ⚙️ Starting Scheduled Maintenance...
[Sun Jan  4 16:38:04 AST 2026] 🧹 Optimizing Knowledge Base...
[16:38:04] 🧹 Starting Database Maintenance...
Current Cache Size: 7544.00 KB
⚡ Executing VACUUM...
📊 Executing ANALYZE...
Optimized Cache Size: 7536.00 KB
✅ Maintenance Complete. Space recovered: 8.00 KB
[Sun Jan  4 16:38:07 AST 2026] 📂 Archiving Logs...
[Sun Jan  4 16:38:07 AST 2026] 🛡️ Running Security Audit...
[Sun Jan  4 16:38:07 AST 2026] 🔐 Verifying System Integrity...
[Sun Jan  4 16:38:07 AST 2026] ✅ Maintenance Complete.
[Sun Jan  4 16:38:39 AST 2026] ⚙️ Starting Scheduled Maintenance...
[Sun Jan  4 16:38:39 AST 2026] 🧹 Optimizing Knowledge Base...
[16:38:39] 🧹 Starting Database Maintenance...
Current Cache Size: 7592.00 KB
⚡ Executing VACUUM...
📊 Executing ANALYZE...
Optimized Cache Size: 7592.00 KB
✅ Maintenance Complete. Space recovered: 0.00 KB
[Sun Jan  4 16:38:41 AST 2026] 📂 Archiving Logs...
[Sun Jan  4 16:38:41 AST 2026] 🛡️ Running Security Audit...
[Sun Jan  4 16:38:42 AST 2026] 🔐 Verifying System Integrity...
[Sun Jan  4 16:38:43 AST 2026] ✅ Maintenance Complete.
[Sun Jan  4 16:39:14 AST 2026] ⚙️ Starting Scheduled Maintenance...
[Sun Jan  4 16:39:14 AST 2026] 🧹 Optimizing Knowledge Base...
[16:39:14] 🧹 Starting Database Maintenance...
Current Cache Size: 7640.00 KB
⚡ Executing VACUUM...
📊 Executing ANALYZE...
Optimized Cache Size: 7688.00 KB
✅ Maintenance Complete. Space recovered: 0.00 KB
[Sun Jan  4 16:39:16 AST 2026] 📂 Archiving Logs...
[Sun Jan  4 16:39:16 AST 2026] 🛡️ Running Security Audit...
[Sun Jan  4 16:39:16 AST 2026] 🔐 Verifying System Integrity...
[Sun Jan  4 16:39:16 AST 2026] ✅ Maintenance Complete.
[Sun Jan  4 16:39:26 AST 2026] ⚙️ Starting Scheduled Maintenance...
[Sun Jan  4 16:39:26 AST 2026] 🧹 Optimizing Knowledge Base...
[16:39:26] 🧹 Starting Database Maintenance...
Current Cache Size: 7688.00 KB
⚡ Executing VACUUM...
📊 Executing ANALYZE...
Optimized Cache Size: 7688.00 KB
✅ Maintenance Complete. Space recovered: 0.00 KB
[Sun Jan  4 16:39:26 AST 2026] 📂 Archiving Logs...
[Sun Jan  4 16:39:26 AST 2026] 🛡️ Running Security Audit...
[Sun Jan  4 16:39:26 AST 2026] 🔐 Verifying System Integrity...
[Sun Jan  4 16:39:27 AST 2026] ✅ Maintenance Complete.
[Sun Jan  4 16:40:16 AST 2026] ⚙️ Starting Scheduled Maintenance...
[Sun Jan  4 16:40:16 AST 2026] 🧹 Optimizing Knowledge Base...
[16:40:16] 🧹 Starting Database Maintenance...
Current Cache Size: 7744.00 KB
⚡ Executing VACUUM...
📊 Executing ANALYZE...
Optimized Cache Size: 7744.00 KB
✅ Maintenance Complete. Space recovered: 0.00 KB
[Sun Jan  4 16:40:22 AST 2026] 📂 Archiving Logs...
[Sun Jan  4 16:40:23 AST 2026] 🛡️ Running Security Audit...
[Sun Jan  4 16:40:23 AST 2026] 🔐 Verifying System Integrity...
[Sun Jan  4 16:40:23 AST 2026] ✅ Maintenance Complete.
[Sun Jan  4 16:40:45 AST 2026] ⚙️ Starting Scheduled Maintenance...
[Sun Jan  4 16:40:45 AST 2026] 🧹 Optimizing Knowledge Base...
[16:40:45] 🧹 Starting Database Maintenance...
Current Cache Size: 7800.00 KB
⚡ Executing VACUUM...
📊 Executing ANALYZE...
Optimized Cache Size: 7800.00 KB
✅ Maintenance Complete. Space recovered: 0.00 KB
[Sun Jan  4 16:40:49 AST 2026] 📂 Archiving Logs...
[Sun Jan  4 16:40:49 AST 2026] 🛡️ Running Security Audit...
[Sun Jan  4 16:40:51 AST 2026] 🔐 Verifying System Integrity...
[Sun Jan  4 16:40:51 AST 2026] ✅ Maintenance Complete.
[Sun Jan  4 16:41:31 AST 2026] ⚙️ Starting Scheduled Maintenance...
[Sun Jan  4 16:41:31 AST 2026] 🧹 Optimizing Knowledge Base...
[16:41:31] 🧹 Starting Database Maintenance...
Current Cache Size: 7864.00 KB
⚡ Executing VACUUM...
❌ Maintenance Failed: database is locked
[Sun Jan  4 16:41:36 AST 2026] 📂 Archiving Logs...
[Sun Jan  4 16:41:36 AST 2026] 🛡️ Running Security Audit...
[Sun Jan  4 16:41:37 AST 2026] 🔐 Verifying System Integrity...
[Sun Jan  4 16:41:37 AST 2026] ✅ Maintenance Complete.
[Sun Jan  4 16:42:28 AST 2026] ⚙️ Starting Scheduled Maintenance...
[Sun Jan  4 16:42:28 AST 2026] 🧹 Optimizing Knowledge Base...
[Sun Jan  4 16:42:30 AST 2026] ⚙️ Starting Scheduled Maintenance...
[Sun Jan  4 16:42:30 AST 2026] 🧹 Optimizing Knowledge Base...
[16:42:28] 🧹 Starting Database Maintenance...
Current Cache Size: 7920.00 KB
⚡ Executing VACUUM...
❌ Maintenance Failed: database is locked
[Sun Jan  4 16:42:33 AST 2026] 📂 Archiving Logs...
[Sun Jan  4 16:42:33 AST 2026] 🛡️ Running Security Audit...
[16:42:31] 🧹 Starting Database Maintenance...
Current Cache Size: 7920.00 KB
⚡ Executing VACUUM...
❌ Maintenance Failed: database is locked
[Sun Jan  4 16:42:37 AST 2026] 📂 Archiving Logs...
[Sun Jan  4 16:42:37 AST 2026] 🔐 Verifying System Integrity...
[Sun Jan  4 16:42:37 AST 2026] 🛡️ Running Security Audit...
[Sun Jan  4 16:42:37 AST 2026] ✅ Maintenance Complete.
[Sun Jan  4 16:42:37 AST 2026] 🔐 Verifying System Integrity...
[Sun Jan  4 16:42:39 AST 2026] ✅ Maintenance Complete.
[Sun Jan  4 16:42:52 AST 2026] ⚙️ Starting Scheduled Maintenance...
[Sun Jan  4 16:42:52 AST 2026] 🧹 Optimizing Knowledge Base...
[16:42:52] 🧹 Starting Database Maintenance...
Current Cache Size: 7980.00 KB
⚡ Executing VACUUM...
📊 Executing ANALYZE...
Optimized Cache Size: 7980.00 KB
✅ Maintenance Complete. Space recovered: 0.00 KB
[Sun Jan  4 16:42:55 AST 2026] 📂 Archiving Logs...
[Sun Jan  4 16:42:55 AST 2026] 🛡️ Running Security Audit...
[Sun Jan  4 16:42:56 AST 2026] 🔐 Verifying System Integrity...
[Sun Jan  4 16:42:56 AST 2026] ✅ Maintenance Complete.
[Sun Jan  4 16:43:15 AST 2026] ⚙️ Starting Scheduled Maintenance...
[Sun Jan  4 16:43:15 AST 2026] 🧹 Optimizing Knowledge Base...
[16:43:15] 🧹 Starting Database Maintenance...
Current Cache Size: 8044.00 KB
⚡ Executing VACUUM...
📊 Executing ANALYZE...
Optimized Cache Size: 8044.00 KB
✅ Maintenance Complete. Space recovered: 0.00 KB
[Sun Jan  4 16:43:16 AST 2026] 📂 Archiving Logs...
[Sun Jan  4 16:43:16 AST 2026] 🛡️ Running Security Audit...
[Sun Jan  4 16:43:17 AST 2026] 🔐 Verifying System Integrity...
[Sun Jan  4 16:43:17 AST 2026] ✅ Maintenance Complete.
[Sun Jan  4 16:44:06 AST 2026] ⚙️ Starting Scheduled Maintenance...
[Sun Jan  4 16:44:06 AST 2026] 🧹 Optimizing Knowledge Base...
[16:44:06] 🧹 Starting Database Maintenance...
Current Cache Size: 8104.00 KB
⚡ Executing VACUUM...
❌ Maintenance Failed: database is locked
[Sun Jan  4 16:44:11 AST 2026] 📂 Archiving Logs...
[Sun Jan  4 16:44:12 AST 2026] 🛡️ Running Security Audit...
[Sun Jan  4 16:44:14 AST 2026] 🔐 Verifying System Integrity...
[Sun Jan  4 16:44:14 AST 2026] ✅ Maintenance Complete.
[Sun Jan  4 16:44:27 AST 2026] ⚙️ Starting Scheduled Maintenance...
[Sun Jan  4 16:44:27 AST 2026] 🧹 Optimizing Knowledge Base...
[16:44:27] 🧹 Starting Database Maintenance...
Current Cache Size: 8160.00 KB
⚡ Executing VACUUM...
📊 Executing ANALYZE...
Optimized Cache Size: 8160.00 KB
✅ Maintenance Complete. Space recovered: 0.00 KB
[Sun Jan  4 16:44:30 AST 2026] 📂 Archiving Logs...
[Sun Jan  4 16:44:30 AST 2026] 🛡️ Running Security Audit...
[Sun Jan  4 16:44:30 AST 2026] 🔐 Verifying System Integrity...
[Sun Jan  4 16:44:30 AST 2026] ✅ Maintenance Complete.
[Sun Jan  4 16:44:56 AST 2026] ⚙️ Starting Scheduled Maintenance...
[Sun Jan  4 16:44:56 AST 2026] 🧹 Optimizing Knowledge Base...
[16:44:56] 🧹 Starting Database Maintenance...
Current Cache Size: 8216.00 KB
⚡ Executing VACUUM...
📊 Executing ANALYZE...
Optimized Cache Size: 8268.00 KB
✅ Maintenance Complete. Space recovered: 0.00 KB
[Sun Jan  4 16:44:59 AST 2026] 📂 Archiving Logs...
[Sun Jan  4 16:44:59 AST 2026] 🛡️ Running Security Audit...
[Sun Jan  4 16:45:00 AST 2026] 🔐 Verifying System Integrity...
[Sun Jan  4 16:45:00 AST 2026] ✅ Maintenance Complete.
[Sun Jan  4 16:45:09 AST 2026] ⚙️ Starting Scheduled Maintenance...
[Sun Jan  4 16:45:09 AST 2026] 🧹 Optimizing Knowledge Base...
[16:45:09] 🧹 Starting Database Maintenance...
Current Cache Size: 8268.00 KB
⚡ Executing VACUUM...
📊 Executing ANALYZE...
Optimized Cache Size: 8268.00 KB
✅ Maintenance Complete. Space recovered: 0.00 KB
[Sun Jan  4 16:45:09 AST 2026] 📂 Archiving Logs...
[Sun Jan  4 16:45:09 AST 2026] 🛡️ Running Security Audit...
[Sun Jan  4 16:45:10 AST 2026] 🔐 Verifying System Integrity...
[Sun Jan  4 16:45:10 AST 2026] ✅ Maintenance Complete.
[Sun Jan  4 16:45:32 AST 2026] ⚙️ Starting Scheduled Maintenance...
[Sun Jan  4 16:45:32 AST 2026] 🧹 Optimizing Knowledge Base...
[16:45:32] 🧹 Starting Database Maintenance...
Current Cache Size: 8328.00 KB
⚡ Executing VACUUM...
📊 Executing ANALYZE...
Optimized Cache Size: 8328.00 KB
✅ Maintenance Complete. Space recovered: 0.00 KB
[Sun Jan  4 16:45:33 AST 2026] 📂 Archiving Logs...
[Sun Jan  4 16:45:33 AST 2026] 🛡️ Running Security Audit...
[Sun Jan  4 16:45:33 AST 2026] 🔐 Verifying System Integrity...
[Sun Jan  4 16:45:33 AST 2026] ✅ Maintenance Complete.
[Sun Jan  4 16:46:16 AST 2026] ⚙️ Starting Scheduled Maintenance...
[Sun Jan  4 16:46:16 AST 2026] 🧹 Optimizing Knowledge Base...
[16:46:16] 🧹 Starting Database Maintenance...
Current Cache Size: 8384.00 KB
⚡ Executing VACUUM...
📊 Executing ANALYZE...
Optimized Cache Size: 8384.00 KB
✅ Maintenance Complete. Space recovered: 0.00 KB
[Sun Jan  4 16:46:17 AST 2026] 📂 Archiving Logs...
[Sun Jan  4 16:46:17 AST 2026] 🛡️ Running Security Audit...
[Sun Jan  4 16:46:18 AST 2026] 🔐 Verifying System Integrity...
[Sun Jan  4 16:46:18 AST 2026] ✅ Maintenance Complete.
[Sun Jan  4 16:47:24 AST 2026] ⚙️ Starting Scheduled Maintenance...
[Sun Jan  4 16:47:24 AST 2026] 🧹 Optimizing Knowledge Base...
[16:47:24] 🧹 Starting Database Maintenance...
Current Cache Size: 8488.00 KB
⚡ Executing VACUUM...
📊 Executing ANALYZE...
Optimized Cache Size: 8540.00 KB
✅ Maintenance Complete. Space recovered: 0.00 KB
[Sun Jan  4 16:47:28 AST 2026] 📂 Archiving Logs...
[Sun Jan  4 16:47:28 AST 2026] 🛡️ Running Security Audit...
[Sun Jan  4 16:47:28 AST 2026] 🔐 Verifying System Integrity...
[Sun Jan  4 16:47:29 AST 2026] ✅ Maintenance Complete.
[Sun Jan  4 16:47:29 AST 2026] ⚙️ Starting Scheduled Maintenance...
[Sun Jan  4 16:47:30 AST 2026] 🧹 Optimizing Knowledge Base...
[16:47:30] 🧹 Starting Database Maintenance...
Current Cache Size: 8540.00 KB
⚡ Executing VACUUM...
📊 Executing ANALYZE...
Optimized Cache Size: 8540.00 KB
✅ Maintenance Complete. Space recovered: 0.00 KB
[Sun Jan  4 16:47:30 AST 2026] 📂 Archiving Logs...
[Sun Jan  4 16:47:30 AST 2026] 🛡️ Running Security Audit...
[Sun Jan  4 16:47:30 AST 2026] 🔐 Verifying System Integrity...
[Sun Jan  4 16:47:30 AST 2026] ✅ Maintenance Complete.
[Sun Jan  4 16:47:38 AST 2026] ⚙️ Starting Scheduled Maintenance...
[Sun Jan  4 16:47:38 AST 2026] 🧹 Optimizing Knowledge Base...
[16:47:38] 🧹 Starting Database Maintenance...
Current Cache Size: 8540.00 KB
⚡ Executing VACUUM...
📊 Executing ANALYZE...
Optimized Cache Size: 8540.00 KB
✅ Maintenance Complete. Space recovered: 0.00 KB
[Sun Jan  4 16:47:38 AST 2026] 📂 Archiving Logs...
[Sun Jan  4 16:47:38 AST 2026] 🛡️ Running Security Audit...
[Sun Jan  4 16:47:39 AST 2026] 🔐 Verifying System Integrity...
[Sun Jan  4 16:47:39 AST 2026] ✅ Maintenance Complete.
[Sun Jan  4 16:48:04 AST 2026] ⚙️ Starting Scheduled Maintenance...
[Sun Jan  4 16:48:04 AST 2026] 🧹 Optimizing Knowledge Base...
[16:48:04] 🧹 Starting Database Maintenance...
Current Cache Size: 8600.00 KB
⚡ Executing VACUUM...
📊 Executing ANALYZE...
Optimized Cache Size: 8600.00 KB
✅ Maintenance Complete. Space recovered: 0.00 KB
[Sun Jan  4 16:48:04 AST 2026] 📂 Archiving Logs...
[Sun Jan  4 16:48:04 AST 2026] 🛡️ Running Security Audit...
[Sun Jan  4 16:48:04 AST 2026] 🔐 Verifying System Integrity...
[Sun Jan  4 16:48:05 AST 2026] ✅ Maintenance Complete.
[Sun Jan  4 16:48:32 AST 2026] ⚙️ Starting Scheduled Maintenance...
[Sun Jan  4 16:48:32 AST 2026] 🧹 Optimizing Knowledge Base...
[16:48:32] 🧹 Starting Database Maintenance...
Current Cache Size: 8652.00 KB
⚡ Executing VACUUM...
📊 Executing ANALYZE...
Optimized Cache Size: 8652.00 KB
✅ Maintenance Complete. Space recovered: 0.00 KB
[Sun Jan  4 16:48:32 AST 2026] 📂 Archiving Logs...
[Sun Jan  4 16:48:32 AST 2026] 🛡️ Running Security Audit...
[Sun Jan  4 16:48:32 AST 2026] 🔐 Verifying System Integrity...
[Sun Jan  4 16:48:32 AST 2026] ✅ Maintenance Complete.
[Sun Jan  4 16:49:02 AST 2026] ⚙️ Starting Scheduled Maintenance...
[Sun Jan  4 16:49:02 AST 2026] 🧹 Optimizing Knowledge Base...
[16:49:02] 🧹 Starting Database Maintenance...
Current Cache Size: 8708.00 KB
⚡ Executing VACUUM...
📊 Executing ANALYZE...
Optimized Cache Size: 8708.00 KB
✅ Maintenance Complete. Space recovered: 0.00 KB
[Sun Jan  4 16:49:03 AST 2026] 📂 Archiving Logs...
[Sun Jan  4 16:49:03 AST 2026] 🛡️ Running Security Audit...
[Sun Jan  4 16:49:03 AST 2026] 🔐 Verifying System Integrity...
[Sun Jan  4 16:49:03 AST 2026] ✅ Maintenance Complete.
[Sun Jan  4 16:49:36 AST 2026] ⚙️ Starting Scheduled Maintenance...
[Sun Jan  4 16:49:36 AST 2026] 🧹 Optimizing Knowledge Base...
[16:49:36] 🧹 Starting Database Maintenance...
Current Cache Size: 8764.00 KB
⚡ Executing VACUUM...
📊 Executing ANALYZE...
Optimized Cache Size: 8764.00 KB
✅ Maintenance Complete. Space recovered: 0.00 KB
[Sun Jan  4 16:49:36 AST 2026] 📂 Archiving Logs...
[Sun Jan  4 16:49:36 AST 2026] 🛡️ Running Security Audit...
[Sun Jan  4 16:49:37 AST 2026] 🔐 Verifying System Integrity...
[Sun Jan  4 16:49:37 AST 2026] ✅ Maintenance Complete.
[Sun Jan  4 16:50:04 AST 2026] ⚙️ Starting Scheduled Maintenance...
[Sun Jan  4 16:50:04 AST 2026] 🧹 Optimizing Knowledge Base...
[16:50:04] 🧹 Starting Database Maintenance...
Current Cache Size: 8816.00 KB
⚡ Executing VACUUM...
📊 Executing ANALYZE...
Optimized Cache Size: 8816.00 KB
✅ Maintenance Complete. Space recovered: 0.00 KB
[Sun Jan  4 16:50:05 AST 2026] 📂 Archiving Logs...
[Sun Jan  4 16:50:05 AST 2026] 🛡️ Running Security Audit...
[Sun Jan  4 16:50:05 AST 2026] 🔐 Verifying System Integrity...
[Sun Jan  4 16:50:05 AST 2026] ✅ Maintenance Complete.
[Sun Jan  4 16:50:35 AST 2026] ⚙️ Starting Scheduled Maintenance...
[Sun Jan  4 16:50:35 AST 2026] 🧹 Optimizing Knowledge Base...
[16:50:35] 🧹 Starting Database Maintenance...
Current Cache Size: 8868.00 KB
⚡ Executing VACUUM...
📊 Executing ANALYZE...
Optimized Cache Size: 8868.00 KB
✅ Maintenance Complete. Space recovered: 0.00 KB
[Sun Jan  4 16:50:36 AST 2026] 📂 Archiving Logs...
[Sun Jan  4 16:50:36 AST 2026] 🛡️ Running Security Audit...
[Sun Jan  4 16:50:36 AST 2026] 🔐 Verifying System Integrity...
[Sun Jan  4 16:50:36 AST 2026] ✅ Maintenance Complete.
[Sun Jan  4 16:51:06 AST 2026] ⚙️ Starting Scheduled Maintenance...
[Sun Jan  4 16:51:06 AST 2026] 🧹 Optimizing Knowledge Base...
[16:51:06] 🧹 Starting Database Maintenance...
Current Cache Size: 8924.00 KB
⚡ Executing VACUUM...
📊 Executing ANALYZE...
Optimized Cache Size: 8924.00 KB
✅ Maintenance Complete. Space recovered: 0.00 KB
[Sun Jan  4 16:51:07 AST 2026] 📂 Archiving Logs...
[Sun Jan  4 16:51:07 AST 2026] 🛡️ Running Security Audit...
[Sun Jan  4 16:51:07 AST 2026] 🔐 Verifying System Integrity...
[Sun Jan  4 16:51:07 AST 2026] ✅ Maintenance Complete.
[Sun Jan  4 16:51:39 AST 2026] ⚙️ Starting Scheduled Maintenance...
[Sun Jan  4 16:51:39 AST 2026] 🧹 Optimizing Knowledge Base...
[16:51:39] 🧹 Starting Database Maintenance...
Current Cache Size: 8980.00 KB
⚡ Executing VACUUM...
📊 Executing ANALYZE...
Optimized Cache Size: 8980.00 KB
✅ Maintenance Complete. Space recovered: 0.00 KB
[Sun Jan  4 16:51:39 AST 2026] 📂 Archiving Logs...
[Sun Jan  4 16:51:39 AST 2026] 🛡️ Running Security Audit...
[Sun Jan  4 16:51:40 AST 2026] 🔐 Verifying System Integrity...
[Sun Jan  4 16:51:40 AST 2026] ✅ Maintenance Complete.
[Sun Jan  4 16:52:07 AST 2026] ⚙️ Starting Scheduled Maintenance...
[Sun Jan  4 16:52:07 AST 2026] 🧹 Optimizing Knowledge Base...
[16:52:07] 🧹 Starting Database Maintenance...
Current Cache Size: 9032.00 KB
⚡ Executing VACUUM...
📊 Executing ANALYZE...
Optimized Cache Size: 9032.00 KB
✅ Maintenance Complete. Space recovered: 0.00 KB
[Sun Jan  4 16:52:08 AST 2026] 📂 Archiving Logs...
[Sun Jan  4 16:52:08 AST 2026] 🛡️ Running Security Audit...
[Sun Jan  4 16:52:08 AST 2026] 🔐 Verifying System Integrity...
[Sun Jan  4 16:52:08 AST 2026] ✅ Maintenance Complete.
[Sun Jan  4 16:52:37 AST 2026] ⚙️ Starting Scheduled Maintenance...
[Sun Jan  4 16:52:37 AST 2026] 🧹 Optimizing Knowledge Base...
[16:52:37] 🧹 Starting Database Maintenance...
Current Cache Size: 9084.00 KB
⚡ Executing VACUUM...
📊 Executing ANALYZE...
Optimized Cache Size: 9084.00 KB
✅ Maintenance Complete. Space recovered: 0.00 KB
[Sun Jan  4 16:52:37 AST 2026] 📂 Archiving Logs...
[Sun Jan  4 16:52:37 AST 2026] 🛡️ Running Security Audit...
[Sun Jan  4 16:52:37 AST 2026] 🔐 Verifying System Integrity...
[Sun Jan  4 16:52:38 AST 2026] ✅ Maintenance Complete.
[Sun Jan  4 16:53:08 AST 2026] ⚙️ Starting Scheduled Maintenance...
[Sun Jan  4 16:53:08 AST 2026] 🧹 Optimizing Knowledge Base...
[16:53:08] 🧹 Starting Database Maintenance...
Current Cache Size: 9136.00 KB
⚡ Executing VACUUM...
📊 Executing ANALYZE...
Optimized Cache Size: 9136.00 KB
✅ Maintenance Complete. Space recovered: 0.00 KB
[Sun Jan  4 16:53:09 AST 2026] 📂 Archiving Logs...
[Sun Jan  4 16:53:09 AST 2026] 🛡️ Running Security Audit...
[Sun Jan  4 16:53:09 AST 2026] 🔐 Verifying System Integrity...
[Sun Jan  4 16:53:09 AST 2026] ✅ Maintenance Complete.
[Sun Jan  4 16:53:38 AST 2026] ⚙️ Starting Scheduled Maintenance...
[Sun Jan  4 16:53:38 AST 2026] 🧹 Optimizing Knowledge Base...
[16:53:38] 🧹 Starting Database Maintenance...
Current Cache Size: 9192.00 KB
⚡ Executing VACUUM...
📊 Executing ANALYZE...
Optimized Cache Size: 9192.00 KB
✅ Maintenance Complete. Space recovered: 0.00 KB
[Sun Jan  4 16:53:39 AST 2026] 📂 Archiving Logs...
[Sun Jan  4 16:53:39 AST 2026] 🛡️ Running Security Audit...
[Sun Jan  4 16:53:40 AST 2026] 🔐 Verifying System Integrity...
[Sun Jan  4 16:53:40 AST 2026] ✅ Maintenance Complete.
[Sun Jan  4 16:54:08 AST 2026] ⚙️ Starting Scheduled Maintenance...
[Sun Jan  4 16:54:08 AST 2026] 🧹 Optimizing Knowledge Base...
[16:54:08] 🧹 Starting Database Maintenance...
Current Cache Size: 9240.00 KB
⚡ Executing VACUUM...
📊 Executing ANALYZE...
Optimized Cache Size: 9240.00 KB
✅ Maintenance Complete. Space recovered: 0.00 KB
[Sun Jan  4 16:54:08 AST 2026] 📂 Archiving Logs...
[Sun Jan  4 16:54:08 AST 2026] 🛡️ Running Security Audit...
[Sun Jan  4 16:54:08 AST 2026] 🔐 Verifying System Integrity...
[Sun Jan  4 16:54:08 AST 2026] ✅ Maintenance Complete.
