[2025-12-26 18:19:16] 🚀 INITIALIZING AILCC ORCHESTRATOR...
[2025-12-26 18:19:16] ⚡ Launching context_orchestrator.py in background...
[2025-12-26 18:19:17] ✅ context_orchestrator.py launched.
[2025-12-26 18:19:18] ⚡ Launching vault_rag.py in background...
[2025-12-26 18:19:18] ✅ vault_rag.py launched.
[2025-12-26 18:19:19] ⚡ Launching budget_governor.py in background...
[2025-12-26 18:19:19] ✅ budget_governor.py launched.
[2025-12-26 18:19:20] ⚡ Launching finance_tracker.py in background...
[2025-12-26 18:19:20] ✅ finance_tracker.py launched.
[2025-12-26 18:19:21] ⚡ Launching convergence_audit.py in background...
[2025-12-26 18:19:21] ✅ convergence_audit.py launched.
[2025-12-26 18:19:22] ⚡ Launching web_daemon.py in background...
[2025-12-26 18:19:22] ✅ web_daemon.py launched.
[2025-12-26 18:19:23] ⚡ Launching nexus_server.py in background...
[2025-12-26 18:19:23] ✅ nexus_server.py launched.
[2025-12-26 18:19:24] ⚡ Launching sync_daemon.py in background...
[2025-12-26 18:19:24] ✅ sync_daemon.py launched.
[2025-12-26 18:19:26] ⚖️ Engaging THE JUDGE (Strategic Growth Advisory)...
[2025-12-26 18:19:26] ⚠️ The Judge is already active. Skipping launch.
[2025-12-26 18:19:26] 📡 Engaging NEURAL RELAY (Port 3001)...
[2025-12-26 18:19:26] ⚠️ Port 3001 active. Relay likely running.
[2025-12-26 18:19:26] ⚠️ Port 3000 in use. Assuming Dashboard is active.
[2025-12-26 18:19:26] 🖥️ Opening Dashboard & Diagnostics...
[2025-12-26 18:19:39] ✅ SYSTEM LAUNCH COMPLETE (MODE 5: ACTIVE). Monitoring Heartbeat...
[2025-12-26 18:19:39] 🌐 Neural Relay: ONLINE
[2025-12-26 18:19:39] 📊 NEXUS Dashboard: http://localhost:8000
[2025-12-26 18:19:39] 🧠 Singularity Alignment: 100%
