[2026-01-26 11:34:17] Starting Browser Optimization Sequence...
[2026-01-26 11:34:17] Detected Google Chrome Version: 144.0.7559.97
[2026-01-26 11:34:17] [WARNING] ⚠️  UNSTABLE VERSION DETECTED for Google Chrome (v144)
[2026-01-26 11:34:17] [WARNING]    Recommendation: Downgrade to Stable (v132+) to prevent SIGTRAP crashes.
[2026-01-26 11:34:17] Detected Comet Version: 143.2.7499.37648
[2026-01-26 11:34:17] [WARNING] ⚠️  UNSTABLE VERSION DETECTED for Comet (v143)
[2026-01-26 11:34:17] [WARNING]    Recommendation: Downgrade to Stable (v132+) to prevent SIGTRAP crashes.
[2026-01-26 11:34:17] [WARNING] Google Chrome is running. Closing it to safely clear cache...
[2026-01-26 11:34:23] Google Chrome forced closed.
[2026-01-26 11:34:23] [WARNING] Comet is running. Closing it to safely clear cache...
[2026-01-26 11:34:26] Comet forced closed.
[2026-01-26 11:34:26] No Cache found for Google Chrome (AppSupport) at /Users/infinite27/Library/Application Support/Google/Chrome/Default/Cache
[2026-01-26 11:34:28] ✅ Cleared Google Chrome (AppSupport) GPUCache: /Users/infinite27/Library/Application Support/Google/Chrome/Default/GPUCache
[2026-01-26 11:34:28] No Cache found for Google Chrome (Library/Caches) at /Users/infinite27/Library/Caches/Google/Chrome/Default/Cache
[2026-01-26 11:34:28] No GPUCache found for Google Chrome (Library/Caches) at /Users/infinite27/Library/Caches/Google/Chrome/Default/GPUCache
[2026-01-26 11:34:28] No Cache found for Comet (AppSupport 1) at /Users/infinite27/Library/Application Support/Comet/Cache
[2026-01-26 11:34:28] No GPUCache found for Comet (AppSupport 1) at /Users/infinite27/Library/Application Support/Comet/GPUCache
[2026-01-26 11:34:28] No Cache found for Comet (AppSupport 2) at /Users/infinite27/Library/Application Support/ai.perplexity.comet/Cache
[2026-01-26 11:34:28] No GPUCache found for Comet (AppSupport 2) at /Users/infinite27/Library/Application Support/ai.perplexity.comet/GPUCache
[2026-01-26 11:34:28] No Cache found for Comet (Library/Caches 1) at /Users/infinite27/Library/Caches/ai.perplexity.comet
[2026-01-26 11:34:28] No GPUCache found for Comet (Library/Caches 1) at /Users/infinite27/Library/Caches/ai.perplexity.comet/fsCachedData
[2026-01-26 11:34:42] ✅ Cleared Comet (Library/Caches 2) Cache: /Users/infinite27/Library/Caches/Comet
[2026-01-26 11:34:42] No GPUCache found for Comet (Library/Caches 2) at /Users/infinite27/Library/Caches/Comet/fsCachedData
[2026-01-26 11:34:42] Optimization Complete.
[2026-01-26 11:34:42] Please restart your browsers. If crashes persist, consult troubleshooting_chromium.md
