[2026-01-21 19:43:34] Starting Browser Optimization Sequence...
[2026-01-21 19:43:34] Detected Google Chrome Version: 144.0.7559.96
[2026-01-21 19:43:34] [WARNING] ⚠️  UNSTABLE VERSION DETECTED for Google Chrome (v144)
[2026-01-21 19:43:34] [WARNING]    Recommendation: Downgrade to Stable (v132+) to prevent SIGTRAP crashes.
[2026-01-21 19:43:34] Detected Comet Version: 143.2.7499.37648
[2026-01-21 19:43:34] [WARNING] ⚠️  UNSTABLE VERSION DETECTED for Comet (v143)
[2026-01-21 19:43:34] [WARNING]    Recommendation: Downgrade to Stable (v132+) to prevent SIGTRAP crashes.
[2026-01-21 19:43:34] Google Chrome is not running.
[2026-01-21 19:43:34] [WARNING] Comet is running. Closing it to safely clear cache...
[2026-01-21 19:43:38] Comet forced closed.
[2026-01-21 19:43:38] No Cache found for Google Chrome (AppSupport) at /Users/infinite27/Library/Application Support/Google/Chrome/Default/Cache
[2026-01-21 19:43:38] ✅ Cleared Google Chrome (AppSupport) GPUCache: /Users/infinite27/Library/Application Support/Google/Chrome/Default/GPUCache
[2026-01-21 19:43:39] ✅ Cleared Google Chrome (Library/Caches) Cache: /Users/infinite27/Library/Caches/Google/Chrome/Default/Cache
[2026-01-21 19:43:39] No GPUCache found for Google Chrome (Library/Caches) at /Users/infinite27/Library/Caches/Google/Chrome/Default/GPUCache
[2026-01-21 19:43:39] No Cache found for Comet (AppSupport 1) at /Users/infinite27/Library/Application Support/Comet/Cache
[2026-01-21 19:43:39] No GPUCache found for Comet (AppSupport 1) at /Users/infinite27/Library/Application Support/Comet/GPUCache
[2026-01-21 19:43:39] No Cache found for Comet (AppSupport 2) at /Users/infinite27/Library/Application Support/ai.perplexity.comet/Cache
[2026-01-21 19:43:39] No GPUCache found for Comet (AppSupport 2) at /Users/infinite27/Library/Application Support/ai.perplexity.comet/GPUCache
[2026-01-21 19:43:39] No Cache found for Comet (Library/Caches 1) at /Users/infinite27/Library/Caches/ai.perplexity.comet
[2026-01-21 19:43:39] No GPUCache found for Comet (Library/Caches 1) at /Users/infinite27/Library/Caches/ai.perplexity.comet/fsCachedData
[2026-01-21 19:43:40] ✅ Cleared Comet (Library/Caches 2) Cache: /Users/infinite27/Library/Caches/Comet
[2026-01-21 19:43:40] No GPUCache found for Comet (Library/Caches 2) at /Users/infinite27/Library/Caches/Comet/fsCachedData
[2026-01-21 19:43:40] Optimization Complete.
[2026-01-21 19:43:40] Please restart your browsers. If crashes persist, consult troubleshooting_chromium.md
