[2026-01-19 01:10:05] Starting Browser Optimization Sequence...
[2026-01-19 01:10:05] Detected Google Chrome Version: 143.0.7499.193
[2026-01-19 01:10:05] [WARNING] ⚠️  UNSTABLE VERSION DETECTED for Google Chrome (v143)
[2026-01-19 01:10:05] [WARNING]    Recommendation: Downgrade to Stable (v132+) to prevent SIGTRAP crashes.
[2026-01-19 01:10:05] Detected Comet Version: 143.2.7499.37648
[2026-01-19 01:10:05] [WARNING] ⚠️  UNSTABLE VERSION DETECTED for Comet (v143)
[2026-01-19 01:10:05] [WARNING]    Recommendation: Downgrade to Stable (v132+) to prevent SIGTRAP crashes.
[2026-01-19 01:10:05] Google Chrome is not running.
[2026-01-19 01:10:06] Comet is not running.
[2026-01-19 01:10:06] No Cache found for Google Chrome (AppSupport) at /Users/infinite27/Library/Application Support/Google/Chrome/Default/Cache
[2026-01-19 01:10:06] No GPUCache found for Google Chrome (AppSupport) at /Users/infinite27/Library/Application Support/Google/Chrome/Default/GPUCache
[2026-01-19 01:10:06] ✅ Cleared Google Chrome (Library/Caches) Cache: /Users/infinite27/Library/Caches/Google/Chrome/Default/Cache
[2026-01-19 01:10:06] No GPUCache found for Google Chrome (Library/Caches) at /Users/infinite27/Library/Caches/Google/Chrome/Default/GPUCache
[2026-01-19 01:10:06] No Cache found for Comet (AppSupport 1) at /Users/infinite27/Library/Application Support/Comet/Cache
[2026-01-19 01:10:06] No GPUCache found for Comet (AppSupport 1) at /Users/infinite27/Library/Application Support/Comet/GPUCache
[2026-01-19 01:10:06] No Cache found for Comet (AppSupport 2) at /Users/infinite27/Library/Application Support/ai.perplexity.comet/Cache
[2026-01-19 01:10:06] No GPUCache found for Comet (AppSupport 2) at /Users/infinite27/Library/Application Support/ai.perplexity.comet/GPUCache
[2026-01-19 01:10:06] No Cache found for Comet (Library/Caches 1) at /Users/infinite27/Library/Caches/ai.perplexity.comet
[2026-01-19 01:10:06] No GPUCache found for Comet (Library/Caches 1) at /Users/infinite27/Library/Caches/ai.perplexity.comet/fsCachedData
[2026-01-19 01:10:06] ✅ Cleared Comet (Library/Caches 2) Cache: /Users/infinite27/Library/Caches/Comet
[2026-01-19 01:10:06] No GPUCache found for Comet (Library/Caches 2) at /Users/infinite27/Library/Caches/Comet/fsCachedData
[2026-01-19 01:10:06] Optimization Complete.
[2026-01-19 01:10:06] Please restart your browsers. If crashes persist, consult troubleshooting_chromium.md
