ps: illegal option -- -
usage: ps [-AaCcEefhjlMmrSTvwXx] [-O fmt | -o fmt] [-G gid[,gid...]]
          [-u]
          [-p pid[,pid...]] [-t tty[,tty...]] [-U user[,user...]]
       ps [-L]
awk: calling undefined function systime
 input record number 1, file 
 source line number 1
ps: illegal option -- -
usage: ps [-AaCcEefhjlMmrSTvwXx] [-O fmt | -o fmt] [-G gid[,gid...]]
          [-u]
          [-p pid[,pid...]] [-t tty[,tty...]] [-U user[,user...]]
       ps [-L]
awk: calling undefined function systime
 input record number 1, file 
 source line number 1
ps: illegal option -- -
usage: ps [-AaCcEefhjlMmrSTvwXx] [-O fmt | -o fmt] [-G gid[,gid...]]
          [-u]
          [-p pid[,pid...]] [-t tty[,tty...]] [-U user[,user...]]
       ps [-L]
awk: calling undefined function systime
 input record number 1, file 
 source line number 1
ps: illegal option -- -
usage: ps [-AaCcEefhjlMmrSTvwXx] [-O fmt | -o fmt] [-G gid[,gid...]]
          [-u]
          [-p pid[,pid...]] [-t tty[,tty...]] [-U user[,user...]]
       ps [-L]
awk: calling undefined function systime
 input record number 1, file 
 source line number 1
