🔍 Process Health Monitor - Sat Feb  7 21:17:18 AST 2026
━━━━━━━━━━━━━━━━━━━━━━━━━━━━━━━━━━━━━━━━━━━━━━━━━━━━━━
[1/4] Language Server Health:
  PID: 1626
  Memory: 245MB (3.0%)
  ✅ Healthy

[2/4] Docker Health:
  Docker.raw: 0GB
  ✅ Healthy
  VM Memory: 901MB (11.0%)

[3/4] Chrome Health:
  Processes: 22
  Total Memory: 950MB (11.6%)
  ✅ Healthy

[4/4] Antigravity Health:
  Helper Processes: 17
  Total Memory: 843MB (10.3%)
  ⚠️  High helper count - may indicate memory leak
━━━━━━━━━━━━━━━━━━━━━━━━━━━━━━━━━━━━━━━━━━━━━━━━━━━━━━
Process Health Monitor complete - Sat Feb  7 21:17:20 AST 2026

🔍 Process Health Monitor - Sat Feb  7 22:17:21 AST 2026
━━━━━━━━━━━━━━━━━━━━━━━━━━━━━━━━━━━━━━━━━━━━━━━━━━━━━━
[1/4] Language Server Health:
  PID: 1626
  Memory: 180MB (2.2%)
  ✅ Healthy

[2/4] Docker Health:
  Docker.raw: 2GB
  ✅ Healthy
  VM Memory: 270MB (3.3%)

[3/4] Chrome Health:
  Processes: 56
  Total Memory: 1163MB (14.2%)
  ⚠️  High process count - close unused tabs
2026-02-07 22:17:48,chrome,56 processes,warning

[4/4] Antigravity Health:
  Helper Processes: 18
  Total Memory: 565MB (6.9%)
  ⚠️  High helper count - may indicate memory leak
━━━━━━━━━━━━━━━━━━━━━━━━━━━━━━━━━━━━━━━━━━━━━━━━━━━━━━
Process Health Monitor complete - Sat Feb  7 22:18:06 AST 2026

🔍 Process Health Monitor - Sat Feb  7 23:18:06 AST 2026
━━━━━━━━━━━━━━━━━━━━━━━━━━━━━━━━━━━━━━━━━━━━━━━━━━━━━━
[1/4] Language Server Health:
  PID: 1626
  Memory: 901MB (11.0%)
  ✅ Healthy

[2/4] Docker Health:
  Docker.raw: 2GB
  ✅ Healthy
  VM Memory: 294MB (3.6%)

[3/4] Chrome Health:
  Processes: 41
  Total Memory: 1269MB (15.5%)
  ⚠️  High process count - close unused tabs
2026-02-07 23:18:07,chrome,41 processes,warning

[4/4] Antigravity Health:
  Helper Processes: 18
  Total Memory: 712MB (8.7%)
  ⚠️  High helper count - may indicate memory leak
━━━━━━━━━━━━━━━━━━━━━━━━━━━━━━━━━━━━━━━━━━━━━━━━━━━━━━
Process Health Monitor complete - Sat Feb  7 23:18:08 AST 2026

🔍 Process Health Monitor - Sun Feb  8 00:18:08 AST 2026
━━━━━━━━━━━━━━━━━━━━━━━━━━━━━━━━━━━━━━━━━━━━━━━━━━━━━━
[1/4] Language Server Health:
  PID: 1626
  Memory: 950MB (11.6%)
  ✅ Healthy

[2/4] Docker Health:
  Docker.raw: 2GB
  ✅ Healthy
  VM Memory: 606MB (7.4%)

[3/4] Chrome Health:
  Processes: 33
  Total Memory: 1007MB (12.3%)
  ⚠️  High process count - close unused tabs
2026-02-08 00:18:09,chrome,33 processes,warning

[4/4] Antigravity Health:
  Helper Processes: 18
  Total Memory: 729MB (8.9%)
  ⚠️  High helper count - may indicate memory leak
━━━━━━━━━━━━━━━━━━━━━━━━━━━━━━━━━━━━━━━━━━━━━━━━━━━━━━
Process Health Monitor complete - Sun Feb  8 00:18:09 AST 2026

🔍 Process Health Monitor - Sun Feb  8 01:18:10 AST 2026
━━━━━━━━━━━━━━━━━━━━━━━━━━━━━━━━━━━━━━━━━━━━━━━━━━━━━━
[1/4] Language Server Health:
  PID: 1626
  Memory: 196MB (2.4%)
  ✅ Healthy

[2/4] Docker Health:
  Docker.raw: 2GB
  ✅ Healthy
  VM Memory: 368MB (4.5%)

[3/4] Chrome Health:
  Processes: 35
  Total Memory: 1515MB (18.5%)
  ⚠️  High process count - close unused tabs
2026-02-08 01:18:14,chrome,35 processes,warning

[4/4] Antigravity Health:
  Helper Processes: 18
  Total Memory: 688MB (8.4%)
  ⚠️  High helper count - may indicate memory leak
━━━━━━━━━━━━━━━━━━━━━━━━━━━━━━━━━━━━━━━━━━━━━━━━━━━━━━
Process Health Monitor complete - Sun Feb  8 01:18:16 AST 2026

🔍 Process Health Monitor - Sun Feb  8 02:18:16 AST 2026
━━━━━━━━━━━━━━━━━━━━━━━━━━━━━━━━━━━━━━━━━━━━━━━━━━━━━━
[1/4] Language Server Health:
  PID: 1626
  Memory: 786MB (9.6%)
  ✅ Healthy

[2/4] Docker Health:
  Docker.raw: 2GB
  ✅ Healthy
  VM Memory: 303MB (3.7%)

[3/4] Chrome Health:
  Processes: 34
  Total Memory: 655MB (8%)
  ⚠️  High process count - close unused tabs
2026-02-08 02:18:17,chrome,34 processes,warning

[4/4] Antigravity Health:
  Helper Processes: 18
  Total Memory: 630MB (7.7%)
  ⚠️  High helper count - may indicate memory leak
━━━━━━━━━━━━━━━━━━━━━━━━━━━━━━━━━━━━━━━━━━━━━━━━━━━━━━
Process Health Monitor complete - Sun Feb  8 02:18:18 AST 2026

🔍 Process Health Monitor - Sun Feb  8 03:18:18 AST 2026
━━━━━━━━━━━━━━━━━━━━━━━━━━━━━━━━━━━━━━━━━━━━━━━━━━━━━━
[1/4] Language Server Health:
  PID: 1626
  Memory: 1376MB (16.8%)
  ✅ Healthy

[2/4] Docker Health:
  Docker.raw: 2GB
  ✅ Healthy
  VM Memory: 294MB (3.6%)

[3/4] Chrome Health:
  Processes: 33
  Total Memory: 303MB (3.7%)
  ⚠️  High process count - close unused tabs
2026-02-08 03:18:23,chrome,33 processes,warning

[4/4] Antigravity Health:
  Helper Processes: 18
  Total Memory: 598MB (7.3%)
  ⚠️  High helper count - may indicate memory leak
━━━━━━━━━━━━━━━━━━━━━━━━━━━━━━━━━━━━━━━━━━━━━━━━━━━━━━
Process Health Monitor complete - Sun Feb  8 03:18:24 AST 2026

🔍 Process Health Monitor - Sun Feb  8 04:18:25 AST 2026
━━━━━━━━━━━━━━━━━━━━━━━━━━━━━━━━━━━━━━━━━━━━━━━━━━━━━━
[1/4] Language Server Health:
  PID: 1626
  Memory: 1114MB (13.6%)
  ✅ Healthy

[2/4] Docker Health:
  Docker.raw: 2GB
  ✅ Healthy
  VM Memory: 344MB (4.2%)

[3/4] Chrome Health:
  Processes: 2
  Total Memory: 0MB (0%)
  ✅ Healthy

[4/4] Antigravity Health:
  Helper Processes: 18
  Total Memory: 835MB (10.2%)
  ⚠️  High helper count - may indicate memory leak
━━━━━━━━━━━━━━━━━━━━━━━━━━━━━━━━━━━━━━━━━━━━━━━━━━━━━━
Process Health Monitor complete - Sun Feb  8 04:18:25 AST 2026

🔍 Process Health Monitor - Sun Feb  8 05:18:25 AST 2026
━━━━━━━━━━━━━━━━━━━━━━━━━━━━━━━━━━━━━━━━━━━━━━━━━━━━━━
[1/4] Language Server Health:
  PID: 1626
  Memory: 1130MB (13.8%)
  ✅ Healthy

[2/4] Docker Health:
  Docker.raw: 2GB
  ✅ Healthy
  VM Memory: 352MB (4.3%)

[3/4] Chrome Health:
  Processes: 2
  Total Memory: 0MB (0%)
  ✅ Healthy

[4/4] Antigravity Health:
  Helper Processes: 18
  Total Memory: 958MB (11.7%)
  ⚠️  High helper count - may indicate memory leak
━━━━━━━━━━━━━━━━━━━━━━━━━━━━━━━━━━━━━━━━━━━━━━━━━━━━━━
Process Health Monitor complete - Sun Feb  8 05:18:26 AST 2026

🔍 Process Health Monitor - Sun Feb  8 06:18:26 AST 2026
━━━━━━━━━━━━━━━━━━━━━━━━━━━━━━━━━━━━━━━━━━━━━━━━━━━━━━
[1/4] Language Server Health:
  PID: 1626
  Memory: 1114MB (13.6%)
  ✅ Healthy

[2/4] Docker Health:
  Docker.raw: 2GB
  ✅ Healthy
  VM Memory: 360MB (4.4%)

[3/4] Chrome Health:
  Processes: 2
  Total Memory: 0MB (0%)
  ✅ Healthy

[4/4] Antigravity Health:
  Helper Processes: 18
  Total Memory: 901MB (11%)
  ⚠️  High helper count - may indicate memory leak
━━━━━━━━━━━━━━━━━━━━━━━━━━━━━━━━━━━━━━━━━━━━━━━━━━━━━━
Process Health Monitor complete - Sun Feb  8 06:18:28 AST 2026

🔍 Process Health Monitor - Sun Feb  8 07:33:48 AST 2026
━━━━━━━━━━━━━━━━━━━━━━━━━━━━━━━━━━━━━━━━━━━━━━━━━━━━━━
[1/4] Language Server Health:
  PID: 1626
  Memory: 1212MB (14.8%)
  ✅ Healthy

[2/4] Docker Health:
  Docker.raw: 2GB
  ✅ Healthy
  VM Memory: 352MB (4.3%)

[3/4] Chrome Health:
  Processes: 2
  Total Memory: 0MB (0%)
  ✅ Healthy

[4/4] Antigravity Health:
  Helper Processes: 18
  Total Memory: 794MB (9.7%)
  ⚠️  High helper count - may indicate memory leak
━━━━━━━━━━━━━━━━━━━━━━━━━━━━━━━━━━━━━━━━━━━━━━━━━━━━━━
Process Health Monitor complete - Sun Feb  8 07:33:49 AST 2026

🔍 Process Health Monitor - Sun Feb  8 08:49:23 AST 2026
━━━━━━━━━━━━━━━━━━━━━━━━━━━━━━━━━━━━━━━━━━━━━━━━━━━━━━
[1/4] Language Server Health:
  PID: 1626
  Memory: 1146MB (14.0%)
  ✅ Healthy

[2/4] Docker Health:
  Docker.raw: 2GB
  ✅ Healthy
  VM Memory: 360MB (4.4%)

[3/4] Chrome Health:
  Processes: 2
  Total Memory: 0MB (0%)
  ✅ Healthy

[4/4] Antigravity Health:
  Helper Processes: 18
  Total Memory: 737MB (9%)
  ⚠️  High helper count - may indicate memory leak
━━━━━━━━━━━━━━━━━━━━━━━━━━━━━━━━━━━━━━━━━━━━━━━━━━━━━━
Process Health Monitor complete - Sun Feb  8 08:49:24 AST 2026

🔍 Process Health Monitor - Sun Feb  8 09:49:24 AST 2026
━━━━━━━━━━━━━━━━━━━━━━━━━━━━━━━━━━━━━━━━━━━━━━━━━━━━━━
[1/4] Language Server Health:
  PID: 1626
  Memory: 1146MB (14.0%)
  ✅ Healthy

[2/4] Docker Health:
  Docker.raw: 2GB
  ✅ Healthy
  VM Memory: 385MB (4.7%)

[3/4] Chrome Health:
  Processes: 2
  Total Memory: 0MB (0%)
  ✅ Healthy

[4/4] Antigravity Health:
  Helper Processes: 18
  Total Memory: 745MB (9.1%)
  ⚠️  High helper count - may indicate memory leak
━━━━━━━━━━━━━━━━━━━━━━━━━━━━━━━━━━━━━━━━━━━━━━━━━━━━━━
Process Health Monitor complete - Sun Feb  8 09:49:25 AST 2026

🔍 Process Health Monitor - Sun Feb  8 10:49:25 AST 2026
━━━━━━━━━━━━━━━━━━━━━━━━━━━━━━━━━━━━━━━━━━━━━━━━━━━━━━
[1/4] Language Server Health:
  PID: 1626
  Memory: 1146MB (14.0%)
  ✅ Healthy

[2/4] Docker Health:
  Docker.raw: 2GB
  ✅ Healthy
  VM Memory: 376MB (4.6%)

[3/4] Chrome Health:
  Processes: 2
  Total Memory: 0MB (0%)
  ✅ Healthy

[4/4] Antigravity Health:
  Helper Processes: 18
  Total Memory: 753MB (9.2%)
  ⚠️  High helper count - may indicate memory leak
━━━━━━━━━━━━━━━━━━━━━━━━━━━━━━━━━━━━━━━━━━━━━━━━━━━━━━
Process Health Monitor complete - Sun Feb  8 10:49:26 AST 2026

🔍 Process Health Monitor - Sun Feb  8 11:49:26 AST 2026
━━━━━━━━━━━━━━━━━━━━━━━━━━━━━━━━━━━━━━━━━━━━━━━━━━━━━━
[1/4] Language Server Health:
  PID: 1626
  Memory: 1146MB (14.0%)
  ✅ Healthy

[2/4] Docker Health:
  Docker.raw: 2GB
  ✅ Healthy
  VM Memory: 376MB (4.6%)

[3/4] Chrome Health:
  Processes: 2
  Total Memory: 0MB (0%)
  ✅ Healthy

[4/4] Antigravity Health:
  Helper Processes: 18
  Total Memory: 778MB (9.5%)
  ⚠️  High helper count - may indicate memory leak
━━━━━━━━━━━━━━━━━━━━━━━━━━━━━━━━━━━━━━━━━━━━━━━━━━━━━━
Process Health Monitor complete - Sun Feb  8 11:49:27 AST 2026

🔍 Process Health Monitor - Sun Feb  8 12:49:27 AST 2026
━━━━━━━━━━━━━━━━━━━━━━━━━━━━━━━━━━━━━━━━━━━━━━━━━━━━━━
[1/4] Language Server Health:
  PID: 1626
  Memory: 1146MB (14.0%)
  ✅ Healthy

[2/4] Docker Health:
  Docker.raw: 2GB
  ✅ Healthy
  VM Memory: 385MB (4.7%)

[3/4] Chrome Health:
  Processes: 2
  Total Memory: 0MB (0%)
  ✅ Healthy

[4/4] Antigravity Health:
  Helper Processes: 18
  Total Memory: 761MB (9.3%)
  ⚠️  High helper count - may indicate memory leak
━━━━━━━━━━━━━━━━━━━━━━━━━━━━━━━━━━━━━━━━━━━━━━━━━━━━━━
Process Health Monitor complete - Sun Feb  8 12:49:28 AST 2026

🔍 Process Health Monitor - Sun Feb  8 13:49:28 AST 2026
━━━━━━━━━━━━━━━━━━━━━━━━━━━━━━━━━━━━━━━━━━━━━━━━━━━━━━
[1/4] Language Server Health:
  PID: 1626
  Memory: 1146MB (14.0%)
  ✅ Healthy

[2/4] Docker Health:
  Docker.raw: 2GB
  ✅ Healthy
  VM Memory: 385MB (4.7%)

[3/4] Chrome Health:
  Processes: 2
  Total Memory: 0MB (0%)
  ✅ Healthy

[4/4] Antigravity Health:
  Helper Processes: 18
  Total Memory: 778MB (9.5%)
  ⚠️  High helper count - may indicate memory leak
━━━━━━━━━━━━━━━━━━━━━━━━━━━━━━━━━━━━━━━━━━━━━━━━━━━━━━
Process Health Monitor complete - Sun Feb  8 13:49:29 AST 2026

🔍 Process Health Monitor - Sun Feb  8 14:49:29 AST 2026
━━━━━━━━━━━━━━━━━━━━━━━━━━━━━━━━━━━━━━━━━━━━━━━━━━━━━━
[1/4] Language Server Health:
  PID: 1626
  Memory: 1146MB (14.0%)
  ✅ Healthy

[2/4] Docker Health:
  Docker.raw: 2GB
  ✅ Healthy
  VM Memory: 376MB (4.6%)

[3/4] Chrome Health:
  Processes: 2
  Total Memory: 0MB (0%)
  ✅ Healthy

[4/4] Antigravity Health:
  Helper Processes: 18
  Total Memory: 778MB (9.5%)
  ⚠️  High helper count - may indicate memory leak
━━━━━━━━━━━━━━━━━━━━━━━━━━━━━━━━━━━━━━━━━━━━━━━━━━━━━━
Process Health Monitor complete - Sun Feb  8 14:49:30 AST 2026

🔍 Process Health Monitor - Sun Feb  8 15:49:30 AST 2026
━━━━━━━━━━━━━━━━━━━━━━━━━━━━━━━━━━━━━━━━━━━━━━━━━━━━━━
[1/4] Language Server Health:
  PID: 1626
  Memory: 1146MB (14.0%)
  ✅ Healthy

[2/4] Docker Health:
  Docker.raw: 2GB
  ✅ Healthy
  VM Memory: 385MB (4.7%)

[3/4] Chrome Health:
  Processes: 2
  Total Memory: 0MB (0%)
  ✅ Healthy

[4/4] Antigravity Health:
  Helper Processes: 18
  Total Memory: 811MB (9.9%)
  ⚠️  High helper count - may indicate memory leak
━━━━━━━━━━━━━━━━━━━━━━━━━━━━━━━━━━━━━━━━━━━━━━━━━━━━━━
Process Health Monitor complete - Sun Feb  8 15:49:31 AST 2026

🔍 Process Health Monitor - Sun Feb  8 16:49:31 AST 2026
━━━━━━━━━━━━━━━━━━━━━━━━━━━━━━━━━━━━━━━━━━━━━━━━━━━━━━
[1/4] Language Server Health:
  PID: 83955
  Memory: 1695MB (20.7%)
  ✅ Healthy

[2/4] Docker Health:
  Docker.raw: 2GB
  ✅ Healthy
  VM Memory: 294MB (3.6%)

[3/4] Chrome Health:
  Processes: 23
  Total Memory: 794MB (9.7%)
  ✅ Healthy

[4/4] Antigravity Health:
  Helper Processes: 14
  Total Memory: 753MB (9.2%)
  ⚠️  High helper count - may indicate memory leak
━━━━━━━━━━━━━━━━━━━━━━━━━━━━━━━━━━━━━━━━━━━━━━━━━━━━━━
Process Health Monitor complete - Sun Feb  8 16:49:33 AST 2026

🔍 Process Health Monitor - Sun Feb  8 17:49:33 AST 2026
━━━━━━━━━━━━━━━━━━━━━━━━━━━━━━━━━━━━━━━━━━━━━━━━━━━━━━
[1/4] Language Server Health:
  PID: 83955
  Memory: 294MB (3.6%)
  ✅ Healthy

[2/4] Docker Health:
  Docker.raw: 2GB
  ✅ Healthy
  VM Memory: 311MB (3.8%)

[3/4] Chrome Health:
  Processes: 28
  Total Memory: 1441MB (17.6%)
  ✅ Healthy

[4/4] Antigravity Health:
  Helper Processes: 14
  Total Memory: 458MB (5.6%)
  ⚠️  High helper count - may indicate memory leak
━━━━━━━━━━━━━━━━━━━━━━━━━━━━━━━━━━━━━━━━━━━━━━━━━━━━━━
Process Health Monitor complete - Sun Feb  8 17:49:35 AST 2026

🔍 Process Health Monitor - Sun Feb  8 18:52:51 AST 2026
━━━━━━━━━━━━━━━━━━━━━━━━━━━━━━━━━━━━━━━━━━━━━━━━━━━━━━
[1/4] Language Server Health:
  PID: 83955
  Memory: 40MB (0.5%)
  ✅ Healthy

[2/4] Docker Health:
  Docker.raw: 2GB
  ✅ Healthy
  VM Memory: 212MB (2.6%)

[3/4] Chrome Health:
  Processes: 55
  Total Memory: 696MB (8.5%)
  ⚠️  High process count - close unused tabs
2026-02-08 18:56:23,chrome,55 processes,warning

[4/4] Antigravity Health:
  Helper Processes: 14
  Total Memory: 311MB (3.8%)
  ⚠️  High helper count - may indicate memory leak
━━━━━━━━━━━━━━━━━━━━━━━━━━━━━━━━━━━━━━━━━━━━━━━━━━━━━━
Process Health Monitor complete - Sun Feb  8 18:57:18 AST 2026

🔍 Process Health Monitor - Sun Feb  8 19:57:18 AST 2026
━━━━━━━━━━━━━━━━━━━━━━━━━━━━━━━━━━━━━━━━━━━━━━━━━━━━━━
[1/4] Language Server Health:
  PID: 91121
  Memory: 49MB (0.6%)
  ✅ Healthy

[2/4] Docker Health:
  Docker.raw: 2GB
  ✅ Healthy
  VM Memory: 286MB (3.5%)

[3/4] Chrome Health:
  Processes: 52
  Total Memory: 1654MB (20.2%)
  ⚠️  High process count - close unused tabs
2026-02-08 19:57:19,chrome,52 processes,warning

[4/4] Antigravity Health:
  Helper Processes: 17
  Total Memory: 720MB (8.8%)
  ⚠️  High helper count - may indicate memory leak
━━━━━━━━━━━━━━━━━━━━━━━━━━━━━━━━━━━━━━━━━━━━━━━━━━━━━━
Process Health Monitor complete - Sun Feb  8 19:57:20 AST 2026

🔍 Process Health Monitor - Sun Feb  8 20:57:20 AST 2026
━━━━━━━━━━━━━━━━━━━━━━━━━━━━━━━━━━━━━━━━━━━━━━━━━━━━━━
[1/4] Language Server Health:
  PID: 91121
  Memory: 974MB (11.9%)
  ✅ Healthy

[2/4] Docker Health:
  Docker.raw: 2GB
  ✅ Healthy
  VM Memory: 253MB (3.1%)

[3/4] Chrome Health:
  Processes: 52
  Total Memory: 1310MB (16%)
  ⚠️  High process count - close unused tabs
2026-02-08 20:57:22,chrome,52 processes,warning

[4/4] Antigravity Health:
  Helper Processes: 19
  Total Memory: 450MB (5.5%)
  ⚠️  High helper count - may indicate memory leak
━━━━━━━━━━━━━━━━━━━━━━━━━━━━━━━━━━━━━━━━━━━━━━━━━━━━━━
Process Health Monitor complete - Sun Feb  8 20:57:23 AST 2026

🔍 Process Health Monitor - Sun Feb  8 21:57:25 AST 2026
━━━━━━━━━━━━━━━━━━━━━━━━━━━━━━━━━━━━━━━━━━━━━━━━━━━━━━
[1/4] Language Server Health:
  PID: 91121
  Memory: 180MB (2.2%)
  ✅ Healthy

[2/4] Docker Health:
  Docker.raw: 2GB
  ✅ Healthy
  VM Memory: 172MB (2.1%)

[3/4] Chrome Health:
  Processes: 55
  Total Memory: 761MB (9.3%)
  ⚠️  High process count - close unused tabs
2026-02-08 21:58:39,chrome,55 processes,warning

[4/4] Antigravity Health:
  Helper Processes: 19
  Total Memory: 180MB (2.2%)
  ⚠️  High helper count - may indicate memory leak
━━━━━━━━━━━━━━━━━━━━━━━━━━━━━━━━━━━━━━━━━━━━━━━━━━━━━━
Process Health Monitor complete - Sun Feb  8 21:58:50 AST 2026

🔍 Process Health Monitor - Sun Feb  8 22:58:51 AST 2026
━━━━━━━━━━━━━━━━━━━━━━━━━━━━━━━━━━━━━━━━━━━━━━━━━━━━━━
[1/4] Language Server Health:
  PID: 91121
  Memory: 16MB (0.2%)
  ✅ Healthy

[2/4] Docker Health:
  Docker.raw: 2GB
  ✅ Healthy
  VM Memory: 221MB (2.7%)

[3/4] Chrome Health:
  Processes: 52
  Total Memory: 811MB (9.9%)
  ⚠️  High process count - close unused tabs
2026-02-08 22:58:55,chrome,52 processes,warning

[4/4] Antigravity Health:
  Helper Processes: 19
  Total Memory: 327MB (4%)
  ⚠️  High helper count - may indicate memory leak
━━━━━━━━━━━━━━━━━━━━━━━━━━━━━━━━━━━━━━━━━━━━━━━━━━━━━━
Process Health Monitor complete - Sun Feb  8 22:58:56 AST 2026

🔍 Process Health Monitor - Sun Feb  8 23:58:56 AST 2026
━━━━━━━━━━━━━━━━━━━━━━━━━━━━━━━━━━━━━━━━━━━━━━━━━━━━━━
[1/4] Language Server Health:
  PID: 91121
  Memory: 876MB (10.7%)
  ✅ Healthy

[2/4] Docker Health:
  Docker.raw: 2GB
  ✅ Healthy
  VM Memory: 204MB (2.5%)

[3/4] Chrome Health:
  Processes: 2
  Total Memory: 0MB (0%)
  ✅ Healthy

[4/4] Antigravity Health:
  Helper Processes: 19
  Total Memory: 344MB (4.2%)
  ⚠️  High helper count - may indicate memory leak
━━━━━━━━━━━━━━━━━━━━━━━━━━━━━━━━━━━━━━━━━━━━━━━━━━━━━━
Process Health Monitor complete - Sun Feb  8 23:58:59 AST 2026

🔍 Process Health Monitor - Mon Feb  9 00:59:00 AST 2026
━━━━━━━━━━━━━━━━━━━━━━━━━━━━━━━━━━━━━━━━━━━━━━━━━━━━━━
[1/4] Language Server Health:
  PID: 91121
  Memory: 40MB (0.5%)
  ✅ Healthy

[2/4] Docker Health:
  Docker.raw: 2GB
  ✅ Healthy
  VM Memory: 303MB (3.7%)

[3/4] Chrome Health:
  Processes: 2
  Total Memory: 0MB (0%)
  ✅ Healthy

[4/4] Antigravity Health:
  Helper Processes: 19
  Total Memory: 753MB (9.2%)
  ⚠️  High helper count - may indicate memory leak
━━━━━━━━━━━━━━━━━━━━━━━━━━━━━━━━━━━━━━━━━━━━━━━━━━━━━━
Process Health Monitor complete - Mon Feb  9 00:59:02 AST 2026

🔍 Process Health Monitor - Mon Feb  9 01:59:02 AST 2026
━━━━━━━━━━━━━━━━━━━━━━━━━━━━━━━━━━━━━━━━━━━━━━━━━━━━━━
[1/4] Language Server Health:
  PID: 91121
  Memory: 1105MB (13.5%)
  ✅ Healthy

[2/4] Docker Health:
  Docker.raw: 2GB
  ✅ Healthy
  VM Memory: 335MB (4.1%)

[3/4] Chrome Health:
  Processes: 2
  Total Memory: 0MB (0%)
  ✅ Healthy

[4/4] Antigravity Health:
  Helper Processes: 31
  Total Memory: 1114MB (13.6%)
  ⚠️  High helper count - may indicate memory leak
━━━━━━━━━━━━━━━━━━━━━━━━━━━━━━━━━━━━━━━━━━━━━━━━━━━━━━
Process Health Monitor complete - Mon Feb  9 01:59:03 AST 2026

🔍 Process Health Monitor - Mon Feb  9 02:59:03 AST 2026
━━━━━━━━━━━━━━━━━━━━━━━━━━━━━━━━━━━━━━━━━━━━━━━━━━━━━━
[1/4] Language Server Health:
  PID: 91121
  Memory: 1015MB (12.4%)
  ✅ Healthy

[2/4] Docker Health:
  Docker.raw: 2GB
  ✅ Healthy
  VM Memory: 319MB (3.9%)

[3/4] Chrome Health:
  Processes: 2
  Total Memory: 0MB (0%)
  ✅ Healthy

[4/4] Antigravity Health:
  Helper Processes: 31
  Total Memory: 729MB (8.9%)
  ⚠️  High helper count - may indicate memory leak
━━━━━━━━━━━━━━━━━━━━━━━━━━━━━━━━━━━━━━━━━━━━━━━━━━━━━━
Process Health Monitor complete - Mon Feb  9 02:59:04 AST 2026

🔍 Process Health Monitor - Mon Feb  9 03:59:04 AST 2026
━━━━━━━━━━━━━━━━━━━━━━━━━━━━━━━━━━━━━━━━━━━━━━━━━━━━━━
[1/4] Language Server Health:
  PID: 91121
  Memory: 892MB (10.9%)
  ✅ Healthy

[2/4] Docker Health:
  Docker.raw: 2GB
  ✅ Healthy
  VM Memory: 278MB (3.4%)

[3/4] Chrome Health:
  Processes: 2
  Total Memory: 0MB (0%)
  ✅ Healthy

[4/4] Antigravity Health:
  Helper Processes: 31
  Total Memory: 983MB (12%)
  ⚠️  High helper count - may indicate memory leak
━━━━━━━━━━━━━━━━━━━━━━━━━━━━━━━━━━━━━━━━━━━━━━━━━━━━━━
Process Health Monitor complete - Mon Feb  9 03:59:06 AST 2026

🔍 Process Health Monitor - Mon Feb  9 04:59:06 AST 2026
━━━━━━━━━━━━━━━━━━━━━━━━━━━━━━━━━━━━━━━━━━━━━━━━━━━━━━
[1/4] Language Server Health:
  PID: 19624
  Memory: 876MB (10.7%)
  ✅ Healthy

[2/4] Docker Health:
  Docker.raw: 2GB
  ✅ Healthy
  VM Memory: 344MB (4.2%)

[3/4] Chrome Health:
  Processes: 1
  Total Memory: 0MB (0%)
  ✅ Healthy

[4/4] Antigravity Health:
  Helper Processes: 31
  Total Memory: 1212MB (14.8%)
  ⚠️  High helper count - may indicate memory leak
━━━━━━━━━━━━━━━━━━━━━━━━━━━━━━━━━━━━━━━━━━━━━━━━━━━━━━
Process Health Monitor complete - Mon Feb  9 04:59:07 AST 2026

🔍 Process Health Monitor - Mon Feb  9 05:59:07 AST 2026
━━━━━━━━━━━━━━━━━━━━━━━━━━━━━━━━━━━━━━━━━━━━━━━━━━━━━━
[1/4] Language Server Health:
  PID: 19624
  Memory: 245MB (3.0%)
  ✅ Healthy

[2/4] Docker Health:
  Docker.raw: 2GB
  ✅ Healthy
  VM Memory: 319MB (3.9%)

[3/4] Chrome Health:
  Processes: 2
  Total Memory: 0MB (0%)
  ✅ Healthy

[4/4] Antigravity Health:
  Helper Processes: 31
  Total Memory: 933MB (11.4%)
  ⚠️  High helper count - may indicate memory leak
━━━━━━━━━━━━━━━━━━━━━━━━━━━━━━━━━━━━━━━━━━━━━━━━━━━━━━
Process Health Monitor complete - Mon Feb  9 05:59:08 AST 2026

🔍 Process Health Monitor - Mon Feb  9 06:59:08 AST 2026
━━━━━━━━━━━━━━━━━━━━━━━━━━━━━━━━━━━━━━━━━━━━━━━━━━━━━━
[1/4] Language Server Health:
  PID: 91121
  Memory: 40MB (0.5%)
  ✅ Healthy

[2/4] Docker Health:
  Docker.raw: 2GB
  ✅ Healthy
  VM Memory: 278MB (3.4%)

[3/4] Chrome Health:
  Processes: 20
  Total Memory: 565MB (6.9%)
  ✅ Healthy

[4/4] Antigravity Health:
  Helper Processes: 31
  Total Memory: 843MB (10.3%)
  ⚠️  High helper count - may indicate memory leak
━━━━━━━━━━━━━━━━━━━━━━━━━━━━━━━━━━━━━━━━━━━━━━━━━━━━━━
Process Health Monitor complete - Mon Feb  9 06:59:10 AST 2026

🔍 Process Health Monitor - Mon Feb  9 18:54:58 AST 2026
━━━━━━━━━━━━━━━━━━━━━━━━━━━━━━━━━━━━━━━━━━━━━━━━━━━━━━
[1/4] Language Server Health:
  ⚠️  Not running

[2/4] Docker Health:
  Docker.raw: 2GB
  ✅ Healthy

[3/4] Chrome Health:
  Processes: 21
  Total Memory: 417MB (5.1%)
  ✅ Healthy

[4/4] Antigravity Health:
  Helper Processes: 16
  Total Memory: 1081MB (13.2%)
  ⚠️  High helper count - may indicate memory leak
━━━━━━━━━━━━━━━━━━━━━━━━━━━━━━━━━━━━━━━━━━━━━━━━━━━━━━
Process Health Monitor complete - Mon Feb  9 18:56:08 AST 2026

🔍 Process Health Monitor - Mon Feb  9 19:56:09 AST 2026
━━━━━━━━━━━━━━━━━━━━━━━━━━━━━━━━━━━━━━━━━━━━━━━━━━━━━━
[1/4] Language Server Health:
  PID: 3856
  Memory: 540MB (6.6%)
  ✅ Healthy

[2/4] Docker Health:
  Docker.raw: 2GB
  ✅ Healthy

[3/4] Chrome Health:
  Processes: 47
  Total Memory: 2244MB (27.4%)
  ⚠️  High process count - close unused tabs
2026-02-09 19:56:10,chrome,47 processes,warning

[4/4] Antigravity Health:
  Helper Processes: 19
  Total Memory: 892MB (10.9%)
  ⚠️  High helper count - may indicate memory leak
━━━━━━━━━━━━━━━━━━━━━━━━━━━━━━━━━━━━━━━━━━━━━━━━━━━━━━
Process Health Monitor complete - Mon Feb  9 19:56:10 AST 2026

🔍 Process Health Monitor - Mon Feb  9 20:56:10 AST 2026
━━━━━━━━━━━━━━━━━━━━━━━━━━━━━━━━━━━━━━━━━━━━━━━━━━━━━━
[1/4] Language Server Health:
  PID: 3856
  Memory: 925MB (11.3%)
  ✅ Healthy

[2/4] Docker Health:
  Docker.raw: 2GB
  ✅ Healthy

[3/4] Chrome Health:
  Processes: 47
  Total Memory: 2007MB (24.5%)
  ⚠️  High process count - close unused tabs
2026-02-09 20:56:12,chrome,47 processes,warning

[4/4] Antigravity Health:
  Helper Processes: 19
  Total Memory: 1245MB (15.2%)
  ⚠️  High helper count - may indicate memory leak
━━━━━━━━━━━━━━━━━━━━━━━━━━━━━━━━━━━━━━━━━━━━━━━━━━━━━━
Process Health Monitor complete - Mon Feb  9 20:56:13 AST 2026

🔍 Process Health Monitor - Mon Feb  9 21:56:13 AST 2026
━━━━━━━━━━━━━━━━━━━━━━━━━━━━━━━━━━━━━━━━━━━━━━━━━━━━━━
[1/4] Language Server Health:
  PID: 3856
  Memory: 933MB (11.4%)
  ✅ Healthy

[2/4] Docker Health:
  Docker.raw: 2GB
  ✅ Healthy

[3/4] Chrome Health:
  Processes: 47
  Total Memory: 2088MB (25.5%)
  ⚠️  High process count - close unused tabs
2026-02-09 21:56:14,chrome,47 processes,warning

[4/4] Antigravity Health:
  Helper Processes: 19
  Total Memory: 1368MB (16.7%)
  ⚠️  High helper count - may indicate memory leak
━━━━━━━━━━━━━━━━━━━━━━━━━━━━━━━━━━━━━━━━━━━━━━━━━━━━━━
Process Health Monitor complete - Mon Feb  9 21:56:14 AST 2026

🔍 Process Health Monitor - Mon Feb  9 22:56:15 AST 2026
━━━━━━━━━━━━━━━━━━━━━━━━━━━━━━━━━━━━━━━━━━━━━━━━━━━━━━
[1/4] Language Server Health:
  PID: 3856
  Memory: 696MB (8.5%)
  ✅ Healthy

[2/4] Docker Health:
  Docker.raw: 2GB
  ✅ Healthy

[3/4] Chrome Health:
  Processes: 47
  Total Memory: 2228MB (27.2%)
  ⚠️  High process count - close unused tabs
2026-02-09 22:56:16,chrome,47 processes,warning

[4/4] Antigravity Health:
  Helper Processes: 19
  Total Memory: 1392MB (17%)
  ⚠️  High helper count - may indicate memory leak
━━━━━━━━━━━━━━━━━━━━━━━━━━━━━━━━━━━━━━━━━━━━━━━━━━━━━━
Process Health Monitor complete - Mon Feb  9 22:56:16 AST 2026

🔍 Process Health Monitor - Mon Feb  9 23:56:16 AST 2026
━━━━━━━━━━━━━━━━━━━━━━━━━━━━━━━━━━━━━━━━━━━━━━━━━━━━━━
[1/4] Language Server Health:
  PID: 3856
  Memory: 917MB (11.2%)
  ✅ Healthy

[2/4] Docker Health:
  Docker.raw: 2GB
  ✅ Healthy

[3/4] Chrome Health:
  Processes: 45
  Total Memory: 1785MB (21.8%)
  ⚠️  High process count - close unused tabs
2026-02-09 23:56:17,chrome,45 processes,warning

[4/4] Antigravity Health:
  Helper Processes: 19
  Total Memory: 1392MB (17%)
  ⚠️  High helper count - may indicate memory leak
━━━━━━━━━━━━━━━━━━━━━━━━━━━━━━━━━━━━━━━━━━━━━━━━━━━━━━
Process Health Monitor complete - Mon Feb  9 23:56:18 AST 2026

🔍 Process Health Monitor - Tue Feb 10 00:56:18 AST 2026
━━━━━━━━━━━━━━━━━━━━━━━━━━━━━━━━━━━━━━━━━━━━━━━━━━━━━━
[1/4] Language Server Health:
  PID: 3856
  Memory: 1818MB (22.2%)
  ✅ Healthy

[2/4] Docker Health:
  Docker.raw: 2GB
  ✅ Healthy

[3/4] Chrome Health:
  Processes: 16
  Total Memory: 147MB (1.8%)
  ✅ Healthy

[4/4] Antigravity Health:
  Helper Processes: 19
  Total Memory: 753MB (9.2%)
  ⚠️  High helper count - may indicate memory leak
━━━━━━━━━━━━━━━━━━━━━━━━━━━━━━━━━━━━━━━━━━━━━━━━━━━━━━
Process Health Monitor complete - Tue Feb 10 00:56:19 AST 2026

🔍 Process Health Monitor - Tue Feb 10 01:56:19 AST 2026
━━━━━━━━━━━━━━━━━━━━━━━━━━━━━━━━━━━━━━━━━━━━━━━━━━━━━━
[1/4] Language Server Health:
  PID: 3856
  Memory: 655MB (8.0%)
  ✅ Healthy

[2/4] Docker Health:
  Docker.raw: 2GB
  ✅ Healthy

[3/4] Chrome Health:
  Processes: 16
  Total Memory: 163MB (2%)
  ✅ Healthy

[4/4] Antigravity Health:
  Helper Processes: 19
  Total Memory: 909MB (11.1%)
  ⚠️  High helper count - may indicate memory leak
━━━━━━━━━━━━━━━━━━━━━━━━━━━━━━━━━━━━━━━━━━━━━━━━━━━━━━
Process Health Monitor complete - Tue Feb 10 01:56:20 AST 2026

🔍 Process Health Monitor - Tue Feb 10 02:56:21 AST 2026
━━━━━━━━━━━━━━━━━━━━━━━━━━━━━━━━━━━━━━━━━━━━━━━━━━━━━━
[1/4] Language Server Health:
  PID: 3856
  Memory: 1277MB (15.6%)
  ✅ Healthy

[2/4] Docker Health:
  Docker.raw: 2GB
  ✅ Healthy

[3/4] Chrome Health:
  Processes: 16
  Total Memory: 139MB (1.7%)
  ✅ Healthy

[4/4] Antigravity Health:
  Helper Processes: 19
  Total Memory: 802MB (9.8%)
  ⚠️  High helper count - may indicate memory leak
━━━━━━━━━━━━━━━━━━━━━━━━━━━━━━━━━━━━━━━━━━━━━━━━━━━━━━
Process Health Monitor complete - Tue Feb 10 02:56:22 AST 2026

🔍 Process Health Monitor - Tue Feb 10 03:56:22 AST 2026
━━━━━━━━━━━━━━━━━━━━━━━━━━━━━━━━━━━━━━━━━━━━━━━━━━━━━━
[1/4] Language Server Health:
  PID: 3856
  Memory: 1064MB (13.0%)
  ✅ Healthy

[2/4] Docker Health:
  Docker.raw: 2GB
  ✅ Healthy

[3/4] Chrome Health:
  Processes: 16
  Total Memory: 180MB (2.2%)
  ✅ Healthy

[4/4] Antigravity Health:
  Helper Processes: 19
  Total Memory: 933MB (11.4%)
  ⚠️  High helper count - may indicate memory leak
━━━━━━━━━━━━━━━━━━━━━━━━━━━━━━━━━━━━━━━━━━━━━━━━━━━━━━
Process Health Monitor complete - Tue Feb 10 03:56:23 AST 2026

🔍 Process Health Monitor - Tue Feb 10 04:56:23 AST 2026
━━━━━━━━━━━━━━━━━━━━━━━━━━━━━━━━━━━━━━━━━━━━━━━━━━━━━━
[1/4] Language Server Health:
  PID: 3856
  Memory: 811MB (9.9%)
  ✅ Healthy

[2/4] Docker Health:
  Docker.raw: 2GB
  ✅ Healthy

[3/4] Chrome Health:
  Processes: 19
  Total Memory: 524MB (6.4%)
  ✅ Healthy

[4/4] Antigravity Health:
  Helper Processes: 19
  Total Memory: 753MB (9.2%)
  ⚠️  High helper count - may indicate memory leak
━━━━━━━━━━━━━━━━━━━━━━━━━━━━━━━━━━━━━━━━━━━━━━━━━━━━━━
Process Health Monitor complete - Tue Feb 10 04:56:24 AST 2026

🔍 Process Health Monitor - Tue Feb 10 05:56:24 AST 2026
━━━━━━━━━━━━━━━━━━━━━━━━━━━━━━━━━━━━━━━━━━━━━━━━━━━━━━
[1/4] Language Server Health:
  PID: 3856
  Memory: 139MB (1.7%)
  ✅ Healthy

[2/4] Docker Health:
  Docker.raw: 2GB
  ✅ Healthy

[3/4] Chrome Health:
  Processes: 19
  Total Memory: 491MB (6%)
  ✅ Healthy

[4/4] Antigravity Health:
  Helper Processes: 19
  Total Memory: 1032MB (12.6%)
  ⚠️  High helper count - may indicate memory leak
━━━━━━━━━━━━━━━━━━━━━━━━━━━━━━━━━━━━━━━━━━━━━━━━━━━━━━
Process Health Monitor complete - Tue Feb 10 05:56:26 AST 2026

🔍 Process Health Monitor - Tue Feb 10 06:56:27 AST 2026
━━━━━━━━━━━━━━━━━━━━━━━━━━━━━━━━━━━━━━━━━━━━━━━━━━━━━━
[1/4] Language Server Health:
  PID: 3856
  Memory: 499MB (6.1%)
  ✅ Healthy

[2/4] Docker Health:
  Docker.raw: 2GB
  ✅ Healthy

[3/4] Chrome Health:
  Processes: 19
  Total Memory: 532MB (6.5%)
  ✅ Healthy

[4/4] Antigravity Health:
  Helper Processes: 19
  Total Memory: 876MB (10.7%)
  ⚠️  High helper count - may indicate memory leak
━━━━━━━━━━━━━━━━━━━━━━━━━━━━━━━━━━━━━━━━━━━━━━━━━━━━━━
Process Health Monitor complete - Tue Feb 10 06:56:28 AST 2026

🔍 Process Health Monitor - Tue Feb 10 07:56:28 AST 2026
━━━━━━━━━━━━━━━━━━━━━━━━━━━━━━━━━━━━━━━━━━━━━━━━━━━━━━
[1/4] Language Server Health:
  PID: 3856
  Memory: 892MB (10.9%)
  ✅ Healthy

[2/4] Docker Health:
  Docker.raw: 2GB
  ✅ Healthy

[3/4] Chrome Health:
  Processes: 20
  Total Memory: 794MB (9.7%)
  ✅ Healthy

[4/4] Antigravity Health:
  Helper Processes: 19
  Total Memory: 892MB (10.9%)
  ⚠️  High helper count - may indicate memory leak
━━━━━━━━━━━━━━━━━━━━━━━━━━━━━━━━━━━━━━━━━━━━━━━━━━━━━━
Process Health Monitor complete - Tue Feb 10 07:56:29 AST 2026

🔍 Process Health Monitor - Tue Feb 10 08:56:52 AST 2026
━━━━━━━━━━━━━━━━━━━━━━━━━━━━━━━━━━━━━━━━━━━━━━━━━━━━━━
[1/4] Language Server Health:
  PID: 3856
  Memory: 1048MB (12.8%)
  ✅ Healthy

[2/4] Docker Health:
  Docker.raw: 2GB
  ✅ Healthy

[3/4] Chrome Health:
  Processes: 19
  Total Memory: 638MB (7.8%)
  ✅ Healthy

[4/4] Antigravity Health:
  Helper Processes: 19
  Total Memory: 950MB (11.6%)
  ⚠️  High helper count - may indicate memory leak
━━━━━━━━━━━━━━━━━━━━━━━━━━━━━━━━━━━━━━━━━━━━━━━━━━━━━━
Process Health Monitor complete - Tue Feb 10 08:57:04 AST 2026

🔍 Process Health Monitor - Tue Feb 10 11:44:54 AST 2026
━━━━━━━━━━━━━━━━━━━━━━━━━━━━━━━━━━━━━━━━━━━━━━━━━━━━━━
[1/4] Language Server Health:
  PID: 3856
  Memory: 1032MB (12.6%)
  ✅ Healthy

[2/4] Docker Health:
  Docker.raw: 2GB
  ✅ Healthy

[3/4] Chrome Health:
  Processes: 19
  Total Memory: 663MB (8.1%)
  ✅ Healthy

[4/4] Antigravity Health:
  Helper Processes: 19
  Total Memory: 892MB (10.9%)
  ⚠️  High helper count - may indicate memory leak
━━━━━━━━━━━━━━━━━━━━━━━━━━━━━━━━━━━━━━━━━━━━━━━━━━━━━━
Process Health Monitor complete - Tue Feb 10 11:44:55 AST 2026

🔍 Process Health Monitor - Tue Feb 10 16:49:38 AST 2026
━━━━━━━━━━━━━━━━━━━━━━━━━━━━━━━━━━━━━━━━━━━━━━━━━━━━━━
[1/4] Language Server Health:
  PID: 3856
  Memory: 1032MB (12.6%)
  ✅ Healthy

[2/4] Docker Health:
  Docker.raw: 2GB
  ✅ Healthy

[3/4] Chrome Health:
  Processes: 2
  Total Memory: 0MB (0%)
  ✅ Healthy

[4/4] Antigravity Health:
  Helper Processes: 19
  Total Memory: 958MB (11.7%)
  ⚠️  High helper count - may indicate memory leak
━━━━━━━━━━━━━━━━━━━━━━━━━━━━━━━━━━━━━━━━━━━━━━━━━━━━━━
Process Health Monitor complete - Tue Feb 10 16:49:39 AST 2026

🔍 Process Health Monitor - Tue Feb 10 17:49:39 AST 2026
━━━━━━━━━━━━━━━━━━━━━━━━━━━━━━━━━━━━━━━━━━━━━━━━━━━━━━
[1/4] Language Server Health:
  PID: 3856
  Memory: 1064MB (13.0%)
  ✅ Healthy

[2/4] Docker Health:
  Docker.raw: 2GB
  ✅ Healthy

[3/4] Chrome Health:
  Processes: 24
  Total Memory: 868MB (10.6%)
  ✅ Healthy

[4/4] Antigravity Health:
  Helper Processes: 19
  Total Memory: 540MB (6.6%)
  ⚠️  High helper count - may indicate memory leak
━━━━━━━━━━━━━━━━━━━━━━━━━━━━━━━━━━━━━━━━━━━━━━━━━━━━━━
Process Health Monitor complete - Tue Feb 10 17:49:40 AST 2026

🔍 Process Health Monitor - Tue Feb 10 18:49:40 AST 2026
━━━━━━━━━━━━━━━━━━━━━━━━━━━━━━━━━━━━━━━━━━━━━━━━━━━━━━
[1/4] Language Server Health:
  PID: 3856
  Memory: 1064MB (13.0%)
  ✅ Healthy

[2/4] Docker Health:
  Docker.raw: 2GB
  ✅ Healthy

[3/4] Chrome Health:
  Processes: 24
  Total Memory: 851MB (10.4%)
  ✅ Healthy

[4/4] Antigravity Health:
  Helper Processes: 19
  Total Memory: 876MB (10.7%)
  ⚠️  High helper count - may indicate memory leak
━━━━━━━━━━━━━━━━━━━━━━━━━━━━━━━━━━━━━━━━━━━━━━━━━━━━━━
Process Health Monitor complete - Tue Feb 10 18:49:41 AST 2026

🔍 Process Health Monitor - Tue Feb 10 19:49:41 AST 2026
━━━━━━━━━━━━━━━━━━━━━━━━━━━━━━━━━━━━━━━━━━━━━━━━━━━━━━
[1/4] Language Server Health:
  PID: 3856
  Memory: 49MB (0.6%)
  ✅ Healthy

[2/4] Docker Health:
  Docker.raw: 2GB
  ✅ Healthy

[3/4] Chrome Health:
  Processes: 21
  Total Memory: 417MB (5.1%)
  ✅ Healthy

[4/4] Antigravity Health:
  Helper Processes: 32
  Total Memory: 1581MB (19.3%)
  ⚠️  High helper count - may indicate memory leak
━━━━━━━━━━━━━━━━━━━━━━━━━━━━━━━━━━━━━━━━━━━━━━━━━━━━━━
Process Health Monitor complete - Tue Feb 10 19:49:42 AST 2026

🔍 Process Health Monitor - Tue Feb 10 20:49:43 AST 2026
━━━━━━━━━━━━━━━━━━━━━━━━━━━━━━━━━━━━━━━━━━━━━━━━━━━━━━
[1/4] Language Server Health:
  PID: 3856
  Memory: 401MB (4.9%)
  ✅ Healthy

[2/4] Docker Health:
  Docker.raw: 2GB
  ✅ Healthy

[3/4] Chrome Health:
  Processes: 19
  Total Memory: 147MB (1.8%)
  ✅ Healthy

[4/4] Antigravity Health:
  Helper Processes: 32
  Total Memory: 466MB (5.7%)
  ⚠️  High helper count - may indicate memory leak
━━━━━━━━━━━━━━━━━━━━━━━━━━━━━━━━━━━━━━━━━━━━━━━━━━━━━━
Process Health Monitor complete - Tue Feb 10 20:49:55 AST 2026

🔍 Process Health Monitor - Tue Feb 10 21:49:55 AST 2026
━━━━━━━━━━━━━━━━━━━━━━━━━━━━━━━━━━━━━━━━━━━━━━━━━━━━━━
[1/4] Language Server Health:
  PID: 86469
  Memory: 204MB (2.5%)
  ✅ Healthy

[2/4] Docker Health:
  Docker.raw: 2GB
  ✅ Healthy

[3/4] Chrome Health:
  Processes: 24
  Total Memory: 1196MB (14.6%)
  ✅ Healthy

[4/4] Antigravity Health:
  Helper Processes: 32
  Total Memory: 1064MB (13%)
  ⚠️  High helper count - may indicate memory leak
━━━━━━━━━━━━━━━━━━━━━━━━━━━━━━━━━━━━━━━━━━━━━━━━━━━━━━
Process Health Monitor complete - Tue Feb 10 21:49:58 AST 2026

