💾 Storage Orchestrator - Sat Feb  7 21:17:18 AST 2026
━━━━━━━━━━━━━━━━━━━━━━━━━━━━━━━━━━━━━━━━━━━━━━━━━━━━━━
Internal SSD Status:
  Used: 10Gi (37%)
  Free: 19Gi

✅ XDriveAlpha: Mounted (1.4Ti free)
✅ XDriveBeta: Mounted (1.8Ti free)

✅ SSD usage healthy (37%)

Docker Status:
  ✅ Docker.raw: 0GB (healthy)
━━━━━━━━━━━━━━━━━━━━━━━━━━━━━━━━━━━━━━━━━━━━━━━━━━━━━━
Storage Orchestrator complete - Sat Feb  7 21:17:18 AST 2026

💾 Storage Orchestrator - Sat Feb  7 23:17:18 AST 2026
━━━━━━━━━━━━━━━━━━━━━━━━━━━━━━━━━━━━━━━━━━━━━━━━━━━━━━
Internal SSD Status:
  Used: 10Gi (46%)
  Free: 12Gi

✅ XDriveAlpha: Mounted (1.4Ti free)
✅ XDriveBeta: Mounted (1.8Ti free)

✅ SSD usage healthy (46%)

Docker Status:
  ✅ Docker.raw: 2GB (healthy)
━━━━━━━━━━━━━━━━━━━━━━━━━━━━━━━━━━━━━━━━━━━━━━━━━━━━━━
Storage Orchestrator complete - Sat Feb  7 23:17:18 AST 2026

💾 Storage Orchestrator - Sun Feb  8 01:17:19 AST 2026
━━━━━━━━━━━━━━━━━━━━━━━━━━━━━━━━━━━━━━━━━━━━━━━━━━━━━━
Internal SSD Status:
  Used: 10Gi (60%)
  Free: 7.2Gi

✅ XDriveAlpha: Mounted (1.4Ti free)
✅ XDriveBeta: Mounted (1.8Ti free)

✅ SSD usage healthy (60%)

Docker Status:
  ✅ Docker.raw: 2GB (healthy)
━━━━━━━━━━━━━━━━━━━━━━━━━━━━━━━━━━━━━━━━━━━━━━━━━━━━━━
Storage Orchestrator complete - Sun Feb  8 01:17:19 AST 2026

💾 Storage Orchestrator - Sun Feb  8 03:17:19 AST 2026
━━━━━━━━━━━━━━━━━━━━━━━━━━━━━━━━━━━━━━━━━━━━━━━━━━━━━━
Internal SSD Status:
  Used: 10Gi (52%)
  Free: 9.7Gi

✅ XDriveAlpha: Mounted (1.4Ti free)
✅ XDriveBeta: Mounted (1.8Ti free)

✅ SSD usage healthy (52%)

Docker Status:
  ✅ Docker.raw: 2GB (healthy)
━━━━━━━━━━━━━━━━━━━━━━━━━━━━━━━━━━━━━━━━━━━━━━━━━━━━━━
Storage Orchestrator complete - Sun Feb  8 03:17:19 AST 2026

💾 Storage Orchestrator - Sun Feb  8 05:17:19 AST 2026
━━━━━━━━━━━━━━━━━━━━━━━━━━━━━━━━━━━━━━━━━━━━━━━━━━━━━━
Internal SSD Status:
  Used: 10Gi (48%)
  Free: 12Gi

✅ XDriveAlpha: Mounted (1.4Ti free)
✅ XDriveBeta: Mounted (1.8Ti free)

✅ SSD usage healthy (48%)

Docker Status:
  ✅ Docker.raw: 2GB (healthy)
━━━━━━━━━━━━━━━━━━━━━━━━━━━━━━━━━━━━━━━━━━━━━━━━━━━━━━
Storage Orchestrator complete - Sun Feb  8 05:17:19 AST 2026

💾 Storage Orchestrator - Sun Feb  8 07:32:40 AST 2026
━━━━━━━━━━━━━━━━━━━━━━━━━━━━━━━━━━━━━━━━━━━━━━━━━━━━━━
Internal SSD Status:
  Used: 10Gi (54%)
  Free: 9.1Gi

✅ XDriveAlpha: Mounted (1.4Ti free)
✅ XDriveBeta: Mounted (1.8Ti free)

✅ SSD usage healthy (54%)

Docker Status:
  ✅ Docker.raw: 2GB (healthy)
━━━━━━━━━━━━━━━━━━━━━━━━━━━━━━━━━━━━━━━━━━━━━━━━━━━━━━
Storage Orchestrator complete - Sun Feb  8 07:32:40 AST 2026

💾 Storage Orchestrator - Sun Feb  8 09:48:14 AST 2026
━━━━━━━━━━━━━━━━━━━━━━━━━━━━━━━━━━━━━━━━━━━━━━━━━━━━━━
Internal SSD Status:
  Used: 10Gi (53%)
  Free: 9.7Gi

✅ XDriveAlpha: Mounted (1.4Ti free)
✅ XDriveBeta: Mounted (1.8Ti free)

✅ SSD usage healthy (53%)

Docker Status:
  ✅ Docker.raw: 2GB (healthy)
━━━━━━━━━━━━━━━━━━━━━━━━━━━━━━━━━━━━━━━━━━━━━━━━━━━━━━
Storage Orchestrator complete - Sun Feb  8 09:48:14 AST 2026

💾 Storage Orchestrator - Sun Feb  8 11:48:14 AST 2026
━━━━━━━━━━━━━━━━━━━━━━━━━━━━━━━━━━━━━━━━━━━━━━━━━━━━━━
Internal SSD Status:
  Used: 10Gi (53%)
  Free: 9.4Gi

✅ XDriveAlpha: Mounted (1.4Ti free)
✅ XDriveBeta: Mounted (1.8Ti free)

✅ SSD usage healthy (53%)

Docker Status:
  ✅ Docker.raw: 2GB (healthy)
━━━━━━━━━━━━━━━━━━━━━━━━━━━━━━━━━━━━━━━━━━━━━━━━━━━━━━
Storage Orchestrator complete - Sun Feb  8 11:48:14 AST 2026

💾 Storage Orchestrator - Sun Feb  8 13:48:14 AST 2026
━━━━━━━━━━━━━━━━━━━━━━━━━━━━━━━━━━━━━━━━━━━━━━━━━━━━━━
Internal SSD Status:
  Used: 10Gi (51%)
  Free: 10Gi

✅ XDriveAlpha: Mounted (1.4Ti free)
✅ XDriveBeta: Mounted (1.8Ti free)

✅ SSD usage healthy (51%)

Docker Status:
  ✅ Docker.raw: 2GB (healthy)
━━━━━━━━━━━━━━━━━━━━━━━━━━━━━━━━━━━━━━━━━━━━━━━━━━━━━━
Storage Orchestrator complete - Sun Feb  8 13:48:14 AST 2026

💾 Storage Orchestrator - Sun Feb  8 15:48:14 AST 2026
━━━━━━━━━━━━━━━━━━━━━━━━━━━━━━━━━━━━━━━━━━━━━━━━━━━━━━
Internal SSD Status:
  Used: 10Gi (52%)
  Free: 9.9Gi

✅ XDriveAlpha: Mounted (1.4Ti free)
✅ XDriveBeta: Mounted (1.8Ti free)

✅ SSD usage healthy (52%)

Docker Status:
  ✅ Docker.raw: 2GB (healthy)
━━━━━━━━━━━━━━━━━━━━━━━━━━━━━━━━━━━━━━━━━━━━━━━━━━━━━━
Storage Orchestrator complete - Sun Feb  8 15:48:14 AST 2026

💾 Storage Orchestrator - Sun Feb  8 17:48:14 AST 2026
━━━━━━━━━━━━━━━━━━━━━━━━━━━━━━━━━━━━━━━━━━━━━━━━━━━━━━
Internal SSD Status:
  Used: 10Gi (49%)
  Free: 11Gi

✅ XDriveAlpha: Mounted (1.4Ti free)
✅ XDriveBeta: Mounted (1.8Ti free)

✅ SSD usage healthy (49%)

Docker Status:
  ✅ Docker.raw: 2GB (healthy)
━━━━━━━━━━━━━━━━━━━━━━━━━━━━━━━━━━━━━━━━━━━━━━━━━━━━━━
Storage Orchestrator complete - Sun Feb  8 17:48:15 AST 2026

💾 Storage Orchestrator - Sun Feb  8 19:48:15 AST 2026
━━━━━━━━━━━━━━━━━━━━━━━━━━━━━━━━━━━━━━━━━━━━━━━━━━━━━━
Internal SSD Status:
  Used: 10Gi (58%)
  Free: 7.8Gi

✅ XDriveAlpha: Mounted (1.4Ti free)
✅ XDriveBeta: Mounted (1.8Ti free)

✅ SSD usage healthy (58%)

Docker Status:
  ✅ Docker.raw: 2GB (healthy)
━━━━━━━━━━━━━━━━━━━━━━━━━━━━━━━━━━━━━━━━━━━━━━━━━━━━━━
Storage Orchestrator complete - Sun Feb  8 19:48:15 AST 2026

💾 Storage Orchestrator - Sun Feb  8 21:48:15 AST 2026
━━━━━━━━━━━━━━━━━━━━━━━━━━━━━━━━━━━━━━━━━━━━━━━━━━━━━━
Internal SSD Status:
  Used: 10Gi (56%)
  Free: 8.5Gi

✅ XDriveAlpha: Mounted (1.4Ti free)
✅ XDriveBeta: Mounted (1.8Ti free)

✅ SSD usage healthy (56%)

Docker Status:
  ✅ Docker.raw: 2GB (healthy)
━━━━━━━━━━━━━━━━━━━━━━━━━━━━━━━━━━━━━━━━━━━━━━━━━━━━━━
Storage Orchestrator complete - Sun Feb  8 21:48:15 AST 2026

💾 Storage Orchestrator - Sun Feb  8 23:48:15 AST 2026
━━━━━━━━━━━━━━━━━━━━━━━━━━━━━━━━━━━━━━━━━━━━━━━━━━━━━━
Internal SSD Status:
  Used: 10Gi (52%)
  Free: 10Gi

✅ XDriveAlpha: Mounted (1.4Ti free)
✅ XDriveBeta: Mounted (1.8Ti free)

✅ SSD usage healthy (52%)

Docker Status:
  ✅ Docker.raw: 2GB (healthy)
━━━━━━━━━━━━━━━━━━━━━━━━━━━━━━━━━━━━━━━━━━━━━━━━━━━━━━
Storage Orchestrator complete - Sun Feb  8 23:48:15 AST 2026

