[2026-01-29 04:00:00] ==========================================
[2026-01-29 04:00:00] AILCC MASTER SYSTEM OPTIMIZATION
[2026-01-29 04:00:00] ==========================================
[2026-01-29 04:00:00] --- SYSTEM STATUS SNAPSHOT ---
[2026-01-29 04:00:00] Hostname: Macbook-1.local
[2026-01-29 04:00:00] macOS: 15.7.3
[2026-01-29 04:00:00] Uptime:  4:00  up 14:15, 1 user, load averages: 4.53 4.34 4.09
[2026-01-29 04:00:00] Disk Usage: 50% used (10Gi free)
[2026-01-29 04:00:00] RAM: 8 GB
[2026-01-29 04:00:00] Load Avg: 4.53 4.34 4.09
[2026-01-29 04:00:00] --- MEMORY OPTIMIZATION ---
[2026-01-29 04:00:00] [WARNING] purge requires sudo - skipped (run with sudo for full effect)
[2026-01-29 04:00:01] User caches cleaned: 1.4G -> 1.4G
[2026-01-29 04:00:01] --- BROWSER OPTIMIZATION ---
[2026-01-29 04:00:01] Delegating to optimize_browsers.sh...
[2026-01-29 04:00:01] Starting Browser Optimization Sequence...
[2026-01-29 04:00:01] Detected Google Chrome Version: 144.0.7559.109
[2026-01-29 04:00:01] [WARNING] ⚠️  UNSTABLE VERSION DETECTED for Google Chrome (v144)
[2026-01-29 04:00:01] [WARNING]    Recommendation: Downgrade to Stable (v132+) to prevent SIGTRAP crashes.
[2026-01-29 04:00:01] Detected Comet Version: 143.2.7499.37648
[2026-01-29 04:00:01] [WARNING] ⚠️  UNSTABLE VERSION DETECTED for Comet (v143)
[2026-01-29 04:00:01] [WARNING]    Recommendation: Downgrade to Stable (v132+) to prevent SIGTRAP crashes.
[2026-01-29 04:00:01] [WARNING] Google Chrome is running. Closing it to safely clear cache...
[2026-01-29 04:00:03] Google Chrome forced closed.
[2026-01-29 04:00:03] [WARNING] Comet is running. Closing it to safely clear cache...
[2026-01-29 04:00:05] Comet forced closed.
[2026-01-29 04:00:06] No Cache found for Google Chrome (AppSupport) at /Users/infinite27/Library/Application Support/Google/Chrome/Default/Cache
rm: /Users/infinite27/Library/Application Support/Google/Chrome/Default/GPUCache: Operation not permitted
[2026-01-29 04:00:06] ✅ Cleared Google Chrome (AppSupport) GPUCache: /Users/infinite27/Library/Application Support/Google/Chrome/Default/GPUCache
[2026-01-29 04:00:06] ✅ Cleared Google Chrome (Library/Caches) Cache: /Users/infinite27/Library/Caches/Google/Chrome/Default/Cache
[2026-01-29 04:00:06] No GPUCache found for Google Chrome (Library/Caches) at /Users/infinite27/Library/Caches/Google/Chrome/Default/GPUCache
[2026-01-29 04:00:06] No Cache found for Comet (AppSupport 1) at /Users/infinite27/Library/Application Support/Comet/Cache
[2026-01-29 04:00:06] No GPUCache found for Comet (AppSupport 1) at /Users/infinite27/Library/Application Support/Comet/GPUCache
[2026-01-29 04:00:07] No Cache found for Comet (AppSupport 2) at /Users/infinite27/Library/Application Support/ai.perplexity.comet/Cache
[2026-01-29 04:00:07] No GPUCache found for Comet (AppSupport 2) at /Users/infinite27/Library/Application Support/ai.perplexity.comet/GPUCache
[2026-01-29 04:00:07] No Cache found for Comet (Library/Caches 1) at /Users/infinite27/Library/Caches/ai.perplexity.comet
[2026-01-29 04:00:07] No GPUCache found for Comet (Library/Caches 1) at /Users/infinite27/Library/Caches/ai.perplexity.comet/fsCachedData
[2026-01-29 04:00:08] ✅ Cleared Comet (Library/Caches 2) Cache: /Users/infinite27/Library/Caches/Comet
[2026-01-29 04:00:08] No GPUCache found for Comet (Library/Caches 2) at /Users/infinite27/Library/Caches/Comet/fsCachedData
[2026-01-29 04:00:08] Optimization Complete.
[2026-01-29 04:00:08] Please restart your browsers. If crashes persist, consult troubleshooting_chromium.md
Log saved to: /Users/infinite27/AILCC_PRIME/logs/browser_opt_20260129_040001.log
[2026-01-29 04:00:08] [SUCCESS] Browser optimization complete
[2026-01-29 04:00:08] --- PROCESS OPTIMIZATION ---
[2026-01-29 04:00:08] [WARNING] Found idle process: Teams - consider closing
[2026-01-29 04:00:08] Top 5 Memory Consumers:
[2026-01-29 04:00:09]   root               315   7.7  1.1 47639852  89584   ??  Ss    1:45PM  56:08.79 /System/Library/Frameworks/CoreServices.framework/Frameworks/Metadata.framework/Versions/A/Support/mds_stores
[2026-01-29 04:00:09]   infinite27        2554   0.0  0.6 83320564  49620   ??  S     2:47PM   0:30.57 /Applications/Google Drive.app/Contents/Helpers/Google Drive Helper (Renderer).app/Contents/MacOS/Google Drive Helper (Renderer) --type=renderer --framework-dir-path=/Applications/Google Drive.app/Contents/Frameworks/Chromium Embedded Framework.framework --main-bundle-path=/Applications/Google Drive.app --log-severity=info --user-data-dir=/Volumes/XDriveAlpha/AppOffload/Library/Application Support/Google/DriveFS/cef_cache --no-sandbox --log-file=/Users/infinite27/Library/Application Support/Google/DriveFS/Logs/chrome_debug.log --lang=en --num-raster-threads=4 --enable-zero-copy --enable-gpu-memory-buffer-compositor-resources --enable-main-frame-before-activation --renderer-client-id=5 --time-ticks-at-unix-epoch=-1769622313287118 --launch-time-ticks=3722562970 --shared-files --field-trial-handle=1718379636,r,12218841717832298290,11921530575710299529,262144 --disable-features=BackForwardCache,DocumentPictureInPictureAPI
[2026-01-29 04:00:09]   infinite27        2548   0.0  0.6 34991596  54160   ??  S     2:47PM   2:45.64 /Applications/Google Drive.app/Contents/MacOS/Google Drive --auto_restart_count=2 --first_auto_restart_timestamp=3661 --single_process --parent_version=120.0.1.0 --crash_handler_token=inherited
[2026-01-29 04:00:09]   infinite27         688   0.0  0.6 34102980  47948   ??  S     1:46PM  21:28.92 com.apple.Passwords.MenuBarExtra
[2026-01-29 04:00:09]   infinite27         477   0.0  0.6 34935504  46440   ??  S     1:45PM   1:13.13 /System/Library/CoreServices/NotificationCenter.app/Contents/MacOS/NotificationCenter
[2026-01-29 04:00:09] --- DISK SPACE OPTIMIZATION ---
[2026-01-29 04:00:10] Cleared npm cache
[2026-01-29 04:00:10] --- CRASH SCOUT ---
[2026-01-29 04:00:10] No recent Chromium crashes detected.
[2026-01-29 04:00:10] --- OBSERVABILITY CONFIGURATION ---
[2026-01-29 04:00:10] [SUCCESS] live_status.json updated
[2026-01-29 04:00:10] --- INTEROPERABILITY CHECK ---
[2026-01-29 04:00:10] [WARNING] Valentine Core (port 3002): OFFLINE
[2026-01-29 04:00:10] [WARNING] Dashboard (port 3000): OFFLINE
[2026-01-29 04:00:10] Hippocampus/Qdrant (port 6333): OFFLINE (optional)
[2026-01-29 04:00:10] ==========================================
[2026-01-29 04:00:10] OPTIMIZATION COMPLETE
[2026-01-29 04:00:10] ==========================================
[2026-01-29 04:00:10] Disk Usage After: 48% (12Gi free)
[2026-01-29 04:00:10] Load Avg After: 4.62 4.36 4.10
[2026-01-29 04:00:10] Log saved to: /Users/infinite27/AILCC_PRIME/logs/system_opt_20260129_040000.log
