[2026-01-23 12:00:00] ==========================================
[2026-01-23 12:00:00] AILCC MASTER SYSTEM OPTIMIZATION
[2026-01-23 12:00:00] ==========================================
[2026-01-23 12:00:00] --- SYSTEM STATUS SNAPSHOT ---
[2026-01-23 12:00:00] Hostname: Macbook-1.local
[2026-01-23 12:00:00] macOS: 15.7.3
[2026-01-23 12:00:00] Uptime: 12:00  up 20:35, 1 user, load averages: 3.91 5.39 5.82
[2026-01-23 12:00:00] Disk Usage: 46% used (13Gi free)
[2026-01-23 12:00:00] RAM: 8 GB
[2026-01-23 12:00:00] Load Avg: 3.91 5.39 5.82
[2026-01-23 12:00:00] --- MEMORY OPTIMIZATION ---
[2026-01-23 12:00:00] [WARNING] purge requires sudo - skipped (run with sudo for full effect)
[2026-01-23 12:00:01] User caches cleaned: 679M -> 679M
[2026-01-23 12:00:01] --- BROWSER OPTIMIZATION ---
[2026-01-23 12:00:01] Delegating to optimize_browsers.sh...
[2026-01-23 12:00:01] Starting Browser Optimization Sequence...
[2026-01-23 12:00:01] Detected Google Chrome Version: 144.0.7559.97
[2026-01-23 12:00:01] [WARNING] ⚠️  UNSTABLE VERSION DETECTED for Google Chrome (v144)
[2026-01-23 12:00:01] [WARNING]    Recommendation: Downgrade to Stable (v132+) to prevent SIGTRAP crashes.
[2026-01-23 12:00:01] Detected Comet Version: 143.2.7499.37648
[2026-01-23 12:00:01] [WARNING] ⚠️  UNSTABLE VERSION DETECTED for Comet (v143)
[2026-01-23 12:00:01] [WARNING]    Recommendation: Downgrade to Stable (v132+) to prevent SIGTRAP crashes.
[2026-01-23 12:00:02] [WARNING] Google Chrome is running. Closing it to safely clear cache...
No matching processes belonging to you were found
[2026-01-23 12:00:04] Google Chrome forced closed.
[2026-01-23 12:00:05] Comet is not running.
[2026-01-23 12:00:05] No Cache found for Google Chrome (AppSupport) at /Users/infinite27/Library/Application Support/Google/Chrome/Default/Cache
rm: /Users/infinite27/Library/Application Support/Google/Chrome/Default/GPUCache: Operation not permitted
[2026-01-23 12:00:05] ✅ Cleared Google Chrome (AppSupport) GPUCache: /Users/infinite27/Library/Application Support/Google/Chrome/Default/GPUCache
[2026-01-23 12:00:06] ✅ Cleared Google Chrome (Library/Caches) Cache: /Users/infinite27/Library/Caches/Google/Chrome/Default/Cache
[2026-01-23 12:00:06] No GPUCache found for Google Chrome (Library/Caches) at /Users/infinite27/Library/Caches/Google/Chrome/Default/GPUCache
[2026-01-23 12:00:06] No Cache found for Comet (AppSupport 1) at /Users/infinite27/Library/Application Support/Comet/Cache
[2026-01-23 12:00:06] No GPUCache found for Comet (AppSupport 1) at /Users/infinite27/Library/Application Support/Comet/GPUCache
[2026-01-23 12:00:06] No Cache found for Comet (AppSupport 2) at /Users/infinite27/Library/Application Support/ai.perplexity.comet/Cache
[2026-01-23 12:00:06] No GPUCache found for Comet (AppSupport 2) at /Users/infinite27/Library/Application Support/ai.perplexity.comet/GPUCache
[2026-01-23 12:00:06] No Cache found for Comet (Library/Caches 1) at /Users/infinite27/Library/Caches/ai.perplexity.comet
[2026-01-23 12:00:06] No GPUCache found for Comet (Library/Caches 1) at /Users/infinite27/Library/Caches/ai.perplexity.comet/fsCachedData
[2026-01-23 12:00:06] No Cache found for Comet (Library/Caches 2) at /Users/infinite27/Library/Caches/Comet
[2026-01-23 12:00:06] No GPUCache found for Comet (Library/Caches 2) at /Users/infinite27/Library/Caches/Comet/fsCachedData
[2026-01-23 12:00:06] Optimization Complete.
[2026-01-23 12:00:06] Please restart your browsers. If crashes persist, consult troubleshooting_chromium.md
Log saved to: /Users/infinite27/AILCC_PRIME/logs/browser_opt_20260123_120001.log
[2026-01-23 12:00:06] [SUCCESS] Browser optimization complete
[2026-01-23 12:00:06] --- PROCESS OPTIMIZATION ---
[2026-01-23 12:00:06] [WARNING] Found idle process: Teams - consider closing
[2026-01-23 12:00:06] Top 5 Memory Consumers:
[2026-01-23 12:00:06]   infinite27        5480 126.9 21.2 55944160 1778116   ??  R     4:01PM 538:34.30 next-server (v16.1.1)
[2026-01-23 12:00:06]   infinite27         653   0.5  6.4 1491072964 538748   ??  S     3:26PM 365:14.27 /Applications/Antigravity.app/Contents/Frameworks/Antigravity Helper (Renderer).app/Contents/MacOS/Antigravity Helper (Renderer) --type=renderer --user-data-dir=/Users/infinite27/Library/Application Support/Antigravity --standard-schemes=vscode-webview,vscode-file --enable-sandbox --secure-schemes=vscode-webview,vscode-file --cors-schemes=vscode-webview,vscode-file --fetch-schemes=vscode-webview,vscode-file --service-worker-schemes=vscode-webview --code-cache-schemes=vscode-webview,vscode-file --app-path=/Applications/Antigravity.app/Contents/Resources/app --enable-sandbox --enable-blink-features=HighlightAPI --disable-blink-features=FontMatchingCTMigration,StandardizedBrowserZoom, --lang=en-US --num-raster-threads=4 --enable-zero-copy --enable-gpu-memory-buffer-compositor-resources --enable-main-frame-before-activation --renderer-client-id=4 --time-ticks-at-unix-epoch=-1769109918744029 --launch-time-ticks=43383047 --shared-files --field-trial-handle=1718379636,r,18324017444550278292,5471494064624040139,262144 --enable-features=DocumentPolicyIncludeJSCallStacksInCrashReports,EarlyEstablishGpuChannel,EstablishGpuChannelAsync,PdfUseShowSaveFilePicker,ScreenCaptureKitPickerScreen,ScreenCaptureKitStreamPickerSonoma --disable-features=CalculateNativeWinOcclusion,FontationsLinuxSystemFonts,MacWebContentsOcclusion,ScreenAIOCREnabled,SpareRendererForSitePerProcess,TimeoutHangingVideoCaptureStarts --variations-seed-version --vscode-window-config=vscode:92ff46f0-6a8f-4c27-9bc9-3853cf924631 --seatbelt-client=65
[2026-01-23 12:00:06]   infinite27       42694   0.1  2.1 1490830596 174948   ??  S     2:55AM  55:58.96 /Applications/Antigravity.app/Contents/Frameworks/Antigravity Helper (Plugin).app/Contents/MacOS/Antigravity Helper (Plugin) --type=utility --utility-sub-type=node.mojom.NodeService --lang=en-US --service-sandbox-type=none --dns-result-order=ipv4first --experimental-network-inspection --inspect-port=0 --user-data-dir=/Users/infinite27/Library/Application Support/Antigravity --standard-schemes=vscode-webview,vscode-file --enable-sandbox --secure-schemes=vscode-webview,vscode-file --cors-schemes=vscode-webview,vscode-file --fetch-schemes=vscode-webview,vscode-file --service-worker-schemes=vscode-webview --code-cache-schemes=vscode-webview,vscode-file --shared-files --field-trial-handle=1718379636,r,18324017444550278292,5471494064624040139,262144 --enable-features=DocumentPolicyIncludeJSCallStacksInCrashReports,EarlyEstablishGpuChannel,EstablishGpuChannelAsync,PdfUseShowSaveFilePicker,ScreenCaptureKitPickerScreen,ScreenCaptureKitStreamPickerSonoma --disable-features=CalculateNativeWinOcclusion,FontationsLinuxSystemFonts,MacWebContentsOcclusion,ScreenAIOCREnabled,SpareRendererForSitePerProcess,TimeoutHangingVideoCaptureStarts --variations-seed-version
[2026-01-23 12:00:06]   infinite27         450   0.0  0.6 1491486940  51412   ??  S     3:25PM  14:45.98 /Applications/Antigravity.app/Contents/MacOS/Electron
[2026-01-23 12:00:06]   root               315  10.8  0.5 54781432  43916   ??  Ss    3:25PM  42:43.94 /System/Library/Frameworks/CoreServices.framework/Frameworks/Metadata.framework/Versions/A/Support/mds_stores
[2026-01-23 12:00:06] --- DISK SPACE OPTIMIZATION ---
[2026-01-23 12:00:10] Cleared npm cache
[2026-01-23 12:00:10] --- CRASH SCOUT ---
[2026-01-23 12:00:10] [WARNING] Detected recent Chromium crash(es):
[2026-01-23 12:00:10]   [CRASH] Google Chrome-2026-01-23-040059.ips
[2026-01-23 12:00:10] --- OBSERVABILITY CONFIGURATION ---
[2026-01-23 12:00:10] [SUCCESS] live_status.json updated
[2026-01-23 12:00:10] --- INTEROPERABILITY CHECK ---
[2026-01-23 12:00:10] [WARNING] Valentine Core (port 3002): OFFLINE
[2026-01-23 12:00:10] [SUCCESS] Dashboard (port 3000): ONLINE
[2026-01-23 12:00:10] Hippocampus/Qdrant (port 6333): OFFLINE (optional)
[2026-01-23 12:00:10] ==========================================
[2026-01-23 12:00:10] OPTIMIZATION COMPLETE
[2026-01-23 12:00:10] ==========================================
[2026-01-23 12:00:10] Disk Usage After: 44% (14Gi free)
[2026-01-23 12:00:10] Load Avg After: 4.30 5.42 5.83
[2026-01-23 12:00:10] Log saved to: /Users/infinite27/AILCC_PRIME/logs/system_opt_20260123_120000.log
