[2026-01-19 22:03:32] ==========================================
[2026-01-19 22:03:32] AILCC MASTER SYSTEM OPTIMIZATION
[2026-01-19 22:03:33] ==========================================
[2026-01-19 22:03:33] --- SYSTEM STATUS SNAPSHOT ---
[2026-01-19 22:03:33] Hostname: Macbook-1.local
[2026-01-19 22:03:33] macOS: 15.7.3
[2026-01-19 22:03:33] Uptime: 22:03  up 20:19, 1 user, load averages: 65.13 93.92 90.49
[2026-01-19 22:03:33] Disk Usage: 43% used (14Gi free)
[2026-01-19 22:03:33] RAM: 8 GB
[2026-01-19 22:03:33] Load Avg: 65.13 93.92 90.49
[2026-01-19 22:03:33] --- MEMORY OPTIMIZATION ---
[2026-01-19 22:03:33] [WARNING] purge requires sudo - skipped (run with sudo for full effect)
[2026-01-19 22:03:40] User caches cleaned: 947M -> 756M
[2026-01-19 22:03:40] --- BROWSER OPTIMIZATION ---
[2026-01-19 22:03:40] Delegating to optimize_browsers.sh...
[2026-01-19 22:03:40] Starting Browser Optimization Sequence...
[2026-01-19 22:03:40] Detected Google Chrome Version: 143.0.7499.193
[2026-01-19 22:03:40] [WARNING] ⚠️  UNSTABLE VERSION DETECTED for Google Chrome (v143)
[2026-01-19 22:03:40] [WARNING]    Recommendation: Downgrade to Stable (v132+) to prevent SIGTRAP crashes.
[2026-01-19 22:03:40] Detected Comet Version: 143.2.7499.37648
[2026-01-19 22:03:40] [WARNING] ⚠️  UNSTABLE VERSION DETECTED for Comet (v143)
[2026-01-19 22:03:40] [WARNING]    Recommendation: Downgrade to Stable (v132+) to prevent SIGTRAP crashes.
[2026-01-19 22:03:41] [WARNING] Google Chrome is running. Closing it to safely clear cache...
[2026-01-19 22:03:47] Google Chrome forced closed.
[2026-01-19 22:03:47] [WARNING] Comet is running. Closing it to safely clear cache...
