[2026-01-29 12:00:00] ==========================================
[2026-01-29 12:00:00] AILCC MASTER SYSTEM OPTIMIZATION
[2026-01-29 12:00:00] ==========================================
[2026-01-29 12:00:00] --- SYSTEM STATUS SNAPSHOT ---
[2026-01-29 12:00:00] Hostname: Macbook-1.local
[2026-01-29 12:00:00] macOS: 15.7.3
[2026-01-29 12:00:00] Uptime: 12:00  up 22:15, 1 user, load averages: 2.31 2.18 2.16
[2026-01-29 12:00:00] Disk Usage: 47% used (12Gi free)
[2026-01-29 12:00:00] RAM: 8 GB
[2026-01-29 12:00:00] Load Avg: 2.31 2.18 2.16
[2026-01-29 12:00:00] --- MEMORY OPTIMIZATION ---
[2026-01-29 12:00:00] [WARNING] purge requires sudo - skipped (run with sudo for full effect)
[2026-01-29 12:00:01] User caches cleaned: 1.3G -> 1.3G
[2026-01-29 12:00:01] --- BROWSER OPTIMIZATION ---
[2026-01-29 12:00:01] Delegating to optimize_browsers.sh...
[2026-01-29 12:00:01] Starting Browser Optimization Sequence...
[2026-01-29 12:00:01] Detected Google Chrome Version: 144.0.7559.109
[2026-01-29 12:00:01] [WARNING] ⚠️  UNSTABLE VERSION DETECTED for Google Chrome (v144)
[2026-01-29 12:00:01] [WARNING]    Recommendation: Downgrade to Stable (v132+) to prevent SIGTRAP crashes.
[2026-01-29 12:00:01] Detected Comet Version: 143.2.7499.37648
[2026-01-29 12:00:01] [WARNING] ⚠️  UNSTABLE VERSION DETECTED for Comet (v143)
[2026-01-29 12:00:01] [WARNING]    Recommendation: Downgrade to Stable (v132+) to prevent SIGTRAP crashes.
[2026-01-29 12:00:01] [WARNING] Google Chrome is running. Closing it to safely clear cache...
[2026-01-29 12:00:03] Comet is not running.
[2026-01-29 12:00:03] No Cache found for Google Chrome (AppSupport) at /Users/infinite27/Library/Application Support/Google/Chrome/Default/Cache
rm: /Users/infinite27/Library/Application Support/Google/Chrome/Default/GPUCache: Operation not permitted
[2026-01-29 12:00:03] ✅ Cleared Google Chrome (AppSupport) GPUCache: /Users/infinite27/Library/Application Support/Google/Chrome/Default/GPUCache
[2026-01-29 12:00:03] ✅ Cleared Google Chrome (Library/Caches) Cache: /Users/infinite27/Library/Caches/Google/Chrome/Default/Cache
[2026-01-29 12:00:03] No GPUCache found for Google Chrome (Library/Caches) at /Users/infinite27/Library/Caches/Google/Chrome/Default/GPUCache
[2026-01-29 12:00:03] No Cache found for Comet (AppSupport 1) at /Users/infinite27/Library/Application Support/Comet/Cache
[2026-01-29 12:00:03] No GPUCache found for Comet (AppSupport 1) at /Users/infinite27/Library/Application Support/Comet/GPUCache
[2026-01-29 12:00:03] No Cache found for Comet (AppSupport 2) at /Users/infinite27/Library/Application Support/ai.perplexity.comet/Cache
[2026-01-29 12:00:03] No GPUCache found for Comet (AppSupport 2) at /Users/infinite27/Library/Application Support/ai.perplexity.comet/GPUCache
[2026-01-29 12:00:03] No Cache found for Comet (Library/Caches 1) at /Users/infinite27/Library/Caches/ai.perplexity.comet
[2026-01-29 12:00:03] No GPUCache found for Comet (Library/Caches 1) at /Users/infinite27/Library/Caches/ai.perplexity.comet/fsCachedData
[2026-01-29 12:00:03] No Cache found for Comet (Library/Caches 2) at /Users/infinite27/Library/Caches/Comet
[2026-01-29 12:00:04] No GPUCache found for Comet (Library/Caches 2) at /Users/infinite27/Library/Caches/Comet/fsCachedData
[2026-01-29 12:00:04] Optimization Complete.
[2026-01-29 12:00:04] Please restart your browsers. If crashes persist, consult troubleshooting_chromium.md
Log saved to: /Users/infinite27/AILCC_PRIME/logs/browser_opt_20260129_120001.log
[2026-01-29 12:00:04] [SUCCESS] Browser optimization complete
[2026-01-29 12:00:04] --- PROCESS OPTIMIZATION ---
[2026-01-29 12:00:04] [WARNING] Found idle process: Teams - consider closing
[2026-01-29 12:00:04] Top 5 Memory Consumers:
[2026-01-29 12:00:04]   root               315   2.9  1.0 49598772  81700   ??  Ss    1:45PM  59:45.78 /System/Library/Frameworks/CoreServices.framework/Frameworks/Metadata.framework/Versions/A/Support/mds_stores
[2026-01-29 12:00:04]   infinite27        2554   0.0  0.9 83320704  74552   ??  S     2:47PM   0:35.45 /Applications/Google Drive.app/Contents/Helpers/Google Drive Helper (Renderer).app/Contents/MacOS/Google Drive Helper (Renderer) --type=renderer --framework-dir-path=/Applications/Google Drive.app/Contents/Frameworks/Chromium Embedded Framework.framework --main-bundle-path=/Applications/Google Drive.app --log-severity=info --user-data-dir=/Volumes/XDriveAlpha/AppOffload/Library/Application Support/Google/DriveFS/cef_cache --no-sandbox --log-file=/Users/infinite27/Library/Application Support/Google/DriveFS/Logs/chrome_debug.log --lang=en --num-raster-threads=4 --enable-zero-copy --enable-gpu-memory-buffer-compositor-resources --enable-main-frame-before-activation --renderer-client-id=5 --time-ticks-at-unix-epoch=-1769622313287118 --launch-time-ticks=3722562970 --shared-files --field-trial-handle=1718379636,r,12218841717832298290,11921530575710299529,262144 --disable-features=BackForwardCache,DocumentPictureInPictureAPI
[2026-01-29 12:00:04]   infinite27         688   0.0  0.9 34101440  76520   ??  S     1:46PM  23:56.19 com.apple.Passwords.MenuBarExtra
[2026-01-29 12:00:04]   infinite27         628   0.0  0.9 33904544  72316   ??  S     1:45PM   5:21.81 /usr/libexec/siriknowledged
[2026-01-29 12:00:04]   infinite27        2548   0.0  0.8 34986880  64368   ??  S     2:47PM   3:06.18 /Applications/Google Drive.app/Contents/MacOS/Google Drive --auto_restart_count=2 --first_auto_restart_timestamp=3661 --single_process --parent_version=120.0.1.0 --crash_handler_token=inherited
[2026-01-29 12:00:04] --- DISK SPACE OPTIMIZATION ---
[2026-01-29 12:00:05] Cleared npm cache
[2026-01-29 12:00:05] --- CRASH SCOUT ---
[2026-01-29 12:00:05] No recent Chromium crashes detected.
[2026-01-29 12:00:05] --- OBSERVABILITY CONFIGURATION ---
[2026-01-29 12:00:05] [SUCCESS] live_status.json updated
[2026-01-29 12:00:05] --- INTEROPERABILITY CHECK ---
[2026-01-29 12:00:05] [WARNING] Valentine Core (port 3002): OFFLINE
[2026-01-29 12:00:05] [WARNING] Dashboard (port 3000): OFFLINE
[2026-01-29 12:00:05] Hippocampus/Qdrant (port 6333): OFFLINE (optional)
[2026-01-29 12:00:05] ==========================================
[2026-01-29 12:00:05] OPTIMIZATION COMPLETE
[2026-01-29 12:00:05] ==========================================
[2026-01-29 12:00:05] Disk Usage After: 47% (12Gi free)
[2026-01-29 12:00:05] Load Avg After: 2.21 2.16 2.15
[2026-01-29 12:00:05] Log saved to: /Users/infinite27/AILCC_PRIME/logs/system_opt_20260129_120000.log
