[2026-01-20 12:00:00] ==========================================
[2026-01-20 12:00:00] AILCC MASTER SYSTEM OPTIMIZATION
[2026-01-20 12:00:00] ==========================================
[2026-01-20 12:00:00] --- SYSTEM STATUS SNAPSHOT ---
[2026-01-20 12:00:00] Hostname: Macbook-1.local
[2026-01-20 12:00:00] macOS: 15.7.3
[2026-01-20 12:00:00] Uptime: 12:00  up 1 day, 10:15, 1 user, load averages: 1.18 1.39 1.64
[2026-01-20 12:00:00] Disk Usage: 32% used (23Gi free)
[2026-01-20 12:00:00] RAM: 8 GB
[2026-01-20 12:00:00] Load Avg: 1.18 1.39 1.64
[2026-01-20 12:00:00] --- MEMORY OPTIMIZATION ---
[2026-01-20 12:00:00] [WARNING] purge requires sudo - skipped (run with sudo for full effect)
[2026-01-20 12:00:00] User caches cleaned: 649M -> 649M
[2026-01-20 12:00:00] --- BROWSER OPTIMIZATION ---
[2026-01-20 12:00:00] Delegating to optimize_browsers.sh...
[2026-01-20 12:00:00] Starting Browser Optimization Sequence...
[2026-01-20 12:00:00] Detected Google Chrome Version: 143.0.7499.193
[2026-01-20 12:00:00] [WARNING] ⚠️  UNSTABLE VERSION DETECTED for Google Chrome (v143)
[2026-01-20 12:00:00] [WARNING]    Recommendation: Downgrade to Stable (v132+) to prevent SIGTRAP crashes.
[2026-01-20 12:00:00] Detected Comet Version: 143.2.7499.37648
[2026-01-20 12:00:00] [WARNING] ⚠️  UNSTABLE VERSION DETECTED for Comet (v143)
[2026-01-20 12:00:00] [WARNING]    Recommendation: Downgrade to Stable (v132+) to prevent SIGTRAP crashes.
[2026-01-20 12:00:00] Google Chrome is not running.
[2026-01-20 12:00:00] Comet is not running.
[2026-01-20 12:00:00] No Cache found for Google Chrome (AppSupport) at /Users/infinite27/Library/Application Support/Google/Chrome/Default/Cache
rm: /Users/infinite27/Library/Application Support/Google/Chrome/Default/GPUCache: Operation not permitted
[2026-01-20 12:00:00] ✅ Cleared Google Chrome (AppSupport) GPUCache: /Users/infinite27/Library/Application Support/Google/Chrome/Default/GPUCache
[2026-01-20 12:00:00] No Cache found for Google Chrome (Library/Caches) at /Users/infinite27/Library/Caches/Google/Chrome/Default/Cache
[2026-01-20 12:00:00] No GPUCache found for Google Chrome (Library/Caches) at /Users/infinite27/Library/Caches/Google/Chrome/Default/GPUCache
[2026-01-20 12:00:00] No Cache found for Comet (AppSupport 1) at /Users/infinite27/Library/Application Support/Comet/Cache
[2026-01-20 12:00:00] No GPUCache found for Comet (AppSupport 1) at /Users/infinite27/Library/Application Support/Comet/GPUCache
[2026-01-20 12:00:00] No Cache found for Comet (AppSupport 2) at /Users/infinite27/Library/Application Support/ai.perplexity.comet/Cache
[2026-01-20 12:00:00] No GPUCache found for Comet (AppSupport 2) at /Users/infinite27/Library/Application Support/ai.perplexity.comet/GPUCache
[2026-01-20 12:00:00] No Cache found for Comet (Library/Caches 1) at /Users/infinite27/Library/Caches/ai.perplexity.comet
[2026-01-20 12:00:00] No GPUCache found for Comet (Library/Caches 1) at /Users/infinite27/Library/Caches/ai.perplexity.comet/fsCachedData
[2026-01-20 12:00:00] No Cache found for Comet (Library/Caches 2) at /Users/infinite27/Library/Caches/Comet
[2026-01-20 12:00:00] No GPUCache found for Comet (Library/Caches 2) at /Users/infinite27/Library/Caches/Comet/fsCachedData
[2026-01-20 12:00:00] Optimization Complete.
[2026-01-20 12:00:00] Please restart your browsers. If crashes persist, consult troubleshooting_chromium.md
Log saved to: /Users/infinite27/AILCC_PRIME/logs/browser_opt_20260120_120000.log
[2026-01-20 12:00:00] [SUCCESS] Browser optimization complete
[2026-01-20 12:00:00] --- PROCESS OPTIMIZATION ---
[2026-01-20 12:00:00] [WARNING] Found idle process: Teams - consider closing
[2026-01-20 12:00:00] Top 5 Memory Consumers:
[2026-01-20 12:00:01] --- DISK SPACE OPTIMIZATION ---
[2026-01-20 12:00:02] Cleared npm cache
[2026-01-20 12:00:02] --- OBSERVABILITY CONFIGURATION ---
[2026-01-20 12:00:02] [SUCCESS] live_status.json updated
[2026-01-20 12:00:02] --- INTEROPERABILITY CHECK ---
[2026-01-20 12:00:02] [SUCCESS] Valentine Core (port 3002): ONLINE
[2026-01-20 12:00:02] [SUCCESS] Dashboard (port 3000): ONLINE
[2026-01-20 12:00:02] Hippocampus/Qdrant (port 6333): OFFLINE (optional)
[2026-01-20 12:00:02] ==========================================
[2026-01-20 12:00:02] OPTIMIZATION COMPLETE
[2026-01-20 12:00:02] ==========================================
[2026-01-20 12:00:02] Disk Usage After: 32% (23Gi free)
[2026-01-20 12:00:02] Load Avg After: 1.33 1.42 1.65
[2026-01-20 12:00:02] Log saved to: /Users/infinite27/AILCC_PRIME/logs/system_opt_20260120_120000.log
