[2026-02-20 04:00:00] ==========================================
[2026-02-20 04:00:00] AILCC MASTER SYSTEM OPTIMIZATION
[2026-02-20 04:00:00] ==========================================
[2026-02-20 04:00:00] --- SYSTEM STATUS SNAPSHOT ---
[2026-02-20 04:00:00] Hostname: Macbook-1.local
[2026-02-20 04:00:00] macOS: 15.7.4
[2026-02-20 04:00:00] Uptime:  4:00  up  5:14, 2 users, load averages: 1.41 2.33 9.10
[2026-02-20 04:00:00] Disk Usage: 48% used (11Gi free)
[2026-02-20 04:00:00] RAM: 8 GB
[2026-02-20 04:00:00] Load Avg: 1.41 2.33 9.10
[2026-02-20 04:00:00] --- MEMORY OPTIMIZATION ---
[2026-02-20 04:00:00] [WARNING] purge requires sudo - skipped (run with sudo for full effect)
[2026-02-20 04:00:00] User caches cleaned: 2.6M -> 2.6M
[2026-02-20 04:00:00] --- BROWSER OPTIMIZATION ---
[2026-02-20 04:00:00] Delegating to optimize_browsers.sh...
[2026-02-20 04:00:00] Starting Browser Optimization Sequence...
[2026-02-20 04:00:00] Detected Google Chrome Version: 145.0.7632.77
[2026-02-20 04:00:00] [WARNING] ⚠️  UNSTABLE VERSION DETECTED for Google Chrome (v145)
[2026-02-20 04:00:00] [WARNING]    Recommendation: Downgrade to Stable (v132+) to prevent SIGTRAP crashes.
[2026-02-20 04:00:00] Detected Comet Version: 144.0.7559.43118
[2026-02-20 04:00:00] [WARNING] ⚠️  UNSTABLE VERSION DETECTED for Comet (v144)
[2026-02-20 04:00:00] [WARNING]    Recommendation: Downgrade to Stable (v132+) to prevent SIGTRAP crashes.
[2026-02-20 04:00:00] [WARNING] Google Chrome is running. Closing it to safely clear cache...
[2026-02-20 04:00:05] Google Chrome forced closed.
[2026-02-20 04:00:05] [WARNING] Comet is running. Closing it to safely clear cache...
[2026-02-20 04:00:09] No Cache found for Google Chrome (AppSupport) at /Users/infinite27/Library/Application Support/Google/Chrome/Default/Cache
[2026-02-20 04:00:09] ✅ Cleared Google Chrome (AppSupport) GPUCache: /Users/infinite27/Library/Application Support/Google/Chrome/Default/GPUCache
[2026-02-20 04:00:09] No Cache found for Google Chrome (Library/Caches) at /Users/infinite27/Library/Caches/Google/Chrome/Default/Cache
[2026-02-20 04:00:09] No GPUCache found for Google Chrome (Library/Caches) at /Users/infinite27/Library/Caches/Google/Chrome/Default/GPUCache
[2026-02-20 04:00:09] No Cache found for Comet (AppSupport 1) at /Users/infinite27/Library/Application Support/Comet/Cache
[2026-02-20 04:00:10] No GPUCache found for Comet (AppSupport 1) at /Users/infinite27/Library/Application Support/Comet/GPUCache
[2026-02-20 04:00:10] No Cache found for Comet (AppSupport 2) at /Users/infinite27/Library/Application Support/ai.perplexity.comet/Cache
[2026-02-20 04:00:10] No GPUCache found for Comet (AppSupport 2) at /Users/infinite27/Library/Application Support/ai.perplexity.comet/GPUCache
[2026-02-20 04:00:10] No Cache found for Comet (Library/Caches 1) at /Users/infinite27/Library/Caches/ai.perplexity.comet
[2026-02-20 04:00:10] No GPUCache found for Comet (Library/Caches 1) at /Users/infinite27/Library/Caches/ai.perplexity.comet/fsCachedData
[2026-02-20 04:00:10] ✅ Cleared Comet (Library/Caches 2) Cache: /Users/infinite27/Library/Caches/Comet
[2026-02-20 04:00:10] No GPUCache found for Comet (Library/Caches 2) at /Users/infinite27/Library/Caches/Comet/fsCachedData
[2026-02-20 04:00:10] Optimization Complete.
[2026-02-20 04:00:10] Please restart your browsers. If crashes persist, consult troubleshooting_chromium.md
Log saved to: /Users/infinite27/AILCC_PRIME/logs/browser_opt_20260220_040000.log
[2026-02-20 04:00:10] [SUCCESS] Browser optimization complete
[2026-02-20 04:00:10] --- PROCESS OPTIMIZATION ---
[2026-02-20 04:00:10] [WARNING] Found idle process: Teams - consider closing
[2026-02-20 04:00:10] Top 5 Memory Consumers:
[2026-02-20 04:00:10]   infinite27        2435   3.1  3.8 37970012 322960   ??  Ss   10:48PM  21:29.97 /System/Library/Frameworks/Virtualization.framework/Versions/A/XPCServices/com.apple.Virtualization.VirtualMachine.xpc/Contents/MacOS/com.apple.Virtualization.VirtualMachine
[2026-02-20 04:00:10]   infinite27        6254   0.7  3.7 1507655988 306476   ??  S    11:34PM  50:26.35 /Applications/Antigravity.app/Contents/Frameworks/Antigravity Helper (Renderer).app/Contents/MacOS/Antigravity Helper (Renderer) --type=renderer --user-data-dir=/Users/infinite27/Library/Application Support/Antigravity --standard-schemes=vscode-webview,vscode-file --enable-sandbox --secure-schemes=vscode-webview,vscode-file --cors-schemes=vscode-webview,vscode-file --fetch-schemes=vscode-webview,vscode-file --service-worker-schemes=vscode-webview --code-cache-schemes=vscode-webview,vscode-file --app-path=/Applications/Antigravity.app/Contents/Resources/app --enable-sandbox --enable-blink-features=HighlightAPI --disable-blink-features=FontMatchingCTMigration,StandardizedBrowserZoom, --lang=en-US --num-raster-threads=4 --enable-zero-copy --enable-gpu-memory-buffer-compositor-resources --enable-main-frame-before-activation --renderer-client-id=13 --time-ticks-at-unix-epoch=-1771555583723330 --launch-time-ticks=2880250893 --shared-files --field-trial-handle=1718379636,r,12619060696510647197,11655958465104961913,262144 --enable-features=DocumentPolicyIncludeJSCallStacksInCrashReports,EarlyEstablishGpuChannel,EstablishGpuChannelAsync,PdfUseShowSaveFilePicker,ScreenCaptureKitPickerScreen,ScreenCaptureKitStreamPickerSonoma --disable-features=CalculateNativeWinOcclusion,LocalNetworkAccessChecks,MacWebContentsOcclusion,ScreenAIOCREnabled,SpareRendererForSitePerProcess,TimeoutHangingVideoCaptureStarts,TraceSiteInstanceGetProcessCreation --variations-seed-version --trace-process-track-uuid=3190708998493415531 --vscode-window-config=vscode:d3a468e1-245d-4520-abfe-5e17af25cff2 --seatbelt-client=65
[2026-02-20 04:00:10]   infinite27        6390  14.1  2.7 40651284 224604   ??  R    11:34PM  34:41.41 /Applications/Antigravity.app/Contents/Resources/app/extensions/antigravity/bin/language_server_macos_x64 --enable_lsp --extension_server_port 50931 --csrf_token 54b64672-143c-4615-bec0-a10d9db49b83 --random_port --workspace_id file_Users_infinite27_AILCC_PRIME --cloud_code_endpoint https://daily-cloudcode-pa.googleapis.com --app_data_dir antigravity --parent_pipe_path /var/folders/hz/52mr8nws137fxvfv8bbt6sq80000gn/T/server_472fff3637b2508a
[2026-02-20 04:00:10]   infinite27        1930   1.5  1.1 36800728  92908   ??  S    10:47PM   8:00.73 /Applications/Docker.app/Contents/MacOS/com.docker.backend services
[2026-02-20 04:00:10]   infinite27        2534   0.0  1.0 1489038404  85976   ??  S    10:48PM   7:31.11 /Applications/Docker.app/Contents/MacOS/Docker Desktop.app/Contents/Frameworks/Docker Desktop Helper (Renderer).app/Contents/MacOS/Docker Desktop Helper (Renderer) --type=renderer --user-data-dir=/Users/infinite27/Library/Application Support/Docker Desktop --standard-schemes=app --enable-sandbox --secure-schemes=app --fetch-schemes=dd --code-cache-schemes=app --app-path=/Applications/Docker.app/Contents/MacOS/Docker Desktop.app/Contents/Resources/app.asar --enable-sandbox --lang=en-US --num-raster-threads=4 --enable-zero-copy --enable-gpu-memory-buffer-compositor-resources --enable-main-frame-before-activation --renderer-client-id=4 --time-ticks-at-unix-epoch=-1771555583722595 --launch-time-ticks=114707749 --shared-files --field-trial-handle=1718379636,r,4826086690811298467,14566897704453008338,262144 --enable-features=PdfUseShowSaveFilePicker,ScreenCaptureKitPickerScreen,ScreenCaptureKitStreamPickerSonoma --disable-features=MacWebContentsOcclusion,ScreenAIOCREnabled,SpareRendererForSitePerProcess,TimeoutHangingVideoCaptureStarts --variations-seed-version --desktop-ui-preload-params={"needsBackendErrorsIpcClient":true,"needsPrimaryIpcClient":true} --seatbelt-client=80
[2026-02-20 04:00:10] --- DISK SPACE OPTIMIZATION ---
[2026-02-20 04:00:39] Cleared npm cache
[2026-02-20 04:00:39] --- CRASH SCOUT ---
[2026-02-20 04:00:40] No recent Chromium crashes detected.
[2026-02-20 04:00:40] --- OBSERVABILITY CONFIGURATION ---
[2026-02-20 04:00:44] [SUCCESS] live_status.json updated
[2026-02-20 04:00:44] --- INTEROPERABILITY CHECK ---
[2026-02-20 04:00:44] [WARNING] Valentine Core (port 3002): OFFLINE
[2026-02-20 04:00:45] [WARNING] Dashboard (port 3000): OFFLINE
[2026-02-20 04:00:45] Hippocampus/Qdrant (port 6333): OFFLINE (optional)
[2026-02-20 04:00:45] ==========================================
[2026-02-20 04:00:45] OPTIMIZATION COMPLETE
[2026-02-20 04:00:45] ==========================================
[2026-02-20 04:00:45] Disk Usage After: 42% (15Gi free)
[2026-02-20 04:00:45] Load Avg After: 35.02 9.86 11.45
[2026-02-20 04:00:45] Log saved to: /Users/infinite27/AILCC_PRIME/logs/system_opt_20260220_040000.log
