[2026-01-21 19:44:41] ==========================================
[2026-01-21 19:44:41] AILCC MASTER SYSTEM OPTIMIZATION
[2026-01-21 19:44:41] ==========================================
[2026-01-21 19:44:41] --- SYSTEM STATUS SNAPSHOT ---
[2026-01-21 19:44:41] Hostname: Macbook-1.local
[2026-01-21 19:44:41] macOS: 15.7.3
[2026-01-21 19:44:41] Uptime: 19:44  up 1 day,  4:12, 1 user, load averages: 48.36 99.30 127.94
[2026-01-21 19:44:41] Disk Usage: 42% used (15Gi free)
[2026-01-21 19:44:41] RAM: 8 GB
[2026-01-21 19:44:41] Load Avg: 48.36 99.30 127.94
[2026-01-21 19:44:41] --- MEMORY OPTIMIZATION ---
[2026-01-21 19:44:41] [WARNING] purge requires sudo - skipped (run with sudo for full effect)
[2026-01-21 19:44:41] User caches cleaned: 819M -> 819M
[2026-01-21 19:44:41] --- BROWSER OPTIMIZATION ---
[2026-01-21 19:44:41] Delegating to optimize_browsers.sh...
[2026-01-21 19:44:41] Starting Browser Optimization Sequence...
[2026-01-21 19:44:42] Detected Google Chrome Version: 144.0.7559.96
[2026-01-21 19:44:42] [WARNING] ⚠️  UNSTABLE VERSION DETECTED for Google Chrome (v144)
[2026-01-21 19:44:42] [WARNING]    Recommendation: Downgrade to Stable (v132+) to prevent SIGTRAP crashes.
[2026-01-21 19:44:42] Detected Comet Version: 143.2.7499.37648
[2026-01-21 19:44:42] [WARNING] ⚠️  UNSTABLE VERSION DETECTED for Comet (v143)
[2026-01-21 19:44:42] [WARNING]    Recommendation: Downgrade to Stable (v132+) to prevent SIGTRAP crashes.
[2026-01-21 19:44:42] Google Chrome is not running.
[2026-01-21 19:44:42] Comet is not running.
[2026-01-21 19:44:42] No Cache found for Google Chrome (AppSupport) at /Users/infinite27/Library/Application Support/Google/Chrome/Default/Cache
[2026-01-21 19:44:42] No GPUCache found for Google Chrome (AppSupport) at /Users/infinite27/Library/Application Support/Google/Chrome/Default/GPUCache
[2026-01-21 19:44:42] No Cache found for Google Chrome (Library/Caches) at /Users/infinite27/Library/Caches/Google/Chrome/Default/Cache
[2026-01-21 19:44:42] No GPUCache found for Google Chrome (Library/Caches) at /Users/infinite27/Library/Caches/Google/Chrome/Default/GPUCache
[2026-01-21 19:44:42] No Cache found for Comet (AppSupport 1) at /Users/infinite27/Library/Application Support/Comet/Cache
[2026-01-21 19:44:42] No GPUCache found for Comet (AppSupport 1) at /Users/infinite27/Library/Application Support/Comet/GPUCache
[2026-01-21 19:44:42] No Cache found for Comet (AppSupport 2) at /Users/infinite27/Library/Application Support/ai.perplexity.comet/Cache
[2026-01-21 19:44:42] No GPUCache found for Comet (AppSupport 2) at /Users/infinite27/Library/Application Support/ai.perplexity.comet/GPUCache
[2026-01-21 19:44:42] No Cache found for Comet (Library/Caches 1) at /Users/infinite27/Library/Caches/ai.perplexity.comet
[2026-01-21 19:44:42] No GPUCache found for Comet (Library/Caches 1) at /Users/infinite27/Library/Caches/ai.perplexity.comet/fsCachedData
[2026-01-21 19:44:42] ✅ Cleared Comet (Library/Caches 2) Cache: /Users/infinite27/Library/Caches/Comet
[2026-01-21 19:44:42] No GPUCache found for Comet (Library/Caches 2) at /Users/infinite27/Library/Caches/Comet/fsCachedData
[2026-01-21 19:44:42] Optimization Complete.
[2026-01-21 19:44:42] Please restart your browsers. If crashes persist, consult troubleshooting_chromium.md
Log saved to: /Users/infinite27/AILCC_PRIME/logs/browser_opt_20260121_194441.log
[2026-01-21 19:44:42] [SUCCESS] Browser optimization complete
[2026-01-21 19:44:42] --- PROCESS OPTIMIZATION ---
[2026-01-21 19:44:42] [WARNING] Found idle process: Teams - consider closing
[2026-01-21 19:44:42] Top 5 Memory Consumers:
[2026-01-21 19:44:42]   infinite27       33151  13.2 13.2 41036880 1104948   ??  S     2:31PM  67:47.92 /Applications/Antigravity.app/Contents/Resources/app/extensions/antigravity/bin/language_server_macos_x64 --enable_lsp --extension_server_port 50592 --csrf_token d8f16fc9-a217-43bb-b80c-4950c7f2f732 --random_port --workspace_id file_Users_infinite27_AILCC_PRIME --cloud_code_endpoint https://daily-cloudcode-pa.googleapis.com --app_data_dir antigravity --parent_pipe_path /var/folders/hz/52mr8nws137fxvfv8bbt6sq80000gn/T/server_6b0067175aa92128
[2026-01-21 19:44:42]   infinite27         659  70.9  8.3 1492814228 692188   ??  S    Tue03PM  59:37.16 /Applications/Antigravity.app/Contents/Frameworks/Antigravity Helper (Renderer).app/Contents/MacOS/Antigravity Helper (Renderer) --type=renderer --user-data-dir=/Users/infinite27/Library/Application Support/Antigravity --standard-schemes=vscode-webview,vscode-file --enable-sandbox --secure-schemes=vscode-webview,vscode-file --cors-schemes=vscode-webview,vscode-file --fetch-schemes=vscode-webview,vscode-file --service-worker-schemes=vscode-webview --code-cache-schemes=vscode-webview,vscode-file --app-path=/Applications/Antigravity.app/Contents/Resources/app --enable-sandbox --enable-blink-features=HighlightAPI --disable-blink-features=FontMatchingCTMigration,StandardizedBrowserZoom, --lang=en-US --num-raster-threads=4 --enable-zero-copy --enable-gpu-memory-buffer-compositor-resources --enable-main-frame-before-activation --renderer-client-id=4 --time-ticks-at-unix-epoch=-1768937553402002 --launch-time-ticks=43006080 --shared-files --field-trial-handle=1718379636,r,7217062622113201238,18160228195597133487,262144 --enable-features=DocumentPolicyIncludeJSCallStacksInCrashReports,EarlyEstablishGpuChannel,EstablishGpuChannelAsync,PdfUseShowSaveFilePicker,ScreenCaptureKitPickerScreen,ScreenCaptureKitStreamPickerSonoma --disable-features=CalculateNativeWinOcclusion,FontationsLinuxSystemFonts,MacWebContentsOcclusion,ScreenAIOCREnabled,SpareRendererForSitePerProcess,TimeoutHangingVideoCaptureStarts --variations-seed-version --vscode-window-config=vscode:28c0940f-2e9a-48c9-b091-1de84d9ecbf5 --seatbelt-client=66
[2026-01-21 19:44:42]   infinite27         421   1.4  1.3 1491313856 110656   ??  S    Tue03PM  10:07.25 /Applications/Antigravity.app/Contents/MacOS/Electron
[2026-01-21 19:44:42]   infinite27       32594   3.8  1.0 1490818788  79832   ??  S     2:31PM   7:44.74 /Applications/Antigravity.app/Contents/Frameworks/Antigravity Helper (Plugin).app/Contents/MacOS/Antigravity Helper (Plugin) --type=utility --utility-sub-type=node.mojom.NodeService --lang=en-US --service-sandbox-type=none --dns-result-order=ipv4first --experimental-network-inspection --inspect-port=0 --user-data-dir=/Users/infinite27/Library/Application Support/Antigravity --standard-schemes=vscode-webview,vscode-file --enable-sandbox --secure-schemes=vscode-webview,vscode-file --cors-schemes=vscode-webview,vscode-file --fetch-schemes=vscode-webview,vscode-file --service-worker-schemes=vscode-webview --code-cache-schemes=vscode-webview,vscode-file --shared-files --field-trial-handle=1718379636,r,7217062622113201238,18160228195597133487,262144 --enable-features=DocumentPolicyIncludeJSCallStacksInCrashReports,EarlyEstablishGpuChannel,EstablishGpuChannelAsync,PdfUseShowSaveFilePicker,ScreenCaptureKitPickerScreen,ScreenCaptureKitStreamPickerSonoma --disable-features=CalculateNativeWinOcclusion,FontationsLinuxSystemFonts,MacWebContentsOcclusion,ScreenAIOCREnabled,SpareRendererForSitePerProcess,TimeoutHangingVideoCaptureStarts --variations-seed-version
[2026-01-21 19:44:42]   _windowserver      179   3.8  0.7 37283360  59152   ??  Ss   Tue03PM 376:10.51 /System/Library/PrivateFrameworks/SkyLight.framework/Resources/WindowServer -daemon
[2026-01-21 19:44:42] --- DISK SPACE OPTIMIZATION ---
[2026-01-21 19:44:43] Cleared npm cache
[2026-01-21 19:44:43] --- CRASH SCOUT ---
[2026-01-21 19:44:43] [WARNING] Detected recent Chromium crash(es):
[2026-01-21 19:44:43]   [CRASH] Google Chrome-2026-01-21-163803.ips
[2026-01-21 19:44:43] --- OBSERVABILITY CONFIGURATION ---
[2026-01-21 19:44:44] [SUCCESS] live_status.json updated
[2026-01-21 19:44:44] --- INTEROPERABILITY CHECK ---
[2026-01-21 19:44:44] [SUCCESS] Valentine Core (port 3002): ONLINE
[2026-01-21 19:44:44] [SUCCESS] Dashboard (port 3000): ONLINE
[2026-01-21 19:44:44] Hippocampus/Qdrant (port 6333): OFFLINE (optional)
[2026-01-21 19:44:44] ==========================================
[2026-01-21 19:44:44] OPTIMIZATION COMPLETE
[2026-01-21 19:44:44] ==========================================
[2026-01-21 19:44:44] Disk Usage After: 42% (15Gi free)
[2026-01-21 19:44:44] Load Avg After: 45.29 97.82 127.25
[2026-01-21 19:44:44] Log saved to: /Users/infinite27/AILCC_PRIME/logs/system_opt_20260121_194441.log
