[2026-01-21 12:08:37] ==========================================
[2026-01-21 12:08:37] AILCC MASTER SYSTEM OPTIMIZATION
[2026-01-21 12:08:37] ==========================================
[2026-01-21 12:08:37] --- SYSTEM STATUS SNAPSHOT ---
[2026-01-21 12:08:37] Hostname: Macbook-1.local
[2026-01-21 12:08:37] macOS: 15.7.3
[2026-01-21 12:08:37] Uptime: 12:08  up 20:36, 1 user, load averages: 27.48 19.00 10.31
[2026-01-21 12:08:37] Disk Usage: 35% used (20Gi free)
[2026-01-21 12:08:37] RAM: 8 GB
[2026-01-21 12:08:38] Load Avg: 27.48 19.00 10.31
[2026-01-21 12:08:38] --- MEMORY OPTIMIZATION ---
[2026-01-21 12:08:38] [WARNING] purge requires sudo - skipped (run with sudo for full effect)
[2026-01-21 12:08:38] User caches cleaned: 691M -> 691M
[2026-01-21 12:08:38] --- BROWSER OPTIMIZATION ---
[2026-01-21 12:08:38] Delegating to optimize_browsers.sh...
[2026-01-21 12:08:38] Starting Browser Optimization Sequence...
[2026-01-21 12:08:38] Detected Google Chrome Version: 144.0.7559.96
[2026-01-21 12:08:38] [WARNING] ⚠️  UNSTABLE VERSION DETECTED for Google Chrome (v144)
[2026-01-21 12:08:38] [WARNING]    Recommendation: Downgrade to Stable (v132+) to prevent SIGTRAP crashes.
[2026-01-21 12:08:38] Detected Comet Version: 143.2.7499.37648
[2026-01-21 12:08:38] [WARNING] ⚠️  UNSTABLE VERSION DETECTED for Comet (v143)
[2026-01-21 12:08:38] [WARNING]    Recommendation: Downgrade to Stable (v132+) to prevent SIGTRAP crashes.
[2026-01-21 12:08:38] Google Chrome is not running.
[2026-01-21 12:08:38] Comet is not running.
[2026-01-21 12:08:39] No Cache found for Google Chrome (AppSupport) at /Users/infinite27/Library/Application Support/Google/Chrome/Default/Cache
rm: /Users/infinite27/Library/Application Support/Google/Chrome/Default/GPUCache: Operation not permitted
[2026-01-21 12:08:39] ✅ Cleared Google Chrome (AppSupport) GPUCache: /Users/infinite27/Library/Application Support/Google/Chrome/Default/GPUCache
[2026-01-21 12:08:39] No Cache found for Google Chrome (Library/Caches) at /Users/infinite27/Library/Caches/Google/Chrome/Default/Cache
[2026-01-21 12:08:39] No GPUCache found for Google Chrome (Library/Caches) at /Users/infinite27/Library/Caches/Google/Chrome/Default/GPUCache
[2026-01-21 12:08:39] No Cache found for Comet (AppSupport 1) at /Users/infinite27/Library/Application Support/Comet/Cache
[2026-01-21 12:08:39] No GPUCache found for Comet (AppSupport 1) at /Users/infinite27/Library/Application Support/Comet/GPUCache
[2026-01-21 12:08:39] No Cache found for Comet (AppSupport 2) at /Users/infinite27/Library/Application Support/ai.perplexity.comet/Cache
[2026-01-21 12:08:39] No GPUCache found for Comet (AppSupport 2) at /Users/infinite27/Library/Application Support/ai.perplexity.comet/GPUCache
[2026-01-21 12:08:39] No Cache found for Comet (Library/Caches 1) at /Users/infinite27/Library/Caches/ai.perplexity.comet
[2026-01-21 12:08:39] No GPUCache found for Comet (Library/Caches 1) at /Users/infinite27/Library/Caches/ai.perplexity.comet/fsCachedData
[2026-01-21 12:08:39] No Cache found for Comet (Library/Caches 2) at /Users/infinite27/Library/Caches/Comet
[2026-01-21 12:08:39] No GPUCache found for Comet (Library/Caches 2) at /Users/infinite27/Library/Caches/Comet/fsCachedData
[2026-01-21 12:08:39] Optimization Complete.
[2026-01-21 12:08:39] Please restart your browsers. If crashes persist, consult troubleshooting_chromium.md
Log saved to: /Users/infinite27/AILCC_PRIME/logs/browser_opt_20260121_120838.log
[2026-01-21 12:08:39] [SUCCESS] Browser optimization complete
[2026-01-21 12:08:39] --- PROCESS OPTIMIZATION ---
[2026-01-21 12:08:39] [WARNING] Found idle process: Teams - consider closing
[2026-01-21 12:08:39] Top 5 Memory Consumers:
[2026-01-21 12:08:39] --- DISK SPACE OPTIMIZATION ---
[2026-01-21 12:08:40] Cleared npm cache
[2026-01-21 12:08:40] --- OBSERVABILITY CONFIGURATION ---
[2026-01-21 12:08:40] [SUCCESS] live_status.json updated
[2026-01-21 12:08:40] --- INTEROPERABILITY CHECK ---
[2026-01-21 12:08:40] [SUCCESS] Valentine Core (port 3002): ONLINE
[2026-01-21 12:08:40] [SUCCESS] Dashboard (port 3000): ONLINE
[2026-01-21 12:08:40] Hippocampus/Qdrant (port 6333): OFFLINE (optional)
[2026-01-21 12:08:40] ==========================================
[2026-01-21 12:08:40] OPTIMIZATION COMPLETE
[2026-01-21 12:08:40] ==========================================
[2026-01-21 12:08:40] Disk Usage After: 35% (20Gi free)
[2026-01-21 12:08:40] Load Avg After: 27.48 19.00 10.31
[2026-01-21 12:08:40] Log saved to: /Users/infinite27/AILCC_PRIME/logs/system_opt_20260121_120837.log
