[2026-01-21 04:00:00] ==========================================
[2026-01-21 04:00:00] AILCC MASTER SYSTEM OPTIMIZATION
[2026-01-21 04:00:00] ==========================================
[2026-01-21 04:00:00] --- SYSTEM STATUS SNAPSHOT ---
[2026-01-21 04:00:00] Hostname: Macbook-1.local
[2026-01-21 04:00:00] macOS: 15.7.3
[2026-01-21 04:00:00] Uptime:  4:00  up 12:27, 1 user, load averages: 6.87 8.07 8.95
[2026-01-21 04:00:00] Disk Usage: 37% used (18Gi free)
[2026-01-21 04:00:00] RAM: 8 GB
[2026-01-21 04:00:00] Load Avg: 6.87 8.07 8.95
[2026-01-21 04:00:00] --- MEMORY OPTIMIZATION ---
[2026-01-21 04:00:00] [WARNING] purge requires sudo - skipped (run with sudo for full effect)
[2026-01-21 04:00:01] User caches cleaned: 720M -> 720M
[2026-01-21 04:00:01] --- BROWSER OPTIMIZATION ---
[2026-01-21 04:00:01] Delegating to optimize_browsers.sh...
[2026-01-21 04:00:01] Starting Browser Optimization Sequence...
[2026-01-21 04:00:01] Detected Google Chrome Version: 144.0.7559.96
[2026-01-21 04:00:01] [WARNING] ⚠️  UNSTABLE VERSION DETECTED for Google Chrome (v144)
[2026-01-21 04:00:01] [WARNING]    Recommendation: Downgrade to Stable (v132+) to prevent SIGTRAP crashes.
[2026-01-21 04:00:01] Detected Comet Version: 143.2.7499.37648
[2026-01-21 04:00:01] [WARNING] ⚠️  UNSTABLE VERSION DETECTED for Comet (v143)
[2026-01-21 04:00:01] [WARNING]    Recommendation: Downgrade to Stable (v132+) to prevent SIGTRAP crashes.
[2026-01-21 04:00:01] [WARNING] Google Chrome is running. Closing it to safely clear cache...
[2026-01-21 04:00:03] Google Chrome forced closed.
[2026-01-21 04:00:03] [WARNING] Comet is running. Closing it to safely clear cache...
[2026-01-21 04:00:07] Comet forced closed.
[2026-01-21 04:00:07] No Cache found for Google Chrome (AppSupport) at /Users/infinite27/Library/Application Support/Google/Chrome/Default/Cache
rm: /Users/infinite27/Library/Application Support/Google/Chrome/Default/GPUCache: Operation not permitted
[2026-01-21 04:00:07] ✅ Cleared Google Chrome (AppSupport) GPUCache: /Users/infinite27/Library/Application Support/Google/Chrome/Default/GPUCache
[2026-01-21 04:00:08] ✅ Cleared Google Chrome (Library/Caches) Cache: /Users/infinite27/Library/Caches/Google/Chrome/Default/Cache
[2026-01-21 04:00:08] No GPUCache found for Google Chrome (Library/Caches) at /Users/infinite27/Library/Caches/Google/Chrome/Default/GPUCache
[2026-01-21 04:00:08] No Cache found for Comet (AppSupport 1) at /Users/infinite27/Library/Application Support/Comet/Cache
[2026-01-21 04:00:08] No GPUCache found for Comet (AppSupport 1) at /Users/infinite27/Library/Application Support/Comet/GPUCache
[2026-01-21 04:00:08] No Cache found for Comet (AppSupport 2) at /Users/infinite27/Library/Application Support/ai.perplexity.comet/Cache
[2026-01-21 04:00:08] No GPUCache found for Comet (AppSupport 2) at /Users/infinite27/Library/Application Support/ai.perplexity.comet/GPUCache
[2026-01-21 04:00:08] No Cache found for Comet (Library/Caches 1) at /Users/infinite27/Library/Caches/ai.perplexity.comet
[2026-01-21 04:00:08] No GPUCache found for Comet (Library/Caches 1) at /Users/infinite27/Library/Caches/ai.perplexity.comet/fsCachedData
[2026-01-21 04:00:08] ✅ Cleared Comet (Library/Caches 2) Cache: /Users/infinite27/Library/Caches/Comet
[2026-01-21 04:00:08] No GPUCache found for Comet (Library/Caches 2) at /Users/infinite27/Library/Caches/Comet/fsCachedData
[2026-01-21 04:00:08] Optimization Complete.
[2026-01-21 04:00:09] Please restart your browsers. If crashes persist, consult troubleshooting_chromium.md
Log saved to: /Users/infinite27/AILCC_PRIME/logs/browser_opt_20260121_040001.log
[2026-01-21 04:00:09] [SUCCESS] Browser optimization complete
[2026-01-21 04:00:09] --- PROCESS OPTIMIZATION ---
[2026-01-21 04:00:09] [WARNING] Found idle process: Teams - consider closing
[2026-01-21 04:00:09] Top 5 Memory Consumers:
[2026-01-21 04:00:09] --- DISK SPACE OPTIMIZATION ---
[2026-01-21 04:00:12] Cleared npm cache
[2026-01-21 04:00:12] --- OBSERVABILITY CONFIGURATION ---
[2026-01-21 04:00:12] [SUCCESS] live_status.json updated
[2026-01-21 04:00:12] --- INTEROPERABILITY CHECK ---
[2026-01-21 04:00:13] [SUCCESS] Valentine Core (port 3002): ONLINE
[2026-01-21 04:00:13] [SUCCESS] Dashboard (port 3000): ONLINE
[2026-01-21 04:00:13] Hippocampus/Qdrant (port 6333): OFFLINE (optional)
[2026-01-21 04:00:13] ==========================================
[2026-01-21 04:00:13] OPTIMIZATION COMPLETE
[2026-01-21 04:00:13] ==========================================
[2026-01-21 04:00:13] Disk Usage After: 34% (21Gi free)
[2026-01-21 04:00:13] Load Avg After: 5.70 7.76 8.82
[2026-01-21 04:00:13] Log saved to: /Users/infinite27/AILCC_PRIME/logs/system_opt_20260121_040000.log
