[2026-02-06 12:00:01] ==========================================
[2026-02-06 12:00:02] AILCC MASTER SYSTEM OPTIMIZATION
[2026-02-06 12:00:02] ==========================================
[2026-02-06 12:00:02] --- SYSTEM STATUS SNAPSHOT ---
[2026-02-06 12:00:02] Hostname: Macbook-1.local
[2026-02-06 12:00:02] macOS: 15.7.3
[2026-02-06 12:00:02] Uptime: 12:00  up 1 day, 21:37, 1 user, load averages: 3.81 4.49 5.18
[2026-02-06 12:00:02] Disk Usage: 37% used (18Gi free)
[2026-02-06 12:00:02] RAM: 8 GB
[2026-02-06 12:00:02] Load Avg: 3.81 4.49 5.18
[2026-02-06 12:00:02] --- MEMORY OPTIMIZATION ---
[2026-02-06 12:00:05] [WARNING] purge requires sudo - skipped (run with sudo for full effect)
[2026-02-06 12:00:07] User caches cleaned: 439M -> 439M
[2026-02-06 12:00:07] --- BROWSER OPTIMIZATION ---
[2026-02-06 12:00:08] Delegating to optimize_browsers.sh...
[2026-02-06 12:00:08] Starting Browser Optimization Sequence...
[2026-02-06 12:00:08] Detected Google Chrome Version: 144.0.7559.133
[2026-02-06 12:00:08] [WARNING] ⚠️  UNSTABLE VERSION DETECTED for Google Chrome (v144)
[2026-02-06 12:00:08] [WARNING]    Recommendation: Downgrade to Stable (v132+) to prevent SIGTRAP crashes.
[2026-02-06 12:00:08] Detected Comet Version: 143.2.7499.37648
[2026-02-06 12:00:08] [WARNING] ⚠️  UNSTABLE VERSION DETECTED for Comet (v143)
[2026-02-06 12:00:08] [WARNING]    Recommendation: Downgrade to Stable (v132+) to prevent SIGTRAP crashes.
[2026-02-06 12:00:09] [WARNING] Google Chrome is running. Closing it to safely clear cache...
[2026-02-06 12:00:15] Google Chrome forced closed.
[2026-02-06 12:00:15] Comet is not running.
[2026-02-06 12:00:15] No Cache found for Google Chrome (AppSupport) at /Users/infinite27/Library/Application Support/Google/Chrome/Default/Cache
[2026-02-06 12:00:15] ✅ Cleared Google Chrome (AppSupport) GPUCache: /Users/infinite27/Library/Application Support/Google/Chrome/Default/GPUCache
[2026-02-06 12:00:18] ✅ Cleared Google Chrome (Library/Caches) Cache: /Users/infinite27/Library/Caches/Google/Chrome/Default/Cache
[2026-02-06 12:00:18] No GPUCache found for Google Chrome (Library/Caches) at /Users/infinite27/Library/Caches/Google/Chrome/Default/GPUCache
[2026-02-06 12:00:18] No Cache found for Comet (AppSupport 1) at /Users/infinite27/Library/Application Support/Comet/Cache
[2026-02-06 12:00:18] No GPUCache found for Comet (AppSupport 1) at /Users/infinite27/Library/Application Support/Comet/GPUCache
[2026-02-06 12:00:18] No Cache found for Comet (AppSupport 2) at /Users/infinite27/Library/Application Support/ai.perplexity.comet/Cache
[2026-02-06 12:00:18] No GPUCache found for Comet (AppSupport 2) at /Users/infinite27/Library/Application Support/ai.perplexity.comet/GPUCache
[2026-02-06 12:00:18] No Cache found for Comet (Library/Caches 1) at /Users/infinite27/Library/Caches/ai.perplexity.comet
[2026-02-06 12:00:18] No GPUCache found for Comet (Library/Caches 1) at /Users/infinite27/Library/Caches/ai.perplexity.comet/fsCachedData
[2026-02-06 12:00:18] No Cache found for Comet (Library/Caches 2) at /Users/infinite27/Library/Caches/Comet
[2026-02-06 12:00:18] No GPUCache found for Comet (Library/Caches 2) at /Users/infinite27/Library/Caches/Comet/fsCachedData
[2026-02-06 12:00:18] Optimization Complete.
[2026-02-06 12:00:18] Please restart your browsers. If crashes persist, consult troubleshooting_chromium.md
Log saved to: /Users/infinite27/AILCC_PRIME/logs/browser_opt_20260206_120008.log
[2026-02-06 12:00:18] [SUCCESS] Browser optimization complete
[2026-02-06 12:00:18] --- PROCESS OPTIMIZATION ---
[2026-02-06 12:00:19] [WARNING] Found idle process: Teams - consider closing
[2026-02-06 12:00:19] Top 5 Memory Consumers:
[2026-02-06 12:00:20]   infinite27       33159 145.0  6.7 65294120 564796   ??  R    Wed11PM 2134:41.40 next-server (v16.1.1)
[2026-02-06 12:00:20]   infinite27       29609   3.8  1.8 37970536 147100   ??  Ss   Wed10PM 416:25.87 /System/Library/Frameworks/Virtualization.framework/Versions/A/XPCServices/com.apple.Virtualization.VirtualMachine.xpc/Contents/MacOS/com.apple.Virtualization.VirtualMachine
[2026-02-06 12:00:20]   infinite27       53084  17.8  1.4 135344360 117120   ??  U     7:11AM   6:59.52 /Applications/Google Chrome.app/Contents/MacOS/Google Chrome
[2026-02-06 12:00:20]   infinite27       64384   2.1  0.6 1490840264  51948   ??  S    12:00PM   0:00.16 (Google Chrome He)
[2026-02-06 12:00:20]   infinite27       64383   2.1  0.6 1490840264  49928   ??  S    12:00PM   0:00.16 (Google Chrome He)
[2026-02-06 12:00:20] --- DISK SPACE OPTIMIZATION ---
[2026-02-06 12:05:37] Cleared npm cache
[2026-02-06 12:05:38] --- CRASH SCOUT ---
[2026-02-06 12:05:40] [WARNING] Detected recent Chromium crash(es):
[2026-02-06 12:05:40]   [CRASH] Google Chrome-2026-02-05-171310.ips
[2026-02-06 12:05:40]   [CRASH] Google Chrome-2026-02-05-172958.ips
[2026-02-06 12:05:40]   [CRASH] Google Chrome-2026-02-06-040304.ips
[2026-02-06 12:05:40]   [CRASH] Google Chrome-2026-02-05-173012.ips
[2026-02-06 12:05:41]   [CRASH] Google Chrome-2026-02-05-172100.ips
[2026-02-06 12:05:41]   [CRASH] Google Chrome-2026-02-05-172950.ips
[2026-02-06 12:05:41] --- OBSERVABILITY CONFIGURATION ---
[2026-02-06 12:05:45] [SUCCESS] live_status.json updated
[2026-02-06 12:05:45] --- INTEROPERABILITY CHECK ---
[2026-02-06 12:05:46] [SUCCESS] Valentine Core (port 3002): ONLINE
[2026-02-06 12:05:46] [SUCCESS] Dashboard (port 3000): ONLINE
[2026-02-06 12:05:46] Hippocampus/Qdrant (port 6333): OFFLINE (optional)
[2026-02-06 12:05:46] ==========================================
[2026-02-06 12:05:46] OPTIMIZATION COMPLETE
[2026-02-06 12:05:46] ==========================================
[2026-02-06 12:05:47] Disk Usage After: 37% (18Gi free)
[2026-02-06 12:05:47] Load Avg After: 11.20 27.25 18.85
[2026-02-06 12:05:47] Log saved to: /Users/infinite27/AILCC_PRIME/logs/system_opt_20260206_120001.log
