[2026-01-25 04:00:00] ==========================================
[2026-01-25 04:00:00] AILCC MASTER SYSTEM OPTIMIZATION
[2026-01-25 04:00:00] ==========================================
[2026-01-25 04:00:00] --- SYSTEM STATUS SNAPSHOT ---
[2026-01-25 04:00:00] Hostname: Macbook-1.local
[2026-01-25 04:00:00] macOS: 15.7.3
[2026-01-25 04:00:00] Uptime:  4:00  up 10:41, 1 user, load averages: 8.18 13.45 122.97
[2026-01-25 04:00:00] Disk Usage: 56% used (8.5Gi free)
[2026-01-25 04:00:00] RAM: 8 GB
[2026-01-25 04:00:00] Load Avg: 8.18 13.45 122.97
[2026-01-25 04:00:00] --- MEMORY OPTIMIZATION ---
[2026-01-25 04:00:00] [WARNING] purge requires sudo - skipped (run with sudo for full effect)
[2026-01-25 04:00:01] User caches cleaned: 1.4G -> 1.4G
[2026-01-25 04:00:01] --- BROWSER OPTIMIZATION ---
[2026-01-25 04:00:01] Delegating to optimize_browsers.sh...
[2026-01-25 04:00:01] Starting Browser Optimization Sequence...
[2026-01-25 04:00:01] Detected Google Chrome Version: 144.0.7559.97
[2026-01-25 04:00:01] [WARNING] ⚠️  UNSTABLE VERSION DETECTED for Google Chrome (v144)
[2026-01-25 04:00:01] [WARNING]    Recommendation: Downgrade to Stable (v132+) to prevent SIGTRAP crashes.
[2026-01-25 04:00:01] Detected Comet Version: 143.2.7499.37648
[2026-01-25 04:00:01] [WARNING] ⚠️  UNSTABLE VERSION DETECTED for Comet (v143)
[2026-01-25 04:00:01] [WARNING]    Recommendation: Downgrade to Stable (v132+) to prevent SIGTRAP crashes.
[2026-01-25 04:00:02] [WARNING] Google Chrome is running. Closing it to safely clear cache...
[2026-01-25 04:00:04] Google Chrome forced closed.
[2026-01-25 04:00:05] [WARNING] Comet is running. Closing it to safely clear cache...
[2026-01-25 04:00:07] Comet forced closed.
[2026-01-25 04:00:08] No Cache found for Google Chrome (AppSupport) at /Users/infinite27/Library/Application Support/Google/Chrome/Default/Cache
rm: /Users/infinite27/Library/Application Support/Google/Chrome/Default/GPUCache: Operation not permitted
[2026-01-25 04:00:08] ✅ Cleared Google Chrome (AppSupport) GPUCache: /Users/infinite27/Library/Application Support/Google/Chrome/Default/GPUCache
[2026-01-25 04:00:08] ✅ Cleared Google Chrome (Library/Caches) Cache: /Users/infinite27/Library/Caches/Google/Chrome/Default/Cache
[2026-01-25 04:00:08] No GPUCache found for Google Chrome (Library/Caches) at /Users/infinite27/Library/Caches/Google/Chrome/Default/GPUCache
[2026-01-25 04:00:08] No Cache found for Comet (AppSupport 1) at /Users/infinite27/Library/Application Support/Comet/Cache
[2026-01-25 04:00:09] No GPUCache found for Comet (AppSupport 1) at /Users/infinite27/Library/Application Support/Comet/GPUCache
[2026-01-25 04:00:09] No Cache found for Comet (AppSupport 2) at /Users/infinite27/Library/Application Support/ai.perplexity.comet/Cache
[2026-01-25 04:00:09] No GPUCache found for Comet (AppSupport 2) at /Users/infinite27/Library/Application Support/ai.perplexity.comet/GPUCache
[2026-01-25 04:00:09] No Cache found for Comet (Library/Caches 1) at /Users/infinite27/Library/Caches/ai.perplexity.comet
[2026-01-25 04:00:09] No GPUCache found for Comet (Library/Caches 1) at /Users/infinite27/Library/Caches/ai.perplexity.comet/fsCachedData
rm: /Users/infinite27/Library/Caches/Comet/Default/Cache/Cache_Data: Directory not empty
rm: /Users/infinite27/Library/Caches/Comet/Default/Cache: Directory not empty
rm: /Users/infinite27/Library/Caches/Comet/Default: Directory not empty
rm: /Users/infinite27/Library/Caches/Comet: Directory not empty
[2026-01-25 04:00:12] ✅ Cleared Comet (Library/Caches 2) Cache: /Users/infinite27/Library/Caches/Comet
[2026-01-25 04:00:12] No GPUCache found for Comet (Library/Caches 2) at /Users/infinite27/Library/Caches/Comet/fsCachedData
[2026-01-25 04:00:12] Optimization Complete.
[2026-01-25 04:00:12] Please restart your browsers. If crashes persist, consult troubleshooting_chromium.md
Log saved to: /Users/infinite27/AILCC_PRIME/logs/browser_opt_20260125_040001.log
[2026-01-25 04:00:12] [SUCCESS] Browser optimization complete
[2026-01-25 04:00:12] --- PROCESS OPTIMIZATION ---
[2026-01-25 04:00:12] [WARNING] Found idle process: Teams - consider closing
[2026-01-25 04:00:12] Top 5 Memory Consumers:
[2026-01-25 04:00:12]   infinite27         924   1.5  3.9 1491085320 330880   ??  S     5:22PM  70:30.85 /Applications/Antigravity.app/Contents/Frameworks/Antigravity Helper (Renderer).app/Contents/MacOS/Antigravity Helper (Renderer) --type=renderer --user-data-dir=/Users/infinite27/Library/Application Support/Antigravity --standard-schemes=vscode-webview,vscode-file --enable-sandbox --secure-schemes=vscode-webview,vscode-file --cors-schemes=vscode-webview,vscode-file --fetch-schemes=vscode-webview,vscode-file --service-worker-schemes=vscode-webview --code-cache-schemes=vscode-webview,vscode-file --app-path=/Applications/Antigravity.app/Contents/Resources/app --enable-sandbox --enable-blink-features=HighlightAPI --disable-blink-features=FontMatchingCTMigration,StandardizedBrowserZoom, --lang=en-US --num-raster-threads=4 --enable-zero-copy --enable-gpu-memory-buffer-compositor-resources --enable-main-frame-before-activation --renderer-client-id=4 --time-ticks-at-unix-epoch=-1769289539737537 --launch-time-ticks=214663142 --shared-files --field-trial-handle=1718379636,r,327150911409505410,11270626085728446640,262144 --enable-features=DocumentPolicyIncludeJSCallStacksInCrashReports,EarlyEstablishGpuChannel,EstablishGpuChannelAsync,PdfUseShowSaveFilePicker,ScreenCaptureKitPickerScreen,ScreenCaptureKitStreamPickerSonoma --disable-features=CalculateNativeWinOcclusion,FontationsLinuxSystemFonts,MacWebContentsOcclusion,ScreenAIOCREnabled,SpareRendererForSitePerProcess,TimeoutHangingVideoCaptureStarts --variations-seed-version --vscode-window-config=vscode:ff8cc6dd-5c5a-4f27-89c8-4aff3f7719dd --seatbelt-client=67
[2026-01-25 04:00:12]   infinite27        9396   0.6  2.3 85233496 196588   ??  U     6:50PM  58:05.34 /Applications/Comet.app/Contents/MacOS/Comet
[2026-01-25 04:00:12]   infinite27        7557   0.3  1.5 135270916 125072   ??  U     6:23PM  17:24.38 /Applications/Google Chrome.app/Contents/MacOS/Google Chrome
[2026-01-25 04:00:12]   infinite27       43923   0.0  0.8 34189228  64960   ??  S     3:54AM   0:00.86 /System/Cryptexes/App/System/Library/CoreServices/SafariSupport.bundle/Contents/MacOS/SafariBookmarksSyncAgent
[2026-01-25 04:00:12]   infinite27       43928   0.0  0.7 34019616  60548   ??  S     3:54AM   0:00.43 /System/Cryptexes/App/usr/libexec/SafariLaunchAgent
[2026-01-25 04:00:12] --- DISK SPACE OPTIMIZATION ---
[2026-01-25 04:00:15] Cleared npm cache
[2026-01-25 04:00:15] --- CRASH SCOUT ---
[2026-01-25 04:00:15] No recent Chromium crashes detected.
[2026-01-25 04:00:15] --- OBSERVABILITY CONFIGURATION ---
[2026-01-25 04:00:15] [SUCCESS] live_status.json updated
[2026-01-25 04:00:15] --- INTEROPERABILITY CHECK ---
[2026-01-25 04:00:15] [WARNING] Valentine Core (port 3002): OFFLINE
[2026-01-25 04:00:15] [SUCCESS] Dashboard (port 3000): ONLINE
[2026-01-25 04:00:15] Hippocampus/Qdrant (port 6333): OFFLINE (optional)
[2026-01-25 04:00:15] ==========================================
[2026-01-25 04:00:15] OPTIMIZATION COMPLETE
[2026-01-25 04:00:15] ==========================================
[2026-01-25 04:00:15] Disk Usage After: 54% (9.0Gi free)
[2026-01-25 04:00:15] Load Avg After: 7.48 13.04 120.91
[2026-01-25 04:00:15] Log saved to: /Users/infinite27/AILCC_PRIME/logs/system_opt_20260125_040000.log
