[2026-01-30 04:00:03] ==========================================
[2026-01-30 04:00:03] AILCC MASTER SYSTEM OPTIMIZATION
[2026-01-30 04:00:03] ==========================================
[2026-01-30 04:00:04] --- SYSTEM STATUS SNAPSHOT ---
[2026-01-30 04:00:04] Hostname: Macbook-1.local
[2026-01-30 04:00:05] macOS: 15.7.3
[2026-01-30 04:00:05] Uptime:  4:00  up  2:18, 1 user, load averages: 214.30 366.49 392.80
[2026-01-30 04:00:05] Disk Usage: 99% used (196Mi free)
[2026-01-30 04:00:05] RAM: 8 GB
[2026-01-30 04:00:05] Load Avg: 214.30 366.49 392.80
[2026-01-30 04:00:05] --- MEMORY OPTIMIZATION ---
[2026-01-30 04:00:08] [WARNING] purge requires sudo - skipped (run with sudo for full effect)
[2026-01-30 04:00:25] User caches cleaned: 1.3G -> 1.3G
[2026-01-30 04:00:25] --- BROWSER OPTIMIZATION ---
[2026-01-30 04:00:25] Delegating to optimize_browsers.sh...
[2026-01-30 04:00:26] Starting Browser Optimization Sequence...
[2026-01-30 04:00:26] Detected Google Chrome Version: 144.0.7559.110
[2026-01-30 04:00:26] [WARNING] ⚠️  UNSTABLE VERSION DETECTED for Google Chrome (v144)
[2026-01-30 04:00:26] [WARNING]    Recommendation: Downgrade to Stable (v132+) to prevent SIGTRAP crashes.
[2026-01-30 04:00:26] Detected Comet Version: 143.2.7499.37648
[2026-01-30 04:00:26] [WARNING] ⚠️  UNSTABLE VERSION DETECTED for Comet (v143)
[2026-01-30 04:00:27] [WARNING]    Recommendation: Downgrade to Stable (v132+) to prevent SIGTRAP crashes.
[2026-01-30 04:00:29] Google Chrome is not running.
[2026-01-30 04:00:30] [WARNING] Comet is running. Closing it to safely clear cache...
[2026-01-30 04:00:37] Comet forced closed.
[2026-01-30 04:00:37] No Cache found for Google Chrome (AppSupport) at /Users/infinite27/Library/Application Support/Google/Chrome/Default/Cache
rm: /Users/infinite27/Library/Application Support/Google/Chrome/Default/GPUCache: Operation not permitted
[2026-01-30 04:00:38] ✅ Cleared Google Chrome (AppSupport) GPUCache: /Users/infinite27/Library/Application Support/Google/Chrome/Default/GPUCache
[2026-01-30 04:00:38] No Cache found for Google Chrome (Library/Caches) at /Users/infinite27/Library/Caches/Google/Chrome/Default/Cache
[2026-01-30 04:00:38] No GPUCache found for Google Chrome (Library/Caches) at /Users/infinite27/Library/Caches/Google/Chrome/Default/GPUCache
[2026-01-30 04:00:38] No Cache found for Comet (AppSupport 1) at /Users/infinite27/Library/Application Support/Comet/Cache
[2026-01-30 04:00:38] No GPUCache found for Comet (AppSupport 1) at /Users/infinite27/Library/Application Support/Comet/GPUCache
[2026-01-30 04:00:38] No Cache found for Comet (AppSupport 2) at /Users/infinite27/Library/Application Support/ai.perplexity.comet/Cache
[2026-01-30 04:00:38] No GPUCache found for Comet (AppSupport 2) at /Users/infinite27/Library/Application Support/ai.perplexity.comet/GPUCache
[2026-01-30 04:00:38] No Cache found for Comet (Library/Caches 1) at /Users/infinite27/Library/Caches/ai.perplexity.comet
[2026-01-30 04:00:38] No GPUCache found for Comet (Library/Caches 1) at /Users/infinite27/Library/Caches/ai.perplexity.comet/fsCachedData
rm: /Users/infinite27/Library/Caches/Comet/Default/Cache/Cache_Data: Directory not empty
rm: /Users/infinite27/Library/Caches/Comet/Default/Cache: Directory not empty
rm: /Users/infinite27/Library/Caches/Comet/Default: Directory not empty
rm: /Users/infinite27/Library/Caches/Comet: Directory not empty
[2026-01-30 04:00:48] ✅ Cleared Comet (Library/Caches 2) Cache: /Users/infinite27/Library/Caches/Comet
[2026-01-30 04:00:48] No GPUCache found for Comet (Library/Caches 2) at /Users/infinite27/Library/Caches/Comet/fsCachedData
[2026-01-30 04:00:48] Optimization Complete.
[2026-01-30 04:00:48] Please restart your browsers. If crashes persist, consult troubleshooting_chromium.md
Log saved to: /Users/infinite27/AILCC_PRIME/logs/browser_opt_20260130_040025.log
[2026-01-30 04:00:48] [SUCCESS] Browser optimization complete
[2026-01-30 04:00:48] --- PROCESS OPTIMIZATION ---
[2026-01-30 04:00:49] [WARNING] Found idle process: Teams - consider closing
[2026-01-30 04:00:49] Top 5 Memory Consumers:
[2026-01-30 04:00:49]   infinite27        6954   4.4  6.8 37970936 569660   ??  Us    2:36AM  35:54.35 /System/Library/Frameworks/Virtualization.framework/Versions/A/XPCServices/com.apple.Virtualization.VirtualMachine.xpc/Contents/MacOS/com.apple.Virtualization.VirtualMachine
[2026-01-30 04:00:49]   infinite27        2289   8.2  4.6 38578156 384048   ??  S     1:43AM  21:14.58 /Applications/Antigravity.app/Contents/Resources/app/extensions/antigravity/bin/language_server_macos_x64 --enable_lsp --extension_server_port 49450 --csrf_token f7c85e62-f3b3-447b-847c-fae7a12293a2 --random_port --cloud_code_endpoint https://daily-cloudcode-pa.googleapis.com --app_data_dir antigravity --parent_pipe_path /var/folders/hz/52mr8nws137fxvfv8bbt6sq80000gn/T/server_7007d390b19c8e18
[2026-01-30 04:00:49]   infinite27        1524   6.4  1.5 1492809788 122888   ??  S     1:43AM  31:00.74 /Applications/Antigravity.app/Contents/Frameworks/Antigravity Helper (Renderer).app/Contents/MacOS/Antigravity Helper (Renderer) --type=renderer --user-data-dir=/Users/infinite27/Library/Application Support/Antigravity --standard-schemes=vscode-webview,vscode-file --enable-sandbox --secure-schemes=vscode-webview,vscode-file --cors-schemes=vscode-webview,vscode-file --fetch-schemes=vscode-webview,vscode-file --service-worker-schemes=vscode-webview --code-cache-schemes=vscode-webview,vscode-file --app-path=/Applications/Antigravity.app/Contents/Resources/app --enable-sandbox --enable-blink-features=HighlightAPI --disable-blink-features=FontMatchingCTMigration,StandardizedBrowserZoom, --lang=en-US --num-raster-threads=4 --enable-zero-copy --enable-gpu-memory-buffer-compositor-resources --enable-main-frame-before-activation --renderer-client-id=4 --time-ticks-at-unix-epoch=-1769751709123049 --launch-time-ticks=90818610 --shared-files --field-trial-handle=1718379636,r,10396405680583438210,12127251759345628585,262144 --enable-features=DocumentPolicyIncludeJSCallStacksInCrashReports,EarlyEstablishGpuChannel,EstablishGpuChannelAsync,PdfUseShowSaveFilePicker,ScreenCaptureKitPickerScreen,ScreenCaptureKitStreamPickerSonoma --disable-features=CalculateNativeWinOcclusion,FontationsLinuxSystemFonts,MacWebContentsOcclusion,ScreenAIOCREnabled,SpareRendererForSitePerProcess,TimeoutHangingVideoCaptureStarts --variations-seed-version --vscode-window-config=vscode:9ec5b5ea-1a13-4b6c-aa3f-de83ab8adc3f --seatbelt-client=67
[2026-01-30 04:00:49]   infinite27        7015   7.3  0.8 1489244440  68784   ??  S     2:36AM  13:38.54 /Applications/Docker.app/Contents/MacOS/Docker Desktop.app/Contents/Frameworks/Docker Desktop Helper (Renderer).app/Contents/MacOS/Docker Desktop Helper (Renderer) --type=renderer --user-data-dir=/Users/infinite27/Library/Application Support/Docker Desktop --standard-schemes=app --enable-sandbox --secure-schemes=app --fetch-schemes=dd --code-cache-schemes=app --app-path=/Applications/Docker.app/Contents/MacOS/Docker Desktop.app/Contents/Resources/app.asar --enable-sandbox --lang=en-US --num-raster-threads=4 --enable-zero-copy --enable-gpu-memory-buffer-compositor-resources --enable-main-frame-before-activation --renderer-client-id=4 --time-ticks-at-unix-epoch=-1769751709145420 --launch-time-ticks=3309200764 --shared-files --field-trial-handle=1718379636,r,11044790397399956988,9285365177269189762,262144 --enable-features=PdfUseShowSaveFilePicker,ScreenCaptureKitPickerScreen,ScreenCaptureKitStreamPickerSonoma --disable-features=MacWebContentsOcclusion,ScreenAIOCREnabled,SpareRendererForSitePerProcess,TimeoutHangingVideoCaptureStarts --variations-seed-version --desktop-ui-preload-params={"needsBackendErrorsIpcClient":true,"needsPrimaryIpcClient":true} --seatbelt-client=85
[2026-01-30 04:00:49]   infinite27        1902   1.6  0.6 1490844492  53672   ??  S     1:43AM   6:19.31 /Applications/Antigravity.app/Contents/Frameworks/Antigravity Helper (Plugin).app/Contents/MacOS/Antigravity Helper (Plugin) --type=utility --utility-sub-type=node.mojom.NodeService --lang=en-US --service-sandbox-type=none --dns-result-order=ipv4first --experimental-network-inspection --inspect-port=0 --user-data-dir=/Users/infinite27/Library/Application Support/Antigravity --standard-schemes=vscode-webview,vscode-file --enable-sandbox --secure-schemes=vscode-webview,vscode-file --cors-schemes=vscode-webview,vscode-file --fetch-schemes=vscode-webview,vscode-file --service-worker-schemes=vscode-webview --code-cache-schemes=vscode-webview,vscode-file --shared-files --field-trial-handle=1718379636,r,10396405680583438210,12127251759345628585,262144 --enable-features=DocumentPolicyIncludeJSCallStacksInCrashReports,EarlyEstablishGpuChannel,EstablishGpuChannelAsync,PdfUseShowSaveFilePicker,ScreenCaptureKitPickerScreen,ScreenCaptureKitStreamPickerSonoma --disable-features=CalculateNativeWinOcclusion,FontationsLinuxSystemFonts,MacWebContentsOcclusion,ScreenAIOCREnabled,SpareRendererForSitePerProcess,TimeoutHangingVideoCaptureStarts --variations-seed-version
[2026-01-30 04:00:49] --- DISK SPACE OPTIMIZATION ---
[2026-01-30 04:00:51] Cleared npm cache
[2026-01-30 04:00:51] --- CRASH SCOUT ---
[2026-01-30 04:00:51] No recent Chromium crashes detected.
[2026-01-30 04:00:51] --- OBSERVABILITY CONFIGURATION ---
[2026-01-30 04:00:52] [SUCCESS] live_status.json updated
[2026-01-30 04:00:52] --- INTEROPERABILITY CHECK ---
[2026-01-30 04:00:52] [WARNING] Valentine Core (port 3002): OFFLINE
[2026-01-30 04:00:52] [SUCCESS] Dashboard (port 3000): ONLINE
[2026-01-30 04:00:52] Hippocampus/Qdrant (port 6333): OFFLINE (optional)
[2026-01-30 04:00:52] ==========================================
[2026-01-30 04:00:52] OPTIMIZATION COMPLETE
[2026-01-30 04:00:52] ==========================================
[2026-01-30 04:00:52] Disk Usage After: 96% (516Mi free)
[2026-01-30 04:00:52] Load Avg After: 147.61 328.84 377.65
[2026-01-30 04:00:52] Log saved to: /Users/infinite27/AILCC_PRIME/logs/system_opt_20260130_040001.log
