[2026-02-08 12:00:00] ==========================================
[2026-02-08 12:00:00] AILCC MASTER SYSTEM OPTIMIZATION
[2026-02-08 12:00:00] ==========================================
[2026-02-08 12:00:00] --- SYSTEM STATUS SNAPSHOT ---
[2026-02-08 12:00:00] Hostname: Macbook-1.local
[2026-02-08 12:00:00] macOS: 15.7.3
[2026-02-08 12:00:00] Uptime: 12:00  up 18:26, 1 user, load averages: 1.90 3.45 3.56
[2026-02-08 12:00:00] Disk Usage: 52% used (9.7Gi free)
[2026-02-08 12:00:00] RAM: 8 GB
[2026-02-08 12:00:00] Load Avg: 1.90 3.45 3.56
[2026-02-08 12:00:00] --- MEMORY OPTIMIZATION ---
[2026-02-08 12:00:00] [WARNING] purge requires sudo - skipped (run with sudo for full effect)
[2026-02-08 12:00:00] User caches cleaned: 180K -> 180K
[2026-02-08 12:00:00] --- BROWSER OPTIMIZATION ---
[2026-02-08 12:00:00] Delegating to optimize_browsers.sh...
[2026-02-08 12:00:00] Starting Browser Optimization Sequence...
[2026-02-08 12:00:00] Detected Google Chrome Version: 144.0.7559.133
[2026-02-08 12:00:00] [WARNING] ⚠️  UNSTABLE VERSION DETECTED for Google Chrome (v144)
[2026-02-08 12:00:00] [WARNING]    Recommendation: Downgrade to Stable (v132+) to prevent SIGTRAP crashes.
[2026-02-08 12:00:00] Detected Comet Version: 143.2.7499.37648
[2026-02-08 12:00:00] [WARNING] ⚠️  UNSTABLE VERSION DETECTED for Comet (v143)
[2026-02-08 12:00:00] [WARNING]    Recommendation: Downgrade to Stable (v132+) to prevent SIGTRAP crashes.
[2026-02-08 12:00:00] Google Chrome is not running.
[2026-02-08 12:00:00] Comet is not running.
[2026-02-08 12:00:00] No Cache found for Google Chrome (AppSupport) at /Users/infinite27/Library/Application Support/Google/Chrome/Default/Cache
[2026-02-08 12:00:00] No GPUCache found for Google Chrome (AppSupport) at /Users/infinite27/Library/Application Support/Google/Chrome/Default/GPUCache
[2026-02-08 12:00:00] No Cache found for Google Chrome (Library/Caches) at /Users/infinite27/Library/Caches/Google/Chrome/Default/Cache
[2026-02-08 12:00:00] No GPUCache found for Google Chrome (Library/Caches) at /Users/infinite27/Library/Caches/Google/Chrome/Default/GPUCache
[2026-02-08 12:00:00] No Cache found for Comet (AppSupport 1) at /Users/infinite27/Library/Application Support/Comet/Cache
[2026-02-08 12:00:00] No GPUCache found for Comet (AppSupport 1) at /Users/infinite27/Library/Application Support/Comet/GPUCache
[2026-02-08 12:00:00] No Cache found for Comet (AppSupport 2) at /Users/infinite27/Library/Application Support/ai.perplexity.comet/Cache
[2026-02-08 12:00:00] No GPUCache found for Comet (AppSupport 2) at /Users/infinite27/Library/Application Support/ai.perplexity.comet/GPUCache
[2026-02-08 12:00:00] No Cache found for Comet (Library/Caches 1) at /Users/infinite27/Library/Caches/ai.perplexity.comet
[2026-02-08 12:00:00] No GPUCache found for Comet (Library/Caches 1) at /Users/infinite27/Library/Caches/ai.perplexity.comet/fsCachedData
[2026-02-08 12:00:00] No Cache found for Comet (Library/Caches 2) at /Users/infinite27/Library/Caches/Comet
[2026-02-08 12:00:00] No GPUCache found for Comet (Library/Caches 2) at /Users/infinite27/Library/Caches/Comet/fsCachedData
[2026-02-08 12:00:00] Optimization Complete.
[2026-02-08 12:00:00] Please restart your browsers. If crashes persist, consult troubleshooting_chromium.md
Log saved to: /Users/infinite27/AILCC_PRIME/logs/browser_opt_20260208_120000.log
[2026-02-08 12:00:00] [SUCCESS] Browser optimization complete
[2026-02-08 12:00:00] --- PROCESS OPTIMIZATION ---
[2026-02-08 12:00:00] [WARNING] Found idle process: Teams - consider closing
[2026-02-08 12:00:00] Top 5 Memory Consumers:
[2026-02-08 12:00:00]   infinite27        1626   5.3 14.0 46680408 1174180   ??  S     5:36PM 180:49.06 /Applications/Antigravity.app/Contents/Resources/app/extensions/antigravity/bin/language_server_macos_x64 --enable_lsp --extension_server_port 50118 --csrf_token 43827eec-1d02-4354-9109-b0e75ebf5511 --random_port --cloud_code_endpoint https://daily-cloudcode-pa.googleapis.com --app_data_dir antigravity --parent_pipe_path /var/folders/hz/52mr8nws137fxvfv8bbt6sq80000gn/T/server_665a3e465f3457e8
[2026-02-08 12:00:00]   infinite27         898   0.2  4.9 1491093356 413152   ??  S     5:36PM 100:16.04 /Applications/Antigravity.app/Contents/Frameworks/Antigravity Helper (Renderer).app/Contents/MacOS/Antigravity Helper (Renderer) --type=renderer --user-data-dir=/Users/infinite27/Library/Application Support/Antigravity --standard-schemes=vscode-webview,vscode-file --enable-sandbox --secure-schemes=vscode-webview,vscode-file --cors-schemes=vscode-webview,vscode-file --fetch-schemes=vscode-webview,vscode-file --service-worker-schemes=vscode-webview --code-cache-schemes=vscode-webview,vscode-file --app-path=/Applications/Antigravity.app/Contents/Resources/app --enable-sandbox --enable-blink-features=HighlightAPI --disable-blink-features=FontMatchingCTMigration,StandardizedBrowserZoom, --lang=en-US --num-raster-threads=4 --enable-zero-copy --enable-gpu-memory-buffer-compositor-resources --enable-main-frame-before-activation --renderer-client-id=4 --time-ticks-at-unix-epoch=-1770500062719295 --launch-time-ticks=117860944 --shared-files --field-trial-handle=1718379636,r,456999555994470319,17848616701439041601,262144 --enable-features=DocumentPolicyIncludeJSCallStacksInCrashReports,EarlyEstablishGpuChannel,EstablishGpuChannelAsync,PdfUseShowSaveFilePicker,ScreenCaptureKitPickerScreen,ScreenCaptureKitStreamPickerSonoma --disable-features=CalculateNativeWinOcclusion,LocalNetworkAccessChecks,MacWebContentsOcclusion,ScreenAIOCREnabled,SpareRendererForSitePerProcess,TimeoutHangingVideoCaptureStarts,TraceSiteInstanceGetProcessCreation --variations-seed-version --trace-process-track-uuid=3190708990060038890 --vscode-window-config=vscode:69089d06-6baa-46ea-9485-60132737262b --seatbelt-client=67
[2026-02-08 12:00:00]   infinite27        5367   2.1  4.7 37970012 393204   ??  Ss    6:23PM  82:41.83 /System/Library/Frameworks/Virtualization.framework/Versions/A/XPCServices/com.apple.Virtualization.VirtualMachine.xpc/Contents/MacOS/com.apple.Virtualization.VirtualMachine
[2026-02-08 12:00:00]   infinite27        1273   0.1  2.6 1490837508 216624   ??  S     5:36PM  28:22.91 /Applications/Antigravity.app/Contents/Frameworks/Antigravity Helper (Plugin).app/Contents/MacOS/Antigravity Helper (Plugin) --type=utility --utility-sub-type=node.mojom.NodeService --lang=en-US --service-sandbox-type=none --dns-result-order=ipv4first --experimental-network-inspection --inspect-port=0 --user-data-dir=/Users/infinite27/Library/Application Support/Antigravity --standard-schemes=vscode-webview,vscode-file --enable-sandbox --secure-schemes=vscode-webview,vscode-file --cors-schemes=vscode-webview,vscode-file --fetch-schemes=vscode-webview,vscode-file --service-worker-schemes=vscode-webview --code-cache-schemes=vscode-webview,vscode-file --shared-files --field-trial-handle=1718379636,r,456999555994470319,17848616701439041601,262144 --enable-features=DocumentPolicyIncludeJSCallStacksInCrashReports,EarlyEstablishGpuChannel,EstablishGpuChannelAsync,PdfUseShowSaveFilePicker,ScreenCaptureKitPickerScreen,ScreenCaptureKitStreamPickerSonoma --disable-features=CalculateNativeWinOcclusion,LocalNetworkAccessChecks,MacWebContentsOcclusion,ScreenAIOCREnabled,SpareRendererForSitePerProcess,TimeoutHangingVideoCaptureStarts,TraceSiteInstanceGetProcessCreation --variations-seed-version --trace-process-track-uuid=3190708993808206286
[2026-02-08 12:00:00]   infinite27       18558   0.0  2.1 39241468 175232   ??  S     9:01PM  65:47.33 /System/Applications/Mail.app/Contents/MacOS/Mail
[2026-02-08 12:00:00] --- DISK SPACE OPTIMIZATION ---
[2026-02-08 12:00:02] Cleared npm cache
[2026-02-08 12:00:02] --- CRASH SCOUT ---
[2026-02-08 12:00:02] No recent Chromium crashes detected.
[2026-02-08 12:00:02] --- OBSERVABILITY CONFIGURATION ---
[2026-02-08 12:00:02] [SUCCESS] live_status.json updated
[2026-02-08 12:00:02] --- INTEROPERABILITY CHECK ---
[2026-02-08 12:00:02] [SUCCESS] Valentine Core (port 3002): ONLINE
[2026-02-08 12:00:02] [SUCCESS] Dashboard (port 3000): ONLINE
[2026-02-08 12:00:02] [SUCCESS] Hippocampus/Qdrant (port 6333): ONLINE
[2026-02-08 12:00:02] ==========================================
[2026-02-08 12:00:02] OPTIMIZATION COMPLETE
[2026-02-08 12:00:02] ==========================================
[2026-02-08 12:00:02] Disk Usage After: 52% (9.7Gi free)
[2026-02-08 12:00:02] Load Avg After: 1.90 3.45 3.56
[2026-02-08 12:00:02] Log saved to: /Users/infinite27/AILCC_PRIME/logs/system_opt_20260208_120000.log
