[2026-02-11 04:00:00] ==========================================
[2026-02-11 04:00:00] AILCC MASTER SYSTEM OPTIMIZATION
[2026-02-11 04:00:01] ==========================================
[2026-02-11 04:00:01] --- SYSTEM STATUS SNAPSHOT ---
[2026-02-11 04:00:01] Hostname: Macbook-1.local
[2026-02-11 04:00:01] macOS: 15.7.3
[2026-02-11 04:00:01] Uptime:  4:00  up 1 day,  9:06, 1 user, load averages: 18.44 25.56 22.54
[2026-02-11 04:00:01] Disk Usage: 45% used (13Gi free)
[2026-02-11 04:00:02] RAM: 8 GB
[2026-02-11 04:00:02] Load Avg: 18.44 25.56 22.54
[2026-02-11 04:00:02] --- MEMORY OPTIMIZATION ---
[2026-02-11 04:00:02] [WARNING] purge requires sudo - skipped (run with sudo for full effect)
[2026-02-11 04:00:02] User caches cleaned: 936K -> 936K
[2026-02-11 04:00:02] --- BROWSER OPTIMIZATION ---
[2026-02-11 04:00:02] Delegating to optimize_browsers.sh...
[2026-02-11 04:00:02] Starting Browser Optimization Sequence...
[2026-02-11 04:00:02] Detected Google Chrome Version: 144.0.7559.133
[2026-02-11 04:00:02] [WARNING] ⚠️  UNSTABLE VERSION DETECTED for Google Chrome (v144)
[2026-02-11 04:00:02] [WARNING]    Recommendation: Downgrade to Stable (v132+) to prevent SIGTRAP crashes.
[2026-02-11 04:00:02] Detected Comet Version: 144.0.7559.43118
[2026-02-11 04:00:02] [WARNING] ⚠️  UNSTABLE VERSION DETECTED for Comet (v144)
[2026-02-11 04:00:02] [WARNING]    Recommendation: Downgrade to Stable (v132+) to prevent SIGTRAP crashes.
[2026-02-11 04:00:03] [WARNING] Google Chrome is running. Closing it to safely clear cache...
[2026-02-11 04:00:08] Google Chrome forced closed.
[2026-02-11 04:00:09] [WARNING] Comet is running. Closing it to safely clear cache...
[2026-02-11 04:00:13] Comet forced closed.
[2026-02-11 04:00:13] No Cache found for Google Chrome (AppSupport) at /Users/infinite27/Library/Application Support/Google/Chrome/Default/Cache
[2026-02-11 04:00:13] ✅ Cleared Google Chrome (AppSupport) GPUCache: /Users/infinite27/Library/Application Support/Google/Chrome/Default/GPUCache
[2026-02-11 04:00:13] No Cache found for Google Chrome (Library/Caches) at /Users/infinite27/Library/Caches/Google/Chrome/Default/Cache
[2026-02-11 04:00:13] No GPUCache found for Google Chrome (Library/Caches) at /Users/infinite27/Library/Caches/Google/Chrome/Default/GPUCache
[2026-02-11 04:00:13] No Cache found for Comet (AppSupport 1) at /Users/infinite27/Library/Application Support/Comet/Cache
[2026-02-11 04:00:13] No GPUCache found for Comet (AppSupport 1) at /Users/infinite27/Library/Application Support/Comet/GPUCache
[2026-02-11 04:00:13] No Cache found for Comet (AppSupport 2) at /Users/infinite27/Library/Application Support/ai.perplexity.comet/Cache
[2026-02-11 04:00:13] No GPUCache found for Comet (AppSupport 2) at /Users/infinite27/Library/Application Support/ai.perplexity.comet/GPUCache
[2026-02-11 04:00:14] No Cache found for Comet (Library/Caches 1) at /Users/infinite27/Library/Caches/ai.perplexity.comet
[2026-02-11 04:00:14] No GPUCache found for Comet (Library/Caches 1) at /Users/infinite27/Library/Caches/ai.perplexity.comet/fsCachedData
[2026-02-11 04:00:14] No Cache found for Comet (Library/Caches 2) at /Users/infinite27/Library/Caches/Comet
[2026-02-11 04:00:14] No GPUCache found for Comet (Library/Caches 2) at /Users/infinite27/Library/Caches/Comet/fsCachedData
[2026-02-11 04:00:14] Optimization Complete.
[2026-02-11 04:00:14] Please restart your browsers. If crashes persist, consult troubleshooting_chromium.md
Log saved to: /Users/infinite27/AILCC_PRIME/logs/browser_opt_20260211_040002.log
[2026-02-11 04:00:14] [SUCCESS] Browser optimization complete
[2026-02-11 04:00:14] --- PROCESS OPTIMIZATION ---
[2026-02-11 04:00:15] [WARNING] Found idle process: Teams - consider closing
[2026-02-11 04:00:15] Top 5 Memory Consumers:
[2026-02-11 04:00:15]   infinite27       50166 212.0  4.0 41926572 335384   ??  R    12:18AM 495:20.68 /Applications/Antigravity.app/Contents/Resources/app/extensions/antigravity/bin/language_server_macos_x64 --enable_lsp --extension_server_port 55636 --csrf_token 4652f08c-7fba-4146-a115-86ceb875deb4 --random_port --workspace_id file_Users_infinite27_AILCC_PRIME_AI_MasterMind_Alliance --cloud_code_endpoint https://daily-cloudcode-pa.googleapis.com --app_data_dir antigravity --parent_pipe_path /var/folders/hz/52mr8nws137fxvfv8bbt6sq80000gn/T/server_667c66d5851d321a
[2026-02-11 04:00:15]   infinite27       50092  23.0  0.9 1491099972  76916   ??  S    12:17AM  13:28.36 /Applications/Antigravity.app/Contents/Frameworks/Antigravity Helper (Renderer).app/Contents/MacOS/Antigravity Helper (Renderer) --type=renderer --user-data-dir=/Users/infinite27/Library/Application Support/Antigravity --standard-schemes=vscode-webview,vscode-file --enable-sandbox --secure-schemes=vscode-webview,vscode-file --cors-schemes=vscode-webview,vscode-file --fetch-schemes=vscode-webview,vscode-file --service-worker-schemes=vscode-webview --code-cache-schemes=vscode-webview,vscode-file --app-path=/Applications/Antigravity.app/Contents/Resources/app --enable-sandbox --enable-blink-features=HighlightAPI --disable-blink-features=FontMatchingCTMigration,StandardizedBrowserZoom, --lang=en-US --num-raster-threads=4 --enable-zero-copy --enable-gpu-memory-buffer-compositor-resources --enable-main-frame-before-activation --renderer-client-id=24 --time-ticks-at-unix-epoch=-1770677618100904 --launch-time-ticks=84679594450 --shared-files --field-trial-handle=1718379636,r,5661378383817209990,5309735125863849836,262144 --enable-features=DocumentPolicyIncludeJSCallStacksInCrashReports,EarlyEstablishGpuChannel,EstablishGpuChannelAsync,PdfUseShowSaveFilePicker,ScreenCaptureKitPickerScreen,ScreenCaptureKitStreamPickerSonoma --disable-features=CalculateNativeWinOcclusion,LocalNetworkAccessChecks,MacWebContentsOcclusion,ScreenAIOCREnabled,SpareRendererForSitePerProcess,TimeoutHangingVideoCaptureStarts,TraceSiteInstanceGetProcessCreation --variations-seed-version --trace-process-track-uuid=3190709008800875870 --vscode-window-config=vscode:f334221a-f423-4851-99ae-0d918159e077 --seatbelt-client=94
[2026-02-11 04:00:15]   infinite27       50089  22.6  0.7 1489273160  62596   ??  S    12:17AM  73:29.58 /Applications/Antigravity.app/Contents/Frameworks/Antigravity Helper (Renderer).app/Contents/MacOS/Antigravity Helper (Renderer) --type=renderer --user-data-dir=/Users/infinite27/Library/Application Support/Antigravity --standard-schemes=vscode-webview,vscode-file --enable-sandbox --secure-schemes=vscode-webview,vscode-file --cors-schemes=vscode-webview,vscode-file --fetch-schemes=vscode-webview,vscode-file --service-worker-schemes=vscode-webview --code-cache-schemes=vscode-webview,vscode-file --app-path=/Applications/Antigravity.app/Contents/Resources/app --enable-sandbox --enable-blink-features=HighlightAPI --disable-blink-features=FontMatchingCTMigration,StandardizedBrowserZoom, --lang=en-US --num-raster-threads=4 --enable-zero-copy --enable-gpu-memory-buffer-compositor-resources --enable-main-frame-before-activation --renderer-client-id=23 --time-ticks-at-unix-epoch=-1770677618100904 --launch-time-ticks=84666170850 --shared-files --field-trial-handle=1718379636,r,5661378383817209990,5309735125863849836,262144 --enable-features=DocumentPolicyIncludeJSCallStacksInCrashReports,EarlyEstablishGpuChannel,EstablishGpuChannelAsync,PdfUseShowSaveFilePicker,ScreenCaptureKitPickerScreen,ScreenCaptureKitStreamPickerSonoma --disable-features=CalculateNativeWinOcclusion,LocalNetworkAccessChecks,MacWebContentsOcclusion,ScreenAIOCREnabled,SpareRendererForSitePerProcess,TimeoutHangingVideoCaptureStarts,TraceSiteInstanceGetProcessCreation --variations-seed-version --trace-process-track-uuid=3190709007863834021 --vscode-window-config=vscode:60e01b5a-ea2b-48be-b899-7f1e9f3a2604 --seatbelt-client=94
[2026-02-11 04:00:15]   infinite27       48372   1.1  0.6 1490868976  49648   ??  S    12:02AM   5:40.31 /Applications/Antigravity.app/Contents/Frameworks/Antigravity Helper (Renderer).app/Contents/MacOS/Antigravity Helper (Renderer) --type=renderer --user-data-dir=/Users/infinite27/Library/Application Support/Antigravity --standard-schemes=vscode-webview,vscode-file --enable-sandbox --secure-schemes=vscode-webview,vscode-file --cors-schemes=vscode-webview,vscode-file --fetch-schemes=vscode-webview,vscode-file --service-worker-schemes=vscode-webview --code-cache-schemes=vscode-webview,vscode-file --app-path=/Applications/Antigravity.app/Contents/Resources/app --enable-sandbox --enable-blink-features=HighlightAPI --disable-blink-features=FontMatchingCTMigration,StandardizedBrowserZoom, --lang=en-US --num-raster-threads=4 --enable-zero-copy --enable-gpu-memory-buffer-compositor-resources --enable-main-frame-before-activation --renderer-client-id=18 --time-ticks-at-unix-epoch=-1770677618100904 --launch-time-ticks=83767082278 --shared-files --field-trial-handle=1718379636,r,5661378383817209990,5309735125863849836,262144 --enable-features=DocumentPolicyIncludeJSCallStacksInCrashReports,EarlyEstablishGpuChannel,EstablishGpuChannelAsync,PdfUseShowSaveFilePicker,ScreenCaptureKitPickerScreen,ScreenCaptureKitStreamPickerSonoma --disable-features=CalculateNativeWinOcclusion,LocalNetworkAccessChecks,MacWebContentsOcclusion,ScreenAIOCREnabled,SpareRendererForSitePerProcess,TimeoutHangingVideoCaptureStarts,TraceSiteInstanceGetProcessCreation --variations-seed-version --trace-process-track-uuid=3190709003178624776 --vscode-window-config=vscode:97fff6f9-eda6-4f1e-ac61-e5d1cc3e6e17 --seatbelt-client=40
[2026-02-11 04:00:15]   infinite27       33162   6.1  0.6 85086052  47500   ??  U    10:40PM  12:59.03 /Applications/Comet.app/Contents/MacOS/Comet
[2026-02-11 04:00:15] --- DISK SPACE OPTIMIZATION ---
[2026-02-11 04:00:56] Cleared npm cache
[2026-02-11 04:00:57] --- CRASH SCOUT ---
[2026-02-11 04:00:57] No recent Chromium crashes detected.
[2026-02-11 04:00:57] --- OBSERVABILITY CONFIGURATION ---
[2026-02-11 04:01:00] [SUCCESS] live_status.json updated
[2026-02-11 04:01:00] --- INTEROPERABILITY CHECK ---
[2026-02-11 04:01:00] [WARNING] Valentine Core (port 3002): OFFLINE
[2026-02-11 04:01:01] [WARNING] Dashboard (port 3000): OFFLINE
[2026-02-11 04:01:01] Hippocampus/Qdrant (port 6333): OFFLINE (optional)
[2026-02-11 04:01:01] ==========================================
[2026-02-11 04:01:01] OPTIMIZATION COMPLETE
[2026-02-11 04:01:01] ==========================================
[2026-02-11 04:01:01] Disk Usage After: 41% (16Gi free)
[2026-02-11 04:01:01] Load Avg After: 21.77 24.73 22.40
[2026-02-11 04:01:01] Log saved to: /Users/infinite27/AILCC_PRIME/logs/system_opt_20260211_040000.log
