[2026-02-16 04:00:00] ==========================================
[2026-02-16 04:00:00] AILCC MASTER SYSTEM OPTIMIZATION
[2026-02-16 04:00:00] ==========================================
[2026-02-16 04:00:00] --- SYSTEM STATUS SNAPSHOT ---
[2026-02-16 04:00:00] Hostname: Macbook-1.local
[2026-02-16 04:00:00] macOS: 15.7.3
[2026-02-16 04:00:00] Uptime:  4:00  up 1 day, 53 mins, 1 user, load averages: 3.32 3.73 3.76
[2026-02-16 04:00:00] Disk Usage: 42% used (15Gi free)
[2026-02-16 04:00:00] RAM: 8 GB
[2026-02-16 04:00:00] Load Avg: 3.32 3.73 3.76
[2026-02-16 04:00:00] --- MEMORY OPTIMIZATION ---
[2026-02-16 04:00:00] [WARNING] purge requires sudo - skipped (run with sudo for full effect)
[2026-02-16 04:00:00] User caches cleaned: 137M -> 137M
[2026-02-16 04:00:00] --- BROWSER OPTIMIZATION ---
[2026-02-16 04:00:00] Delegating to optimize_browsers.sh...
[2026-02-16 04:00:00] Starting Browser Optimization Sequence...
[2026-02-16 04:00:00] Detected Google Chrome Version: 144.0.7559.133
[2026-02-16 04:00:00] [WARNING] ⚠️  UNSTABLE VERSION DETECTED for Google Chrome (v144)
[2026-02-16 04:00:00] [WARNING]    Recommendation: Downgrade to Stable (v132+) to prevent SIGTRAP crashes.
[2026-02-16 04:00:00] Detected Comet Version: 144.0.7559.43118
[2026-02-16 04:00:00] [WARNING] ⚠️  UNSTABLE VERSION DETECTED for Comet (v144)
[2026-02-16 04:00:00] [WARNING]    Recommendation: Downgrade to Stable (v132+) to prevent SIGTRAP crashes.
[2026-02-16 04:00:00] [WARNING] Google Chrome is running. Closing it to safely clear cache...
[2026-02-16 04:00:03] Google Chrome forced closed.
[2026-02-16 04:00:03] [WARNING] Comet is running. Closing it to safely clear cache...
[2026-02-16 04:00:07] Comet forced closed.
[2026-02-16 04:00:07] No Cache found for Google Chrome (AppSupport) at /Users/infinite27/Library/Application Support/Google/Chrome/Default/Cache
[2026-02-16 04:00:07] No GPUCache found for Google Chrome (AppSupport) at /Users/infinite27/Library/Application Support/Google/Chrome/Default/GPUCache
[2026-02-16 04:00:07] No Cache found for Google Chrome (Library/Caches) at /Users/infinite27/Library/Caches/Google/Chrome/Default/Cache
[2026-02-16 04:00:07] No GPUCache found for Google Chrome (Library/Caches) at /Users/infinite27/Library/Caches/Google/Chrome/Default/GPUCache
[2026-02-16 04:00:07] No Cache found for Comet (AppSupport 1) at /Users/infinite27/Library/Application Support/Comet/Cache
[2026-02-16 04:00:07] No GPUCache found for Comet (AppSupport 1) at /Users/infinite27/Library/Application Support/Comet/GPUCache
[2026-02-16 04:00:08] No Cache found for Comet (AppSupport 2) at /Users/infinite27/Library/Application Support/ai.perplexity.comet/Cache
[2026-02-16 04:00:08] No GPUCache found for Comet (AppSupport 2) at /Users/infinite27/Library/Application Support/ai.perplexity.comet/GPUCache
[2026-02-16 04:00:08] No Cache found for Comet (Library/Caches 1) at /Users/infinite27/Library/Caches/ai.perplexity.comet
[2026-02-16 04:00:08] No GPUCache found for Comet (Library/Caches 1) at /Users/infinite27/Library/Caches/ai.perplexity.comet/fsCachedData
[2026-02-16 04:00:08] No Cache found for Comet (Library/Caches 2) at /Users/infinite27/Library/Caches/Comet
[2026-02-16 04:00:08] No GPUCache found for Comet (Library/Caches 2) at /Users/infinite27/Library/Caches/Comet/fsCachedData
[2026-02-16 04:00:08] Optimization Complete.
[2026-02-16 04:00:08] Please restart your browsers. If crashes persist, consult troubleshooting_chromium.md
Log saved to: /Users/infinite27/AILCC_PRIME/logs/browser_opt_20260216_040000.log
[2026-02-16 04:00:08] [SUCCESS] Browser optimization complete
[2026-02-16 04:00:08] --- PROCESS OPTIMIZATION ---
[2026-02-16 04:00:08] [WARNING] Found idle process: Teams - consider closing
[2026-02-16 04:00:08] Top 5 Memory Consumers:
[2026-02-16 04:00:09]   infinite27         867  13.7  3.8 37970536 319564   ??  Ss   Sun03AM 156:48.96 /System/Library/Frameworks/Virtualization.framework/Versions/A/XPCServices/com.apple.Virtualization.VirtualMachine.xpc/Contents/MacOS/com.apple.Virtualization.VirtualMachine
[2026-02-16 04:00:09]   infinite27       23819  67.2  2.1 84965716 177076   ??  R     7:38PM   7:26.64 /Applications/Comet.app/Contents/MacOS/Comet
[2026-02-16 04:00:09]   infinite27        1134   0.7  1.4 1491033884 115832   ??  S    Sun03AM  43:20.04 /Applications/Antigravity.app/Contents/Frameworks/Antigravity Helper (Renderer).app/Contents/MacOS/Antigravity Helper (Renderer) --type=renderer --user-data-dir=/Users/infinite27/Library/Application Support/Antigravity --standard-schemes=vscode-webview,vscode-file --enable-sandbox --secure-schemes=vscode-webview,vscode-file --cors-schemes=vscode-webview,vscode-file --fetch-schemes=vscode-webview,vscode-file --service-worker-schemes=vscode-webview --code-cache-schemes=vscode-webview,vscode-file --app-path=/Applications/Antigravity.app/Contents/Resources/app --enable-sandbox --enable-blink-features=HighlightAPI --disable-blink-features=FontMatchingCTMigration,StandardizedBrowserZoom, --lang=en-US --num-raster-threads=4 --enable-zero-copy --enable-gpu-memory-buffer-compositor-resources --enable-main-frame-before-activation --renderer-client-id=5 --time-ticks-at-unix-epoch=-1771139243137266 --launch-time-ticks=135865918 --shared-files --field-trial-handle=1718379636,r,13593346037105686925,18047878137225508164,262144 --enable-features=DocumentPolicyIncludeJSCallStacksInCrashReports,EarlyEstablishGpuChannel,EstablishGpuChannelAsync,PdfUseShowSaveFilePicker,ScreenCaptureKitPickerScreen,ScreenCaptureKitStreamPickerSonoma --disable-features=CalculateNativeWinOcclusion,LocalNetworkAccessChecks,MacWebContentsOcclusion,ScreenAIOCREnabled,SpareRendererForSitePerProcess,TimeoutHangingVideoCaptureStarts,TraceSiteInstanceGetProcessCreation --variations-seed-version --trace-process-track-uuid=3190708990997080739 --vscode-window-config=vscode:70c320a2-ad90-4ccf-b0a6-2ca4dbfe44e6 --seatbelt-client=69
[2026-02-16 04:00:09]   infinite27         914   4.0  1.0 1489052800  86572   ??  S    Sun03AM  62:26.33 /Applications/Docker.app/Contents/MacOS/Docker Desktop.app/Contents/Frameworks/Docker Desktop Helper (Renderer).app/Contents/MacOS/Docker Desktop Helper (Renderer) --type=renderer --user-data-dir=/Users/infinite27/Library/Application Support/Docker Desktop --standard-schemes=app --enable-sandbox --secure-schemes=app --fetch-schemes=dd --code-cache-schemes=app --app-path=/Applications/Docker.app/Contents/MacOS/Docker Desktop.app/Contents/Resources/app.asar --enable-sandbox --lang=en-US --num-raster-threads=4 --enable-zero-copy --enable-gpu-memory-buffer-compositor-resources --enable-main-frame-before-activation --renderer-client-id=4 --time-ticks-at-unix-epoch=-1771139243136675 --launch-time-ticks=62837833 --shared-files --field-trial-handle=1718379636,r,15873893194165386489,8371022572480479065,262144 --enable-features=PdfUseShowSaveFilePicker,ScreenCaptureKitPickerScreen,ScreenCaptureKitStreamPickerSonoma --disable-features=MacWebContentsOcclusion,ScreenAIOCREnabled,SpareRendererForSitePerProcess,TimeoutHangingVideoCaptureStarts --variations-seed-version --desktop-ui-preload-params={"needsBackendErrorsIpcClient":true,"needsPrimaryIpcClient":true} --seatbelt-client=84
[2026-02-16 04:00:09]   infinite27        1126  10.1  0.9 1491300076  75192   ??  S    Sun03AM 202:04.69 /Applications/Antigravity.app/Contents/MacOS/Electron
[2026-02-16 04:00:09] --- DISK SPACE OPTIMIZATION ---
[2026-02-16 04:00:10] Cleared npm cache
[2026-02-16 04:00:10] --- CRASH SCOUT ---
[2026-02-16 04:00:10] No recent Chromium crashes detected.
[2026-02-16 04:00:10] --- OBSERVABILITY CONFIGURATION ---
[2026-02-16 04:00:11] [SUCCESS] live_status.json updated
[2026-02-16 04:00:11] --- INTEROPERABILITY CHECK ---
[2026-02-16 04:00:11] [WARNING] Valentine Core (port 3002): OFFLINE
[2026-02-16 04:00:11] [SUCCESS] Dashboard (port 3000): ONLINE
[2026-02-16 04:00:11] Hippocampus/Qdrant (port 6333): OFFLINE (optional)
[2026-02-16 04:00:11] ==========================================
[2026-02-16 04:00:11] OPTIMIZATION COMPLETE
[2026-02-16 04:00:11] ==========================================
[2026-02-16 04:00:11] Disk Usage After: 40% (16Gi free)
[2026-02-16 04:00:11] Load Avg After: 11.73 5.47 4.37
[2026-02-16 04:00:11] Log saved to: /Users/infinite27/AILCC_PRIME/logs/system_opt_20260216_040000.log
