[2026-01-27 12:00:05] ==========================================
[2026-01-27 12:00:05] AILCC MASTER SYSTEM OPTIMIZATION
[2026-01-27 12:00:05] ==========================================
[2026-01-27 12:00:05] --- SYSTEM STATUS SNAPSHOT ---
[2026-01-27 12:00:05] Hostname: Macbook-1.local
[2026-01-27 12:00:05] macOS: 15.7.3
[2026-01-27 12:00:05] Uptime: 12:00  up 16 mins, 1 user, load averages: 3.85 15.63 28.56
[2026-01-27 12:00:05] Disk Usage: 48% used (12Gi free)
[2026-01-27 12:00:05] RAM: 8 GB
[2026-01-27 12:00:05] Load Avg: 3.85 15.63 28.56
[2026-01-27 12:00:05] --- MEMORY OPTIMIZATION ---
[2026-01-27 12:00:05] [WARNING] purge requires sudo - skipped (run with sudo for full effect)
[2026-01-27 12:00:06] User caches cleaned: 1.4G -> 1.4G
[2026-01-27 12:00:06] --- BROWSER OPTIMIZATION ---
[2026-01-27 12:00:06] Delegating to optimize_browsers.sh...
[2026-01-27 12:00:06] Starting Browser Optimization Sequence...
[2026-01-27 12:00:06] Detected Google Chrome Version: 144.0.7559.97
[2026-01-27 12:00:06] [WARNING] ⚠️  UNSTABLE VERSION DETECTED for Google Chrome (v144)
[2026-01-27 12:00:06] [WARNING]    Recommendation: Downgrade to Stable (v132+) to prevent SIGTRAP crashes.
[2026-01-27 12:00:06] Detected Comet Version: 143.2.7499.37648
[2026-01-27 12:00:06] [WARNING] ⚠️  UNSTABLE VERSION DETECTED for Comet (v143)
[2026-01-27 12:00:06] [WARNING]    Recommendation: Downgrade to Stable (v132+) to prevent SIGTRAP crashes.
[2026-01-27 12:00:06] Google Chrome is not running.
[2026-01-27 12:00:06] Comet is not running.
[2026-01-27 12:00:06] No Cache found for Google Chrome (AppSupport) at /Users/infinite27/Library/Application Support/Google/Chrome/Default/Cache
rm: /Users/infinite27/Library/Application Support/Google/Chrome/Default/GPUCache: Operation not permitted
[2026-01-27 12:00:06] ✅ Cleared Google Chrome (AppSupport) GPUCache: /Users/infinite27/Library/Application Support/Google/Chrome/Default/GPUCache
[2026-01-27 12:00:07] ✅ Cleared Google Chrome (Library/Caches) Cache: /Users/infinite27/Library/Caches/Google/Chrome/Default/Cache
[2026-01-27 12:00:07] No GPUCache found for Google Chrome (Library/Caches) at /Users/infinite27/Library/Caches/Google/Chrome/Default/GPUCache
[2026-01-27 12:00:07] No Cache found for Comet (AppSupport 1) at /Users/infinite27/Library/Application Support/Comet/Cache
[2026-01-27 12:00:07] No GPUCache found for Comet (AppSupport 1) at /Users/infinite27/Library/Application Support/Comet/GPUCache
[2026-01-27 12:00:07] No Cache found for Comet (AppSupport 2) at /Users/infinite27/Library/Application Support/ai.perplexity.comet/Cache
[2026-01-27 12:00:07] No GPUCache found for Comet (AppSupport 2) at /Users/infinite27/Library/Application Support/ai.perplexity.comet/GPUCache
[2026-01-27 12:00:07] No Cache found for Comet (Library/Caches 1) at /Users/infinite27/Library/Caches/ai.perplexity.comet
[2026-01-27 12:00:07] No GPUCache found for Comet (Library/Caches 1) at /Users/infinite27/Library/Caches/ai.perplexity.comet/fsCachedData
[2026-01-27 12:00:08] ✅ Cleared Comet (Library/Caches 2) Cache: /Users/infinite27/Library/Caches/Comet
[2026-01-27 12:00:08] No GPUCache found for Comet (Library/Caches 2) at /Users/infinite27/Library/Caches/Comet/fsCachedData
[2026-01-27 12:00:08] Optimization Complete.
[2026-01-27 12:00:08] Please restart your browsers. If crashes persist, consult troubleshooting_chromium.md
Log saved to: /Users/infinite27/AILCC_PRIME/logs/browser_opt_20260127_120006.log
[2026-01-27 12:00:08] [SUCCESS] Browser optimization complete
[2026-01-27 12:00:08] --- PROCESS OPTIMIZATION ---
[2026-01-27 12:00:08] [WARNING] Found idle process: Teams - consider closing
[2026-01-27 12:00:08] Top 5 Memory Consumers:
[2026-01-27 12:00:08]   infinite27        1395   6.4  8.1 38232648 681120   ??  S    11:45AM   2:10.70 /Applications/Antigravity.app/Contents/Resources/app/extensions/antigravity/bin/language_server_macos_x64 --enable_lsp --extension_server_port 49205 --csrf_token 7dd58e86-4c2c-4722-8afd-98d2723ebdaf --random_port --cloud_code_endpoint https://daily-cloudcode-pa.googleapis.com --app_data_dir antigravity --parent_pipe_path /var/folders/hz/52mr8nws137fxvfv8bbt6sq80000gn/T/server_f2ad416fb5f9cb08
[2026-01-27 12:00:08]   infinite27         665   0.0  2.2 1489122296 180432   ??  S    11:45AM   0:19.99 /Applications/Antigravity.app/Contents/Frameworks/Antigravity Helper (Renderer).app/Contents/MacOS/Antigravity Helper (Renderer) --type=renderer --user-data-dir=/Users/infinite27/Library/Application Support/Antigravity --standard-schemes=vscode-webview,vscode-file --enable-sandbox --secure-schemes=vscode-webview,vscode-file --cors-schemes=vscode-webview,vscode-file --fetch-schemes=vscode-webview,vscode-file --service-worker-schemes=vscode-webview --code-cache-schemes=vscode-webview,vscode-file --app-path=/Applications/Antigravity.app/Contents/Resources/app --enable-sandbox --enable-blink-features=HighlightAPI --disable-blink-features=FontMatchingCTMigration,StandardizedBrowserZoom, --lang=en-US --num-raster-threads=4 --enable-zero-copy --enable-gpu-memory-buffer-compositor-resources --enable-main-frame-before-activation --renderer-client-id=4 --time-ticks-at-unix-epoch=-1769528671701641 --launch-time-ticks=61136639 --shared-files --field-trial-handle=1718379636,r,8341249614021082742,11512030041764606069,262144 --enable-features=DocumentPolicyIncludeJSCallStacksInCrashReports,EarlyEstablishGpuChannel,EstablishGpuChannelAsync,PdfUseShowSaveFilePicker,ScreenCaptureKitPickerScreen,ScreenCaptureKitStreamPickerSonoma --disable-features=CalculateNativeWinOcclusion,FontationsLinuxSystemFonts,MacWebContentsOcclusion,ScreenAIOCREnabled,SpareRendererForSitePerProcess,TimeoutHangingVideoCaptureStarts --variations-seed-version --vscode-window-config=vscode:0a9a6ac0-592a-4681-8bd0-f7bb3f853e80 --seatbelt-client=49
[2026-01-27 12:00:08]   root               333   4.8  2.0 45554364 165724   ??  Ss   11:44AM   1:45.79 /System/Library/Frameworks/CoreServices.framework/Frameworks/Metadata.framework/Versions/A/Support/mds_stores
[2026-01-27 12:00:08]   infinite27         452   0.1  0.9 1491197716  75272   ??  S    11:44AM   0:11.25 /Applications/Antigravity.app/Contents/MacOS/Electron
[2026-01-27 12:00:08]   infinite27        2270   0.0  0.8 34188148  65256   ??  S    11:53AM   0:01.20 /System/Cryptexes/App/System/Library/CoreServices/SafariSupport.bundle/Contents/MacOS/SafariBookmarksSyncAgent
[2026-01-27 12:00:08] --- DISK SPACE OPTIMIZATION ---
[2026-01-27 12:00:10] Cleared npm cache
[2026-01-27 12:00:10] --- CRASH SCOUT ---
[2026-01-27 12:00:10] [WARNING] Detected recent Chromium crash(es):
[2026-01-27 12:00:10]   [CRASH] Comet-2026-01-27-114700.ips
[2026-01-27 12:00:10]   [CRASH] Google Chrome-2026-01-27-114701.ips
[2026-01-27 12:00:10] --- OBSERVABILITY CONFIGURATION ---
[2026-01-27 12:00:10] [SUCCESS] live_status.json updated
[2026-01-27 12:00:10] --- INTEROPERABILITY CHECK ---
[2026-01-27 12:00:10] [WARNING] Valentine Core (port 3002): OFFLINE
[2026-01-27 12:00:10] [WARNING] Dashboard (port 3000): OFFLINE
[2026-01-27 12:00:10] Hippocampus/Qdrant (port 6333): OFFLINE (optional)
[2026-01-27 12:00:10] ==========================================
[2026-01-27 12:00:10] OPTIMIZATION COMPLETE
[2026-01-27 12:00:10] ==========================================
[2026-01-27 12:00:10] Disk Usage After: 48% (12Gi free)
[2026-01-27 12:00:10] Load Avg After: 3.86 15.43 28.41
[2026-01-27 12:00:10] Log saved to: /Users/infinite27/AILCC_PRIME/logs/system_opt_20260127_120005.log
