[2026-02-22 04:00:00] ==========================================
[2026-02-22 04:00:00] AILCC MASTER SYSTEM OPTIMIZATION
[2026-02-22 04:00:00] ==========================================
[2026-02-22 04:00:00] --- SYSTEM STATUS SNAPSHOT ---
[2026-02-22 04:00:00] Hostname: Macbook-1.local
[2026-02-22 04:00:00] macOS: 15.7.4
[2026-02-22 04:00:00] Uptime:  4:00  up  8:17, 1 user, load averages: 3.33 2.62 3.48
[2026-02-22 04:00:00] Disk Usage: 40% used (16Gi free)
[2026-02-22 04:00:00] RAM: 8 GB
[2026-02-22 04:00:00] Load Avg: 3.33 2.62 3.48
[2026-02-22 04:00:00] --- MEMORY OPTIMIZATION ---
[2026-02-22 04:00:00] [WARNING] purge requires sudo - skipped (run with sudo for full effect)
[2026-02-22 04:00:01] User caches cleaned: 112K -> 112K
[2026-02-22 04:00:01] --- BROWSER OPTIMIZATION ---
[2026-02-22 04:00:01] Delegating to optimize_browsers.sh...
[2026-02-22 04:00:01] Starting Browser Optimization Sequence...
[2026-02-22 04:00:01] Detected Google Chrome Version: 145.0.7632.77
[2026-02-22 04:00:01] [WARNING] ⚠️  UNSTABLE VERSION DETECTED for Google Chrome (v145)
[2026-02-22 04:00:01] [WARNING]    Recommendation: Downgrade to Stable (v132+) to prevent SIGTRAP crashes.
[2026-02-22 04:00:01] Detected Comet Version: 144.0.7559.43118
[2026-02-22 04:00:01] [WARNING] ⚠️  UNSTABLE VERSION DETECTED for Comet (v144)
[2026-02-22 04:00:01] [WARNING]    Recommendation: Downgrade to Stable (v132+) to prevent SIGTRAP crashes.
[2026-02-22 04:00:01] [WARNING] Google Chrome is running. Closing it to safely clear cache...
[2026-02-22 04:00:08] [WARNING] Comet is running. Closing it to safely clear cache...
[2026-02-22 04:00:13] Comet forced closed.
[2026-02-22 04:00:13] No Cache found for Google Chrome (AppSupport) at /Users/infinite27/Library/Application Support/Google/Chrome/Default/Cache
[2026-02-22 04:00:13] ✅ Cleared Google Chrome (AppSupport) GPUCache: /Users/infinite27/Library/Application Support/Google/Chrome/Default/GPUCache
[2026-02-22 04:00:13] No Cache found for Google Chrome (Library/Caches) at /Users/infinite27/Library/Caches/Google/Chrome/Default/Cache
[2026-02-22 04:00:13] No GPUCache found for Google Chrome (Library/Caches) at /Users/infinite27/Library/Caches/Google/Chrome/Default/GPUCache
[2026-02-22 04:00:13] No Cache found for Comet (AppSupport 1) at /Users/infinite27/Library/Application Support/Comet/Cache
[2026-02-22 04:00:13] No GPUCache found for Comet (AppSupport 1) at /Users/infinite27/Library/Application Support/Comet/GPUCache
[2026-02-22 04:00:13] No Cache found for Comet (AppSupport 2) at /Users/infinite27/Library/Application Support/ai.perplexity.comet/Cache
[2026-02-22 04:00:13] No GPUCache found for Comet (AppSupport 2) at /Users/infinite27/Library/Application Support/ai.perplexity.comet/GPUCache
[2026-02-22 04:00:13] No Cache found for Comet (Library/Caches 1) at /Users/infinite27/Library/Caches/ai.perplexity.comet
[2026-02-22 04:00:13] No GPUCache found for Comet (Library/Caches 1) at /Users/infinite27/Library/Caches/ai.perplexity.comet/fsCachedData
[2026-02-22 04:00:13] ✅ Cleared Comet (Library/Caches 2) Cache: /Users/infinite27/Library/Caches/Comet
[2026-02-22 04:00:13] No GPUCache found for Comet (Library/Caches 2) at /Users/infinite27/Library/Caches/Comet/fsCachedData
[2026-02-22 04:00:13] Optimization Complete.
[2026-02-22 04:00:14] Please restart your browsers. If crashes persist, consult troubleshooting_chromium.md
Log saved to: /Users/infinite27/AILCC_PRIME/logs/browser_opt_20260222_040001.log
[2026-02-22 04:00:14] [SUCCESS] Browser optimization complete
[2026-02-22 04:00:14] --- PROCESS OPTIMIZATION ---
[2026-02-22 04:00:14] [WARNING] Found idle process: Teams - consider closing
[2026-02-22 04:00:14] Top 5 Memory Consumers:
[2026-02-22 04:00:15]   infinite27         859   3.1  3.0 37954152 250824   ??  Ss    7:43PM  58:40.79 /System/Library/Frameworks/Virtualization.framework/Versions/A/XPCServices/com.apple.Virtualization.VirtualMachine.xpc/Contents/MacOS/com.apple.Virtualization.VirtualMachine
[2026-02-22 04:00:15]   infinite27       28780   2.4  2.1 1491074500 175168   ??  S     1:51AM  12:10.11 /Applications/Antigravity.app/Contents/Frameworks/Antigravity Helper (Renderer).app/Contents/MacOS/Antigravity Helper (Renderer) --type=renderer --user-data-dir=/Users/infinite27/Library/Application Support/Antigravity --standard-schemes=vscode-webview,vscode-file --enable-sandbox --secure-schemes=vscode-webview,vscode-file --cors-schemes=vscode-webview,vscode-file --fetch-schemes=vscode-webview,vscode-file --service-worker-schemes=vscode-webview --code-cache-schemes=vscode-webview,vscode-file --app-path=/Applications/Antigravity.app/Contents/Resources/app --enable-sandbox --enable-blink-features=HighlightAPI --disable-blink-features=FontMatchingCTMigration,StandardizedBrowserZoom, --lang=en-US --num-raster-threads=4 --enable-zero-copy --enable-gpu-memory-buffer-compositor-resources --enable-main-frame-before-activation --renderer-client-id=5 --time-ticks-at-unix-epoch=-1771717369230902 --launch-time-ticks=22144535855 --shared-files --field-trial-handle=1718379636,r,2962631824650507162,3068080086873148217,262144 --enable-features=DocumentPolicyIncludeJSCallStacksInCrashReports,EarlyEstablishGpuChannel,EstablishGpuChannelAsync,PdfUseShowSaveFilePicker,ScreenCaptureKitPickerScreen,ScreenCaptureKitStreamPickerSonoma --disable-features=CalculateNativeWinOcclusion,LocalNetworkAccessChecks,MacWebContentsOcclusion,ScreenAIOCREnabled,SpareRendererForSitePerProcess,TimeoutHangingVideoCaptureStarts,TraceSiteInstanceGetProcessCreation --variations-seed-version --trace-process-track-uuid=3190708990997080739 --vscode-window-config=vscode:9d2b0b42-4776-4975-b419-44a0cce791a3 --seatbelt-client=70
[2026-02-22 04:00:15]   infinite27         587  33.6  1.5 84971144 128448   ??  R     7:43PM  12:26.74 /Applications/Comet.app/Contents/MacOS/Comet
[2026-02-22 04:00:15]   infinite27         931   1.8  0.9 1489065004  74448   ??  S     7:43PM  19:16.04 /Applications/Docker.app/Contents/MacOS/Docker Desktop.app/Contents/Frameworks/Docker Desktop Helper (Renderer).app/Contents/MacOS/Docker Desktop Helper (Renderer) --type=renderer --user-data-dir=/Users/infinite27/Library/Application Support/Docker Desktop --standard-schemes=app --enable-sandbox --secure-schemes=app --fetch-schemes=dd --code-cache-schemes=app --app-path=/Applications/Docker.app/Contents/MacOS/Docker Desktop.app/Contents/Resources/app.asar --enable-sandbox --lang=en-US --num-raster-threads=4 --enable-zero-copy --enable-gpu-memory-buffer-compositor-resources --enable-main-frame-before-activation --renderer-client-id=4 --time-ticks-at-unix-epoch=-1771717368963365 --launch-time-ticks=63629722 --shared-files --field-trial-handle=1718379636,r,14705658612633035740,1734064168411396322,262144 --enable-features=PdfUseShowSaveFilePicker,ScreenCaptureKitPickerScreen,ScreenCaptureKitStreamPickerSonoma --disable-features=MacWebContentsOcclusion,ScreenAIOCREnabled,SpareRendererForSitePerProcess,TimeoutHangingVideoCaptureStarts --variations-seed-version --desktop-ui-preload-params={"needsBackendErrorsIpcClient":true,"needsPrimaryIpcClient":true} --seatbelt-client=85
[2026-02-22 04:00:15]   infinite27       28778   0.0  0.8 1507847560  70872   ??  S     1:51AM   2:48.94 /Applications/Antigravity.app/Contents/Frameworks/Antigravity Helper (Renderer).app/Contents/MacOS/Antigravity Helper (Renderer) --type=renderer --user-data-dir=/Users/infinite27/Library/Application Support/Antigravity --standard-schemes=vscode-webview,vscode-file --enable-sandbox --secure-schemes=vscode-webview,vscode-file --cors-schemes=vscode-webview,vscode-file --fetch-schemes=vscode-webview,vscode-file --service-worker-schemes=vscode-webview --code-cache-schemes=vscode-webview,vscode-file --app-path=/Applications/Antigravity.app/Contents/Resources/app --enable-sandbox --enable-blink-features=HighlightAPI --disable-blink-features=FontMatchingCTMigration,StandardizedBrowserZoom, --lang=en-US --num-raster-threads=4 --enable-zero-copy --enable-gpu-memory-buffer-compositor-resources --enable-main-frame-before-activation --renderer-client-id=4 --time-ticks-at-unix-epoch=-1771717369230902 --launch-time-ticks=22144456147 --shared-files --field-trial-handle=1718379636,r,2962631824650507162,3068080086873148217,262144 --enable-features=DocumentPolicyIncludeJSCallStacksInCrashReports,EarlyEstablishGpuChannel,EstablishGpuChannelAsync,PdfUseShowSaveFilePicker,ScreenCaptureKitPickerScreen,ScreenCaptureKitStreamPickerSonoma --disable-features=CalculateNativeWinOcclusion,LocalNetworkAccessChecks,MacWebContentsOcclusion,ScreenAIOCREnabled,SpareRendererForSitePerProcess,TimeoutHangingVideoCaptureStarts,TraceSiteInstanceGetProcessCreation --variations-seed-version --trace-process-track-uuid=3190708990060038890 --vscode-window-config=vscode:e76c2b41-df05-4c55-9f76-2df8661e77e3 --seatbelt-client=70
[2026-02-22 04:00:15] --- DISK SPACE OPTIMIZATION ---
[2026-02-22 04:00:21] Cleared npm cache
[2026-02-22 04:00:21] --- CRASH SCOUT ---
[2026-02-22 04:00:21] No recent Chromium crashes detected.
[2026-02-22 04:00:21] --- OBSERVABILITY CONFIGURATION ---
[2026-02-22 04:00:23] [SUCCESS] live_status.json updated
[2026-02-22 04:00:23] --- INTEROPERABILITY CHECK ---
[2026-02-22 04:00:23] [WARNING] Valentine Core (port 3002): OFFLINE
[2026-02-22 04:00:23] [WARNING] Dashboard (port 3000): OFFLINE
[2026-02-22 04:00:24] Hippocampus/Qdrant (port 6333): OFFLINE (optional)
[2026-02-22 04:00:24] ==========================================
[2026-02-22 04:00:24] OPTIMIZATION COMPLETE
[2026-02-22 04:00:24] ==========================================
[2026-02-22 04:00:24] Disk Usage After: 40% (16Gi free)
[2026-02-22 04:00:24] Load Avg After: 20.21 6.84 4.99
[2026-02-22 04:00:24] Log saved to: /Users/infinite27/AILCC_PRIME/logs/system_opt_20260222_040000.log
