[2026-02-14 12:06:53] ==========================================
[2026-02-14 12:06:53] AILCC MASTER SYSTEM OPTIMIZATION
[2026-02-14 12:06:53] ==========================================
[2026-02-14 12:06:53] --- SYSTEM STATUS SNAPSHOT ---
[2026-02-14 12:06:53] Hostname: Macbook-1.local
[2026-02-14 12:06:54] macOS: 15.7.3
[2026-02-14 12:06:54] Uptime: 12:06  up 1 day, 15:54, 1 user, load averages: 69.84 81.75 57.27
[2026-02-14 12:06:54] Disk Usage: 45% used (13Gi free)
[2026-02-14 12:06:54] RAM: 8 GB
[2026-02-14 12:06:54] Load Avg: 69.84 81.75 57.27
[2026-02-14 12:06:54] --- MEMORY OPTIMIZATION ---
[2026-02-14 12:06:54] [WARNING] purge requires sudo - skipped (run with sudo for full effect)
[2026-02-14 12:06:54] User caches cleaned:  14M ->  14M
[2026-02-14 12:06:54] --- BROWSER OPTIMIZATION ---
[2026-02-14 12:06:54] Delegating to optimize_browsers.sh...
[2026-02-14 12:06:54] Starting Browser Optimization Sequence...
[2026-02-14 12:06:54] Detected Google Chrome Version: 144.0.7559.133
[2026-02-14 12:06:54] [WARNING] ⚠️  UNSTABLE VERSION DETECTED for Google Chrome (v144)
[2026-02-14 12:06:54] [WARNING]    Recommendation: Downgrade to Stable (v132+) to prevent SIGTRAP crashes.
[2026-02-14 12:06:54] Detected Comet Version: 144.0.7559.43118
[2026-02-14 12:06:54] [WARNING] ⚠️  UNSTABLE VERSION DETECTED for Comet (v144)
[2026-02-14 12:06:54] [WARNING]    Recommendation: Downgrade to Stable (v132+) to prevent SIGTRAP crashes.
[2026-02-14 12:06:55] Google Chrome is not running.
[2026-02-14 12:06:55] Comet is not running.
[2026-02-14 12:06:55] No Cache found for Google Chrome (AppSupport) at /Users/infinite27/Library/Application Support/Google/Chrome/Default/Cache
[2026-02-14 12:06:55] No GPUCache found for Google Chrome (AppSupport) at /Users/infinite27/Library/Application Support/Google/Chrome/Default/GPUCache
[2026-02-14 12:06:55] No Cache found for Google Chrome (Library/Caches) at /Users/infinite27/Library/Caches/Google/Chrome/Default/Cache
[2026-02-14 12:06:55] No GPUCache found for Google Chrome (Library/Caches) at /Users/infinite27/Library/Caches/Google/Chrome/Default/GPUCache
[2026-02-14 12:06:55] No Cache found for Comet (AppSupport 1) at /Users/infinite27/Library/Application Support/Comet/Cache
[2026-02-14 12:06:55] No GPUCache found for Comet (AppSupport 1) at /Users/infinite27/Library/Application Support/Comet/GPUCache
[2026-02-14 12:06:55] No Cache found for Comet (AppSupport 2) at /Users/infinite27/Library/Application Support/ai.perplexity.comet/Cache
[2026-02-14 12:06:55] No GPUCache found for Comet (AppSupport 2) at /Users/infinite27/Library/Application Support/ai.perplexity.comet/GPUCache
[2026-02-14 12:06:55] No Cache found for Comet (Library/Caches 1) at /Users/infinite27/Library/Caches/ai.perplexity.comet
[2026-02-14 12:06:55] No GPUCache found for Comet (Library/Caches 1) at /Users/infinite27/Library/Caches/ai.perplexity.comet/fsCachedData
[2026-02-14 12:06:55] No Cache found for Comet (Library/Caches 2) at /Users/infinite27/Library/Caches/Comet
[2026-02-14 12:06:55] No GPUCache found for Comet (Library/Caches 2) at /Users/infinite27/Library/Caches/Comet/fsCachedData
[2026-02-14 12:06:55] Optimization Complete.
[2026-02-14 12:06:55] Please restart your browsers. If crashes persist, consult troubleshooting_chromium.md
Log saved to: /Users/infinite27/AILCC_PRIME/logs/browser_opt_20260214_120654.log
[2026-02-14 12:06:55] [SUCCESS] Browser optimization complete
[2026-02-14 12:06:55] --- PROCESS OPTIMIZATION ---
[2026-02-14 12:06:55] [WARNING] Found idle process: Teams - consider closing
[2026-02-14 12:06:55] Top 5 Memory Consumers:
[2026-02-14 12:06:55]   infinite27        1955   8.4 11.8 41427228 993000   ??  R    Thu08PM 185:18.29 /Applications/Antigravity.app/Contents/Resources/app/extensions/antigravity/bin/language_server_macos_x64 --enable_lsp --extension_server_port 49872 --csrf_token b675b87b-4977-4bf1-8622-39fd80862e19 --random_port --workspace_id file_Users_infinite27_AILCC_PRIME_AI_MasterMind_Alliance --cloud_code_endpoint https://daily-cloudcode-pa.googleapis.com --app_data_dir antigravity --parent_pipe_path /var/folders/hz/52mr8nws137fxvfv8bbt6sq80000gn/T/server_07493e2c696f6c6f
[2026-02-14 12:06:55]   infinite27       43344   1.9  4.2 37970536 348292   ??  Ss   Fri10AM  97:45.00 /System/Library/Frameworks/Virtualization.framework/Versions/A/XPCServices/com.apple.Virtualization.VirtualMachine.xpc/Contents/MacOS/com.apple.Virtualization.VirtualMachine
[2026-02-14 12:06:55]   infinite27        1106   0.8  2.7 1490994792 228508   ??  S    Thu08PM  20:18.48 /Applications/Antigravity.app/Contents/Frameworks/Antigravity Helper (Renderer).app/Contents/MacOS/Antigravity Helper (Renderer) --type=renderer --user-data-dir=/Users/infinite27/Library/Application Support/Antigravity --standard-schemes=vscode-webview,vscode-file --enable-sandbox --secure-schemes=vscode-webview,vscode-file --cors-schemes=vscode-webview,vscode-file --fetch-schemes=vscode-webview,vscode-file --service-worker-schemes=vscode-webview --code-cache-schemes=vscode-webview,vscode-file --app-path=/Applications/Antigravity.app/Contents/Resources/app --enable-sandbox --enable-blink-features=HighlightAPI --disable-blink-features=FontMatchingCTMigration,StandardizedBrowserZoom, --lang=en-US --num-raster-threads=4 --enable-zero-copy --enable-gpu-memory-buffer-compositor-resources --enable-main-frame-before-activation --renderer-client-id=4 --time-ticks-at-unix-epoch=-1770941579669546 --launch-time-ticks=130439730 --shared-files --field-trial-handle=1718379636,r,712288664726743855,9512343510599293459,262144 --enable-features=DocumentPolicyIncludeJSCallStacksInCrashReports,EarlyEstablishGpuChannel,EstablishGpuChannelAsync,PdfUseShowSaveFilePicker,ScreenCaptureKitPickerScreen,ScreenCaptureKitStreamPickerSonoma --disable-features=CalculateNativeWinOcclusion,LocalNetworkAccessChecks,MacWebContentsOcclusion,ScreenAIOCREnabled,SpareRendererForSitePerProcess,TimeoutHangingVideoCaptureStarts,TraceSiteInstanceGetProcessCreation --variations-seed-version --trace-process-track-uuid=3190708990060038890 --vscode-window-config=vscode:7c7bd50a-a5d4-4b35-8b6d-f5e638b09772 --seatbelt-client=57
[2026-02-14 12:06:55]   infinite27        1467   1.1  2.4 1490842660 202484   ??  S    Thu08PM  34:45.16 /Applications/Antigravity.app/Contents/Frameworks/Antigravity Helper (Plugin).app/Contents/MacOS/Antigravity Helper (Plugin) --type=utility --utility-sub-type=node.mojom.NodeService --lang=en-US --service-sandbox-type=none --dns-result-order=ipv4first --experimental-network-inspection --inspect-port=0 --user-data-dir=/Users/infinite27/Library/Application Support/Antigravity --standard-schemes=vscode-webview,vscode-file --enable-sandbox --secure-schemes=vscode-webview,vscode-file --cors-schemes=vscode-webview,vscode-file --fetch-schemes=vscode-webview,vscode-file --service-worker-schemes=vscode-webview --code-cache-schemes=vscode-webview,vscode-file --shared-files --field-trial-handle=1718379636,r,712288664726743855,9512343510599293459,262144 --enable-features=DocumentPolicyIncludeJSCallStacksInCrashReports,EarlyEstablishGpuChannel,EstablishGpuChannelAsync,PdfUseShowSaveFilePicker,ScreenCaptureKitPickerScreen,ScreenCaptureKitStreamPickerSonoma --disable-features=CalculateNativeWinOcclusion,LocalNetworkAccessChecks,MacWebContentsOcclusion,ScreenAIOCREnabled,SpareRendererForSitePerProcess,TimeoutHangingVideoCaptureStarts,TraceSiteInstanceGetProcessCreation --variations-seed-version --trace-process-track-uuid=3190708996619331833
[2026-02-14 12:06:55]   infinite27        1466   0.3  2.3 1490862240 189280   ??  S    Thu08PM  32:15.39 /Applications/Antigravity.app/Contents/Frameworks/Antigravity Helper (Plugin).app/Contents/MacOS/Antigravity Helper (Plugin) --type=utility --utility-sub-type=node.mojom.NodeService --lang=en-US --service-sandbox-type=none --dns-result-order=ipv4first --experimental-network-inspection --inspect-port=0 --user-data-dir=/Users/infinite27/Library/Application Support/Antigravity --standard-schemes=vscode-webview,vscode-file --enable-sandbox --secure-schemes=vscode-webview,vscode-file --cors-schemes=vscode-webview,vscode-file --fetch-schemes=vscode-webview,vscode-file --service-worker-schemes=vscode-webview --code-cache-schemes=vscode-webview,vscode-file --shared-files --field-trial-handle=1718379636,r,712288664726743855,9512343510599293459,262144 --enable-features=DocumentPolicyIncludeJSCallStacksInCrashReports,EarlyEstablishGpuChannel,EstablishGpuChannelAsync,PdfUseShowSaveFilePicker,ScreenCaptureKitPickerScreen,ScreenCaptureKitStreamPickerSonoma --disable-features=CalculateNativeWinOcclusion,LocalNetworkAccessChecks,MacWebContentsOcclusion,ScreenAIOCREnabled,SpareRendererForSitePerProcess,TimeoutHangingVideoCaptureStarts,TraceSiteInstanceGetProcessCreation --variations-seed-version --trace-process-track-uuid=3190708995682289984
[2026-02-14 12:06:56] --- DISK SPACE OPTIMIZATION ---
[2026-02-14 12:07:11] Cleared npm cache
[2026-02-14 12:07:11] --- CRASH SCOUT ---
[2026-02-14 12:07:11] No recent Chromium crashes detected.
[2026-02-14 12:07:12] --- OBSERVABILITY CONFIGURATION ---
[2026-02-14 12:07:17] [SUCCESS] live_status.json updated
[2026-02-14 12:07:17] --- INTEROPERABILITY CHECK ---
[2026-02-14 12:07:18] [WARNING] Valentine Core (port 3002): OFFLINE
[2026-02-14 12:07:19] [WARNING] Dashboard (port 3000): OFFLINE
[2026-02-14 12:07:21] Hippocampus/Qdrant (port 6333): OFFLINE (optional)
[2026-02-14 12:07:21] ==========================================
[2026-02-14 12:07:21] OPTIMIZATION COMPLETE
[2026-02-14 12:07:21] ==========================================
[2026-02-14 12:07:21] Disk Usage After: 45% (13Gi free)
[2026-02-14 12:07:22] Load Avg After: 71.77 80.97 57.69
[2026-02-14 12:07:22] Log saved to: /Users/infinite27/AILCC_PRIME/logs/system_opt_20260214_120653.log
