[2026-03-01 12:09:19] Starting Browser Optimization Sequence...
[2026-03-01 12:09:19] Detected Google Chrome Version: 145.0.7632.117
[2026-03-01 12:09:19] [WARNING] ⚠️  UNSTABLE VERSION DETECTED for Google Chrome (v145)
[2026-03-01 12:09:19] [WARNING]    Recommendation: Downgrade to Stable (v132+) to prevent SIGTRAP crashes.
[2026-03-01 12:09:19] Detected Comet Version: 145.0.7632.900
[2026-03-01 12:09:20] [WARNING] ⚠️  UNSTABLE VERSION DETECTED for Comet (v145)
[2026-03-01 12:09:20] [WARNING]    Recommendation: Downgrade to Stable (v132+) to prevent SIGTRAP crashes.
[2026-03-01 12:09:20] Google Chrome is not running.
[2026-03-01 12:09:20] Comet is not running.
[2026-03-01 12:09:20] No Cache found for Google Chrome (AppSupport) at /Users/infinite27/Library/Application Support/Google/Chrome/Default/Cache
[2026-03-01 12:09:20] No GPUCache found for Google Chrome (AppSupport) at /Users/infinite27/Library/Application Support/Google/Chrome/Default/GPUCache
[2026-03-01 12:09:20] No Cache found for Google Chrome (Library/Caches) at /Users/infinite27/Library/Caches/Google/Chrome/Default/Cache
[2026-03-01 12:09:20] No GPUCache found for Google Chrome (Library/Caches) at /Users/infinite27/Library/Caches/Google/Chrome/Default/GPUCache
[2026-03-01 12:09:20] No Cache found for Comet (AppSupport 1) at /Users/infinite27/Library/Application Support/Comet/Cache
[2026-03-01 12:09:20] No GPUCache found for Comet (AppSupport 1) at /Users/infinite27/Library/Application Support/Comet/GPUCache
[2026-03-01 12:09:20] No Cache found for Comet (AppSupport 2) at /Users/infinite27/Library/Application Support/ai.perplexity.comet/Cache
[2026-03-01 12:09:20] No GPUCache found for Comet (AppSupport 2) at /Users/infinite27/Library/Application Support/ai.perplexity.comet/GPUCache
[2026-03-01 12:09:20] No Cache found for Comet (Library/Caches 1) at /Users/infinite27/Library/Caches/ai.perplexity.comet
[2026-03-01 12:09:20] No GPUCache found for Comet (Library/Caches 1) at /Users/infinite27/Library/Caches/ai.perplexity.comet/fsCachedData
[2026-03-01 12:09:20] No Cache found for Comet (Library/Caches 2) at /Users/infinite27/Library/Caches/Comet
[2026-03-01 12:09:20] No GPUCache found for Comet (Library/Caches 2) at /Users/infinite27/Library/Caches/Comet/fsCachedData
[2026-03-01 12:09:20] Optimization Complete.
[2026-03-01 12:09:20] Please restart your browsers. If crashes persist, consult troubleshooting_chromium.md
