[2026-02-28 12:15:01] Starting Browser Optimization Sequence...
[2026-02-28 12:15:01] Detected Google Chrome Version: 145.0.7632.117
[2026-02-28 12:15:01] [WARNING] ⚠️  UNSTABLE VERSION DETECTED for Google Chrome (v145)
[2026-02-28 12:15:01] [WARNING]    Recommendation: Downgrade to Stable (v132+) to prevent SIGTRAP crashes.
[2026-02-28 12:15:01] Detected Comet Version: 145.0.7632.900
[2026-02-28 12:15:01] [WARNING] ⚠️  UNSTABLE VERSION DETECTED for Comet (v145)
[2026-02-28 12:15:01] [WARNING]    Recommendation: Downgrade to Stable (v132+) to prevent SIGTRAP crashes.
[2026-02-28 12:15:02] Google Chrome is not running.
[2026-02-28 12:15:02] Comet is not running.
[2026-02-28 12:15:02] No Cache found for Google Chrome (AppSupport) at /Users/infinite27/Library/Application Support/Google/Chrome/Default/Cache
[2026-02-28 12:15:02] ✅ Cleared Google Chrome (AppSupport) GPUCache: /Users/infinite27/Library/Application Support/Google/Chrome/Default/GPUCache
[2026-02-28 12:15:02] No Cache found for Google Chrome (Library/Caches) at /Users/infinite27/Library/Caches/Google/Chrome/Default/Cache
[2026-02-28 12:15:02] No GPUCache found for Google Chrome (Library/Caches) at /Users/infinite27/Library/Caches/Google/Chrome/Default/GPUCache
[2026-02-28 12:15:02] No Cache found for Comet (AppSupport 1) at /Users/infinite27/Library/Application Support/Comet/Cache
[2026-02-28 12:15:02] No GPUCache found for Comet (AppSupport 1) at /Users/infinite27/Library/Application Support/Comet/GPUCache
[2026-02-28 12:15:02] No Cache found for Comet (AppSupport 2) at /Users/infinite27/Library/Application Support/ai.perplexity.comet/Cache
[2026-02-28 12:15:02] No GPUCache found for Comet (AppSupport 2) at /Users/infinite27/Library/Application Support/ai.perplexity.comet/GPUCache
[2026-02-28 12:15:02] No Cache found for Comet (Library/Caches 1) at /Users/infinite27/Library/Caches/ai.perplexity.comet
[2026-02-28 12:15:02] No GPUCache found for Comet (Library/Caches 1) at /Users/infinite27/Library/Caches/ai.perplexity.comet/fsCachedData
[2026-02-28 12:15:02] No Cache found for Comet (Library/Caches 2) at /Users/infinite27/Library/Caches/Comet
[2026-02-28 12:15:02] No GPUCache found for Comet (Library/Caches 2) at /Users/infinite27/Library/Caches/Comet/fsCachedData
[2026-02-28 12:15:02] Optimization Complete.
[2026-02-28 12:15:02] Please restart your browsers. If crashes persist, consult troubleshooting_chromium.md
