[2026-02-05 04:00:03] Starting Browser Optimization Sequence...
[2026-02-05 04:00:03] Detected Google Chrome Version: 144.0.7559.133
[2026-02-05 04:00:05] [WARNING] ⚠️  UNSTABLE VERSION DETECTED for Google Chrome (v144)
[2026-02-05 04:00:05] [WARNING]    Recommendation: Downgrade to Stable (v132+) to prevent SIGTRAP crashes.
[2026-02-05 04:00:05] Detected Comet Version: 143.2.7499.37648
[2026-02-05 04:00:05] [WARNING] ⚠️  UNSTABLE VERSION DETECTED for Comet (v143)
[2026-02-05 04:00:05] [WARNING]    Recommendation: Downgrade to Stable (v132+) to prevent SIGTRAP crashes.
[2026-02-05 04:00:05] [WARNING] Google Chrome is running. Closing it to safely clear cache...
[2026-02-05 04:00:09] Google Chrome forced closed.
[2026-02-05 04:00:09] [WARNING] Comet is running. Closing it to safely clear cache...
[2026-02-05 04:00:12] Comet forced closed.
[2026-02-05 04:00:12] No Cache found for Google Chrome (AppSupport) at /Users/infinite27/Library/Application Support/Google/Chrome/Default/Cache
[2026-02-05 04:00:12] No GPUCache found for Google Chrome (AppSupport) at /Users/infinite27/Library/Application Support/Google/Chrome/Default/GPUCache
[2026-02-05 04:00:12] No Cache found for Google Chrome (Library/Caches) at /Users/infinite27/Library/Caches/Google/Chrome/Default/Cache
[2026-02-05 04:00:12] No GPUCache found for Google Chrome (Library/Caches) at /Users/infinite27/Library/Caches/Google/Chrome/Default/GPUCache
[2026-02-05 04:00:12] No Cache found for Comet (AppSupport 1) at /Users/infinite27/Library/Application Support/Comet/Cache
[2026-02-05 04:00:12] No GPUCache found for Comet (AppSupport 1) at /Users/infinite27/Library/Application Support/Comet/GPUCache
[2026-02-05 04:00:12] No Cache found for Comet (AppSupport 2) at /Users/infinite27/Library/Application Support/ai.perplexity.comet/Cache
[2026-02-05 04:00:12] No GPUCache found for Comet (AppSupport 2) at /Users/infinite27/Library/Application Support/ai.perplexity.comet/GPUCache
[2026-02-05 04:00:12] No Cache found for Comet (Library/Caches 1) at /Users/infinite27/Library/Caches/ai.perplexity.comet
[2026-02-05 04:00:12] No GPUCache found for Comet (Library/Caches 1) at /Users/infinite27/Library/Caches/ai.perplexity.comet/fsCachedData
[2026-02-05 04:00:29] ✅ Cleared Comet (Library/Caches 2) Cache: /Users/infinite27/Library/Caches/Comet
[2026-02-05 04:00:29] No GPUCache found for Comet (Library/Caches 2) at /Users/infinite27/Library/Caches/Comet/fsCachedData
[2026-02-05 04:00:29] Optimization Complete.
[2026-02-05 04:00:29] Please restart your browsers. If crashes persist, consult troubleshooting_chromium.md
