[2026-02-21T09:26:50Z] 🚀 Initiating Proactive Upgrade Audit for: settings archive index tactics telemetry synergy 
[2026-02-21T09:26:50Z] 🔍 Auditing Tab: [settings]
[2026-02-21T09:26:50Z] ⚠️  Uncommitted changes detected in dashboard. Stashing before audit.
[2026-02-21T09:26:50Z] ✅ Audit complete for [settings]. No critical improvements required (Optimal Baseline reached).
[2026-02-21T09:26:50Z] 🔍 Auditing Tab: [archive]
[2026-02-21T09:26:50Z] ✅ Audit complete for [archive]. No critical improvements required (Optimal Baseline reached).
[2026-02-21T09:26:50Z] 🔍 Auditing Tab: [index]
[2026-02-21T09:26:50Z] ✅ Audit complete for [index]. No critical improvements required (Optimal Baseline reached).
[2026-02-21T09:26:50Z] 🔍 Auditing Tab: [tactics]
[2026-02-21T09:26:50Z] ✅ Audit complete for [tactics]. No critical improvements required (Optimal Baseline reached).
[2026-02-21T09:26:50Z] 🔍 Auditing Tab: [telemetry]
[2026-02-21T09:26:50Z] ✅ Audit complete for [telemetry]. No critical improvements required (Optimal Baseline reached).
[2026-02-21T09:26:50Z] 🔍 Auditing Tab: [synergy]
[2026-02-21T09:26:50Z] ✅ Audit complete for [synergy]. No critical improvements required (Optimal Baseline reached).
[2026-02-21T09:26:50Z] 📊 Global Upgrade Pulse Complete. System Status: OPTIMAL.
[2026-02-24T23:34:29Z] 🚀 Initiating Proactive Upgrade Audit for: settings archive index periodic-table tactics telemetry central-command frameworks agents system nexus antigravity intelligence observability synergy antigravity-physics storage scholar interoperability command board queues status comet whitepaper 
[2026-02-24T23:34:29Z] 🔍 Auditing Tab: [settings]
[2026-02-24T23:34:29Z] ⚠️  Uncommitted changes detected in dashboard. Stashing before audit.
[2026-02-24T23:34:29Z] ✅ Audit complete for [settings]. No critical improvements required (Optimal Baseline reached).
[2026-02-24T23:34:29Z] 🔍 Auditing Tab: [archive]
[2026-02-24T23:34:29Z] ✅ Audit complete for [archive]. No critical improvements required (Optimal Baseline reached).
[2026-02-24T23:34:29Z] 🔍 Auditing Tab: [index]
[2026-02-24T23:34:29Z] ✅ Audit complete for [index]. No critical improvements required (Optimal Baseline reached).
[2026-02-24T23:34:29Z] 🔍 Auditing Tab: [periodic-table]
[2026-02-24T23:34:29Z] ✅ Audit complete for [periodic-table]. No critical improvements required (Optimal Baseline reached).
[2026-02-24T23:34:29Z] 🔍 Auditing Tab: [tactics]
[2026-02-24T23:34:29Z] ✅ Audit complete for [tactics]. No critical improvements required (Optimal Baseline reached).
[2026-02-24T23:34:29Z] 🔍 Auditing Tab: [telemetry]
[2026-02-24T23:34:29Z] ✅ Audit complete for [telemetry]. No critical improvements required (Optimal Baseline reached).
[2026-02-24T23:34:29Z] 🔍 Auditing Tab: [central-command]
[2026-02-24T23:34:29Z] ✅ Audit complete for [central-command]. No critical improvements required (Optimal Baseline reached).
[2026-02-24T23:34:29Z] 🔍 Auditing Tab: [frameworks]
[2026-02-24T23:34:29Z] ✅ Audit complete for [frameworks]. No critical improvements required (Optimal Baseline reached).
[2026-02-24T23:34:29Z] 🔍 Auditing Tab: [agents]
[2026-02-24T23:34:29Z] ✅ Audit complete for [agents]. No critical improvements required (Optimal Baseline reached).
[2026-02-24T23:34:29Z] 🔍 Auditing Tab: [system]
[2026-02-24T23:34:29Z] ✅ Audit complete for [system]. No critical improvements required (Optimal Baseline reached).
[2026-02-24T23:34:29Z] 🔍 Auditing Tab: [nexus]
[2026-02-24T23:34:29Z] ✅ Audit complete for [nexus]. No critical improvements required (Optimal Baseline reached).
[2026-02-24T23:34:29Z] 🔍 Auditing Tab: [antigravity]
[2026-02-24T23:34:29Z] ✅ Audit complete for [antigravity]. No critical improvements required (Optimal Baseline reached).
[2026-02-24T23:34:29Z] 🔍 Auditing Tab: [intelligence]
[2026-02-24T23:34:29Z] ✅ Audit complete for [intelligence]. No critical improvements required (Optimal Baseline reached).
[2026-02-24T23:34:29Z] 🔍 Auditing Tab: [observability]
[2026-02-24T23:34:29Z] ✅ Audit complete for [observability]. No critical improvements required (Optimal Baseline reached).
[2026-02-24T23:34:29Z] 🔍 Auditing Tab: [synergy]
[2026-02-24T23:34:29Z] ✅ Audit complete for [synergy]. No critical improvements required (Optimal Baseline reached).
[2026-02-24T23:34:29Z] 🔍 Auditing Tab: [antigravity-physics]
[2026-02-24T23:34:29Z] ✅ Audit complete for [antigravity-physics]. No critical improvements required (Optimal Baseline reached).
[2026-02-24T23:34:29Z] 🔍 Auditing Tab: [storage]
[2026-02-24T23:34:29Z] ✅ Audit complete for [storage]. No critical improvements required (Optimal Baseline reached).
[2026-02-24T23:34:29Z] 🔍 Auditing Tab: [scholar]
[2026-02-24T23:34:29Z] ✅ Audit complete for [scholar]. No critical improvements required (Optimal Baseline reached).
[2026-02-24T23:34:29Z] 🔍 Auditing Tab: [interoperability]
[2026-02-24T23:34:29Z] ✅ Audit complete for [interoperability]. No critical improvements required (Optimal Baseline reached).
[2026-02-24T23:34:29Z] 🔍 Auditing Tab: [command]
[2026-02-24T23:34:29Z] ✅ Audit complete for [command]. No critical improvements required (Optimal Baseline reached).
[2026-02-24T23:34:29Z] 🔍 Auditing Tab: [board]
[2026-02-24T23:34:29Z] ✅ Audit complete for [board]. No critical improvements required (Optimal Baseline reached).
[2026-02-24T23:34:29Z] 🔍 Auditing Tab: [queues]
[2026-02-24T23:34:29Z] ✅ Audit complete for [queues]. No critical improvements required (Optimal Baseline reached).
[2026-02-24T23:34:29Z] 🔍 Auditing Tab: [status]
[2026-02-24T23:34:29Z] ✅ Audit complete for [status]. No critical improvements required (Optimal Baseline reached).
[2026-02-24T23:34:29Z] 🔍 Auditing Tab: [comet]
[2026-02-24T23:34:29Z] ✅ Audit complete for [comet]. No critical improvements required (Optimal Baseline reached).
[2026-02-24T23:34:29Z] 🔍 Auditing Tab: [whitepaper]
[2026-02-24T23:34:29Z] ✅ Audit complete for [whitepaper]. No critical improvements required (Optimal Baseline reached).
[2026-02-24T23:34:29Z] 📊 Global Upgrade Pulse Complete. System Status: OPTIMAL.
[2026-02-24T23:35:09Z] 🚀 Initiating Proactive Upgrade Audit for: settings archive index periodic-table tactics telemetry central-command frameworks agents system nexus antigravity intelligence observability synergy antigravity-physics storage scholar interoperability command board queues status comet whitepaper 
[2026-02-24T23:35:09Z] 🔍 Auditing Tab: [settings]
[2026-02-24T23:35:09Z] ✅ Audit complete for [settings]. No critical improvements required (Optimal Baseline reached).
[2026-02-24T23:35:09Z] 🔍 Auditing Tab: [archive]
[2026-02-24T23:35:09Z] ✅ Audit complete for [archive]. No critical improvements required (Optimal Baseline reached).
[2026-02-24T23:35:09Z] 🔍 Auditing Tab: [index]
[2026-02-24T23:35:09Z] ✅ Audit complete for [index]. No critical improvements required (Optimal Baseline reached).
[2026-02-24T23:35:09Z] 🔍 Auditing Tab: [periodic-table]
[2026-02-24T23:35:09Z] ✅ Audit complete for [periodic-table]. No critical improvements required (Optimal Baseline reached).
[2026-02-24T23:35:09Z] 🔍 Auditing Tab: [tactics]
[2026-02-24T23:35:09Z] ✅ Audit complete for [tactics]. No critical improvements required (Optimal Baseline reached).
[2026-02-24T23:35:09Z] 🔍 Auditing Tab: [telemetry]
[2026-02-24T23:35:09Z] ✅ Audit complete for [telemetry]. No critical improvements required (Optimal Baseline reached).
[2026-02-24T23:35:09Z] 🔍 Auditing Tab: [central-command]
[2026-02-24T23:35:09Z] ✅ Audit complete for [central-command]. No critical improvements required (Optimal Baseline reached).
[2026-02-24T23:35:09Z] 🔍 Auditing Tab: [frameworks]
[2026-02-24T23:35:09Z] ✅ Audit complete for [frameworks]. No critical improvements required (Optimal Baseline reached).
[2026-02-24T23:35:09Z] 🔍 Auditing Tab: [agents]
[2026-02-24T23:35:09Z] ✅ Audit complete for [agents]. No critical improvements required (Optimal Baseline reached).
[2026-02-24T23:35:09Z] 🔍 Auditing Tab: [system]
[2026-02-24T23:35:09Z] ✅ Audit complete for [system]. No critical improvements required (Optimal Baseline reached).
[2026-02-24T23:35:09Z] 🔍 Auditing Tab: [nexus]
[2026-02-24T23:35:09Z] ✅ Audit complete for [nexus]. No critical improvements required (Optimal Baseline reached).
[2026-02-24T23:35:09Z] 🔍 Auditing Tab: [antigravity]
[2026-02-24T23:35:09Z] ✅ Audit complete for [antigravity]. No critical improvements required (Optimal Baseline reached).
[2026-02-24T23:35:09Z] 🔍 Auditing Tab: [intelligence]
[2026-02-24T23:35:09Z] ✅ Audit complete for [intelligence]. No critical improvements required (Optimal Baseline reached).
[2026-02-24T23:35:09Z] 🔍 Auditing Tab: [observability]
[2026-02-24T23:35:09Z] ✅ Audit complete for [observability]. No critical improvements required (Optimal Baseline reached).
[2026-02-24T23:35:09Z] 🔍 Auditing Tab: [synergy]
[2026-02-24T23:35:09Z] ✅ Audit complete for [synergy]. No critical improvements required (Optimal Baseline reached).
[2026-02-24T23:35:09Z] 🔍 Auditing Tab: [antigravity-physics]
[2026-02-24T23:35:09Z] ✅ Audit complete for [antigravity-physics]. No critical improvements required (Optimal Baseline reached).
[2026-02-24T23:35:09Z] 🔍 Auditing Tab: [storage]
[2026-02-24T23:35:09Z] ✅ Audit complete for [storage]. No critical improvements required (Optimal Baseline reached).
[2026-02-24T23:35:09Z] 🔍 Auditing Tab: [scholar]
[2026-02-24T23:35:09Z] ✅ Audit complete for [scholar]. No critical improvements required (Optimal Baseline reached).
[2026-02-24T23:35:09Z] 🔍 Auditing Tab: [interoperability]
[2026-02-24T23:35:09Z] ✅ Audit complete for [interoperability]. No critical improvements required (Optimal Baseline reached).
[2026-02-24T23:35:09Z] 🔍 Auditing Tab: [command]
[2026-02-24T23:35:09Z] ✅ Audit complete for [command]. No critical improvements required (Optimal Baseline reached).
[2026-02-24T23:35:09Z] 🔍 Auditing Tab: [board]
[2026-02-24T23:35:09Z] ✅ Audit complete for [board]. No critical improvements required (Optimal Baseline reached).
[2026-02-24T23:35:09Z] 🔍 Auditing Tab: [queues]
[2026-02-24T23:35:09Z] ✅ Audit complete for [queues]. No critical improvements required (Optimal Baseline reached).
[2026-02-24T23:35:09Z] 🔍 Auditing Tab: [status]
[2026-02-24T23:35:09Z] ✅ Audit complete for [status]. No critical improvements required (Optimal Baseline reached).
[2026-02-24T23:35:09Z] 🔍 Auditing Tab: [comet]
[2026-02-24T23:35:09Z] ✅ Audit complete for [comet]. No critical improvements required (Optimal Baseline reached).
[2026-02-24T23:35:09Z] 🔍 Auditing Tab: [whitepaper]
[2026-02-24T23:35:09Z] ✅ Audit complete for [whitepaper]. No critical improvements required (Optimal Baseline reached).
[2026-02-24T23:35:09Z] 📊 Global Upgrade Pulse Complete. System Status: OPTIMAL.
[2026-02-24T23:57:20Z] 🚀 Initiating Proactive Upgrade Audit for: settings archive index periodic-table tactics telemetry central-command frameworks agents system nexus antigravity intelligence observability synergy antigravity-physics storage scholar interoperability command board queues status comet whitepaper 
[2026-02-24T23:57:20Z] 🔍 Auditing Tab: [settings]
[2026-02-24T23:57:20Z] ⚠️  Uncommitted changes detected in dashboard. Stashing before audit.
[2026-02-24T23:57:20Z] ✅ Audit complete for [settings]. No critical improvements required (Optimal Baseline reached).
[2026-02-24T23:57:20Z] 🔍 Auditing Tab: [archive]
[2026-02-24T23:57:20Z] ✅ Audit complete for [archive]. No critical improvements required (Optimal Baseline reached).
[2026-02-24T23:57:20Z] 🔍 Auditing Tab: [index]
[2026-02-24T23:57:20Z] ✅ Audit complete for [index]. No critical improvements required (Optimal Baseline reached).
[2026-02-24T23:57:20Z] 🔍 Auditing Tab: [periodic-table]
[2026-02-24T23:57:20Z] ✅ Audit complete for [periodic-table]. No critical improvements required (Optimal Baseline reached).
[2026-02-24T23:57:20Z] 🔍 Auditing Tab: [tactics]
[2026-02-24T23:57:20Z] ✅ Audit complete for [tactics]. No critical improvements required (Optimal Baseline reached).
[2026-02-24T23:57:20Z] 🔍 Auditing Tab: [telemetry]
[2026-02-24T23:57:20Z] ✅ Audit complete for [telemetry]. No critical improvements required (Optimal Baseline reached).
[2026-02-24T23:57:20Z] 🔍 Auditing Tab: [central-command]
[2026-02-24T23:57:20Z] ✅ Audit complete for [central-command]. No critical improvements required (Optimal Baseline reached).
[2026-02-24T23:57:20Z] 🔍 Auditing Tab: [frameworks]
[2026-02-24T23:57:20Z] ✅ Audit complete for [frameworks]. No critical improvements required (Optimal Baseline reached).
[2026-02-24T23:57:20Z] 🔍 Auditing Tab: [agents]
[2026-02-24T23:57:20Z] ✅ Audit complete for [agents]. No critical improvements required (Optimal Baseline reached).
[2026-02-24T23:57:20Z] 🔍 Auditing Tab: [system]
[2026-02-24T23:57:20Z] ✅ Audit complete for [system]. No critical improvements required (Optimal Baseline reached).
[2026-02-24T23:57:20Z] 🔍 Auditing Tab: [nexus]
[2026-02-24T23:57:20Z] ✅ Audit complete for [nexus]. No critical improvements required (Optimal Baseline reached).
[2026-02-24T23:57:20Z] 🔍 Auditing Tab: [antigravity]
[2026-02-24T23:57:20Z] ✅ Audit complete for [antigravity]. No critical improvements required (Optimal Baseline reached).
[2026-02-24T23:57:20Z] 🔍 Auditing Tab: [intelligence]
[2026-02-24T23:57:20Z] ✅ Audit complete for [intelligence]. No critical improvements required (Optimal Baseline reached).
[2026-02-24T23:57:20Z] 🔍 Auditing Tab: [observability]
[2026-02-24T23:57:20Z] ✅ Audit complete for [observability]. No critical improvements required (Optimal Baseline reached).
[2026-02-24T23:57:20Z] 🔍 Auditing Tab: [synergy]
[2026-02-24T23:57:20Z] ✅ Audit complete for [synergy]. No critical improvements required (Optimal Baseline reached).
[2026-02-24T23:57:20Z] 🔍 Auditing Tab: [antigravity-physics]
[2026-02-24T23:57:20Z] ✅ Audit complete for [antigravity-physics]. No critical improvements required (Optimal Baseline reached).
[2026-02-24T23:57:20Z] 🔍 Auditing Tab: [storage]
[2026-02-24T23:57:20Z] ✅ Audit complete for [storage]. No critical improvements required (Optimal Baseline reached).
[2026-02-24T23:57:20Z] 🔍 Auditing Tab: [scholar]
[2026-02-24T23:57:20Z] ✅ Audit complete for [scholar]. No critical improvements required (Optimal Baseline reached).
[2026-02-24T23:57:20Z] 🔍 Auditing Tab: [interoperability]
[2026-02-24T23:57:20Z] ✅ Audit complete for [interoperability]. No critical improvements required (Optimal Baseline reached).
[2026-02-24T23:57:20Z] 🔍 Auditing Tab: [command]
[2026-02-24T23:57:20Z] ✅ Audit complete for [command]. No critical improvements required (Optimal Baseline reached).
[2026-02-24T23:57:20Z] 🔍 Auditing Tab: [board]
[2026-02-24T23:57:20Z] ✅ Audit complete for [board]. No critical improvements required (Optimal Baseline reached).
[2026-02-24T23:57:20Z] 🔍 Auditing Tab: [queues]
[2026-02-24T23:57:20Z] ✅ Audit complete for [queues]. No critical improvements required (Optimal Baseline reached).
[2026-02-24T23:57:20Z] 🔍 Auditing Tab: [status]
[2026-02-24T23:57:20Z] ✅ Audit complete for [status]. No critical improvements required (Optimal Baseline reached).
[2026-02-24T23:57:20Z] 🔍 Auditing Tab: [comet]
[2026-02-24T23:57:20Z] ✅ Audit complete for [comet]. No critical improvements required (Optimal Baseline reached).
[2026-02-24T23:57:20Z] 🔍 Auditing Tab: [whitepaper]
[2026-02-24T23:57:20Z] ✅ Audit complete for [whitepaper]. No critical improvements required (Optimal Baseline reached).
[2026-02-24T23:57:20Z] 📊 Global Upgrade Pulse Complete. System Status: OPTIMAL.
