[2026-02-22 12:00:00] ==========================================
[2026-02-22 12:00:00] AILCC MASTER SYSTEM OPTIMIZATION
[2026-02-22 12:00:00] ==========================================
[2026-02-22 12:00:00] --- SYSTEM STATUS SNAPSHOT ---
[2026-02-22 12:00:00] Hostname: Macbook-1.local
[2026-02-22 12:00:00] macOS: 15.7.4
[2026-02-22 12:00:00] Uptime: 12:00  up 16:17, 1 user, load averages: 1.88 1.80 1.94
[2026-02-22 12:00:00] Disk Usage: 43% used (14Gi free)
[2026-02-22 12:00:00] RAM: 8 GB
[2026-02-22 12:00:00] Load Avg: 1.88 1.80 1.94
[2026-02-22 12:00:00] --- MEMORY OPTIMIZATION ---
[2026-02-22 12:00:00] [WARNING] purge requires sudo - skipped (run with sudo for full effect)
[2026-02-22 12:00:00] User caches cleaned:  36K ->  36K
[2026-02-22 12:00:00] --- BROWSER OPTIMIZATION ---
[2026-02-22 12:00:00] Delegating to optimize_browsers.sh...
[2026-02-22 12:00:00] Starting Browser Optimization Sequence...
[2026-02-22 12:00:00] Detected Google Chrome Version: 145.0.7632.77
[2026-02-22 12:00:00] [WARNING] ⚠️  UNSTABLE VERSION DETECTED for Google Chrome (v145)
[2026-02-22 12:00:00] [WARNING]    Recommendation: Downgrade to Stable (v132+) to prevent SIGTRAP crashes.
[2026-02-22 12:00:00] Detected Comet Version: 144.0.7559.43118
[2026-02-22 12:00:00] [WARNING] ⚠️  UNSTABLE VERSION DETECTED for Comet (v144)
[2026-02-22 12:00:00] [WARNING]    Recommendation: Downgrade to Stable (v132+) to prevent SIGTRAP crashes.
[2026-02-22 12:00:00] Google Chrome is not running.
[2026-02-22 12:00:00] Comet is not running.
[2026-02-22 12:00:00] No Cache found for Google Chrome (AppSupport) at /Users/infinite27/Library/Application Support/Google/Chrome/Default/Cache
[2026-02-22 12:00:00] No GPUCache found for Google Chrome (AppSupport) at /Users/infinite27/Library/Application Support/Google/Chrome/Default/GPUCache
[2026-02-22 12:00:00] No Cache found for Google Chrome (Library/Caches) at /Users/infinite27/Library/Caches/Google/Chrome/Default/Cache
[2026-02-22 12:00:00] No GPUCache found for Google Chrome (Library/Caches) at /Users/infinite27/Library/Caches/Google/Chrome/Default/GPUCache
[2026-02-22 12:00:00] No Cache found for Comet (AppSupport 1) at /Users/infinite27/Library/Application Support/Comet/Cache
[2026-02-22 12:00:00] No GPUCache found for Comet (AppSupport 1) at /Users/infinite27/Library/Application Support/Comet/GPUCache
[2026-02-22 12:00:00] No Cache found for Comet (AppSupport 2) at /Users/infinite27/Library/Application Support/ai.perplexity.comet/Cache
[2026-02-22 12:00:00] No GPUCache found for Comet (AppSupport 2) at /Users/infinite27/Library/Application Support/ai.perplexity.comet/GPUCache
[2026-02-22 12:00:00] No Cache found for Comet (Library/Caches 1) at /Users/infinite27/Library/Caches/ai.perplexity.comet
[2026-02-22 12:00:00] No GPUCache found for Comet (Library/Caches 1) at /Users/infinite27/Library/Caches/ai.perplexity.comet/fsCachedData
[2026-02-22 12:00:00] No Cache found for Comet (Library/Caches 2) at /Users/infinite27/Library/Caches/Comet
[2026-02-22 12:00:00] No GPUCache found for Comet (Library/Caches 2) at /Users/infinite27/Library/Caches/Comet/fsCachedData
[2026-02-22 12:00:00] Optimization Complete.
[2026-02-22 12:00:00] Please restart your browsers. If crashes persist, consult troubleshooting_chromium.md
Log saved to: /Users/infinite27/AILCC_PRIME/logs/browser_opt_20260222_120000.log
[2026-02-22 12:00:00] [SUCCESS] Browser optimization complete
[2026-02-22 12:00:00] --- PROCESS OPTIMIZATION ---
[2026-02-22 12:00:00] [WARNING] Found idle process: Teams - consider closing
[2026-02-22 12:00:00] Top 5 Memory Consumers:
[2026-02-22 12:00:00]   infinite27       29885   5.0 11.9 39429676 1001576   ??  S     1:52AM  68:31.50 /Applications/Antigravity.app/Contents/Resources/app/extensions/antigravity/bin/language_server_macos_x64 --enable_lsp --extension_server_port 53255 --csrf_token 7fb14eb9-7894-4b23-b9a6-f00b60657f5c --random_port --workspace_id file_Users_infinite27_AILCC_PRIME --cloud_code_endpoint https://daily-cloudcode-pa.googleapis.com --app_data_dir antigravity --parent_pipe_path /var/folders/hz/52mr8nws137fxvfv8bbt6sq80000gn/T/server_ff03b78df0b9f1f0
[2026-02-22 12:00:00]   infinite27       31082   5.2 10.9 38329968 918120   ??  S     1:55AM  65:26.90 /Applications/Antigravity.app/Contents/Resources/app/extensions/antigravity/bin/language_server_macos_x64 --enable_lsp --extension_server_port 53359 --csrf_token a8d8b418-914f-4762-a578-3a4a8dc5a7cf --random_port --workspace_id file_Users_infinite27_AILCC_PRIME_Alliance_HQ_code_workspace --cloud_code_endpoint https://daily-cloudcode-pa.googleapis.com --app_data_dir antigravity --parent_pipe_path /var/folders/hz/52mr8nws137fxvfv8bbt6sq80000gn/T/server_9584029f3e09d752
[2026-02-22 12:00:00]   infinite27         859   1.3  3.7 37954152 307056   ??  Ss    7:43PM  83:34.26 /System/Library/Frameworks/Virtualization.framework/Versions/A/XPCServices/com.apple.Virtualization.VirtualMachine.xpc/Contents/MacOS/com.apple.Virtualization.VirtualMachine
[2026-02-22 12:00:00]   infinite27       28780   0.2  3.4 1491074500 282564   ??  S     1:51AM  19:33.38 /Applications/Antigravity.app/Contents/Frameworks/Antigravity Helper (Renderer).app/Contents/MacOS/Antigravity Helper (Renderer) --type=renderer --user-data-dir=/Users/infinite27/Library/Application Support/Antigravity --standard-schemes=vscode-webview,vscode-file --enable-sandbox --secure-schemes=vscode-webview,vscode-file --cors-schemes=vscode-webview,vscode-file --fetch-schemes=vscode-webview,vscode-file --service-worker-schemes=vscode-webview --code-cache-schemes=vscode-webview,vscode-file --app-path=/Applications/Antigravity.app/Contents/Resources/app --enable-sandbox --enable-blink-features=HighlightAPI --disable-blink-features=FontMatchingCTMigration,StandardizedBrowserZoom, --lang=en-US --num-raster-threads=4 --enable-zero-copy --enable-gpu-memory-buffer-compositor-resources --enable-main-frame-before-activation --renderer-client-id=5 --time-ticks-at-unix-epoch=-1771717369230902 --launch-time-ticks=22144535855 --shared-files --field-trial-handle=1718379636,r,2962631824650507162,3068080086873148217,262144 --enable-features=DocumentPolicyIncludeJSCallStacksInCrashReports,EarlyEstablishGpuChannel,EstablishGpuChannelAsync,PdfUseShowSaveFilePicker,ScreenCaptureKitPickerScreen,ScreenCaptureKitStreamPickerSonoma --disable-features=CalculateNativeWinOcclusion,LocalNetworkAccessChecks,MacWebContentsOcclusion,ScreenAIOCREnabled,SpareRendererForSitePerProcess,TimeoutHangingVideoCaptureStarts,TraceSiteInstanceGetProcessCreation --variations-seed-version --trace-process-track-uuid=3190708990997080739 --vscode-window-config=vscode:9d2b0b42-4776-4975-b419-44a0cce791a3 --seatbelt-client=70
[2026-02-22 12:00:00]   infinite27       28778   0.0  2.3 1507839356 195732   ??  S     1:51AM   4:19.40 /Applications/Antigravity.app/Contents/Frameworks/Antigravity Helper (Renderer).app/Contents/MacOS/Antigravity Helper (Renderer) --type=renderer --user-data-dir=/Users/infinite27/Library/Application Support/Antigravity --standard-schemes=vscode-webview,vscode-file --enable-sandbox --secure-schemes=vscode-webview,vscode-file --cors-schemes=vscode-webview,vscode-file --fetch-schemes=vscode-webview,vscode-file --service-worker-schemes=vscode-webview --code-cache-schemes=vscode-webview,vscode-file --app-path=/Applications/Antigravity.app/Contents/Resources/app --enable-sandbox --enable-blink-features=HighlightAPI --disable-blink-features=FontMatchingCTMigration,StandardizedBrowserZoom, --lang=en-US --num-raster-threads=4 --enable-zero-copy --enable-gpu-memory-buffer-compositor-resources --enable-main-frame-before-activation --renderer-client-id=4 --time-ticks-at-unix-epoch=-1771717369230902 --launch-time-ticks=22144456147 --shared-files --field-trial-handle=1718379636,r,2962631824650507162,3068080086873148217,262144 --enable-features=DocumentPolicyIncludeJSCallStacksInCrashReports,EarlyEstablishGpuChannel,EstablishGpuChannelAsync,PdfUseShowSaveFilePicker,ScreenCaptureKitPickerScreen,ScreenCaptureKitStreamPickerSonoma --disable-features=CalculateNativeWinOcclusion,LocalNetworkAccessChecks,MacWebContentsOcclusion,ScreenAIOCREnabled,SpareRendererForSitePerProcess,TimeoutHangingVideoCaptureStarts,TraceSiteInstanceGetProcessCreation --variations-seed-version --trace-process-track-uuid=3190708990060038890 --vscode-window-config=vscode:e76c2b41-df05-4c55-9f76-2df8661e77e3 --seatbelt-client=70
[2026-02-22 12:00:00] --- DISK SPACE OPTIMIZATION ---
[2026-02-22 12:00:02] Cleared npm cache
[2026-02-22 12:00:02] --- CRASH SCOUT ---
[2026-02-22 12:00:02] No recent Chromium crashes detected.
[2026-02-22 12:00:02] --- OBSERVABILITY CONFIGURATION ---
[2026-02-22 12:00:02] [SUCCESS] live_status.json updated
[2026-02-22 12:00:02] --- INTEROPERABILITY CHECK ---
[2026-02-22 12:00:02] [WARNING] Valentine Core (port 3002): OFFLINE
[2026-02-22 12:00:02] [WARNING] Dashboard (port 3000): OFFLINE
[2026-02-22 12:00:02] Hippocampus/Qdrant (port 6333): OFFLINE (optional)
[2026-02-22 12:00:02] ==========================================
[2026-02-22 12:00:02] OPTIMIZATION COMPLETE
[2026-02-22 12:00:02] ==========================================
[2026-02-22 12:00:02] Disk Usage After: 43% (14Gi free)
[2026-02-22 12:00:02] Load Avg After: 1.88 1.80 1.94
[2026-02-22 12:00:02] Log saved to: /Users/infinite27/AILCC_PRIME/logs/system_opt_20260222_120000.log
