[2026-02-27 04:07:16] ==========================================
[2026-02-27 04:07:16] AILCC MASTER SYSTEM OPTIMIZATION
[2026-02-27 04:07:16] ==========================================
[2026-02-27 04:07:16] --- SYSTEM STATUS SNAPSHOT ---
[2026-02-27 04:07:16] Hostname: Macbook-1.local
[2026-02-27 04:07:16] macOS: 15.7.4
[2026-02-27 04:07:17] Uptime:  4:07  up 13:31, 1 user, load averages: 13.57 7.83 4.26
[2026-02-27 04:07:17] Disk Usage: 44% used (13Gi free)
[2026-02-27 04:07:17] RAM: 8 GB
[2026-02-27 04:07:17] Load Avg: 13.57 7.83 4.26
[2026-02-27 04:07:17] --- MEMORY OPTIMIZATION ---
[2026-02-27 04:07:17] [WARNING] purge requires sudo - skipped (run with sudo for full effect)
[2026-02-27 04:07:17] User caches cleaned:  36K -> 116K
[2026-02-27 04:07:17] --- BROWSER OPTIMIZATION ---
[2026-02-27 04:07:17] Delegating to optimize_browsers.sh...
[2026-02-27 04:07:17] Starting Browser Optimization Sequence...
[2026-02-27 04:07:17] Detected Google Chrome Version: 145.0.7632.117
[2026-02-27 04:07:17] [WARNING] ⚠️  UNSTABLE VERSION DETECTED for Google Chrome (v145)
[2026-02-27 04:07:17] [WARNING]    Recommendation: Downgrade to Stable (v132+) to prevent SIGTRAP crashes.
[2026-02-27 04:07:17] Detected Comet Version: 145.0.7632.900
[2026-02-27 04:07:17] [WARNING] ⚠️  UNSTABLE VERSION DETECTED for Comet (v145)
[2026-02-27 04:07:17] [WARNING]    Recommendation: Downgrade to Stable (v132+) to prevent SIGTRAP crashes.
[2026-02-27 04:07:17] Google Chrome is not running.
[2026-02-27 04:07:18] [WARNING] Comet is running. Closing it to safely clear cache...
[2026-02-27 04:07:20] No Cache found for Google Chrome (AppSupport) at /Users/infinite27/Library/Application Support/Google/Chrome/Default/Cache
[2026-02-27 04:07:21] ✅ Cleared Google Chrome (AppSupport) GPUCache: /Users/infinite27/Library/Application Support/Google/Chrome/Default/GPUCache
[2026-02-27 04:07:21] No Cache found for Google Chrome (Library/Caches) at /Users/infinite27/Library/Caches/Google/Chrome/Default/Cache
[2026-02-27 04:07:21] No GPUCache found for Google Chrome (Library/Caches) at /Users/infinite27/Library/Caches/Google/Chrome/Default/GPUCache
[2026-02-27 04:07:21] No Cache found for Comet (AppSupport 1) at /Users/infinite27/Library/Application Support/Comet/Cache
[2026-02-27 04:07:21] No GPUCache found for Comet (AppSupport 1) at /Users/infinite27/Library/Application Support/Comet/GPUCache
[2026-02-27 04:07:21] No Cache found for Comet (AppSupport 2) at /Users/infinite27/Library/Application Support/ai.perplexity.comet/Cache
[2026-02-27 04:07:21] No GPUCache found for Comet (AppSupport 2) at /Users/infinite27/Library/Application Support/ai.perplexity.comet/GPUCache
[2026-02-27 04:07:21] No Cache found for Comet (Library/Caches 1) at /Users/infinite27/Library/Caches/ai.perplexity.comet
[2026-02-27 04:07:21] No GPUCache found for Comet (Library/Caches 1) at /Users/infinite27/Library/Caches/ai.perplexity.comet/fsCachedData
[2026-02-27 04:07:21] No Cache found for Comet (Library/Caches 2) at /Users/infinite27/Library/Caches/Comet
[2026-02-27 04:07:21] No GPUCache found for Comet (Library/Caches 2) at /Users/infinite27/Library/Caches/Comet/fsCachedData
[2026-02-27 04:07:21] Optimization Complete.
[2026-02-27 04:07:21] Please restart your browsers. If crashes persist, consult troubleshooting_chromium.md
Log saved to: /Users/infinite27/AILCC_PRIME/logs/browser_opt_20260227_040717.log
[2026-02-27 04:07:21] [SUCCESS] Browser optimization complete
[2026-02-27 04:07:21] --- PROCESS OPTIMIZATION ---
[2026-02-27 04:07:22] [WARNING] Found idle process: Teams - consider closing
[2026-02-27 04:07:22] Top 5 Memory Consumers:
[2026-02-27 04:07:23]   infinite27        5724   0.1  6.6 1507845100 550052   ??  S     3:24PM  21:43.17 /Applications/Antigravity.app/Contents/Frameworks/Antigravity Helper (Renderer).app/Contents/MacOS/Antigravity Helper (Renderer) --type=renderer --user-data-dir=/Users/infinite27/Library/Application Support/Antigravity --standard-schemes=vscode-webview,vscode-file --enable-sandbox --secure-schemes=vscode-webview,vscode-file --cors-schemes=vscode-webview,vscode-file --fetch-schemes=vscode-webview,vscode-file --service-worker-schemes=vscode-webview --code-cache-schemes=vscode-webview,vscode-file --app-path=/Applications/Antigravity.app/Contents/Resources/app --enable-sandbox --enable-blink-features=HighlightAPI --disable-blink-features=FontMatchingCTMigration,StandardizedBrowserZoom, --lang=en-US --num-raster-threads=4 --enable-zero-copy --enable-gpu-memory-buffer-compositor-resources --enable-main-frame-before-activation --renderer-client-id=4 --time-ticks-at-unix-epoch=-1772130972074445 --launch-time-ticks=2898994863 --shared-files --field-trial-handle=1718379636,r,5298862739770740455,935531207862834697,262144 --enable-features=DocumentPolicyIncludeJSCallStacksInCrashReports,EarlyEstablishGpuChannel,EstablishGpuChannelAsync,PdfUseShowSaveFilePicker,ScreenCaptureKitPickerScreen,ScreenCaptureKitStreamPickerSonoma --disable-features=CalculateNativeWinOcclusion,LocalNetworkAccessChecks,MacWebContentsOcclusion,ScreenAIOCREnabled,SpareRendererForSitePerProcess,TimeoutHangingVideoCaptureStarts,TraceSiteInstanceGetProcessCreation --variations-seed-version --trace-process-track-uuid=3190708990060038890 --vscode-window-config=vscode:cadea8f1-909b-43a0-8338-88a14c080f7e --seatbelt-client=68
[2026-02-27 04:07:24]   infinite27         887   2.6  5.9 37972476 493048   ??  Ss    2:37PM  76:26.84 /System/Library/Frameworks/Virtualization.framework/Versions/A/XPCServices/com.apple.Virtualization.VirtualMachine.xpc/Contents/MacOS/com.apple.Virtualization.VirtualMachine
[2026-02-27 04:07:24]   infinite27        6102   0.3  2.8 1490827888 235560   ??  S     3:24PM   6:17.59 /Applications/Antigravity.app/Contents/Frameworks/Antigravity Helper (Plugin).app/Contents/MacOS/Antigravity Helper (Plugin) --type=utility --utility-sub-type=node.mojom.NodeService --lang=en-US --service-sandbox-type=none --dns-result-order=ipv4first --experimental-network-inspection --inspect-port=0 --user-data-dir=/Users/infinite27/Library/Application Support/Antigravity --standard-schemes=vscode-webview,vscode-file --enable-sandbox --secure-schemes=vscode-webview,vscode-file --cors-schemes=vscode-webview,vscode-file --fetch-schemes=vscode-webview,vscode-file --service-worker-schemes=vscode-webview --code-cache-schemes=vscode-webview,vscode-file --shared-files --field-trial-handle=1718379636,r,5298862739770740455,935531207862834697,262144 --enable-features=DocumentPolicyIncludeJSCallStacksInCrashReports,EarlyEstablishGpuChannel,EstablishGpuChannelAsync,PdfUseShowSaveFilePicker,ScreenCaptureKitPickerScreen,ScreenCaptureKitStreamPickerSonoma --disable-features=CalculateNativeWinOcclusion,LocalNetworkAccessChecks,MacWebContentsOcclusion,ScreenAIOCREnabled,SpareRendererForSitePerProcess,TimeoutHangingVideoCaptureStarts,TraceSiteInstanceGetProcessCreation --variations-seed-version --trace-process-track-uuid=3190708993808206286
[2026-02-27 04:07:25]   infinite27        6531   1.1  2.5 36328352 209972   ??  S     3:24PM  24:34.24 /Applications/Antigravity.app/Contents/Resources/app/extensions/antigravity/bin/language_server_macos_x64 --enable_lsp --extension_server_port 51076 --csrf_token 38bf96e9-34c0-4c19-8201-e13088e5cdb0 --random_port --workspace_id file_Users_infinite27_AILCC_PRIME --cloud_code_endpoint https://daily-cloudcode-pa.googleapis.com --app_data_dir antigravity --parent_pipe_path /var/folders/hz/52mr8nws137fxvfv8bbt6sq80000gn/T/server_95cd59ddb8484d52
[2026-02-27 04:07:27]   infinite27       61752  97.6  1.4 34051676 113624   ??  R     3:37AM   0:23.53 /System/Library/Frameworks/AddressBook.framework/Versions/A/Helpers/AddressBookSourceSync.app/Contents/MacOS/AddressBookSourceSync
[2026-02-27 04:07:27] --- DISK SPACE OPTIMIZATION ---
[2026-02-27 04:08:26] Cleared npm cache
[2026-02-27 04:08:26] --- CRASH SCOUT ---
[2026-02-27 04:08:26] No recent Chromium crashes detected.
[2026-02-27 04:08:26] --- OBSERVABILITY CONFIGURATION ---
[2026-02-27 04:08:29] [SUCCESS] live_status.json updated
[2026-02-27 04:08:29] --- INTEROPERABILITY CHECK ---
[2026-02-27 04:08:30] [WARNING] Valentine Core (port 3002): OFFLINE
[2026-02-27 04:08:31] [WARNING] Dashboard (port 3000): OFFLINE
[2026-02-27 04:08:31] Hippocampus/Qdrant (port 6333): OFFLINE (optional)
[2026-02-27 04:08:32] ==========================================
[2026-02-27 04:08:32] OPTIMIZATION COMPLETE
[2026-02-27 04:08:32] ==========================================
[2026-02-27 04:08:33] Disk Usage After: 44% (14Gi free)
[2026-02-27 04:08:33] Load Avg After: 312.19 98.15 38.56
[2026-02-27 04:08:33] Log saved to: /Users/infinite27/AILCC_PRIME/logs/system_opt_20260227_040715.log
