[2026-02-19 12:00:00] ==========================================
[2026-02-19 12:00:00] AILCC MASTER SYSTEM OPTIMIZATION
[2026-02-19 12:00:00] ==========================================
[2026-02-19 12:00:00] --- SYSTEM STATUS SNAPSHOT ---
[2026-02-19 12:00:00] Hostname: Macbook-1.local
[2026-02-19 12:00:00] macOS: 15.7.4
[2026-02-19 12:00:00] Uptime: 12:00  up  1:05, 1 user, load averages: 19.01 49.77 48.21
[2026-02-19 12:00:00] Disk Usage: 53% used (9.5Gi free)
[2026-02-19 12:00:00] RAM: 8 GB
[2026-02-19 12:00:00] Load Avg: 19.01 49.77 48.21
[2026-02-19 12:00:00] --- MEMORY OPTIMIZATION ---
[2026-02-19 12:00:00] [WARNING] purge requires sudo - skipped (run with sudo for full effect)
[2026-02-19 12:00:00] User caches cleaned:  36K ->  36K
[2026-02-19 12:00:00] --- BROWSER OPTIMIZATION ---
[2026-02-19 12:00:00] Delegating to optimize_browsers.sh...
[2026-02-19 12:00:00] Starting Browser Optimization Sequence...
[2026-02-19 12:00:01] Detected Google Chrome Version: 145.0.7632.77
[2026-02-19 12:00:01] [WARNING] ⚠️  UNSTABLE VERSION DETECTED for Google Chrome (v145)
[2026-02-19 12:00:01] [WARNING]    Recommendation: Downgrade to Stable (v132+) to prevent SIGTRAP crashes.
[2026-02-19 12:00:01] Detected Comet Version: 144.0.7559.43118
[2026-02-19 12:00:01] [WARNING] ⚠️  UNSTABLE VERSION DETECTED for Comet (v144)
[2026-02-19 12:00:01] [WARNING]    Recommendation: Downgrade to Stable (v132+) to prevent SIGTRAP crashes.
[2026-02-19 12:00:01] [WARNING] Google Chrome is running. Closing it to safely clear cache...
[2026-02-19 12:00:03] Google Chrome forced closed.
[2026-02-19 12:00:04] [WARNING] Comet is running. Closing it to safely clear cache...
[2026-02-19 12:00:06] Comet forced closed.
[2026-02-19 12:00:07] No Cache found for Google Chrome (AppSupport) at /Users/infinite27/Library/Application Support/Google/Chrome/Default/Cache
[2026-02-19 12:00:07] ✅ Cleared Google Chrome (AppSupport) GPUCache: /Users/infinite27/Library/Application Support/Google/Chrome/Default/GPUCache
[2026-02-19 12:00:07] No Cache found for Google Chrome (Library/Caches) at /Users/infinite27/Library/Caches/Google/Chrome/Default/Cache
[2026-02-19 12:00:07] No GPUCache found for Google Chrome (Library/Caches) at /Users/infinite27/Library/Caches/Google/Chrome/Default/GPUCache
[2026-02-19 12:00:07] No Cache found for Comet (AppSupport 1) at /Users/infinite27/Library/Application Support/Comet/Cache
[2026-02-19 12:00:07] No GPUCache found for Comet (AppSupport 1) at /Users/infinite27/Library/Application Support/Comet/GPUCache
[2026-02-19 12:00:07] No Cache found for Comet (AppSupport 2) at /Users/infinite27/Library/Application Support/ai.perplexity.comet/Cache
[2026-02-19 12:00:07] No GPUCache found for Comet (AppSupport 2) at /Users/infinite27/Library/Application Support/ai.perplexity.comet/GPUCache
[2026-02-19 12:00:07] No Cache found for Comet (Library/Caches 1) at /Users/infinite27/Library/Caches/ai.perplexity.comet
[2026-02-19 12:00:07] No GPUCache found for Comet (Library/Caches 1) at /Users/infinite27/Library/Caches/ai.perplexity.comet/fsCachedData
[2026-02-19 12:00:08] ✅ Cleared Comet (Library/Caches 2) Cache: /Users/infinite27/Library/Caches/Comet
[2026-02-19 12:00:08] No GPUCache found for Comet (Library/Caches 2) at /Users/infinite27/Library/Caches/Comet/fsCachedData
[2026-02-19 12:00:08] Optimization Complete.
[2026-02-19 12:00:08] Please restart your browsers. If crashes persist, consult troubleshooting_chromium.md
Log saved to: /Users/infinite27/AILCC_PRIME/logs/browser_opt_20260219_120000.log
[2026-02-19 12:00:08] [SUCCESS] Browser optimization complete
[2026-02-19 12:00:08] --- PROCESS OPTIMIZATION ---
[2026-02-19 12:00:08] [WARNING] Found idle process: Teams - consider closing
[2026-02-19 12:00:08] Top 5 Memory Consumers:
[2026-02-19 12:00:08]   infinite27       12179   6.2  7.0 37970536 590996   ??  Ss   11:56AM   0:53.20 /System/Library/Frameworks/Virtualization.framework/Versions/A/XPCServices/com.apple.Virtualization.VirtualMachine.xpc/Contents/MacOS/com.apple.Virtualization.VirtualMachine
[2026-02-19 12:00:08]   infinite27        9851  14.8  1.4 1492799796 118640   ??  S    11:47AM   2:21.61 /Applications/Antigravity.app/Contents/Frameworks/Antigravity Helper (Renderer).app/Contents/MacOS/Antigravity Helper (Renderer) --type=renderer --user-data-dir=/Users/infinite27/Library/Application Support/Antigravity --standard-schemes=vscode-webview,vscode-file --enable-sandbox --secure-schemes=vscode-webview,vscode-file --cors-schemes=vscode-webview,vscode-file --fetch-schemes=vscode-webview,vscode-file --service-worker-schemes=vscode-webview --code-cache-schemes=vscode-webview,vscode-file --app-path=/Applications/Antigravity.app/Contents/Resources/app --enable-sandbox --enable-blink-features=HighlightAPI --disable-blink-features=FontMatchingCTMigration,StandardizedBrowserZoom, --lang=en-US --num-raster-threads=4 --enable-zero-copy --enable-gpu-memory-buffer-compositor-resources --enable-main-frame-before-activation --renderer-client-id=17 --time-ticks-at-unix-epoch=-1771512919660816 --launch-time-ticks=3109642123 --shared-files --field-trial-handle=1718379636,r,16794128144584018124,6533950819414111871,262144 --enable-features=DocumentPolicyIncludeJSCallStacksInCrashReports,EarlyEstablishGpuChannel,EstablishGpuChannelAsync,PdfUseShowSaveFilePicker,ScreenCaptureKitPickerScreen,ScreenCaptureKitStreamPickerSonoma --disable-features=CalculateNativeWinOcclusion,LocalNetworkAccessChecks,MacWebContentsOcclusion,ScreenAIOCREnabled,SpareRendererForSitePerProcess,TimeoutHangingVideoCaptureStarts,TraceSiteInstanceGetProcessCreation --variations-seed-version --trace-process-track-uuid=3190709002241582927 --vscode-window-config=vscode:90c800f5-80b6-4214-8875-93525d01e6b6 --seatbelt-client=123
[2026-02-19 12:00:08]   infinite27       10313  10.3  1.0 38577752  84540   ??  S    11:47AM   3:17.10 /Applications/Antigravity.app/Contents/Resources/app/extensions/antigravity/bin/language_server_macos_x64 --enable_lsp --extension_server_port 50722 --csrf_token 1139def0-f680-4d41-a7e8-e94aa4c15b2c --random_port --workspace_id file_Users_infinite27_AILCC_PRIME --cloud_code_endpoint https://daily-cloudcode-pa.googleapis.com --app_data_dir antigravity --parent_pipe_path /var/folders/hz/52mr8nws137fxvfv8bbt6sq80000gn/T/server_441dbc52527833f6
[2026-02-19 12:00:08]   root              6008   7.0  0.8 48217268  66900   ??  Ss   11:12AM  19:59.40 /System/Library/Frameworks/CoreServices.framework/Frameworks/Metadata.framework/Versions/A/Support/mds_stores
[2026-02-19 12:00:08]   infinite27       12071   1.5  0.8 37202676  69860   ??  S    11:55AM   0:23.56 /Applications/Docker.app/Contents/MacOS/com.docker.backend services
[2026-02-19 12:00:08] --- DISK SPACE OPTIMIZATION ---
[2026-02-19 12:00:10] Cleared npm cache
[2026-02-19 12:00:10] --- CRASH SCOUT ---
[2026-02-19 12:00:10] No recent Chromium crashes detected.
[2026-02-19 12:00:10] --- OBSERVABILITY CONFIGURATION ---
[2026-02-19 12:00:11] [SUCCESS] live_status.json updated
[2026-02-19 12:00:11] --- INTEROPERABILITY CHECK ---
[2026-02-19 12:00:11] [WARNING] Valentine Core (port 3002): OFFLINE
[2026-02-19 12:00:11] [WARNING] Dashboard (port 3000): OFFLINE
[2026-02-19 12:00:11] Hippocampus/Qdrant (port 6333): OFFLINE (optional)
[2026-02-19 12:00:11] ==========================================
[2026-02-19 12:00:11] OPTIMIZATION COMPLETE
[2026-02-19 12:00:11] ==========================================
[2026-02-19 12:00:11] Disk Usage After: 49% (11Gi free)
[2026-02-19 12:00:11] Load Avg After: 22.15 49.43 48.10
[2026-02-19 12:00:11] Log saved to: /Users/infinite27/AILCC_PRIME/logs/system_opt_20260219_120000.log
