[2026-02-26 04:00:00] ==========================================
[2026-02-26 04:00:00] AILCC MASTER SYSTEM OPTIMIZATION
[2026-02-26 04:00:00] ==========================================
[2026-02-26 04:00:00] --- SYSTEM STATUS SNAPSHOT ---
[2026-02-26 04:00:00] Hostname: Macbook-1.local
[2026-02-26 04:00:00] macOS: 15.7.4
[2026-02-26 04:00:00] Uptime:  4:00  up 1 day, 10:11, 1 user, load averages: 3.67 6.80 9.78
[2026-02-26 04:00:00] Disk Usage: 46% used (13Gi free)
[2026-02-26 04:00:00] RAM: 8 GB
[2026-02-26 04:00:00] Load Avg: 3.67 6.80 9.78
[2026-02-26 04:00:00] --- MEMORY OPTIMIZATION ---
[2026-02-26 04:00:00] [WARNING] purge requires sudo - skipped (run with sudo for full effect)
[2026-02-26 04:00:00] User caches cleaned:  36K ->  36K
[2026-02-26 04:00:00] --- BROWSER OPTIMIZATION ---
[2026-02-26 04:00:00] Delegating to optimize_browsers.sh...
[2026-02-26 04:00:00] Starting Browser Optimization Sequence...
[2026-02-26 04:00:00] Detected Google Chrome Version: 145.0.7632.117
[2026-02-26 04:00:00] [WARNING] ⚠️  UNSTABLE VERSION DETECTED for Google Chrome (v145)
[2026-02-26 04:00:00] [WARNING]    Recommendation: Downgrade to Stable (v132+) to prevent SIGTRAP crashes.
[2026-02-26 04:00:00] Detected Comet Version: 144.0.7559.43118
[2026-02-26 04:00:00] [WARNING] ⚠️  UNSTABLE VERSION DETECTED for Comet (v144)
[2026-02-26 04:00:00] [WARNING]    Recommendation: Downgrade to Stable (v132+) to prevent SIGTRAP crashes.
[2026-02-26 04:00:00] Google Chrome is not running.
[2026-02-26 04:00:00] [WARNING] Comet is running. Closing it to safely clear cache...
[2026-02-26 04:00:03] Comet forced closed.
[2026-02-26 04:00:03] No Cache found for Google Chrome (AppSupport) at /Users/infinite27/Library/Application Support/Google/Chrome/Default/Cache
[2026-02-26 04:00:03] ✅ Cleared Google Chrome (AppSupport) GPUCache: /Users/infinite27/Library/Application Support/Google/Chrome/Default/GPUCache
[2026-02-26 04:00:03] No Cache found for Google Chrome (Library/Caches) at /Users/infinite27/Library/Caches/Google/Chrome/Default/Cache
[2026-02-26 04:00:03] No GPUCache found for Google Chrome (Library/Caches) at /Users/infinite27/Library/Caches/Google/Chrome/Default/GPUCache
[2026-02-26 04:00:03] No Cache found for Comet (AppSupport 1) at /Users/infinite27/Library/Application Support/Comet/Cache
[2026-02-26 04:00:03] No GPUCache found for Comet (AppSupport 1) at /Users/infinite27/Library/Application Support/Comet/GPUCache
[2026-02-26 04:00:03] No Cache found for Comet (AppSupport 2) at /Users/infinite27/Library/Application Support/ai.perplexity.comet/Cache
[2026-02-26 04:00:03] No GPUCache found for Comet (AppSupport 2) at /Users/infinite27/Library/Application Support/ai.perplexity.comet/GPUCache
[2026-02-26 04:00:03] No Cache found for Comet (Library/Caches 1) at /Users/infinite27/Library/Caches/ai.perplexity.comet
[2026-02-26 04:00:03] No GPUCache found for Comet (Library/Caches 1) at /Users/infinite27/Library/Caches/ai.perplexity.comet/fsCachedData
[2026-02-26 04:00:03] No Cache found for Comet (Library/Caches 2) at /Users/infinite27/Library/Caches/Comet
[2026-02-26 04:00:03] No GPUCache found for Comet (Library/Caches 2) at /Users/infinite27/Library/Caches/Comet/fsCachedData
[2026-02-26 04:00:03] Optimization Complete.
[2026-02-26 04:00:03] Please restart your browsers. If crashes persist, consult troubleshooting_chromium.md
Log saved to: /Users/infinite27/AILCC_PRIME/logs/browser_opt_20260226_040000.log
[2026-02-26 04:00:03] [SUCCESS] Browser optimization complete
[2026-02-26 04:00:03] --- PROCESS OPTIMIZATION ---
[2026-02-26 04:00:03] [WARNING] Found idle process: Teams - consider closing
[2026-02-26 04:00:03] Top 5 Memory Consumers:
[2026-02-26 04:00:03]   infinite27       51290 128.3 37.1 57417516 3108720   ??  R     6:36PM 736:03.71 next-server (v16.1.1)
[2026-02-26 04:00:03]   infinite27         868   2.5  5.5 37970536 461800   ??  Ss   Tue05PM 234:16.64 /System/Library/Frameworks/Virtualization.framework/Versions/A/XPCServices/com.apple.Virtualization.VirtualMachine.xpc/Contents/MacOS/com.apple.Virtualization.VirtualMachine
[2026-02-26 04:00:03]   infinite27       56272   2.6  1.4 1491065360 121412   ??  R     7:23PM  30:23.82 /Applications/Antigravity.app/Contents/Frameworks/Antigravity Helper (Renderer).app/Contents/MacOS/Antigravity Helper (Renderer) --type=renderer --user-data-dir=/Users/infinite27/Library/Application Support/Antigravity --standard-schemes=vscode-webview,vscode-file --enable-sandbox --secure-schemes=vscode-webview,vscode-file --cors-schemes=vscode-webview,vscode-file --fetch-schemes=vscode-webview,vscode-file --service-worker-schemes=vscode-webview --code-cache-schemes=vscode-webview,vscode-file --app-path=/Applications/Antigravity.app/Contents/Resources/app --enable-sandbox --enable-blink-features=HighlightAPI --disable-blink-features=FontMatchingCTMigration,StandardizedBrowserZoom, --lang=en-US --num-raster-threads=4 --enable-zero-copy --enable-gpu-memory-buffer-compositor-resources --enable-main-frame-before-activation --renderer-client-id=15 --time-ticks-at-unix-epoch=-1771969721246129 --launch-time-ticks=92085799675 --shared-files --field-trial-handle=1718379636,r,3067113895154898519,3970409947514511750,262144 --enable-features=DocumentPolicyIncludeJSCallStacksInCrashReports,EarlyEstablishGpuChannel,EstablishGpuChannelAsync,PdfUseShowSaveFilePicker,ScreenCaptureKitPickerScreen,ScreenCaptureKitStreamPickerSonoma --disable-features=CalculateNativeWinOcclusion,LocalNetworkAccessChecks,MacWebContentsOcclusion,ScreenAIOCREnabled,SpareRendererForSitePerProcess,TimeoutHangingVideoCaptureStarts,TraceSiteInstanceGetProcessCreation --variations-seed-version --trace-process-track-uuid=3190709000367499229 --vscode-window-config=vscode:84542b86-e4a3-4129-9777-7c9e9958690f --seatbelt-client=42
[2026-02-26 04:00:03]   infinite27         693   0.7  0.9 36744012  77916   ??  S    Tue05PM  58:38.20 /Applications/Docker.app/Contents/MacOS/com.docker.backend services
[2026-02-26 04:00:03]   infinite27       56299   0.6  0.8 1490853488  66088   ??  S     7:23PM   5:31.40 /Applications/Antigravity.app/Contents/Frameworks/Antigravity Helper (Plugin).app/Contents/MacOS/Antigravity Helper (Plugin) --type=utility --utility-sub-type=node.mojom.NodeService --lang=en-US --service-sandbox-type=none --dns-result-order=ipv4first --experimental-network-inspection --inspect-port=0 --user-data-dir=/Users/infinite27/Library/Application Support/Antigravity --standard-schemes=vscode-webview,vscode-file --enable-sandbox --secure-schemes=vscode-webview,vscode-file --cors-schemes=vscode-webview,vscode-file --fetch-schemes=vscode-webview,vscode-file --service-worker-schemes=vscode-webview --code-cache-schemes=vscode-webview,vscode-file --shared-files --field-trial-handle=1718379636,r,3067113895154898519,3970409947514511750,262144 --enable-features=DocumentPolicyIncludeJSCallStacksInCrashReports,EarlyEstablishGpuChannel,EstablishGpuChannelAsync,PdfUseShowSaveFilePicker,ScreenCaptureKitPickerScreen,ScreenCaptureKitStreamPickerSonoma --disable-features=CalculateNativeWinOcclusion,LocalNetworkAccessChecks,MacWebContentsOcclusion,ScreenAIOCREnabled,SpareRendererForSitePerProcess,TimeoutHangingVideoCaptureStarts,TraceSiteInstanceGetProcessCreation --variations-seed-version --trace-process-track-uuid=3190709002241582927
[2026-02-26 04:00:03] --- DISK SPACE OPTIMIZATION ---
[2026-02-26 04:00:15] Cleared npm cache
[2026-02-26 04:00:15] --- CRASH SCOUT ---
[2026-02-26 04:00:15] [WARNING] Detected recent Chromium crash(es):
[2026-02-26 04:00:15]   [CRASH] Google Chrome-2026-02-25-183416.ips
[2026-02-26 04:00:15]   [CRASH] Google Chrome-2026-02-25-183310.ips
[2026-02-26 04:00:15] --- OBSERVABILITY CONFIGURATION ---
[2026-02-26 04:00:16] [SUCCESS] live_status.json updated
[2026-02-26 04:00:16] --- INTEROPERABILITY CHECK ---
[2026-02-26 04:00:16] [WARNING] Valentine Core (port 3002): OFFLINE
[2026-02-26 04:00:16] [SUCCESS] Dashboard (port 3000): ONLINE
[2026-02-26 04:00:16] Hippocampus/Qdrant (port 6333): OFFLINE (optional)
[2026-02-26 04:00:16] ==========================================
[2026-02-26 04:00:16] OPTIMIZATION COMPLETE
[2026-02-26 04:00:16] ==========================================
[2026-02-26 04:00:16] Disk Usage After: 45% (13Gi free)
[2026-02-26 04:00:16] Load Avg After: 11.23 8.22 10.23
[2026-02-26 04:00:16] Log saved to: /Users/infinite27/AILCC_PRIME/logs/system_opt_20260226_040000.log
