[2026-02-03 04:00:00] ==========================================
[2026-02-03 04:00:00] AILCC MASTER SYSTEM OPTIMIZATION
[2026-02-03 04:00:00] ==========================================
[2026-02-03 04:00:00] --- SYSTEM STATUS SNAPSHOT ---
[2026-02-03 04:00:00] Hostname: Macbook-1.local
[2026-02-03 04:00:00] macOS: 15.7.3
[2026-02-03 04:00:00] Uptime:  4:00  up  1:31, 1 user, load averages: 7.34 3.56 3.08
[2026-02-03 04:00:00] Disk Usage: 33% used (22Gi free)
[2026-02-03 04:00:00] RAM: 8 GB
[2026-02-03 04:00:00] Load Avg: 7.34 3.56 3.08
[2026-02-03 04:00:00] --- MEMORY OPTIMIZATION ---
[2026-02-03 04:00:00] [WARNING] purge requires sudo - skipped (run with sudo for full effect)
[2026-02-03 04:00:01] User caches cleaned: 633M -> 633M
[2026-02-03 04:00:01] --- BROWSER OPTIMIZATION ---
[2026-02-03 04:00:01] Delegating to optimize_browsers.sh...
[2026-02-03 04:00:01] Starting Browser Optimization Sequence...
[2026-02-03 04:00:01] Detected Google Chrome Version: 144.0.7559.110
[2026-02-03 04:00:01] [WARNING] ⚠️  UNSTABLE VERSION DETECTED for Google Chrome (v144)
[2026-02-03 04:00:01] [WARNING]    Recommendation: Downgrade to Stable (v132+) to prevent SIGTRAP crashes.
[2026-02-03 04:00:01] Detected Comet Version: 143.2.7499.37648
[2026-02-03 04:00:01] [WARNING] ⚠️  UNSTABLE VERSION DETECTED for Comet (v143)
[2026-02-03 04:00:01] [WARNING]    Recommendation: Downgrade to Stable (v132+) to prevent SIGTRAP crashes.
[2026-02-03 04:00:01] Google Chrome is not running.
[2026-02-03 04:00:01] Comet is not running.
[2026-02-03 04:00:01] No Cache found for Google Chrome (AppSupport) at /Users/infinite27/Library/Application Support/Google/Chrome/Default/Cache
[2026-02-03 04:00:01] No GPUCache found for Google Chrome (AppSupport) at /Users/infinite27/Library/Application Support/Google/Chrome/Default/GPUCache
[2026-02-03 04:00:02] ✅ Cleared Google Chrome (Library/Caches) Cache: /Users/infinite27/Library/Caches/Google/Chrome/Default/Cache
[2026-02-03 04:00:02] No GPUCache found for Google Chrome (Library/Caches) at /Users/infinite27/Library/Caches/Google/Chrome/Default/GPUCache
[2026-02-03 04:00:02] No Cache found for Comet (AppSupport 1) at /Users/infinite27/Library/Application Support/Comet/Cache
[2026-02-03 04:00:02] No GPUCache found for Comet (AppSupport 1) at /Users/infinite27/Library/Application Support/Comet/GPUCache
[2026-02-03 04:00:02] No Cache found for Comet (AppSupport 2) at /Users/infinite27/Library/Application Support/ai.perplexity.comet/Cache
[2026-02-03 04:00:02] No GPUCache found for Comet (AppSupport 2) at /Users/infinite27/Library/Application Support/ai.perplexity.comet/GPUCache
[2026-02-03 04:00:02] No Cache found for Comet (Library/Caches 1) at /Users/infinite27/Library/Caches/ai.perplexity.comet
[2026-02-03 04:00:02] No GPUCache found for Comet (Library/Caches 1) at /Users/infinite27/Library/Caches/ai.perplexity.comet/fsCachedData
[2026-02-03 04:00:03] ✅ Cleared Comet (Library/Caches 2) Cache: /Users/infinite27/Library/Caches/Comet
[2026-02-03 04:00:03] No GPUCache found for Comet (Library/Caches 2) at /Users/infinite27/Library/Caches/Comet/fsCachedData
[2026-02-03 04:00:03] Optimization Complete.
[2026-02-03 04:00:03] Please restart your browsers. If crashes persist, consult troubleshooting_chromium.md
Log saved to: /Users/infinite27/AILCC_PRIME/logs/browser_opt_20260203_040001.log
[2026-02-03 04:00:03] [SUCCESS] Browser optimization complete
[2026-02-03 04:00:03] --- PROCESS OPTIMIZATION ---
[2026-02-03 04:00:03] [WARNING] Found idle process: Teams - consider closing
[2026-02-03 04:00:03] Top 5 Memory Consumers:
[2026-02-03 04:00:03]   infinite27        2969   8.3  9.1 38287304 759932   ??  S     2:31AM  10:57.51 /Applications/Antigravity.app/Contents/Resources/app/extensions/antigravity/bin/language_server_macos_x64 --enable_lsp --extension_server_port 50048 --csrf_token 6db6df3e-21e8-4112-8d92-59e17ff9a4fe --random_port --workspace_id file_Users_infinite27_AILCC_PRIME_AI_MasterMind_Alliance --cloud_code_endpoint https://daily-cloudcode-pa.googleapis.com --app_data_dir antigravity --parent_pipe_path /var/folders/hz/52mr8nws137fxvfv8bbt6sq80000gn/T/server_86297f05fb307ce7
[2026-02-03 04:00:03]   infinite27        2172   5.6  2.9 1490864216 241732   ??  S     2:30AM   1:07.02 /Applications/Antigravity.app/Contents/Frameworks/Antigravity Helper (Renderer).app/Contents/MacOS/Antigravity Helper (Renderer) --type=renderer --user-data-dir=/Users/infinite27/Library/Application Support/Antigravity --standard-schemes=vscode-webview,vscode-file --enable-sandbox --secure-schemes=vscode-webview,vscode-file --cors-schemes=vscode-webview,vscode-file --fetch-schemes=vscode-webview,vscode-file --service-worker-schemes=vscode-webview --code-cache-schemes=vscode-webview,vscode-file --app-path=/Applications/Antigravity.app/Contents/Resources/app --enable-sandbox --enable-blink-features=HighlightAPI --disable-blink-features=FontMatchingCTMigration,StandardizedBrowserZoom, --lang=en-US --num-raster-threads=4 --enable-zero-copy --enable-gpu-memory-buffer-compositor-resources --enable-main-frame-before-activation --renderer-client-id=4 --time-ticks-at-unix-epoch=-1770100137857534 --launch-time-ticks=107773465 --shared-files --field-trial-handle=1718379636,r,11103941491195840485,94981126853242322,262144 --enable-features=DocumentPolicyIncludeJSCallStacksInCrashReports,EarlyEstablishGpuChannel,EstablishGpuChannelAsync,PdfUseShowSaveFilePicker,ScreenCaptureKitPickerScreen,ScreenCaptureKitStreamPickerSonoma --disable-features=CalculateNativeWinOcclusion,FontationsLinuxSystemFonts,MacWebContentsOcclusion,ScreenAIOCREnabled,SpareRendererForSitePerProcess,TimeoutHangingVideoCaptureStarts --variations-seed-version --vscode-window-config=vscode:58dd18c9-8156-44ee-ae83-32b02763c373 --seatbelt-client=68
[2026-02-03 04:00:03]   infinite27        2530   1.6  2.4 1490800448 203108   ??  S     2:30AM   0:54.83 /Applications/Antigravity.app/Contents/Frameworks/Antigravity Helper (Plugin).app/Contents/MacOS/Antigravity Helper (Plugin) --type=utility --utility-sub-type=node.mojom.NodeService --lang=en-US --service-sandbox-type=none --dns-result-order=ipv4first --experimental-network-inspection --inspect-port=0 --user-data-dir=/Users/infinite27/Library/Application Support/Antigravity --standard-schemes=vscode-webview,vscode-file --enable-sandbox --secure-schemes=vscode-webview,vscode-file --cors-schemes=vscode-webview,vscode-file --fetch-schemes=vscode-webview,vscode-file --service-worker-schemes=vscode-webview --code-cache-schemes=vscode-webview,vscode-file --shared-files --field-trial-handle=1718379636,r,11103941491195840485,94981126853242322,262144 --enable-features=DocumentPolicyIncludeJSCallStacksInCrashReports,EarlyEstablishGpuChannel,EstablishGpuChannelAsync,PdfUseShowSaveFilePicker,ScreenCaptureKitPickerScreen,ScreenCaptureKitStreamPickerSonoma --disable-features=CalculateNativeWinOcclusion,FontationsLinuxSystemFonts,MacWebContentsOcclusion,ScreenAIOCREnabled,SpareRendererForSitePerProcess,TimeoutHangingVideoCaptureStarts --variations-seed-version
[2026-02-03 04:00:03]   infinite27        2154   0.2  1.2 1491194336 102056   ??  S     2:30AM   0:28.48 /Applications/Antigravity.app/Contents/MacOS/Electron
[2026-02-03 04:00:03]   infinite27        1559   0.0  1.1 1489055380  92120   ??  S     2:30AM   0:41.22 /Applications/Docker.app/Contents/MacOS/Docker Desktop.app/Contents/Frameworks/Docker Desktop Helper (Renderer).app/Contents/MacOS/Docker Desktop Helper (Renderer) --type=renderer --user-data-dir=/Users/infinite27/Library/Application Support/Docker Desktop --standard-schemes=app --enable-sandbox --secure-schemes=app --fetch-schemes=dd --code-cache-schemes=app --app-path=/Applications/Docker.app/Contents/MacOS/Docker Desktop.app/Contents/Resources/app.asar --enable-sandbox --lang=en-US --num-raster-threads=4 --enable-zero-copy --enable-gpu-memory-buffer-compositor-resources --enable-main-frame-before-activation --renderer-client-id=4 --time-ticks-at-unix-epoch=-1770100137857076 --launch-time-ticks=63146984 --shared-files --field-trial-handle=1718379636,r,9986030188728678079,10080337204030228833,262144 --enable-features=PdfUseShowSaveFilePicker,ScreenCaptureKitPickerScreen,ScreenCaptureKitStreamPickerSonoma --disable-features=MacWebContentsOcclusion,ScreenAIOCREnabled,SpareRendererForSitePerProcess,TimeoutHangingVideoCaptureStarts --variations-seed-version --desktop-ui-preload-params={"needsBackendErrorsIpcClient":true,"needsPrimaryIpcClient":true} --seatbelt-client=83
[2026-02-03 04:00:03] --- DISK SPACE OPTIMIZATION ---
[2026-02-03 04:00:04] Cleared npm cache
[2026-02-03 04:00:04] --- CRASH SCOUT ---
[2026-02-03 04:00:04] [WARNING] Detected recent Chromium crash(es):
[2026-02-03 04:00:04]   [CRASH] Google Chrome Helper (Renderer)-2026-02-02-180042.ips
[2026-02-03 04:00:04]   [CRASH] Google Chrome Helper (Renderer)-2026-02-02-180041.ips
[2026-02-03 04:00:04]   [CRASH] Comet Helper-2026-02-02-173136.ips
[2026-02-03 04:00:04]   [CRASH] Comet Helper-2026-02-02-182858.ips
[2026-02-03 04:00:04]   [CRASH] Comet-2026-02-02-190712.ips
[2026-02-03 04:00:04]   [CRASH] Google Chrome Helper (Renderer)-2026-02-02-175534.ips
[2026-02-03 04:00:04]   [CRASH] Comet-2026-02-02-190715.ips
[2026-02-03 04:00:04]   [CRASH] Comet Helper-2026-02-02-182740.ips
[2026-02-03 04:00:04]   [CRASH] Comet Helper-2026-02-02-175843.ips
[2026-02-03 04:00:04]   [CRASH] Google Chrome Helper (Renderer)-2026-02-02-175534.000.ips
[2026-02-03 04:00:04]   [CRASH] Comet-2026-02-02-190142.ips
[2026-02-03 04:00:05]   [CRASH] Comet-2026-02-02-190751.ips
[2026-02-03 04:00:05]   [CRASH] Google Chrome Helper-2026-02-02-180101.ips
[2026-02-03 04:00:05]   [CRASH] Comet Helper-2026-02-02-181423.ips
[2026-02-03 04:00:05]   [CRASH] Comet Helper-2026-02-02-174445.ips
[2026-02-03 04:00:05]   [CRASH] Comet-2026-02-02-190810.ips
[2026-02-03 04:00:05]   [CRASH] Comet-2026-02-02-183717.ips
[2026-02-03 04:00:05]   [CRASH] Comet-2026-02-02-190812.ips
[2026-02-03 04:00:05] --- OBSERVABILITY CONFIGURATION ---
[2026-02-03 04:00:05] [SUCCESS] live_status.json updated
[2026-02-03 04:00:05] --- INTEROPERABILITY CHECK ---
[2026-02-03 04:00:05] [WARNING] Valentine Core (port 3002): OFFLINE
[2026-02-03 04:00:05] [WARNING] Dashboard (port 3000): OFFLINE
[2026-02-03 04:00:05] Hippocampus/Qdrant (port 6333): OFFLINE (optional)
[2026-02-03 04:00:05] ==========================================
[2026-02-03 04:00:05] OPTIMIZATION COMPLETE
[2026-02-03 04:00:05] ==========================================
[2026-02-03 04:00:05] Disk Usage After: 33% (22Gi free)
[2026-02-03 04:00:05] Load Avg After: 7.95 3.75 3.15
[2026-02-03 04:00:05] Log saved to: /Users/infinite27/AILCC_PRIME/logs/system_opt_20260203_040000.log
