[2026-03-02 04:00:00] ==========================================
[2026-03-02 04:00:00] AILCC MASTER SYSTEM OPTIMIZATION
[2026-03-02 04:00:00] ==========================================
[2026-03-02 04:00:00] --- SYSTEM STATUS SNAPSHOT ---
[2026-03-02 04:00:00] Hostname: Macbook-1.local
[2026-03-02 04:00:00] macOS: 15.7.4
[2026-03-02 04:00:00] Uptime:  4:00  up 3 days, 13:24, 1 user, load averages: 3.78 3.17 3.45
[2026-03-02 04:00:00] Disk Usage: 52% used (10Gi free)
[2026-03-02 04:00:00] RAM: 8 GB
[2026-03-02 04:00:00] Load Avg: 3.78 3.17 3.45
[2026-03-02 04:00:00] --- MEMORY OPTIMIZATION ---
[2026-03-02 04:00:00] [WARNING] purge requires sudo - skipped (run with sudo for full effect)
[2026-03-02 04:00:00] User caches cleaned:  26M ->  26M
[2026-03-02 04:00:00] --- BROWSER OPTIMIZATION ---
[2026-03-02 04:00:00] Delegating to optimize_browsers.sh...
[2026-03-02 04:00:00] Starting Browser Optimization Sequence...
[2026-03-02 04:00:00] Detected Google Chrome Version: 145.0.7632.117
[2026-03-02 04:00:00] [WARNING] ⚠️  UNSTABLE VERSION DETECTED for Google Chrome (v145)
[2026-03-02 04:00:00] [WARNING]    Recommendation: Downgrade to Stable (v132+) to prevent SIGTRAP crashes.
[2026-03-02 04:00:00] Detected Comet Version: 145.0.7632.900
[2026-03-02 04:00:00] [WARNING] ⚠️  UNSTABLE VERSION DETECTED for Comet (v145)
[2026-03-02 04:00:00] [WARNING]    Recommendation: Downgrade to Stable (v132+) to prevent SIGTRAP crashes.
[2026-03-02 04:00:00] Google Chrome is not running.
[2026-03-02 04:00:00] [WARNING] Comet is running. Closing it to safely clear cache...
[2026-03-02 04:00:02] No Cache found for Google Chrome (AppSupport) at /Users/infinite27/Library/Application Support/Google/Chrome/Default/Cache
[2026-03-02 04:00:02] No GPUCache found for Google Chrome (AppSupport) at /Users/infinite27/Library/Application Support/Google/Chrome/Default/GPUCache
[2026-03-02 04:00:02] No Cache found for Google Chrome (Library/Caches) at /Users/infinite27/Library/Caches/Google/Chrome/Default/Cache
[2026-03-02 04:00:02] No GPUCache found for Google Chrome (Library/Caches) at /Users/infinite27/Library/Caches/Google/Chrome/Default/GPUCache
[2026-03-02 04:00:02] No Cache found for Comet (AppSupport 1) at /Users/infinite27/Library/Application Support/Comet/Cache
[2026-03-02 04:00:02] No GPUCache found for Comet (AppSupport 1) at /Users/infinite27/Library/Application Support/Comet/GPUCache
[2026-03-02 04:00:02] No Cache found for Comet (AppSupport 2) at /Users/infinite27/Library/Application Support/ai.perplexity.comet/Cache
[2026-03-02 04:00:02] No GPUCache found for Comet (AppSupport 2) at /Users/infinite27/Library/Application Support/ai.perplexity.comet/GPUCache
[2026-03-02 04:00:02] No Cache found for Comet (Library/Caches 1) at /Users/infinite27/Library/Caches/ai.perplexity.comet
[2026-03-02 04:00:02] No GPUCache found for Comet (Library/Caches 1) at /Users/infinite27/Library/Caches/ai.perplexity.comet/fsCachedData
[2026-03-02 04:00:03] ✅ Cleared Comet (Library/Caches 2) Cache: /Users/infinite27/Library/Caches/Comet
[2026-03-02 04:00:03] No GPUCache found for Comet (Library/Caches 2) at /Users/infinite27/Library/Caches/Comet/fsCachedData
[2026-03-02 04:00:03] Optimization Complete.
[2026-03-02 04:00:03] Please restart your browsers. If crashes persist, consult troubleshooting_chromium.md
Log saved to: /Users/infinite27/AILCC_PRIME/logs/browser_opt_20260302_040000.log
[2026-03-02 04:00:03] [SUCCESS] Browser optimization complete
[2026-03-02 04:00:03] --- PROCESS OPTIMIZATION ---
[2026-03-02 04:00:03] [WARNING] Found idle process: Teams - consider closing
[2026-03-02 04:00:03] Top 5 Memory Consumers:
[2026-03-02 04:00:03]   infinite27       51510   1.1  6.4 1507836496 538920   ??  S    Sat01AM  51:14.94 /Applications/Antigravity.app/Contents/Frameworks/Antigravity Helper (Renderer).app/Contents/MacOS/Antigravity Helper (Renderer) --type=renderer --user-data-dir=/Users/infinite27/Library/Application Support/Antigravity --standard-schemes=vscode-webview,vscode-file --enable-sandbox --secure-schemes=vscode-webview,vscode-file --cors-schemes=vscode-webview,vscode-file --fetch-schemes=vscode-webview,vscode-file --service-worker-schemes=vscode-webview --code-cache-schemes=vscode-webview,vscode-file --app-path=/Applications/Antigravity.app/Contents/Resources/app --enable-sandbox --enable-blink-features=HighlightAPI --disable-blink-features=FontMatchingCTMigration,StandardizedBrowserZoom, --lang=en-US --num-raster-threads=4 --enable-zero-copy --enable-gpu-memory-buffer-compositor-resources --enable-main-frame-before-activation --renderer-client-id=22 --time-ticks-at-unix-epoch=-1772138533109734 --launch-time-ticks=117524289831 --shared-files --field-trial-handle=1718379636,r,6339321407322299097,4542904827135895461,262144 --enable-features=DocumentPolicyIncludeJSCallStacksInCrashReports,EarlyEstablishGpuChannel,EstablishGpuChannelAsync,PdfUseShowSaveFilePicker,ScreenCaptureKitPickerScreen,ScreenCaptureKitStreamPickerSonoma --disable-features=CalculateNativeWinOcclusion,LocalNetworkAccessChecks,MacWebContentsOcclusion,ScreenAIOCREnabled,SpareRendererForSitePerProcess,TimeoutHangingVideoCaptureStarts,TraceSiteInstanceGetProcessCreation --variations-seed-version --trace-process-track-uuid=3190709006926792172 --vscode-window-config=vscode:50be8b2c-9a38-4f15-9859-56527482e609 --seatbelt-client=41
[2026-03-02 04:00:03]   infinite27       52604   0.6  3.6 36375436 305484   ??  S    Sat01AM  44:59.87 /Applications/Antigravity.app/Contents/Resources/app/extensions/antigravity/bin/language_server_macos_x64 --enable_lsp --csrf_token 48655ce2-0696-4c65-96da-3477e3eb23fb --extension_server_port 56130 --extension_server_csrf_token 34578abb-523d-4ae0-8cbc-6c7d08cf2dc4 --random_port --workspace_id file_Users_infinite27_AILCC_PRIME --cloud_code_endpoint https://daily-cloudcode-pa.googleapis.com --app_data_dir antigravity --parent_pipe_path /var/folders/hz/52mr8nws137fxvfv8bbt6sq80000gn/T/server_d146b428dd43b07a
[2026-03-02 04:00:03]   infinite27       52081   1.9  2.8 1490853752 235288   ??  S    Sat01AM  20:20.99 /Applications/Antigravity.app/Contents/Frameworks/Antigravity Helper (Plugin).app/Contents/MacOS/Antigravity Helper (Plugin) --type=utility --utility-sub-type=node.mojom.NodeService --lang=en-US --service-sandbox-type=none --dns-result-order=ipv4first --experimental-network-inspection --inspect-port=0 --user-data-dir=/Users/infinite27/Library/Application Support/Antigravity --standard-schemes=vscode-webview,vscode-file --enable-sandbox --secure-schemes=vscode-webview,vscode-file --cors-schemes=vscode-webview,vscode-file --fetch-schemes=vscode-webview,vscode-file --service-worker-schemes=vscode-webview --code-cache-schemes=vscode-webview,vscode-file --shared-files --field-trial-handle=1718379636,r,6339321407322299097,4542904827135895461,262144 --enable-features=DocumentPolicyIncludeJSCallStacksInCrashReports,EarlyEstablishGpuChannel,EstablishGpuChannelAsync,PdfUseShowSaveFilePicker,ScreenCaptureKitPickerScreen,ScreenCaptureKitStreamPickerSonoma --disable-features=CalculateNativeWinOcclusion,LocalNetworkAccessChecks,MacWebContentsOcclusion,ScreenAIOCREnabled,SpareRendererForSitePerProcess,TimeoutHangingVideoCaptureStarts,TraceSiteInstanceGetProcessCreation --variations-seed-version --trace-process-track-uuid=3190709010674959568
[2026-03-02 04:00:03]   infinite27        3739   0.5  1.1 1491317092  95976   ??  S    Fri05PM   9:28.72 /Applications/Antigravity.app/Contents/MacOS/Electron
[2026-03-02 04:00:03]   infinite27       61120   0.2  1.0 44043284  85164   ??  S    Sat01AM  10:42.47 openclaw-gateway
[2026-03-02 04:00:03] --- DISK SPACE OPTIMIZATION ---
[2026-03-02 04:00:04] Cleared npm cache
[2026-03-02 04:00:04] --- CRASH SCOUT ---
[2026-03-02 04:00:04] No recent Chromium crashes detected.
[2026-03-02 04:00:04] --- OBSERVABILITY CONFIGURATION ---
[2026-03-02 04:00:04] [SUCCESS] live_status.json updated
[2026-03-02 04:00:04] --- INTEROPERABILITY CHECK ---
[2026-03-02 04:00:04] [WARNING] Valentine Core (port 3002): OFFLINE
[2026-03-02 04:00:04] [SUCCESS] Dashboard (port 3000): ONLINE
[2026-03-02 04:00:04] Hippocampus/Qdrant (port 6333): OFFLINE (optional)
[2026-03-02 04:00:04] ==========================================
[2026-03-02 04:00:04] OPTIMIZATION COMPLETE
[2026-03-02 04:00:04] ==========================================
[2026-03-02 04:00:04] Disk Usage After: 49% (11Gi free)
[2026-03-02 04:00:04] Load Avg After: 3.80 3.19 3.45
[2026-03-02 04:00:04] Log saved to: /Users/infinite27/AILCC_PRIME/logs/system_opt_20260302_040000.log
