[2026-01-26 11:29:59] ==========================================
[2026-01-26 11:30:00] AILCC MASTER SYSTEM OPTIMIZATION
[2026-01-26 11:30:05] ==========================================
[2026-01-26 11:30:06] --- SYSTEM STATUS SNAPSHOT ---
[2026-01-26 11:30:08] Hostname: Macbook-1.local
[2026-01-26 11:30:23] macOS: 15.7.3
[2026-01-26 11:30:44] Uptime: 11:30  up 15:35, 1 user, load averages: 276.38 503.80 369.18
[2026-01-26 11:31:04] Disk Usage: 52% used (10Gi free)
[2026-01-26 11:31:36] RAM: 8 GB
[2026-01-26 11:31:37] Load Avg: 203.60 439.56 354.20
[2026-01-26 11:31:37] --- MEMORY OPTIMIZATION ---
[2026-01-26 11:32:30] [WARNING] purge requires sudo - skipped (run with sudo for full effect)
[2026-01-26 11:34:16] User caches cleaned: 1.4G -> 1.3G
[2026-01-26 11:34:16] --- BROWSER OPTIMIZATION ---
[2026-01-26 11:34:16] Delegating to optimize_browsers.sh...
[2026-01-26 11:34:17] Starting Browser Optimization Sequence...
[2026-01-26 11:34:17] Detected Google Chrome Version: 144.0.7559.97
[2026-01-26 11:34:17] [WARNING] ⚠️  UNSTABLE VERSION DETECTED for Google Chrome (v144)
[2026-01-26 11:34:17] [WARNING]    Recommendation: Downgrade to Stable (v132+) to prevent SIGTRAP crashes.
[2026-01-26 11:34:17] Detected Comet Version: 143.2.7499.37648
[2026-01-26 11:34:17] [WARNING] ⚠️  UNSTABLE VERSION DETECTED for Comet (v143)
[2026-01-26 11:34:17] [WARNING]    Recommendation: Downgrade to Stable (v132+) to prevent SIGTRAP crashes.
[2026-01-26 11:34:17] [WARNING] Google Chrome is running. Closing it to safely clear cache...
[2026-01-26 11:34:23] Google Chrome forced closed.
[2026-01-26 11:34:23] [WARNING] Comet is running. Closing it to safely clear cache...
[2026-01-26 11:34:26] Comet forced closed.
[2026-01-26 11:34:26] No Cache found for Google Chrome (AppSupport) at /Users/infinite27/Library/Application Support/Google/Chrome/Default/Cache
rm: /Users/infinite27/Library/Application Support/Google/Chrome/Default/GPUCache: Operation not permitted
[2026-01-26 11:34:28] ✅ Cleared Google Chrome (AppSupport) GPUCache: /Users/infinite27/Library/Application Support/Google/Chrome/Default/GPUCache
[2026-01-26 11:34:28] No Cache found for Google Chrome (Library/Caches) at /Users/infinite27/Library/Caches/Google/Chrome/Default/Cache
[2026-01-26 11:34:28] No GPUCache found for Google Chrome (Library/Caches) at /Users/infinite27/Library/Caches/Google/Chrome/Default/GPUCache
[2026-01-26 11:34:28] No Cache found for Comet (AppSupport 1) at /Users/infinite27/Library/Application Support/Comet/Cache
[2026-01-26 11:34:28] No GPUCache found for Comet (AppSupport 1) at /Users/infinite27/Library/Application Support/Comet/GPUCache
[2026-01-26 11:34:28] No Cache found for Comet (AppSupport 2) at /Users/infinite27/Library/Application Support/ai.perplexity.comet/Cache
[2026-01-26 11:34:28] No GPUCache found for Comet (AppSupport 2) at /Users/infinite27/Library/Application Support/ai.perplexity.comet/GPUCache
[2026-01-26 11:34:28] No Cache found for Comet (Library/Caches 1) at /Users/infinite27/Library/Caches/ai.perplexity.comet
[2026-01-26 11:34:28] No GPUCache found for Comet (Library/Caches 1) at /Users/infinite27/Library/Caches/ai.perplexity.comet/fsCachedData
rm: /Users/infinite27/Library/Caches/Comet/Default/Cache/Cache_Data: Directory not empty
rm: /Users/infinite27/Library/Caches/Comet/Default/Cache: Directory not empty
rm: /Users/infinite27/Library/Caches/Comet/Default: Directory not empty
rm: /Users/infinite27/Library/Caches/Comet: Directory not empty
[2026-01-26 11:34:42] ✅ Cleared Comet (Library/Caches 2) Cache: /Users/infinite27/Library/Caches/Comet
[2026-01-26 11:34:42] No GPUCache found for Comet (Library/Caches 2) at /Users/infinite27/Library/Caches/Comet/fsCachedData
[2026-01-26 11:34:42] Optimization Complete.
[2026-01-26 11:34:42] Please restart your browsers. If crashes persist, consult troubleshooting_chromium.md
Log saved to: /Users/infinite27/AILCC_PRIME/logs/browser_opt_20260126_113416.log
[2026-01-26 11:34:42] [SUCCESS] Browser optimization complete
[2026-01-26 11:34:42] --- PROCESS OPTIMIZATION ---
[2026-01-26 11:34:43] [WARNING] Found idle process: Teams - consider closing
[2026-01-26 11:34:43] Top 5 Memory Consumers:
[2026-01-26 11:34:44]   infinite27        1336   3.7  5.5 37970536 459752   ??  Rs    7:57PM 189:50.06 /System/Library/Frameworks/Virtualization.framework/Versions/A/XPCServices/com.apple.Virtualization.VirtualMachine.xpc/Contents/MacOS/com.apple.Virtualization.VirtualMachine
[2026-01-26 11:34:44]   infinite27       25296  10.4  0.7 33812356  58804   ??  S    11:33AM   0:03.19 /usr/libexec/siriknowledged
[2026-01-26 11:34:44]   infinite27        1421   5.8  0.7 1489252488  58036   ??  S     7:57PM  17:32.72 /Applications/Docker.app/Contents/MacOS/Docker Desktop.app/Contents/Frameworks/Docker Desktop Helper (Renderer).app/Contents/MacOS/Docker Desktop Helper (Renderer) --type=renderer --user-data-dir=/Users/infinite27/Library/Application Support/Docker Desktop --standard-schemes=app --enable-sandbox --secure-schemes=app --fetch-schemes=dd --code-cache-schemes=app --app-path=/Applications/Docker.app/Contents/MacOS/Docker Desktop.app/Contents/Resources/app.asar --enable-sandbox --lang=en-US --num-raster-threads=4 --enable-zero-copy --enable-gpu-memory-buffer-compositor-resources --enable-main-frame-before-activation --renderer-client-id=4 --time-ticks-at-unix-epoch=-1769385310187571 --launch-time-ticks=150134616 --shared-files --field-trial-handle=1718379636,r,16954634069461241762,6517551399974916068,262144 --enable-features=PdfUseShowSaveFilePicker,ScreenCaptureKitPickerScreen,ScreenCaptureKitStreamPickerSonoma --disable-features=MacWebContentsOcclusion,ScreenAIOCREnabled,SpareRendererForSitePerProcess,TimeoutHangingVideoCaptureStarts --variations-seed-version --desktop-ui-preload-params={"needsBackendErrorsIpcClient":true,"needsPrimaryIpcClient":true} --seatbelt-client=86
[2026-01-26 11:34:44]   infinite27         688  54.9  0.7 34131524  62208   ??  R     7:56PM   8:57.58 com.apple.Passwords.MenuBarExtra
[2026-01-26 11:34:44]   infinite27       25320   1.9  0.6 33874680  47932   ??  S    11:33AM   0:02.22 /System/Library/PrivateFrameworks/DataAccess.framework/Support/dataaccessd
[2026-01-26 11:34:44] --- DISK SPACE OPTIMIZATION ---
[2026-01-26 11:34:50] Cleared npm cache
[2026-01-26 11:34:50] --- CRASH SCOUT ---
[2026-01-26 11:34:50] [WARNING] Detected recent Chromium crash(es):
[2026-01-26 11:34:50]   [CRASH] Comet-2026-01-25-200239.ips
[2026-01-26 11:34:50]   [CRASH] Comet-2026-01-25-200413.ips
[2026-01-26 11:34:50]   [CRASH] Comet-2026-01-25-200239.000.ips
[2026-01-26 11:34:50]   [CRASH] Comet-2026-01-25-215516.ips
[2026-01-26 11:34:50]   [CRASH] Comet-2026-01-25-195725.ips
[2026-01-26 11:34:50] --- OBSERVABILITY CONFIGURATION ---
[2026-01-26 11:34:51] [SUCCESS] live_status.json updated
[2026-01-26 11:34:51] --- INTEROPERABILITY CHECK ---
[2026-01-26 11:34:51] [WARNING] Valentine Core (port 3002): OFFLINE
[2026-01-26 11:34:52] [SUCCESS] Dashboard (port 3000): ONLINE
[2026-01-26 11:34:52] Hippocampus/Qdrant (port 6333): OFFLINE (optional)
[2026-01-26 11:34:52] ==========================================
[2026-01-26 11:34:52] OPTIMIZATION COMPLETE
[2026-01-26 11:34:52] ==========================================
[2026-01-26 11:34:52] Disk Usage After: 51% (10Gi free)
[2026-01-26 11:34:52] Load Avg After: 49.67 257.56 294.57
[2026-01-26 11:34:52] Log saved to: /Users/infinite27/AILCC_PRIME/logs/system_opt_20260126_112945.log
