[2026-02-23 04:00:00] ==========================================
[2026-02-23 04:00:00] AILCC MASTER SYSTEM OPTIMIZATION
[2026-02-23 04:00:00] ==========================================
[2026-02-23 04:00:01] --- SYSTEM STATUS SNAPSHOT ---
[2026-02-23 04:00:01] Hostname: Macbook-1.local
[2026-02-23 04:00:03] macOS: 15.7.4
[2026-02-23 04:00:03] Uptime:  4:00  up  8:21, 1 user, load averages: 43.29 23.89 28.51
[2026-02-23 04:00:03] Disk Usage: 51% used (10Gi free)
[2026-02-23 04:00:03] RAM: 8 GB
[2026-02-23 04:00:03] Load Avg: 43.29 23.89 28.51
[2026-02-23 04:00:03] --- MEMORY OPTIMIZATION ---
[2026-02-23 04:00:04] [WARNING] purge requires sudo - skipped (run with sudo for full effect)
[2026-02-23 04:00:04] User caches cleaned: 308K -> 308K
[2026-02-23 04:00:04] --- BROWSER OPTIMIZATION ---
[2026-02-23 04:00:04] Delegating to optimize_browsers.sh...
[2026-02-23 04:00:05] Starting Browser Optimization Sequence...
[2026-02-23 04:00:05] Detected Google Chrome Version: 145.0.7632.77
[2026-02-23 04:00:05] [WARNING] ⚠️  UNSTABLE VERSION DETECTED for Google Chrome (v145)
[2026-02-23 04:00:05] [WARNING]    Recommendation: Downgrade to Stable (v132+) to prevent SIGTRAP crashes.
[2026-02-23 04:00:05] Detected Comet Version: 144.0.7559.43118
[2026-02-23 04:00:05] [WARNING] ⚠️  UNSTABLE VERSION DETECTED for Comet (v144)
[2026-02-23 04:00:05] [WARNING]    Recommendation: Downgrade to Stable (v132+) to prevent SIGTRAP crashes.
[2026-02-23 04:00:06] [WARNING] Google Chrome is running. Closing it to safely clear cache...
[2026-02-23 04:00:15] Google Chrome forced closed.
[2026-02-23 04:00:16] Comet is not running.
[2026-02-23 04:00:17] No Cache found for Google Chrome (AppSupport) at /Users/infinite27/Library/Application Support/Google/Chrome/Default/Cache
[2026-02-23 04:00:18] ✅ Cleared Google Chrome (AppSupport) GPUCache: /Users/infinite27/Library/Application Support/Google/Chrome/Default/GPUCache
[2026-02-23 04:00:19] No Cache found for Google Chrome (Library/Caches) at /Users/infinite27/Library/Caches/Google/Chrome/Default/Cache
[2026-02-23 04:00:19] No GPUCache found for Google Chrome (Library/Caches) at /Users/infinite27/Library/Caches/Google/Chrome/Default/GPUCache
[2026-02-23 04:00:19] No Cache found for Comet (AppSupport 1) at /Users/infinite27/Library/Application Support/Comet/Cache
[2026-02-23 04:00:19] No GPUCache found for Comet (AppSupport 1) at /Users/infinite27/Library/Application Support/Comet/GPUCache
[2026-02-23 04:00:19] No Cache found for Comet (AppSupport 2) at /Users/infinite27/Library/Application Support/ai.perplexity.comet/Cache
[2026-02-23 04:00:19] No GPUCache found for Comet (AppSupport 2) at /Users/infinite27/Library/Application Support/ai.perplexity.comet/GPUCache
[2026-02-23 04:00:19] No Cache found for Comet (Library/Caches 1) at /Users/infinite27/Library/Caches/ai.perplexity.comet
[2026-02-23 04:00:19] No GPUCache found for Comet (Library/Caches 1) at /Users/infinite27/Library/Caches/ai.perplexity.comet/fsCachedData
[2026-02-23 04:00:20] No Cache found for Comet (Library/Caches 2) at /Users/infinite27/Library/Caches/Comet
[2026-02-23 04:00:20] No GPUCache found for Comet (Library/Caches 2) at /Users/infinite27/Library/Caches/Comet/fsCachedData
[2026-02-23 04:00:20] Optimization Complete.
[2026-02-23 04:00:20] Please restart your browsers. If crashes persist, consult troubleshooting_chromium.md
Log saved to: /Users/infinite27/AILCC_PRIME/logs/browser_opt_20260223_040005.log
[2026-02-23 04:00:20] [SUCCESS] Browser optimization complete
[2026-02-23 04:00:20] --- PROCESS OPTIMIZATION ---
[2026-02-23 04:00:22] [WARNING] Found idle process: Teams - consider closing
[2026-02-23 04:00:22] Top 5 Memory Consumers:
[2026-02-23 04:00:23]   infinite27        1729  62.3  7.6 37970844 635200   ??  Ss    7:41PM 102:30.29 /System/Library/Frameworks/Virtualization.framework/Versions/A/XPCServices/com.apple.Virtualization.VirtualMachine.xpc/Contents/MacOS/com.apple.Virtualization.VirtualMachine
[2026-02-23 04:00:23]   infinite27       38411  12.8  1.6 1492803860 135360   ??  S     3:03AM  14:14.52 /Applications/Antigravity.app/Contents/Frameworks/Antigravity Helper (Renderer).app/Contents/MacOS/Antigravity Helper (Renderer) --type=renderer --user-data-dir=/Users/infinite27/Library/Application Support/Antigravity --standard-schemes=vscode-webview,vscode-file --enable-sandbox --secure-schemes=vscode-webview,vscode-file --cors-schemes=vscode-webview,vscode-file --fetch-schemes=vscode-webview,vscode-file --service-worker-schemes=vscode-webview --code-cache-schemes=vscode-webview,vscode-file --app-path=/Applications/Antigravity.app/Contents/Resources/app --enable-sandbox --enable-blink-features=HighlightAPI --disable-blink-features=FontMatchingCTMigration,StandardizedBrowserZoom, --lang=en-US --num-raster-threads=4 --enable-zero-copy --enable-gpu-memory-buffer-compositor-resources --enable-main-frame-before-activation --renderer-client-id=4 --time-ticks-at-unix-epoch=-1771803570456118 --launch-time-ticks=26661941761 --shared-files --field-trial-handle=1718379636,r,16040411674119593884,3931438783324200799,262144 --enable-features=DocumentPolicyIncludeJSCallStacksInCrashReports,EarlyEstablishGpuChannel,EstablishGpuChannelAsync,PdfUseShowSaveFilePicker,ScreenCaptureKitPickerScreen,ScreenCaptureKitStreamPickerSonoma --disable-features=CalculateNativeWinOcclusion,LocalNetworkAccessChecks,MacWebContentsOcclusion,ScreenAIOCREnabled,SpareRendererForSitePerProcess,TimeoutHangingVideoCaptureStarts,TraceSiteInstanceGetProcessCreation --variations-seed-version --trace-process-track-uuid=3190708990060038890 --vscode-window-config=vscode:f329a242-018f-4969-817e-268fc26d6966 --seatbelt-client=70
[2026-02-23 04:00:25]   infinite27         440  13.9  1.1 135301812  95652   ??  U     7:39PM   4:40.97 /Applications/Google Chrome.app/Contents/MacOS/Google Chrome
[2026-02-23 04:00:25]   infinite27       39180   9.2  0.9 38993644  75928   ??  S     3:04AM  16:43.81 /Applications/Antigravity.app/Contents/Resources/app/extensions/antigravity/bin/language_server_macos_x64 --enable_lsp --extension_server_port 56006 --csrf_token 94a7e122-e406-4062-ad9a-a14de9dbd29b --random_port --workspace_id file_Users_infinite27_AILCC_PRIME --cloud_code_endpoint https://daily-cloudcode-pa.googleapis.com --app_data_dir antigravity --parent_pipe_path /var/folders/hz/52mr8nws137fxvfv8bbt6sq80000gn/T/server_d641a680daa40858
[2026-02-23 04:00:25]   infinite27       44977  24.0  0.7 34187680  58248   ??  R     3:58AM   0:22.65 /System/Library/Frameworks/AddressBook.framework/Versions/A/Helpers/AddressBookSourceSync.app/Contents/MacOS/AddressBookSourceSync
[2026-02-23 04:00:25] --- DISK SPACE OPTIMIZATION ---
[2026-02-23 04:00:40] Cleared npm cache
[2026-02-23 04:00:40] --- CRASH SCOUT ---
[2026-02-23 04:00:40] [WARNING] Detected recent Chromium crash(es):
[2026-02-23 04:00:40]   [CRASH] Comet-2026-02-23-023129.ips
[2026-02-23 04:00:40] --- OBSERVABILITY CONFIGURATION ---
[2026-02-23 04:00:41] [SUCCESS] live_status.json updated
[2026-02-23 04:00:41] --- INTEROPERABILITY CHECK ---
[2026-02-23 04:00:41] [WARNING] Valentine Core (port 3002): OFFLINE
[2026-02-23 04:00:41] [SUCCESS] Dashboard (port 3000): ONLINE
[2026-02-23 04:00:41] Hippocampus/Qdrant (port 6333): OFFLINE (optional)
[2026-02-23 04:00:41] ==========================================
[2026-02-23 04:00:41] OPTIMIZATION COMPLETE
[2026-02-23 04:00:41] ==========================================
[2026-02-23 04:00:41] Disk Usage After: 48% (11Gi free)
[2026-02-23 04:00:41] Load Avg After: 26.85 21.99 27.64
[2026-02-23 04:00:41] Log saved to: /Users/infinite27/AILCC_PRIME/logs/system_opt_20260223_040000.log
