[2026-03-01 04:02:08] ==========================================
[2026-03-01 04:02:09] AILCC MASTER SYSTEM OPTIMIZATION
[2026-03-01 04:02:09] ==========================================
[2026-03-01 04:02:09] --- SYSTEM STATUS SNAPSHOT ---
[2026-03-01 04:02:09] Hostname: Macbook-1.local
[2026-03-01 04:02:09] macOS: 15.7.4
[2026-03-01 04:02:09] Uptime:  4:02  up 2 days, 13:26, 1 user, load averages: 18.04 30.02 22.93
[2026-03-01 04:02:09] Disk Usage: 48% used (12Gi free)
[2026-03-01 04:02:09] RAM: 8 GB
[2026-03-01 04:02:09] Load Avg: 18.04 30.02 22.93
[2026-03-01 04:02:09] --- MEMORY OPTIMIZATION ---
[2026-03-01 04:02:09] [WARNING] purge requires sudo - skipped (run with sudo for full effect)
[2026-03-01 04:02:09] User caches cleaned: 4.7M -> 4.7M
[2026-03-01 04:02:09] --- BROWSER OPTIMIZATION ---
[2026-03-01 04:02:09] Delegating to optimize_browsers.sh...
[2026-03-01 04:02:09] Starting Browser Optimization Sequence...
[2026-03-01 04:02:10] Detected Google Chrome Version: 145.0.7632.117
[2026-03-01 04:02:10] [WARNING] ⚠️  UNSTABLE VERSION DETECTED for Google Chrome (v145)
[2026-03-01 04:02:10] [WARNING]    Recommendation: Downgrade to Stable (v132+) to prevent SIGTRAP crashes.
[2026-03-01 04:02:10] Detected Comet Version: 145.0.7632.900
[2026-03-01 04:02:10] [WARNING] ⚠️  UNSTABLE VERSION DETECTED for Comet (v145)
[2026-03-01 04:02:10] [WARNING]    Recommendation: Downgrade to Stable (v132+) to prevent SIGTRAP crashes.
[2026-03-01 04:02:10] Google Chrome is not running.
[2026-03-01 04:02:10] Comet is not running.
[2026-03-01 04:02:10] No Cache found for Google Chrome (AppSupport) at /Users/infinite27/Library/Application Support/Google/Chrome/Default/Cache
[2026-03-01 04:02:10] ✅ Cleared Google Chrome (AppSupport) GPUCache: /Users/infinite27/Library/Application Support/Google/Chrome/Default/GPUCache
[2026-03-01 04:02:10] No Cache found for Google Chrome (Library/Caches) at /Users/infinite27/Library/Caches/Google/Chrome/Default/Cache
[2026-03-01 04:02:10] No GPUCache found for Google Chrome (Library/Caches) at /Users/infinite27/Library/Caches/Google/Chrome/Default/GPUCache
[2026-03-01 04:02:10] No Cache found for Comet (AppSupport 1) at /Users/infinite27/Library/Application Support/Comet/Cache
[2026-03-01 04:02:11] No GPUCache found for Comet (AppSupport 1) at /Users/infinite27/Library/Application Support/Comet/GPUCache
[2026-03-01 04:02:11] No Cache found for Comet (AppSupport 2) at /Users/infinite27/Library/Application Support/ai.perplexity.comet/Cache
[2026-03-01 04:02:11] No GPUCache found for Comet (AppSupport 2) at /Users/infinite27/Library/Application Support/ai.perplexity.comet/GPUCache
[2026-03-01 04:02:11] No Cache found for Comet (Library/Caches 1) at /Users/infinite27/Library/Caches/ai.perplexity.comet
[2026-03-01 04:02:11] No GPUCache found for Comet (Library/Caches 1) at /Users/infinite27/Library/Caches/ai.perplexity.comet/fsCachedData
[2026-03-01 04:02:11] No Cache found for Comet (Library/Caches 2) at /Users/infinite27/Library/Caches/Comet
[2026-03-01 04:02:11] No GPUCache found for Comet (Library/Caches 2) at /Users/infinite27/Library/Caches/Comet/fsCachedData
[2026-03-01 04:02:11] Optimization Complete.
[2026-03-01 04:02:11] Please restart your browsers. If crashes persist, consult troubleshooting_chromium.md
Log saved to: /Users/infinite27/AILCC_PRIME/logs/browser_opt_20260301_040209.log
[2026-03-01 04:02:11] [SUCCESS] Browser optimization complete
[2026-03-01 04:02:11] --- PROCESS OPTIMIZATION ---
[2026-03-01 04:02:11] [WARNING] Found idle process: Teams - consider closing
[2026-03-01 04:02:11] Top 5 Memory Consumers:
[2026-03-01 04:02:11]   infinite27       51510   1.7  6.6 1507830232 554940   ??  S    Sat01AM  39:21.55 /Applications/Antigravity.app/Contents/Frameworks/Antigravity Helper (Renderer).app/Contents/MacOS/Antigravity Helper (Renderer) --type=renderer --user-data-dir=/Users/infinite27/Library/Application Support/Antigravity --standard-schemes=vscode-webview,vscode-file --enable-sandbox --secure-schemes=vscode-webview,vscode-file --cors-schemes=vscode-webview,vscode-file --fetch-schemes=vscode-webview,vscode-file --service-worker-schemes=vscode-webview --code-cache-schemes=vscode-webview,vscode-file --app-path=/Applications/Antigravity.app/Contents/Resources/app --enable-sandbox --enable-blink-features=HighlightAPI --disable-blink-features=FontMatchingCTMigration,StandardizedBrowserZoom, --lang=en-US --num-raster-threads=4 --enable-zero-copy --enable-gpu-memory-buffer-compositor-resources --enable-main-frame-before-activation --renderer-client-id=22 --time-ticks-at-unix-epoch=-1772138533109734 --launch-time-ticks=117524289831 --shared-files --field-trial-handle=1718379636,r,6339321407322299097,4542904827135895461,262144 --enable-features=DocumentPolicyIncludeJSCallStacksInCrashReports,EarlyEstablishGpuChannel,EstablishGpuChannelAsync,PdfUseShowSaveFilePicker,ScreenCaptureKitPickerScreen,ScreenCaptureKitStreamPickerSonoma --disable-features=CalculateNativeWinOcclusion,LocalNetworkAccessChecks,MacWebContentsOcclusion,ScreenAIOCREnabled,SpareRendererForSitePerProcess,TimeoutHangingVideoCaptureStarts,TraceSiteInstanceGetProcessCreation --variations-seed-version --trace-process-track-uuid=3190709006926792172 --vscode-window-config=vscode:50be8b2c-9a38-4f15-9859-56527482e609 --seatbelt-client=41
[2026-03-01 04:02:11]   infinite27       52604   0.9  3.8 36375972 316428   ??  S    Sat01AM  28:55.04 /Applications/Antigravity.app/Contents/Resources/app/extensions/antigravity/bin/language_server_macos_x64 --enable_lsp --csrf_token 48655ce2-0696-4c65-96da-3477e3eb23fb --extension_server_port 56130 --extension_server_csrf_token 34578abb-523d-4ae0-8cbc-6c7d08cf2dc4 --random_port --workspace_id file_Users_infinite27_AILCC_PRIME --cloud_code_endpoint https://daily-cloudcode-pa.googleapis.com --app_data_dir antigravity --parent_pipe_path /var/folders/hz/52mr8nws137fxvfv8bbt6sq80000gn/T/server_d146b428dd43b07a
[2026-03-01 04:02:11]   infinite27       61120   0.3  3.1 44029148 262216   ??  S    Sat01AM   6:24.07 openclaw-gateway
[2026-03-01 04:02:11]   infinite27       79683  54.4  1.7 33950856 140608   ??  R     5:20AM  13:15.38 /System/Library/PrivateFrameworks/AssistantServices.framework/Versions/A/Support/assistant_service
[2026-03-01 04:02:11]   infinite27        3739   0.2  1.2 1491405584  97672   ??  S    Fri05PM   7:16.33 /Applications/Antigravity.app/Contents/MacOS/Electron
[2026-03-01 04:02:11] --- DISK SPACE OPTIMIZATION ---
[2026-03-01 04:02:15] Cleared npm cache
[2026-03-01 04:02:15] --- CRASH SCOUT ---
[2026-03-01 04:02:16] No recent Chromium crashes detected.
[2026-03-01 04:02:16] --- OBSERVABILITY CONFIGURATION ---
[2026-03-01 04:02:17] [SUCCESS] live_status.json updated
[2026-03-01 04:02:17] --- INTEROPERABILITY CHECK ---
[2026-03-01 04:02:17] [WARNING] Valentine Core (port 3002): OFFLINE
[2026-03-01 04:02:17] [SUCCESS] Dashboard (port 3000): ONLINE
[2026-03-01 04:02:17] Hippocampus/Qdrant (port 6333): OFFLINE (optional)
[2026-03-01 04:02:17] ==========================================
[2026-03-01 04:02:17] OPTIMIZATION COMPLETE
[2026-03-01 04:02:17] ==========================================
[2026-03-01 04:02:17] Disk Usage After: 48% (12Gi free)
[2026-03-01 04:02:17] Load Avg After: 17.00 29.61 22.82
[2026-03-01 04:02:17] Log saved to: /Users/infinite27/AILCC_PRIME/logs/system_opt_20260301_040208.log
