[2026-02-28 04:00:00] ==========================================
[2026-02-28 04:00:00] AILCC MASTER SYSTEM OPTIMIZATION
[2026-02-28 04:00:00] ==========================================
[2026-02-28 04:00:00] --- SYSTEM STATUS SNAPSHOT ---
[2026-02-28 04:00:00] Hostname: Macbook-1.local
[2026-02-28 04:00:00] macOS: 15.7.4
[2026-02-28 04:00:00] Uptime:  4:00  up 1 day, 13:24, 1 user, load averages: 1.72 2.11 2.08
[2026-02-28 04:00:00] Disk Usage: 44% used (13Gi free)
[2026-02-28 04:00:00] RAM: 8 GB
[2026-02-28 04:00:00] Load Avg: 1.72 2.11 2.08
[2026-02-28 04:00:00] --- MEMORY OPTIMIZATION ---
[2026-02-28 04:00:00] [WARNING] purge requires sudo - skipped (run with sudo for full effect)
[2026-02-28 04:00:00] User caches cleaned: 102M -> 102M
[2026-02-28 04:00:00] --- BROWSER OPTIMIZATION ---
[2026-02-28 04:00:00] Delegating to optimize_browsers.sh...
[2026-02-28 04:00:00] Starting Browser Optimization Sequence...
[2026-02-28 04:00:00] Detected Google Chrome Version: 145.0.7632.117
[2026-02-28 04:00:00] [WARNING] ⚠️  UNSTABLE VERSION DETECTED for Google Chrome (v145)
[2026-02-28 04:00:00] [WARNING]    Recommendation: Downgrade to Stable (v132+) to prevent SIGTRAP crashes.
[2026-02-28 04:00:00] Detected Comet Version: 145.0.7632.900
[2026-02-28 04:00:00] [WARNING] ⚠️  UNSTABLE VERSION DETECTED for Comet (v145)
[2026-02-28 04:00:00] [WARNING]    Recommendation: Downgrade to Stable (v132+) to prevent SIGTRAP crashes.
[2026-02-28 04:00:00] Google Chrome is not running.
[2026-02-28 04:00:00] Comet is not running.
[2026-02-28 04:00:00] No Cache found for Google Chrome (AppSupport) at /Users/infinite27/Library/Application Support/Google/Chrome/Default/Cache
[2026-02-28 04:00:00] ✅ Cleared Google Chrome (AppSupport) GPUCache: /Users/infinite27/Library/Application Support/Google/Chrome/Default/GPUCache
[2026-02-28 04:00:00] No Cache found for Google Chrome (Library/Caches) at /Users/infinite27/Library/Caches/Google/Chrome/Default/Cache
[2026-02-28 04:00:00] No GPUCache found for Google Chrome (Library/Caches) at /Users/infinite27/Library/Caches/Google/Chrome/Default/GPUCache
[2026-02-28 04:00:00] No Cache found for Comet (AppSupport 1) at /Users/infinite27/Library/Application Support/Comet/Cache
[2026-02-28 04:00:00] No GPUCache found for Comet (AppSupport 1) at /Users/infinite27/Library/Application Support/Comet/GPUCache
[2026-02-28 04:00:00] No Cache found for Comet (AppSupport 2) at /Users/infinite27/Library/Application Support/ai.perplexity.comet/Cache
[2026-02-28 04:00:00] No GPUCache found for Comet (AppSupport 2) at /Users/infinite27/Library/Application Support/ai.perplexity.comet/GPUCache
[2026-02-28 04:00:00] No Cache found for Comet (Library/Caches 1) at /Users/infinite27/Library/Caches/ai.perplexity.comet
[2026-02-28 04:00:00] No GPUCache found for Comet (Library/Caches 1) at /Users/infinite27/Library/Caches/ai.perplexity.comet/fsCachedData
[2026-02-28 04:00:00] No Cache found for Comet (Library/Caches 2) at /Users/infinite27/Library/Caches/Comet
[2026-02-28 04:00:00] No GPUCache found for Comet (Library/Caches 2) at /Users/infinite27/Library/Caches/Comet/fsCachedData
[2026-02-28 04:00:00] Optimization Complete.
[2026-02-28 04:00:00] Please restart your browsers. If crashes persist, consult troubleshooting_chromium.md
Log saved to: /Users/infinite27/AILCC_PRIME/logs/browser_opt_20260228_040000.log
[2026-02-28 04:00:00] [SUCCESS] Browser optimization complete
[2026-02-28 04:00:00] --- PROCESS OPTIMIZATION ---
[2026-02-28 04:00:00] [WARNING] Found idle process: Teams - consider closing
[2026-02-28 04:00:00] Top 5 Memory Consumers:
[2026-02-28 04:00:00]   infinite27       51510   2.1  5.7 1507865508 477648   ??  S     1:20AM  17:16.41 /Applications/Antigravity.app/Contents/Frameworks/Antigravity Helper (Renderer).app/Contents/MacOS/Antigravity Helper (Renderer) --type=renderer --user-data-dir=/Users/infinite27/Library/Application Support/Antigravity --standard-schemes=vscode-webview,vscode-file --enable-sandbox --secure-schemes=vscode-webview,vscode-file --cors-schemes=vscode-webview,vscode-file --fetch-schemes=vscode-webview,vscode-file --service-worker-schemes=vscode-webview --code-cache-schemes=vscode-webview,vscode-file --app-path=/Applications/Antigravity.app/Contents/Resources/app --enable-sandbox --enable-blink-features=HighlightAPI --disable-blink-features=FontMatchingCTMigration,StandardizedBrowserZoom, --lang=en-US --num-raster-threads=4 --enable-zero-copy --enable-gpu-memory-buffer-compositor-resources --enable-main-frame-before-activation --renderer-client-id=22 --time-ticks-at-unix-epoch=-1772138533109734 --launch-time-ticks=117524289831 --shared-files --field-trial-handle=1718379636,r,6339321407322299097,4542904827135895461,262144 --enable-features=DocumentPolicyIncludeJSCallStacksInCrashReports,EarlyEstablishGpuChannel,EstablishGpuChannelAsync,PdfUseShowSaveFilePicker,ScreenCaptureKitPickerScreen,ScreenCaptureKitStreamPickerSonoma --disable-features=CalculateNativeWinOcclusion,LocalNetworkAccessChecks,MacWebContentsOcclusion,ScreenAIOCREnabled,SpareRendererForSitePerProcess,TimeoutHangingVideoCaptureStarts,TraceSiteInstanceGetProcessCreation --variations-seed-version --trace-process-track-uuid=3190709006926792172 --vscode-window-config=vscode:50be8b2c-9a38-4f15-9859-56527482e609 --seatbelt-client=41
[2026-02-28 04:00:00]   infinite27       52081   0.7  2.4 1490853752 203484   ??  S     1:23AM   2:19.09 /Applications/Antigravity.app/Contents/Frameworks/Antigravity Helper (Plugin).app/Contents/MacOS/Antigravity Helper (Plugin) --type=utility --utility-sub-type=node.mojom.NodeService --lang=en-US --service-sandbox-type=none --dns-result-order=ipv4first --experimental-network-inspection --inspect-port=0 --user-data-dir=/Users/infinite27/Library/Application Support/Antigravity --standard-schemes=vscode-webview,vscode-file --enable-sandbox --secure-schemes=vscode-webview,vscode-file --cors-schemes=vscode-webview,vscode-file --fetch-schemes=vscode-webview,vscode-file --service-worker-schemes=vscode-webview --code-cache-schemes=vscode-webview,vscode-file --shared-files --field-trial-handle=1718379636,r,6339321407322299097,4542904827135895461,262144 --enable-features=DocumentPolicyIncludeJSCallStacksInCrashReports,EarlyEstablishGpuChannel,EstablishGpuChannelAsync,PdfUseShowSaveFilePicker,ScreenCaptureKitPickerScreen,ScreenCaptureKitStreamPickerSonoma --disable-features=CalculateNativeWinOcclusion,LocalNetworkAccessChecks,MacWebContentsOcclusion,ScreenAIOCREnabled,SpareRendererForSitePerProcess,TimeoutHangingVideoCaptureStarts,TraceSiteInstanceGetProcessCreation --variations-seed-version --trace-process-track-uuid=3190709010674959568
[2026-02-28 04:00:00]   infinite27       52604   0.8  2.1 36371332 175688   ??  S     1:23AM   7:38.54 /Applications/Antigravity.app/Contents/Resources/app/extensions/antigravity/bin/language_server_macos_x64 --enable_lsp --csrf_token 48655ce2-0696-4c65-96da-3477e3eb23fb --extension_server_port 56130 --extension_server_csrf_token 34578abb-523d-4ae0-8cbc-6c7d08cf2dc4 --random_port --workspace_id file_Users_infinite27_AILCC_PRIME --cloud_code_endpoint https://daily-cloudcode-pa.googleapis.com --app_data_dir antigravity --parent_pipe_path /var/folders/hz/52mr8nws137fxvfv8bbt6sq80000gn/T/server_d146b428dd43b07a
[2026-02-28 04:00:00]   infinite27        3739   0.0  1.1 1491324140  93360   ??  S     5:00PM   4:24.10 /Applications/Antigravity.app/Contents/MacOS/Electron
[2026-02-28 04:00:00]   infinite27       61120   0.0  0.9 44030920  76948   ??  S     1:44AM   0:58.43 openclaw-gateway
[2026-02-28 04:00:00] --- DISK SPACE OPTIMIZATION ---
[2026-02-28 04:00:02] Cleared npm cache
[2026-02-28 04:00:02] --- CRASH SCOUT ---
[2026-02-28 04:00:02] No recent Chromium crashes detected.
[2026-02-28 04:00:02] --- OBSERVABILITY CONFIGURATION ---
[2026-02-28 04:00:02] [SUCCESS] live_status.json updated
[2026-02-28 04:00:02] --- INTEROPERABILITY CHECK ---
[2026-02-28 04:00:02] [WARNING] Valentine Core (port 3002): OFFLINE
[2026-02-28 04:00:02] [SUCCESS] Dashboard (port 3000): ONLINE
[2026-02-28 04:00:02] Hippocampus/Qdrant (port 6333): OFFLINE (optional)
[2026-02-28 04:00:02] ==========================================
[2026-02-28 04:00:02] OPTIMIZATION COMPLETE
[2026-02-28 04:00:02] ==========================================
[2026-02-28 04:00:02] Disk Usage After: 44% (14Gi free)
[2026-02-28 04:00:02] Load Avg After: 1.58 2.08 2.06
[2026-02-28 04:00:02] Log saved to: /Users/infinite27/AILCC_PRIME/logs/system_opt_20260228_040000.log
