[2026-02-28 12:15:01] ==========================================
[2026-02-28 12:15:01] AILCC MASTER SYSTEM OPTIMIZATION
[2026-02-28 12:15:01] ==========================================
[2026-02-28 12:15:01] --- SYSTEM STATUS SNAPSHOT ---
[2026-02-28 12:15:01] Hostname: Macbook-1.local
[2026-02-28 12:15:01] macOS: 15.7.4
[2026-02-28 12:15:01] Uptime: 12:15  up 1 day, 21:39, 1 user, load averages: 69.43 47.84 27.26
[2026-02-28 12:15:01] Disk Usage: 47% used (12Gi free)
[2026-02-28 12:15:01] RAM: 8 GB
[2026-02-28 12:15:01] Load Avg: 69.43 47.84 27.26
[2026-02-28 12:15:01] --- MEMORY OPTIMIZATION ---
[2026-02-28 12:15:01] [WARNING] purge requires sudo - skipped (run with sudo for full effect)
[2026-02-28 12:15:01] User caches cleaned: 130M -> 130M
[2026-02-28 12:15:01] --- BROWSER OPTIMIZATION ---
[2026-02-28 12:15:01] Delegating to optimize_browsers.sh...
[2026-02-28 12:15:01] Starting Browser Optimization Sequence...
[2026-02-28 12:15:01] Detected Google Chrome Version: 145.0.7632.117
[2026-02-28 12:15:01] [WARNING] ⚠️  UNSTABLE VERSION DETECTED for Google Chrome (v145)
[2026-02-28 12:15:01] [WARNING]    Recommendation: Downgrade to Stable (v132+) to prevent SIGTRAP crashes.
[2026-02-28 12:15:01] Detected Comet Version: 145.0.7632.900
[2026-02-28 12:15:01] [WARNING] ⚠️  UNSTABLE VERSION DETECTED for Comet (v145)
[2026-02-28 12:15:01] [WARNING]    Recommendation: Downgrade to Stable (v132+) to prevent SIGTRAP crashes.
[2026-02-28 12:15:02] Google Chrome is not running.
[2026-02-28 12:15:02] Comet is not running.
[2026-02-28 12:15:02] No Cache found for Google Chrome (AppSupport) at /Users/infinite27/Library/Application Support/Google/Chrome/Default/Cache
[2026-02-28 12:15:02] ✅ Cleared Google Chrome (AppSupport) GPUCache: /Users/infinite27/Library/Application Support/Google/Chrome/Default/GPUCache
[2026-02-28 12:15:02] No Cache found for Google Chrome (Library/Caches) at /Users/infinite27/Library/Caches/Google/Chrome/Default/Cache
[2026-02-28 12:15:02] No GPUCache found for Google Chrome (Library/Caches) at /Users/infinite27/Library/Caches/Google/Chrome/Default/GPUCache
[2026-02-28 12:15:02] No Cache found for Comet (AppSupport 1) at /Users/infinite27/Library/Application Support/Comet/Cache
[2026-02-28 12:15:02] No GPUCache found for Comet (AppSupport 1) at /Users/infinite27/Library/Application Support/Comet/GPUCache
[2026-02-28 12:15:02] No Cache found for Comet (AppSupport 2) at /Users/infinite27/Library/Application Support/ai.perplexity.comet/Cache
[2026-02-28 12:15:02] No GPUCache found for Comet (AppSupport 2) at /Users/infinite27/Library/Application Support/ai.perplexity.comet/GPUCache
[2026-02-28 12:15:02] No Cache found for Comet (Library/Caches 1) at /Users/infinite27/Library/Caches/ai.perplexity.comet
[2026-02-28 12:15:02] No GPUCache found for Comet (Library/Caches 1) at /Users/infinite27/Library/Caches/ai.perplexity.comet/fsCachedData
[2026-02-28 12:15:02] No Cache found for Comet (Library/Caches 2) at /Users/infinite27/Library/Caches/Comet
[2026-02-28 12:15:02] No GPUCache found for Comet (Library/Caches 2) at /Users/infinite27/Library/Caches/Comet/fsCachedData
[2026-02-28 12:15:02] Optimization Complete.
[2026-02-28 12:15:02] Please restart your browsers. If crashes persist, consult troubleshooting_chromium.md
Log saved to: /Users/infinite27/AILCC_PRIME/logs/browser_opt_20260228_121501.log
[2026-02-28 12:15:02] [SUCCESS] Browser optimization complete
[2026-02-28 12:15:02] --- PROCESS OPTIMIZATION ---
[2026-02-28 12:15:02] [WARNING] Found idle process: Teams - consider closing
[2026-02-28 12:15:02] Top 5 Memory Consumers:
[2026-02-28 12:15:03]   infinite27       51510   0.5  7.5 1507831320 625328   ??  S     1:20AM  27:42.23 /Applications/Antigravity.app/Contents/Frameworks/Antigravity Helper (Renderer).app/Contents/MacOS/Antigravity Helper (Renderer) --type=renderer --user-data-dir=/Users/infinite27/Library/Application Support/Antigravity --standard-schemes=vscode-webview,vscode-file --enable-sandbox --secure-schemes=vscode-webview,vscode-file --cors-schemes=vscode-webview,vscode-file --fetch-schemes=vscode-webview,vscode-file --service-worker-schemes=vscode-webview --code-cache-schemes=vscode-webview,vscode-file --app-path=/Applications/Antigravity.app/Contents/Resources/app --enable-sandbox --enable-blink-features=HighlightAPI --disable-blink-features=FontMatchingCTMigration,StandardizedBrowserZoom, --lang=en-US --num-raster-threads=4 --enable-zero-copy --enable-gpu-memory-buffer-compositor-resources --enable-main-frame-before-activation --renderer-client-id=22 --time-ticks-at-unix-epoch=-1772138533109734 --launch-time-ticks=117524289831 --shared-files --field-trial-handle=1718379636,r,6339321407322299097,4542904827135895461,262144 --enable-features=DocumentPolicyIncludeJSCallStacksInCrashReports,EarlyEstablishGpuChannel,EstablishGpuChannelAsync,PdfUseShowSaveFilePicker,ScreenCaptureKitPickerScreen,ScreenCaptureKitStreamPickerSonoma --disable-features=CalculateNativeWinOcclusion,LocalNetworkAccessChecks,MacWebContentsOcclusion,ScreenAIOCREnabled,SpareRendererForSitePerProcess,TimeoutHangingVideoCaptureStarts,TraceSiteInstanceGetProcessCreation --variations-seed-version --trace-process-track-uuid=3190709006926792172 --vscode-window-config=vscode:50be8b2c-9a38-4f15-9859-56527482e609 --seatbelt-client=41
[2026-02-28 12:15:03]   infinite27       52604   1.1  4.4 36374424 370752   ??  S     1:23AM  13:51.10 /Applications/Antigravity.app/Contents/Resources/app/extensions/antigravity/bin/language_server_macos_x64 --enable_lsp --csrf_token 48655ce2-0696-4c65-96da-3477e3eb23fb --extension_server_port 56130 --extension_server_csrf_token 34578abb-523d-4ae0-8cbc-6c7d08cf2dc4 --random_port --workspace_id file_Users_infinite27_AILCC_PRIME --cloud_code_endpoint https://daily-cloudcode-pa.googleapis.com --app_data_dir antigravity --parent_pipe_path /var/folders/hz/52mr8nws137fxvfv8bbt6sq80000gn/T/server_d146b428dd43b07a
[2026-02-28 12:15:03]   infinite27       52081   1.2  2.7 1490853752 225832   ??  S     1:23AM   4:45.73 /Applications/Antigravity.app/Contents/Frameworks/Antigravity Helper (Plugin).app/Contents/MacOS/Antigravity Helper (Plugin) --type=utility --utility-sub-type=node.mojom.NodeService --lang=en-US --service-sandbox-type=none --dns-result-order=ipv4first --experimental-network-inspection --inspect-port=0 --user-data-dir=/Users/infinite27/Library/Application Support/Antigravity --standard-schemes=vscode-webview,vscode-file --enable-sandbox --secure-schemes=vscode-webview,vscode-file --cors-schemes=vscode-webview,vscode-file --fetch-schemes=vscode-webview,vscode-file --service-worker-schemes=vscode-webview --code-cache-schemes=vscode-webview,vscode-file --shared-files --field-trial-handle=1718379636,r,6339321407322299097,4542904827135895461,262144 --enable-features=DocumentPolicyIncludeJSCallStacksInCrashReports,EarlyEstablishGpuChannel,EstablishGpuChannelAsync,PdfUseShowSaveFilePicker,ScreenCaptureKitPickerScreen,ScreenCaptureKitStreamPickerSonoma --disable-features=CalculateNativeWinOcclusion,LocalNetworkAccessChecks,MacWebContentsOcclusion,ScreenAIOCREnabled,SpareRendererForSitePerProcess,TimeoutHangingVideoCaptureStarts,TraceSiteInstanceGetProcessCreation --variations-seed-version --trace-process-track-uuid=3190709010674959568
[2026-02-28 12:15:03]   infinite27        3739   0.2  1.6 1491314772 134092   ??  S     5:00PM   5:13.28 /Applications/Antigravity.app/Contents/MacOS/Electron
[2026-02-28 12:15:03]   infinite27       61120   0.5  1.3 44030076 105136   ??  S     1:44AM   2:16.38 openclaw-gateway
[2026-02-28 12:15:03] --- DISK SPACE OPTIMIZATION ---
[2026-02-28 12:15:04] Cleared npm cache
[2026-02-28 12:15:04] --- CRASH SCOUT ---
[2026-02-28 12:15:04] No recent Chromium crashes detected.
[2026-02-28 12:15:04] --- OBSERVABILITY CONFIGURATION ---
[2026-02-28 12:15:04] [SUCCESS] live_status.json updated
[2026-02-28 12:15:04] --- INTEROPERABILITY CHECK ---
[2026-02-28 12:15:04] [WARNING] Valentine Core (port 3002): OFFLINE
[2026-02-28 12:15:05] [SUCCESS] Dashboard (port 3000): ONLINE
[2026-02-28 12:15:05] Hippocampus/Qdrant (port 6333): OFFLINE (optional)
[2026-02-28 12:15:05] ==========================================
[2026-02-28 12:15:05] OPTIMIZATION COMPLETE
[2026-02-28 12:15:05] ==========================================
[2026-02-28 12:15:05] Disk Usage After: 47% (12Gi free)
[2026-02-28 12:15:05] Load Avg After: 65.31 47.34 27.21
[2026-02-28 12:15:05] Log saved to: /Users/infinite27/AILCC_PRIME/logs/system_opt_20260228_121501.log
