[2026-02-23 12:00:05] ==========================================
[2026-02-23 12:00:05] AILCC MASTER SYSTEM OPTIMIZATION
[2026-02-23 12:00:05] ==========================================
[2026-02-23 12:00:05] --- SYSTEM STATUS SNAPSHOT ---
[2026-02-23 12:00:05] Hostname: Macbook-1.local
[2026-02-23 12:00:05] macOS: 15.7.4
[2026-02-23 12:00:05] Uptime: 12:00  up 16:21, 1 user, load averages: 4.70 6.83 7.78
[2026-02-23 12:00:05] Disk Usage: 56% used (8.3Gi free)
[2026-02-23 12:00:05] RAM: 8 GB
[2026-02-23 12:00:05] Load Avg: 4.70 6.83 7.78
[2026-02-23 12:00:05] --- MEMORY OPTIMIZATION ---
[2026-02-23 12:00:05] [WARNING] purge requires sudo - skipped (run with sudo for full effect)
[2026-02-23 12:00:05] User caches cleaned:  40K ->  40K
[2026-02-23 12:00:05] --- BROWSER OPTIMIZATION ---
[2026-02-23 12:00:05] Delegating to optimize_browsers.sh...
[2026-02-23 12:00:05] Starting Browser Optimization Sequence...
[2026-02-23 12:00:05] Detected Google Chrome Version: 145.0.7632.77
[2026-02-23 12:00:05] [WARNING] ⚠️  UNSTABLE VERSION DETECTED for Google Chrome (v145)
[2026-02-23 12:00:05] [WARNING]    Recommendation: Downgrade to Stable (v132+) to prevent SIGTRAP crashes.
[2026-02-23 12:00:05] Detected Comet Version: 144.0.7559.43118
[2026-02-23 12:00:05] [WARNING] ⚠️  UNSTABLE VERSION DETECTED for Comet (v144)
[2026-02-23 12:00:05] [WARNING]    Recommendation: Downgrade to Stable (v132+) to prevent SIGTRAP crashes.
[2026-02-23 12:00:05] Google Chrome is not running.
[2026-02-23 12:00:05] Comet is not running.
[2026-02-23 12:00:05] No Cache found for Google Chrome (AppSupport) at /Users/infinite27/Library/Application Support/Google/Chrome/Default/Cache
[2026-02-23 12:00:05] No GPUCache found for Google Chrome (AppSupport) at /Users/infinite27/Library/Application Support/Google/Chrome/Default/GPUCache
[2026-02-23 12:00:05] No Cache found for Google Chrome (Library/Caches) at /Users/infinite27/Library/Caches/Google/Chrome/Default/Cache
[2026-02-23 12:00:05] No GPUCache found for Google Chrome (Library/Caches) at /Users/infinite27/Library/Caches/Google/Chrome/Default/GPUCache
[2026-02-23 12:00:05] No Cache found for Comet (AppSupport 1) at /Users/infinite27/Library/Application Support/Comet/Cache
[2026-02-23 12:00:05] No GPUCache found for Comet (AppSupport 1) at /Users/infinite27/Library/Application Support/Comet/GPUCache
[2026-02-23 12:00:05] No Cache found for Comet (AppSupport 2) at /Users/infinite27/Library/Application Support/ai.perplexity.comet/Cache
[2026-02-23 12:00:05] No GPUCache found for Comet (AppSupport 2) at /Users/infinite27/Library/Application Support/ai.perplexity.comet/GPUCache
[2026-02-23 12:00:05] No Cache found for Comet (Library/Caches 1) at /Users/infinite27/Library/Caches/ai.perplexity.comet
[2026-02-23 12:00:05] No GPUCache found for Comet (Library/Caches 1) at /Users/infinite27/Library/Caches/ai.perplexity.comet/fsCachedData
[2026-02-23 12:00:05] No Cache found for Comet (Library/Caches 2) at /Users/infinite27/Library/Caches/Comet
[2026-02-23 12:00:05] No GPUCache found for Comet (Library/Caches 2) at /Users/infinite27/Library/Caches/Comet/fsCachedData
[2026-02-23 12:00:05] Optimization Complete.
[2026-02-23 12:00:05] Please restart your browsers. If crashes persist, consult troubleshooting_chromium.md
Log saved to: /Users/infinite27/AILCC_PRIME/logs/browser_opt_20260223_120005.log
[2026-02-23 12:00:05] [SUCCESS] Browser optimization complete
[2026-02-23 12:00:05] --- PROCESS OPTIMIZATION ---
[2026-02-23 12:00:05] [WARNING] Found idle process: Teams - consider closing
[2026-02-23 12:00:06] Top 5 Memory Consumers:
[2026-02-23 12:00:06]   infinite27       39180   9.1 17.1 39593748 1434712   ??  S     3:04AM  84:22.08 /Applications/Antigravity.app/Contents/Resources/app/extensions/antigravity/bin/language_server_macos_x64 --enable_lsp --extension_server_port 56006 --csrf_token 94a7e122-e406-4062-ad9a-a14de9dbd29b --random_port --workspace_id file_Users_infinite27_AILCC_PRIME --cloud_code_endpoint https://daily-cloudcode-pa.googleapis.com --app_data_dir antigravity --parent_pipe_path /var/folders/hz/52mr8nws137fxvfv8bbt6sq80000gn/T/server_d641a680daa40858
[2026-02-23 12:00:06]   infinite27        1729   2.5  7.2 37970320 602220   ??  Ss    7:41PM 149:14.08 /System/Library/Frameworks/Virtualization.framework/Versions/A/XPCServices/com.apple.Virtualization.VirtualMachine.xpc/Contents/MacOS/com.apple.Virtualization.VirtualMachine
[2026-02-23 12:00:06]   infinite27       38411   1.2  5.4 1491064120 453984   ??  S     3:03AM  28:58.53 /Applications/Antigravity.app/Contents/Frameworks/Antigravity Helper (Renderer).app/Contents/MacOS/Antigravity Helper (Renderer) --type=renderer --user-data-dir=/Users/infinite27/Library/Application Support/Antigravity --standard-schemes=vscode-webview,vscode-file --enable-sandbox --secure-schemes=vscode-webview,vscode-file --cors-schemes=vscode-webview,vscode-file --fetch-schemes=vscode-webview,vscode-file --service-worker-schemes=vscode-webview --code-cache-schemes=vscode-webview,vscode-file --app-path=/Applications/Antigravity.app/Contents/Resources/app --enable-sandbox --enable-blink-features=HighlightAPI --disable-blink-features=FontMatchingCTMigration,StandardizedBrowserZoom, --lang=en-US --num-raster-threads=4 --enable-zero-copy --enable-gpu-memory-buffer-compositor-resources --enable-main-frame-before-activation --renderer-client-id=4 --time-ticks-at-unix-epoch=-1771803570456118 --launch-time-ticks=26661941761 --shared-files --field-trial-handle=1718379636,r,16040411674119593884,3931438783324200799,262144 --enable-features=DocumentPolicyIncludeJSCallStacksInCrashReports,EarlyEstablishGpuChannel,EstablishGpuChannelAsync,PdfUseShowSaveFilePicker,ScreenCaptureKitPickerScreen,ScreenCaptureKitStreamPickerSonoma --disable-features=CalculateNativeWinOcclusion,LocalNetworkAccessChecks,MacWebContentsOcclusion,ScreenAIOCREnabled,SpareRendererForSitePerProcess,TimeoutHangingVideoCaptureStarts,TraceSiteInstanceGetProcessCreation --variations-seed-version --trace-process-track-uuid=3190708990060038890 --vscode-window-config=vscode:f329a242-018f-4969-817e-268fc26d6966 --seatbelt-client=70
[2026-02-23 12:00:06]   infinite27       81418   0.0  1.4 34050320 119868   ??  S    11:58AM   0:04.34 /System/Library/Frameworks/AddressBook.framework/Versions/A/Helpers/AddressBookSourceSync.app/Contents/MacOS/AddressBookSourceSync
[2026-02-23 12:00:06]   infinite27        1825   0.0  1.3 1489243152 104904   ??  S     7:41PM  17:41.98 /Applications/Docker.app/Contents/MacOS/Docker Desktop.app/Contents/Frameworks/Docker Desktop Helper (Renderer).app/Contents/MacOS/Docker Desktop Helper (Renderer) --type=renderer --user-data-dir=/Users/infinite27/Library/Application Support/Docker Desktop --standard-schemes=app --enable-sandbox --secure-schemes=app --fetch-schemes=dd --code-cache-schemes=app --app-path=/Applications/Docker.app/Contents/MacOS/Docker Desktop.app/Contents/Resources/app.asar --enable-sandbox --lang=en-US --num-raster-threads=4 --enable-zero-copy --enable-gpu-memory-buffer-compositor-resources --enable-main-frame-before-activation --renderer-client-id=4 --time-ticks-at-unix-epoch=-1771803570246040 --launch-time-ticks=106443592 --shared-files --field-trial-handle=1718379636,r,719828366699468615,14115742508489344594,262144 --enable-features=PdfUseShowSaveFilePicker,ScreenCaptureKitPickerScreen,ScreenCaptureKitStreamPickerSonoma --disable-features=MacWebContentsOcclusion,ScreenAIOCREnabled,SpareRendererForSitePerProcess,TimeoutHangingVideoCaptureStarts --variations-seed-version --desktop-ui-preload-params={"needsBackendErrorsIpcClient":true,"needsPrimaryIpcClient":true} --seatbelt-client=85
[2026-02-23 12:00:06] --- DISK SPACE OPTIMIZATION ---
[2026-02-23 12:00:08] Cleared npm cache
[2026-02-23 12:00:08] --- CRASH SCOUT ---
[2026-02-23 12:00:08] [WARNING] Detected recent Chromium crash(es):
[2026-02-23 12:00:08]   [CRASH] Comet-2026-02-23-023129.ips
[2026-02-23 12:00:08] --- OBSERVABILITY CONFIGURATION ---
[2026-02-23 12:00:09] [SUCCESS] live_status.json updated
[2026-02-23 12:00:09] --- INTEROPERABILITY CHECK ---
[2026-02-23 12:00:09] [WARNING] Valentine Core (port 3002): OFFLINE
[2026-02-23 12:00:09] [SUCCESS] Dashboard (port 3000): ONLINE
[2026-02-23 12:00:09] Hippocampus/Qdrant (port 6333): OFFLINE (optional)
[2026-02-23 12:00:09] ==========================================
[2026-02-23 12:00:09] OPTIMIZATION COMPLETE
[2026-02-23 12:00:09] ==========================================
[2026-02-23 12:00:09] Disk Usage After: 56% (8.3Gi free)
[2026-02-23 12:00:09] Load Avg After: 4.40 6.74 7.74
[2026-02-23 12:00:09] Log saved to: /Users/infinite27/AILCC_PRIME/logs/system_opt_20260223_120005.log
