[2026-03-01 12:09:18] ==========================================
[2026-03-01 12:09:19] AILCC MASTER SYSTEM OPTIMIZATION
[2026-03-01 12:09:19] ==========================================
[2026-03-01 12:09:19] --- SYSTEM STATUS SNAPSHOT ---
[2026-03-01 12:09:19] Hostname: Macbook-1.local
[2026-03-01 12:09:19] macOS: 15.7.4
[2026-03-01 12:09:19] Uptime: 12:09  up 2 days, 21:33, 1 user, load averages: 95.85 65.52 53.90
[2026-03-01 12:09:19] Disk Usage: 48% used (11Gi free)
[2026-03-01 12:09:19] RAM: 8 GB
[2026-03-01 12:09:19] Load Avg: 95.85 65.52 53.90
[2026-03-01 12:09:19] --- MEMORY OPTIMIZATION ---
[2026-03-01 12:09:19] [WARNING] purge requires sudo - skipped (run with sudo for full effect)
[2026-03-01 12:09:19] User caches cleaned: 116K -> 116K
[2026-03-01 12:09:19] --- BROWSER OPTIMIZATION ---
[2026-03-01 12:09:19] Delegating to optimize_browsers.sh...
[2026-03-01 12:09:19] Starting Browser Optimization Sequence...
[2026-03-01 12:09:19] Detected Google Chrome Version: 145.0.7632.117
[2026-03-01 12:09:19] [WARNING] ⚠️  UNSTABLE VERSION DETECTED for Google Chrome (v145)
[2026-03-01 12:09:19] [WARNING]    Recommendation: Downgrade to Stable (v132+) to prevent SIGTRAP crashes.
[2026-03-01 12:09:19] Detected Comet Version: 145.0.7632.900
[2026-03-01 12:09:20] [WARNING] ⚠️  UNSTABLE VERSION DETECTED for Comet (v145)
[2026-03-01 12:09:20] [WARNING]    Recommendation: Downgrade to Stable (v132+) to prevent SIGTRAP crashes.
[2026-03-01 12:09:20] Google Chrome is not running.
[2026-03-01 12:09:20] Comet is not running.
[2026-03-01 12:09:20] No Cache found for Google Chrome (AppSupport) at /Users/infinite27/Library/Application Support/Google/Chrome/Default/Cache
[2026-03-01 12:09:20] No GPUCache found for Google Chrome (AppSupport) at /Users/infinite27/Library/Application Support/Google/Chrome/Default/GPUCache
[2026-03-01 12:09:20] No Cache found for Google Chrome (Library/Caches) at /Users/infinite27/Library/Caches/Google/Chrome/Default/Cache
[2026-03-01 12:09:20] No GPUCache found for Google Chrome (Library/Caches) at /Users/infinite27/Library/Caches/Google/Chrome/Default/GPUCache
[2026-03-01 12:09:20] No Cache found for Comet (AppSupport 1) at /Users/infinite27/Library/Application Support/Comet/Cache
[2026-03-01 12:09:20] No GPUCache found for Comet (AppSupport 1) at /Users/infinite27/Library/Application Support/Comet/GPUCache
[2026-03-01 12:09:20] No Cache found for Comet (AppSupport 2) at /Users/infinite27/Library/Application Support/ai.perplexity.comet/Cache
[2026-03-01 12:09:20] No GPUCache found for Comet (AppSupport 2) at /Users/infinite27/Library/Application Support/ai.perplexity.comet/GPUCache
[2026-03-01 12:09:20] No Cache found for Comet (Library/Caches 1) at /Users/infinite27/Library/Caches/ai.perplexity.comet
[2026-03-01 12:09:20] No GPUCache found for Comet (Library/Caches 1) at /Users/infinite27/Library/Caches/ai.perplexity.comet/fsCachedData
[2026-03-01 12:09:20] No Cache found for Comet (Library/Caches 2) at /Users/infinite27/Library/Caches/Comet
[2026-03-01 12:09:20] No GPUCache found for Comet (Library/Caches 2) at /Users/infinite27/Library/Caches/Comet/fsCachedData
[2026-03-01 12:09:20] Optimization Complete.
[2026-03-01 12:09:20] Please restart your browsers. If crashes persist, consult troubleshooting_chromium.md
Log saved to: /Users/infinite27/AILCC_PRIME/logs/browser_opt_20260301_120919.log
[2026-03-01 12:09:20] [SUCCESS] Browser optimization complete
[2026-03-01 12:09:20] --- PROCESS OPTIMIZATION ---
[2026-03-01 12:09:20] [WARNING] Found idle process: Teams - consider closing
[2026-03-01 12:09:20] Top 5 Memory Consumers:
[2026-03-01 12:09:21]   infinite27       51510   3.9  7.3 1507830232 615352   ??  R    Sat01AM  43:00.92 /Applications/Antigravity.app/Contents/Frameworks/Antigravity Helper (Renderer).app/Contents/MacOS/Antigravity Helper (Renderer) --type=renderer --user-data-dir=/Users/infinite27/Library/Application Support/Antigravity --standard-schemes=vscode-webview,vscode-file --enable-sandbox --secure-schemes=vscode-webview,vscode-file --cors-schemes=vscode-webview,vscode-file --fetch-schemes=vscode-webview,vscode-file --service-worker-schemes=vscode-webview --code-cache-schemes=vscode-webview,vscode-file --app-path=/Applications/Antigravity.app/Contents/Resources/app --enable-sandbox --enable-blink-features=HighlightAPI --disable-blink-features=FontMatchingCTMigration,StandardizedBrowserZoom, --lang=en-US --num-raster-threads=4 --enable-zero-copy --enable-gpu-memory-buffer-compositor-resources --enable-main-frame-before-activation --renderer-client-id=22 --time-ticks-at-unix-epoch=-1772138533109734 --launch-time-ticks=117524289831 --shared-files --field-trial-handle=1718379636,r,6339321407322299097,4542904827135895461,262144 --enable-features=DocumentPolicyIncludeJSCallStacksInCrashReports,EarlyEstablishGpuChannel,EstablishGpuChannelAsync,PdfUseShowSaveFilePicker,ScreenCaptureKitPickerScreen,ScreenCaptureKitStreamPickerSonoma --disable-features=CalculateNativeWinOcclusion,LocalNetworkAccessChecks,MacWebContentsOcclusion,ScreenAIOCREnabled,SpareRendererForSitePerProcess,TimeoutHangingVideoCaptureStarts,TraceSiteInstanceGetProcessCreation --variations-seed-version --trace-process-track-uuid=3190709006926792172 --vscode-window-config=vscode:50be8b2c-9a38-4f15-9859-56527482e609 --seatbelt-client=41
[2026-03-01 12:09:21]   infinite27       52604   0.9  3.8 36375448 322012   ??  S    Sat01AM  32:19.92 /Applications/Antigravity.app/Contents/Resources/app/extensions/antigravity/bin/language_server_macos_x64 --enable_lsp --csrf_token 48655ce2-0696-4c65-96da-3477e3eb23fb --extension_server_port 56130 --extension_server_csrf_token 34578abb-523d-4ae0-8cbc-6c7d08cf2dc4 --random_port --workspace_id file_Users_infinite27_AILCC_PRIME --cloud_code_endpoint https://daily-cloudcode-pa.googleapis.com --app_data_dir antigravity --parent_pipe_path /var/folders/hz/52mr8nws137fxvfv8bbt6sq80000gn/T/server_d146b428dd43b07a
[2026-03-01 12:09:21]   infinite27       52081   8.4  2.9 1490853752 242284   ??  S    Sat01AM  13:09.99 /Applications/Antigravity.app/Contents/Frameworks/Antigravity Helper (Plugin).app/Contents/MacOS/Antigravity Helper (Plugin) --type=utility --utility-sub-type=node.mojom.NodeService --lang=en-US --service-sandbox-type=none --dns-result-order=ipv4first --experimental-network-inspection --inspect-port=0 --user-data-dir=/Users/infinite27/Library/Application Support/Antigravity --standard-schemes=vscode-webview,vscode-file --enable-sandbox --secure-schemes=vscode-webview,vscode-file --cors-schemes=vscode-webview,vscode-file --fetch-schemes=vscode-webview,vscode-file --service-worker-schemes=vscode-webview --code-cache-schemes=vscode-webview,vscode-file --shared-files --field-trial-handle=1718379636,r,6339321407322299097,4542904827135895461,262144 --enable-features=DocumentPolicyIncludeJSCallStacksInCrashReports,EarlyEstablishGpuChannel,EstablishGpuChannelAsync,PdfUseShowSaveFilePicker,ScreenCaptureKitPickerScreen,ScreenCaptureKitStreamPickerSonoma --disable-features=CalculateNativeWinOcclusion,LocalNetworkAccessChecks,MacWebContentsOcclusion,ScreenAIOCREnabled,SpareRendererForSitePerProcess,TimeoutHangingVideoCaptureStarts,TraceSiteInstanceGetProcessCreation --variations-seed-version --trace-process-track-uuid=3190709010674959568
[2026-03-01 12:09:21]   infinite27        3739   0.4  1.6 1491405584 130060   ??  S    Fri05PM   7:38.65 /Applications/Antigravity.app/Contents/MacOS/Electron
[2026-03-01 12:09:21]   root               323  11.4  1.3 48933660 109416   ??  Rs   Thu02PM 190:02.75 /System/Library/Frameworks/CoreServices.framework/Frameworks/Metadata.framework/Versions/A/Support/mds_stores
[2026-03-01 12:09:21] --- DISK SPACE OPTIMIZATION ---
[2026-03-01 12:09:22] Cleared npm cache
[2026-03-01 12:09:22] --- CRASH SCOUT ---
[2026-03-01 12:09:22] No recent Chromium crashes detected.
[2026-03-01 12:09:22] --- OBSERVABILITY CONFIGURATION ---
[2026-03-01 12:09:22] [SUCCESS] live_status.json updated
[2026-03-01 12:09:23] --- INTEROPERABILITY CHECK ---
[2026-03-01 12:09:23] [WARNING] Valentine Core (port 3002): OFFLINE
[2026-03-01 12:09:23] [SUCCESS] Dashboard (port 3000): ONLINE
[2026-03-01 12:09:23] Hippocampus/Qdrant (port 6333): OFFLINE (optional)
[2026-03-01 12:09:23] ==========================================
[2026-03-01 12:09:23] OPTIMIZATION COMPLETE
[2026-03-01 12:09:23] ==========================================
[2026-03-01 12:09:23] Disk Usage After: 48% (11Gi free)
[2026-03-01 12:09:23] Load Avg After: 89.13 64.64 53.65
[2026-03-01 12:09:23] Log saved to: /Users/infinite27/AILCC_PRIME/logs/system_opt_20260301_120918.log
