[2026-02-20 16:42:42] ==========================================
[2026-02-20 16:42:42] AILCC MASTER SYSTEM OPTIMIZATION
[2026-02-20 16:42:42] ==========================================
[2026-02-20 16:42:42] --- SYSTEM STATUS SNAPSHOT ---
[2026-02-20 16:42:42] Hostname: Macbook-1.local
[2026-02-20 16:42:42] macOS: 15.7.4
[2026-02-20 16:42:42] Uptime: 16:42  up 17:56, 1 user, load averages: 142.76 407.11 416.04
[2026-02-20 16:42:42] Disk Usage: 98% used (319Mi free)
[2026-02-20 16:42:42] RAM: 8 GB
[2026-02-20 16:42:42] Load Avg: 142.76 407.11 416.04
[2026-02-20 16:42:42] --- MEMORY OPTIMIZATION ---
[2026-02-20 16:42:43] [WARNING] purge requires sudo - skipped (run with sudo for full effect)
[2026-02-20 16:42:43] User caches cleaned: 2.2M -> 2.1M
[2026-02-20 16:42:43] --- BROWSER OPTIMIZATION ---
[2026-02-20 16:42:43] Delegating to optimize_browsers.sh...
[2026-02-20 16:42:43] Starting Browser Optimization Sequence...
2026-02-20 16:42:43.982 defaults[72932:857621] 
The domain/default pair of (/Applications/Google Chrome.app/Contents/Info.plist, CFBundleShortVersionString) does not exist
[2026-02-20 16:42:43] Detected Google Chrome Version: 
/Users/infinite27/AILCC_PRIME/scripts/optimize_browsers.sh: line 39: [: : integer expression expected
2026-02-20 16:42:44.032 defaults[72936:857629] 
The domain/default pair of (/Applications/Comet.app/Contents/Info.plist, CFBundleShortVersionString) does not exist
[2026-02-20 16:42:44] Detected Comet Version: 
/Users/infinite27/AILCC_PRIME/scripts/optimize_browsers.sh: line 39: [: : integer expression expected
sysmon request failed with error: sysmond service not found
pgrep: Cannot get process list
[2026-02-20 16:42:44] Google Chrome is not running.
sysmon request failed with error: sysmond service not found
pgrep: Cannot get process list
[2026-02-20 16:42:44] Comet is not running.
[2026-02-20 16:42:44] No Cache found for Google Chrome (AppSupport) at /Users/infinite27/Library/Application Support/Google/Chrome/Default/Cache
[2026-02-20 16:42:44] ✅ Cleared Google Chrome (AppSupport) GPUCache: /Users/infinite27/Library/Application Support/Google/Chrome/Default/GPUCache
[2026-02-20 16:42:44] No Cache found for Google Chrome (Library/Caches) at /Users/infinite27/Library/Caches/Google/Chrome/Default/Cache
[2026-02-20 16:42:44] No GPUCache found for Google Chrome (Library/Caches) at /Users/infinite27/Library/Caches/Google/Chrome/Default/GPUCache
[2026-02-20 16:42:44] No Cache found for Comet (AppSupport 1) at /Users/infinite27/Library/Application Support/Comet/Cache
[2026-02-20 16:42:44] No GPUCache found for Comet (AppSupport 1) at /Users/infinite27/Library/Application Support/Comet/GPUCache
[2026-02-20 16:42:44] No Cache found for Comet (AppSupport 2) at /Users/infinite27/Library/Application Support/ai.perplexity.comet/Cache
[2026-02-20 16:42:44] No GPUCache found for Comet (AppSupport 2) at /Users/infinite27/Library/Application Support/ai.perplexity.comet/GPUCache
[2026-02-20 16:42:44] No Cache found for Comet (Library/Caches 1) at /Users/infinite27/Library/Caches/ai.perplexity.comet
[2026-02-20 16:42:44] No GPUCache found for Comet (Library/Caches 1) at /Users/infinite27/Library/Caches/ai.perplexity.comet/fsCachedData
[2026-02-20 16:42:44] No Cache found for Comet (Library/Caches 2) at /Users/infinite27/Library/Caches/Comet
[2026-02-20 16:42:44] No GPUCache found for Comet (Library/Caches 2) at /Users/infinite27/Library/Caches/Comet/fsCachedData
[2026-02-20 16:42:44] Optimization Complete.
[2026-02-20 16:42:44] Please restart your browsers. If crashes persist, consult troubleshooting_chromium.md
Log saved to: /Users/infinite27/AILCC_PRIME/logs/browser_opt_20260220_164243.log
[2026-02-20 16:42:44] [SUCCESS] Browser optimization complete
[2026-02-20 16:42:44] --- PROCESS OPTIMIZATION ---
[2026-02-20 16:42:44] Top 5 Memory Consumers:
[2026-02-20 16:42:49]   501              57491  32.6  4.2 1489081768 353848   ??  R     3:54PM  11:24.92 /Applications/Antigravity.app/Contents/Frameworks/Antigravity Helper (Renderer).app/Contents/MacOS/Antigravity Helper (Renderer) --type=renderer --user-data-dir=/Users/infinite27/Library/Application Support/Antigravity --standard-schemes=vscode-webview,vscode-file --enable-sandbox --secure-schemes=vscode-webview,vscode-file --cors-schemes=vscode-webview,vscode-file --fetch-schemes=vscode-webview,vscode-file --service-worker-schemes=vscode-webview --code-cache-schemes=vscode-webview,vscode-file --app-path=/Applications/Antigravity.app/Contents/Resources/app --enable-sandbox --enable-blink-features=HighlightAPI --disable-blink-features=FontMatchingCTMigration,StandardizedBrowserZoom, --lang=en-US --num-raster-threads=4 --enable-zero-copy --enable-gpu-memory-buffer-compositor-resources --enable-main-frame-before-activation --renderer-client-id=20 --time-ticks-at-unix-epoch=-1771555583723330 --launch-time-ticks=37930829406 --shared-files --field-trial-handle=1718379636,r,12619060696510647197,11655958465104961913,262144 --enable-features=DocumentPolicyIncludeJSCallStacksInCrashReports,EarlyEstablishGpuChannel,EstablishGpuChannelAsync,PdfUseShowSaveFilePicker,ScreenCaptureKitPickerScreen,ScreenCaptureKitStreamPickerSonoma --disable-features=CalculateNativeWinOcclusion,LocalNetworkAccessChecks,MacWebContentsOcclusion,ScreenAIOCREnabled,SpareRendererForSitePerProcess,TimeoutHangingVideoCaptureStarts,TraceSiteInstanceGetProcessCreation --variations-seed-version --trace-process-track-uuid=3190709005052708474 --vscode-window-config=vscode:a8aad7f0-d893-4edf-9570-d53d53bb250b --seatbelt-client=125
[2026-02-20 16:42:49]   501               6390  29.5  1.2 43661168 102672   ??  R    11:34PM  96:44.56 /Applications/Antigravity.app/Contents/Resources/app/extensions/antigravity/bin/language_server_macos_x64 --enable_lsp --extension_server_port 50931 --csrf_token 54b64672-143c-4615-bec0-a10d9db49b83 --random_port --workspace_id file_Users_infinite27_AILCC_PRIME --cloud_code_endpoint https://daily-cloudcode-pa.googleapis.com --app_data_dir antigravity --parent_pipe_path /var/folders/hz/52mr8nws137fxvfv8bbt6sq80000gn/T/server_472fff3637b2508a
[2026-02-20 16:42:49]   501               6254  17.6  1.0 1507871240  82136   ??  R    11:34PM 111:23.48 /Applications/Antigravity.app/Contents/Frameworks/Antigravity Helper (Renderer).app/Contents/MacOS/Antigravity Helper (Renderer) --type=renderer --user-data-dir=/Users/infinite27/Library/Application Support/Antigravity --standard-schemes=vscode-webview,vscode-file --enable-sandbox --secure-schemes=vscode-webview,vscode-file --cors-schemes=vscode-webview,vscode-file --fetch-schemes=vscode-webview,vscode-file --service-worker-schemes=vscode-webview --code-cache-schemes=vscode-webview,vscode-file --app-path=/Applications/Antigravity.app/Contents/Resources/app --enable-sandbox --enable-blink-features=HighlightAPI --disable-blink-features=FontMatchingCTMigration,StandardizedBrowserZoom, --lang=en-US --num-raster-threads=4 --enable-zero-copy --enable-gpu-memory-buffer-compositor-resources --enable-main-frame-before-activation --renderer-client-id=13 --time-ticks-at-unix-epoch=-1771555583723330 --launch-time-ticks=2880250893 --shared-files --field-trial-handle=1718379636,r,12619060696510647197,11655958465104961913,262144 --enable-features=DocumentPolicyIncludeJSCallStacksInCrashReports,EarlyEstablishGpuChannel,EstablishGpuChannelAsync,PdfUseShowSaveFilePicker,ScreenCaptureKitPickerScreen,ScreenCaptureKitStreamPickerSonoma --disable-features=CalculateNativeWinOcclusion,LocalNetworkAccessChecks,MacWebContentsOcclusion,ScreenAIOCREnabled,SpareRendererForSitePerProcess,TimeoutHangingVideoCaptureStarts,TraceSiteInstanceGetProcessCreation --variations-seed-version --trace-process-track-uuid=3190708998493415531 --vscode-window-config=vscode:d3a468e1-245d-4520-abfe-5e17af25cff2 --seatbelt-client=65
[2026-02-20 16:42:49]   501              72814  15.0  0.6 34307828  48364   ??  Rs    4:42PM   0:02.07 /System/Library/CoreServices/Dock.app/Contents/XPCServices/com.apple.dock.extra.xpc/Contents/MacOS/com.apple.dock.extra
[2026-02-20 16:42:49]   501              72798  16.1  0.5 34541456  44528   ??  R     4:42PM   0:02.53 /System/Library/CoreServices/NotificationCenter.app/Contents/MacOS/NotificationCenter
[2026-02-20 16:42:49] --- DISK SPACE OPTIMIZATION ---
[2026-02-20 16:43:03] Cleared npm cache
[2026-02-20 16:43:03] --- CRASH SCOUT ---
[2026-02-20 16:43:03] No recent Chromium crashes detected.
[2026-02-20 16:43:04] --- OBSERVABILITY CONFIGURATION ---
[2026-02-20 16:43:05] [SUCCESS] live_status.json updated
[2026-02-20 16:43:05] --- INTEROPERABILITY CHECK ---
[2026-02-20 16:43:05] [WARNING] Valentine Core (port 3002): OFFLINE
[2026-02-20 16:43:06] [WARNING] Dashboard (port 3000): OFFLINE
[2026-02-20 16:43:06] Hippocampus/Qdrant (port 6333): OFFLINE (optional)
[2026-02-20 16:43:06] ==========================================
[2026-02-20 16:43:06] OPTIMIZATION COMPLETE
[2026-02-20 16:43:06] ==========================================
[2026-02-20 16:43:06] Disk Usage After: 98% (316Mi free)
[2026-02-20 16:43:06] Load Avg After: 270.52 415.73 418.88
[2026-02-20 16:43:06] Log saved to: /Users/infinite27/AILCC_PRIME/logs/system_opt_20260220_164242.log
