[2026-02-25 04:00:03] ==========================================
[2026-02-25 04:00:03] AILCC MASTER SYSTEM OPTIMIZATION
[2026-02-25 04:00:03] ==========================================
[2026-02-25 04:00:03] --- SYSTEM STATUS SNAPSHOT ---
[2026-02-25 04:00:03] Hostname: Macbook-1.local
[2026-02-25 04:00:03] macOS: 15.7.4
[2026-02-25 04:00:03] Uptime:  4:00  up 10:11, 1 user, load averages: 16.10 24.49 22.75
[2026-02-25 04:00:03] Disk Usage: 41% used (16Gi free)
[2026-02-25 04:00:03] RAM: 8 GB
[2026-02-25 04:00:04] Load Avg: 16.10 24.49 22.75
[2026-02-25 04:00:04] --- MEMORY OPTIMIZATION ---
[2026-02-25 04:00:04] [WARNING] purge requires sudo - skipped (run with sudo for full effect)
[2026-02-25 04:00:04] User caches cleaned: 752K -> 752K
[2026-02-25 04:00:04] --- BROWSER OPTIMIZATION ---
[2026-02-25 04:00:04] Delegating to optimize_browsers.sh...
[2026-02-25 04:00:04] Starting Browser Optimization Sequence...
[2026-02-25 04:00:04] Detected Google Chrome Version: 145.0.7632.110
[2026-02-25 04:00:04] [WARNING] ⚠️  UNSTABLE VERSION DETECTED for Google Chrome (v145)
[2026-02-25 04:00:04] [WARNING]    Recommendation: Downgrade to Stable (v132+) to prevent SIGTRAP crashes.
[2026-02-25 04:00:04] Detected Comet Version: 144.0.7559.43118
[2026-02-25 04:00:04] [WARNING] ⚠️  UNSTABLE VERSION DETECTED for Comet (v144)
[2026-02-25 04:00:04] [WARNING]    Recommendation: Downgrade to Stable (v132+) to prevent SIGTRAP crashes.
[2026-02-25 04:00:04] Google Chrome is not running.
[2026-02-25 04:00:04] [WARNING] Comet is running. Closing it to safely clear cache...
[2026-02-25 04:00:07] Comet forced closed.
[2026-02-25 04:00:07] No Cache found for Google Chrome (AppSupport) at /Users/infinite27/Library/Application Support/Google/Chrome/Default/Cache
[2026-02-25 04:00:07] ✅ Cleared Google Chrome (AppSupport) GPUCache: /Users/infinite27/Library/Application Support/Google/Chrome/Default/GPUCache
[2026-02-25 04:00:07] No Cache found for Google Chrome (Library/Caches) at /Users/infinite27/Library/Caches/Google/Chrome/Default/Cache
[2026-02-25 04:00:07] No GPUCache found for Google Chrome (Library/Caches) at /Users/infinite27/Library/Caches/Google/Chrome/Default/GPUCache
[2026-02-25 04:00:07] No Cache found for Comet (AppSupport 1) at /Users/infinite27/Library/Application Support/Comet/Cache
[2026-02-25 04:00:07] No GPUCache found for Comet (AppSupport 1) at /Users/infinite27/Library/Application Support/Comet/GPUCache
[2026-02-25 04:00:07] No Cache found for Comet (AppSupport 2) at /Users/infinite27/Library/Application Support/ai.perplexity.comet/Cache
[2026-02-25 04:00:07] No GPUCache found for Comet (AppSupport 2) at /Users/infinite27/Library/Application Support/ai.perplexity.comet/GPUCache
[2026-02-25 04:00:07] No Cache found for Comet (Library/Caches 1) at /Users/infinite27/Library/Caches/ai.perplexity.comet
[2026-02-25 04:00:07] No GPUCache found for Comet (Library/Caches 1) at /Users/infinite27/Library/Caches/ai.perplexity.comet/fsCachedData
[2026-02-25 04:00:07] ✅ Cleared Comet (Library/Caches 2) Cache: /Users/infinite27/Library/Caches/Comet
[2026-02-25 04:00:07] No GPUCache found for Comet (Library/Caches 2) at /Users/infinite27/Library/Caches/Comet/fsCachedData
[2026-02-25 04:00:08] Optimization Complete.
[2026-02-25 04:00:08] Please restart your browsers. If crashes persist, consult troubleshooting_chromium.md
Log saved to: /Users/infinite27/AILCC_PRIME/logs/browser_opt_20260225_040004.log
[2026-02-25 04:00:08] [SUCCESS] Browser optimization complete
[2026-02-25 04:00:08] --- PROCESS OPTIMIZATION ---
[2026-02-25 04:00:08] [WARNING] Found idle process: Teams - consider closing
[2026-02-25 04:00:08] Top 5 Memory Consumers:
[2026-02-25 04:00:08]   infinite27         868   3.3  5.4 37961820 454600   ??  Ss    5:49PM  70:58.94 /System/Library/Frameworks/Virtualization.framework/Versions/A/XPCServices/com.apple.Virtualization.VirtualMachine.xpc/Contents/MacOS/com.apple.Virtualization.VirtualMachine
[2026-02-25 04:00:08]   infinite27       22656   1.8  2.6 1491057680 221604   ??  S     9:14PM  40:59.63 /Applications/Antigravity.app/Contents/Frameworks/Antigravity Helper (Renderer).app/Contents/MacOS/Antigravity Helper (Renderer) --type=renderer --user-data-dir=/Users/infinite27/Library/Application Support/Antigravity --standard-schemes=vscode-webview,vscode-file --enable-sandbox --secure-schemes=vscode-webview,vscode-file --cors-schemes=vscode-webview,vscode-file --fetch-schemes=vscode-webview,vscode-file --service-worker-schemes=vscode-webview --code-cache-schemes=vscode-webview,vscode-file --app-path=/Applications/Antigravity.app/Contents/Resources/app --enable-sandbox --enable-blink-features=HighlightAPI --disable-blink-features=FontMatchingCTMigration,StandardizedBrowserZoom, --lang=en-US --num-raster-threads=4 --enable-zero-copy --enable-gpu-memory-buffer-compositor-resources --enable-main-frame-before-activation --renderer-client-id=19 --time-ticks-at-unix-epoch=-1771969720271641 --launch-time-ticks=12378556128 --shared-files --field-trial-handle=1718379636,r,6687091278938189888,11817088292245253921,262144 --enable-features=DocumentPolicyIncludeJSCallStacksInCrashReports,EarlyEstablishGpuChannel,EstablishGpuChannelAsync,PdfUseShowSaveFilePicker,ScreenCaptureKitPickerScreen,ScreenCaptureKitStreamPickerSonoma --disable-features=CalculateNativeWinOcclusion,LocalNetworkAccessChecks,MacWebContentsOcclusion,ScreenAIOCREnabled,SpareRendererForSitePerProcess,TimeoutHangingVideoCaptureStarts,TraceSiteInstanceGetProcessCreation --variations-seed-version --trace-process-track-uuid=3190709004115666625 --vscode-window-config=vscode:958c0b72-4eba-40ee-83be-ed99ec0377ed --seatbelt-client=125
[2026-02-25 04:00:08]   infinite27       23242   0.5  2.5 36780608 209464   ??  S     9:16PM  21:02.01 /Applications/Antigravity.app/Contents/Resources/app/extensions/antigravity/bin/language_server_macos_x64 --enable_lsp --extension_server_port 62007 --csrf_token 553ab299-6788-45f1-a464-7287e3c21bed --random_port --workspace_id file_Users_infinite27_AILCC_PRIME --cloud_code_endpoint https://daily-cloudcode-pa.googleapis.com --app_data_dir antigravity --parent_pipe_path /var/folders/hz/52mr8nws137fxvfv8bbt6sq80000gn/T/server_429a1a8618e79f79
[2026-02-25 04:00:08]   infinite27       71764   0.1  2.0 54591068 166956   ??  SN    2:59AM   3:59.71 next-server (v16.1.1)
[2026-02-25 04:00:08]   infinite27         601  64.8  1.6 85011800 137996   ??  R     5:49PM   9:49.11 /Applications/Comet.app/Contents/MacOS/Comet
[2026-02-25 04:00:08] --- DISK SPACE OPTIMIZATION ---
[2026-02-25 04:00:13] Cleared npm cache
[2026-02-25 04:00:13] --- CRASH SCOUT ---
[2026-02-25 04:00:13] No recent Chromium crashes detected.
[2026-02-25 04:00:13] --- OBSERVABILITY CONFIGURATION ---
[2026-02-25 04:00:13] [SUCCESS] live_status.json updated
[2026-02-25 04:00:13] --- INTEROPERABILITY CHECK ---
[2026-02-25 04:00:13] [WARNING] Valentine Core (port 3002): OFFLINE
[2026-02-25 04:00:13] [SUCCESS] Dashboard (port 3000): ONLINE
[2026-02-25 04:00:13] Hippocampus/Qdrant (port 6333): OFFLINE (optional)
[2026-02-25 04:00:13] ==========================================
[2026-02-25 04:00:13] OPTIMIZATION COMPLETE
[2026-02-25 04:00:13] ==========================================
[2026-02-25 04:00:13] Disk Usage After: 39% (17Gi free)
[2026-02-25 04:00:13] Load Avg After: 14.59 23.89 22.56
[2026-02-25 04:00:13] Log saved to: /Users/infinite27/AILCC_PRIME/logs/system_opt_20260225_040002.log
