[2026-02-13 12:00:05] ==========================================
[2026-02-13 12:00:05] AILCC MASTER SYSTEM OPTIMIZATION
[2026-02-13 12:00:05] ==========================================
[2026-02-13 12:00:05] --- SYSTEM STATUS SNAPSHOT ---
[2026-02-13 12:00:05] Hostname: Macbook-1.local
[2026-02-13 12:00:05] macOS: 15.7.3
[2026-02-13 12:00:05] Uptime: 12:00  up 15:47, 1 user, load averages: 3.64 3.92 4.02
[2026-02-13 12:00:05] Disk Usage: 46% used (13Gi free)
[2026-02-13 12:00:05] RAM: 8 GB
[2026-02-13 12:00:05] Load Avg: 3.64 3.92 4.02
[2026-02-13 12:00:05] --- MEMORY OPTIMIZATION ---
[2026-02-13 12:00:05] [WARNING] purge requires sudo - skipped (run with sudo for full effect)
[2026-02-13 12:00:05] User caches cleaned: 140K -> 140K
[2026-02-13 12:00:05] --- BROWSER OPTIMIZATION ---
[2026-02-13 12:00:05] Delegating to optimize_browsers.sh...
[2026-02-13 12:00:05] Starting Browser Optimization Sequence...
[2026-02-13 12:00:05] Detected Google Chrome Version: 144.0.7559.133
[2026-02-13 12:00:05] [WARNING] ⚠️  UNSTABLE VERSION DETECTED for Google Chrome (v144)
[2026-02-13 12:00:05] [WARNING]    Recommendation: Downgrade to Stable (v132+) to prevent SIGTRAP crashes.
[2026-02-13 12:00:05] Detected Comet Version: 144.0.7559.43118
[2026-02-13 12:00:05] [WARNING] ⚠️  UNSTABLE VERSION DETECTED for Comet (v144)
[2026-02-13 12:00:05] [WARNING]    Recommendation: Downgrade to Stable (v132+) to prevent SIGTRAP crashes.
[2026-02-13 12:00:05] Google Chrome is not running.
[2026-02-13 12:00:05] Comet is not running.
[2026-02-13 12:00:05] No Cache found for Google Chrome (AppSupport) at /Users/infinite27/Library/Application Support/Google/Chrome/Default/Cache
[2026-02-13 12:00:05] No GPUCache found for Google Chrome (AppSupport) at /Users/infinite27/Library/Application Support/Google/Chrome/Default/GPUCache
[2026-02-13 12:00:05] No Cache found for Google Chrome (Library/Caches) at /Users/infinite27/Library/Caches/Google/Chrome/Default/Cache
[2026-02-13 12:00:05] No GPUCache found for Google Chrome (Library/Caches) at /Users/infinite27/Library/Caches/Google/Chrome/Default/GPUCache
[2026-02-13 12:00:05] No Cache found for Comet (AppSupport 1) at /Users/infinite27/Library/Application Support/Comet/Cache
[2026-02-13 12:00:05] No GPUCache found for Comet (AppSupport 1) at /Users/infinite27/Library/Application Support/Comet/GPUCache
[2026-02-13 12:00:05] No Cache found for Comet (AppSupport 2) at /Users/infinite27/Library/Application Support/ai.perplexity.comet/Cache
[2026-02-13 12:00:05] No GPUCache found for Comet (AppSupport 2) at /Users/infinite27/Library/Application Support/ai.perplexity.comet/GPUCache
[2026-02-13 12:00:05] No Cache found for Comet (Library/Caches 1) at /Users/infinite27/Library/Caches/ai.perplexity.comet
[2026-02-13 12:00:05] No GPUCache found for Comet (Library/Caches 1) at /Users/infinite27/Library/Caches/ai.perplexity.comet/fsCachedData
[2026-02-13 12:00:05] No Cache found for Comet (Library/Caches 2) at /Users/infinite27/Library/Caches/Comet
[2026-02-13 12:00:05] No GPUCache found for Comet (Library/Caches 2) at /Users/infinite27/Library/Caches/Comet/fsCachedData
[2026-02-13 12:00:05] Optimization Complete.
[2026-02-13 12:00:05] Please restart your browsers. If crashes persist, consult troubleshooting_chromium.md
Log saved to: /Users/infinite27/AILCC_PRIME/logs/browser_opt_20260213_120005.log
[2026-02-13 12:00:05] [SUCCESS] Browser optimization complete
[2026-02-13 12:00:05] --- PROCESS OPTIMIZATION ---
[2026-02-13 12:00:05] [WARNING] Found idle process: Teams - consider closing
[2026-02-13 12:00:05] Top 5 Memory Consumers:
[2026-02-13 12:00:05]   infinite27        1955   5.9 10.9 38915568 918096   ??  R     8:15PM  63:58.51 /Applications/Antigravity.app/Contents/Resources/app/extensions/antigravity/bin/language_server_macos_x64 --enable_lsp --extension_server_port 49872 --csrf_token b675b87b-4977-4bf1-8622-39fd80862e19 --random_port --workspace_id file_Users_infinite27_AILCC_PRIME_AI_MasterMind_Alliance --cloud_code_endpoint https://daily-cloudcode-pa.googleapis.com --app_data_dir antigravity --parent_pipe_path /var/folders/hz/52mr8nws137fxvfv8bbt6sq80000gn/T/server_07493e2c696f6c6f
[2026-02-13 12:00:05]   infinite27       43344   1.9  9.8 37973000 822784   ??  Ss   10:31AM   5:50.17 /System/Library/Frameworks/Virtualization.framework/Versions/A/XPCServices/com.apple.Virtualization.VirtualMachine.xpc/Contents/MacOS/com.apple.Virtualization.VirtualMachine
[2026-02-13 12:00:05]   infinite27        2058   6.1  8.2 38837692 685656   ??  S     8:15PM  65:21.66 /Applications/Antigravity.app/Contents/Resources/app/extensions/antigravity/bin/language_server_macos_x64 --enable_lsp --extension_server_port 49889 --csrf_token 57fa1cc4-5f82-4b3d-9213-1dd66657faba --random_port --workspace_id file_Users_infinite27_AILCC_PRIME --cloud_code_endpoint https://daily-cloudcode-pa.googleapis.com --app_data_dir antigravity --parent_pipe_path /var/folders/hz/52mr8nws137fxvfv8bbt6sq80000gn/T/server_49a8c81f47c348de
[2026-02-13 12:00:05]   infinite27        1107  14.1  4.3 1491034300 357812   ??  S     8:15PM  17:34.77 /Applications/Antigravity.app/Contents/Frameworks/Antigravity Helper (Renderer).app/Contents/MacOS/Antigravity Helper (Renderer) --type=renderer --user-data-dir=/Users/infinite27/Library/Application Support/Antigravity --standard-schemes=vscode-webview,vscode-file --enable-sandbox --secure-schemes=vscode-webview,vscode-file --cors-schemes=vscode-webview,vscode-file --fetch-schemes=vscode-webview,vscode-file --service-worker-schemes=vscode-webview --code-cache-schemes=vscode-webview,vscode-file --app-path=/Applications/Antigravity.app/Contents/Resources/app --enable-sandbox --enable-blink-features=HighlightAPI --disable-blink-features=FontMatchingCTMigration,StandardizedBrowserZoom, --lang=en-US --num-raster-threads=4 --enable-zero-copy --enable-gpu-memory-buffer-compositor-resources --enable-main-frame-before-activation --renderer-client-id=5 --time-ticks-at-unix-epoch=-1770941579669546 --launch-time-ticks=130537075 --shared-files --field-trial-handle=1718379636,r,712288664726743855,9512343510599293459,262144 --enable-features=DocumentPolicyIncludeJSCallStacksInCrashReports,EarlyEstablishGpuChannel,EstablishGpuChannelAsync,PdfUseShowSaveFilePicker,ScreenCaptureKitPickerScreen,ScreenCaptureKitStreamPickerSonoma --disable-features=CalculateNativeWinOcclusion,LocalNetworkAccessChecks,MacWebContentsOcclusion,ScreenAIOCREnabled,SpareRendererForSitePerProcess,TimeoutHangingVideoCaptureStarts,TraceSiteInstanceGetProcessCreation --variations-seed-version --trace-process-track-uuid=3190708990997080739 --vscode-window-config=vscode:520caeaa-d6f0-4013-b080-ab3669a3e1f1 --seatbelt-client=57
[2026-02-13 12:00:05]   infinite27        1106   0.3  2.6 1490994808 219252   ??  S     8:15PM   7:16.02 /Applications/Antigravity.app/Contents/Frameworks/Antigravity Helper (Renderer).app/Contents/MacOS/Antigravity Helper (Renderer) --type=renderer --user-data-dir=/Users/infinite27/Library/Application Support/Antigravity --standard-schemes=vscode-webview,vscode-file --enable-sandbox --secure-schemes=vscode-webview,vscode-file --cors-schemes=vscode-webview,vscode-file --fetch-schemes=vscode-webview,vscode-file --service-worker-schemes=vscode-webview --code-cache-schemes=vscode-webview,vscode-file --app-path=/Applications/Antigravity.app/Contents/Resources/app --enable-sandbox --enable-blink-features=HighlightAPI --disable-blink-features=FontMatchingCTMigration,StandardizedBrowserZoom, --lang=en-US --num-raster-threads=4 --enable-zero-copy --enable-gpu-memory-buffer-compositor-resources --enable-main-frame-before-activation --renderer-client-id=4 --time-ticks-at-unix-epoch=-1770941579669546 --launch-time-ticks=130439730 --shared-files --field-trial-handle=1718379636,r,712288664726743855,9512343510599293459,262144 --enable-features=DocumentPolicyIncludeJSCallStacksInCrashReports,EarlyEstablishGpuChannel,EstablishGpuChannelAsync,PdfUseShowSaveFilePicker,ScreenCaptureKitPickerScreen,ScreenCaptureKitStreamPickerSonoma --disable-features=CalculateNativeWinOcclusion,LocalNetworkAccessChecks,MacWebContentsOcclusion,ScreenAIOCREnabled,SpareRendererForSitePerProcess,TimeoutHangingVideoCaptureStarts,TraceSiteInstanceGetProcessCreation --variations-seed-version --trace-process-track-uuid=3190708990060038890 --vscode-window-config=vscode:7c7bd50a-a5d4-4b35-8b6d-f5e638b09772 --seatbelt-client=57
[2026-02-13 12:00:05] --- DISK SPACE OPTIMIZATION ---
[2026-02-13 12:00:07] Cleared npm cache
[2026-02-13 12:00:07] --- CRASH SCOUT ---
[2026-02-13 12:00:07] No recent Chromium crashes detected.
[2026-02-13 12:00:07] --- OBSERVABILITY CONFIGURATION ---
[2026-02-13 12:00:07] [SUCCESS] live_status.json updated
[2026-02-13 12:00:07] --- INTEROPERABILITY CHECK ---
[2026-02-13 12:00:07] [WARNING] Valentine Core (port 3002): OFFLINE
[2026-02-13 12:00:07] [WARNING] Dashboard (port 3000): OFFLINE
[2026-02-13 12:00:08] Hippocampus/Qdrant (port 6333): OFFLINE (optional)
[2026-02-13 12:00:08] ==========================================
[2026-02-13 12:00:08] OPTIMIZATION COMPLETE
[2026-02-13 12:00:08] ==========================================
[2026-02-13 12:00:08] Disk Usage After: 46% (13Gi free)
[2026-02-13 12:00:08] Load Avg After: 3.34 3.86 4.00
[2026-02-13 12:00:08] Log saved to: /Users/infinite27/AILCC_PRIME/logs/system_opt_20260213_120005.log
