[2026-02-15 04:00:00] ==========================================
[2026-02-15 04:00:00] AILCC MASTER SYSTEM OPTIMIZATION
[2026-02-15 04:00:00] ==========================================
[2026-02-15 04:00:00] --- SYSTEM STATUS SNAPSHOT ---
[2026-02-15 04:00:00] Hostname: Macbook-1.local
[2026-02-15 04:00:00] macOS: 15.7.3
[2026-02-15 04:00:00] Uptime:  4:00  up 53 mins, 1 user, load averages: 1.91 3.04 10.63
[2026-02-15 04:00:00] Disk Usage: 38% used (18Gi free)
[2026-02-15 04:00:00] RAM: 8 GB
[2026-02-15 04:00:00] Load Avg: 1.91 3.04 10.63
[2026-02-15 04:00:00] --- MEMORY OPTIMIZATION ---
[2026-02-15 04:00:00] [WARNING] purge requires sudo - skipped (run with sudo for full effect)
[2026-02-15 04:00:00] User caches cleaned: 156K -> 156K
[2026-02-15 04:00:00] --- BROWSER OPTIMIZATION ---
[2026-02-15 04:00:00] Delegating to optimize_browsers.sh...
[2026-02-15 04:00:00] Starting Browser Optimization Sequence...
[2026-02-15 04:00:00] Detected Google Chrome Version: 144.0.7559.133
[2026-02-15 04:00:00] [WARNING] ⚠️  UNSTABLE VERSION DETECTED for Google Chrome (v144)
[2026-02-15 04:00:00] [WARNING]    Recommendation: Downgrade to Stable (v132+) to prevent SIGTRAP crashes.
[2026-02-15 04:00:00] Detected Comet Version: 144.0.7559.43118
[2026-02-15 04:00:00] [WARNING] ⚠️  UNSTABLE VERSION DETECTED for Comet (v144)
[2026-02-15 04:00:00] [WARNING]    Recommendation: Downgrade to Stable (v132+) to prevent SIGTRAP crashes.
[2026-02-15 04:00:00] Google Chrome is not running.
[2026-02-15 04:00:00] [WARNING] Comet is running. Closing it to safely clear cache...
[2026-02-15 04:00:03] Comet forced closed.
[2026-02-15 04:00:03] No Cache found for Google Chrome (AppSupport) at /Users/infinite27/Library/Application Support/Google/Chrome/Default/Cache
[2026-02-15 04:00:03] No GPUCache found for Google Chrome (AppSupport) at /Users/infinite27/Library/Application Support/Google/Chrome/Default/GPUCache
[2026-02-15 04:00:03] No Cache found for Google Chrome (Library/Caches) at /Users/infinite27/Library/Caches/Google/Chrome/Default/Cache
[2026-02-15 04:00:03] No GPUCache found for Google Chrome (Library/Caches) at /Users/infinite27/Library/Caches/Google/Chrome/Default/GPUCache
[2026-02-15 04:00:03] No Cache found for Comet (AppSupport 1) at /Users/infinite27/Library/Application Support/Comet/Cache
[2026-02-15 04:00:03] No GPUCache found for Comet (AppSupport 1) at /Users/infinite27/Library/Application Support/Comet/GPUCache
[2026-02-15 04:00:03] No Cache found for Comet (AppSupport 2) at /Users/infinite27/Library/Application Support/ai.perplexity.comet/Cache
[2026-02-15 04:00:03] No GPUCache found for Comet (AppSupport 2) at /Users/infinite27/Library/Application Support/ai.perplexity.comet/GPUCache
[2026-02-15 04:00:03] No Cache found for Comet (Library/Caches 1) at /Users/infinite27/Library/Caches/ai.perplexity.comet
[2026-02-15 04:00:03] No GPUCache found for Comet (Library/Caches 1) at /Users/infinite27/Library/Caches/ai.perplexity.comet/fsCachedData
[2026-02-15 04:00:03] ✅ Cleared Comet (Library/Caches 2) Cache: /Users/infinite27/Library/Caches/Comet
[2026-02-15 04:00:03] No GPUCache found for Comet (Library/Caches 2) at /Users/infinite27/Library/Caches/Comet/fsCachedData
[2026-02-15 04:00:03] Optimization Complete.
[2026-02-15 04:00:03] Please restart your browsers. If crashes persist, consult troubleshooting_chromium.md
Log saved to: /Users/infinite27/AILCC_PRIME/logs/browser_opt_20260215_040000.log
[2026-02-15 04:00:03] [SUCCESS] Browser optimization complete
[2026-02-15 04:00:03] --- PROCESS OPTIMIZATION ---
[2026-02-15 04:00:03] [WARNING] Found idle process: Teams - consider closing
[2026-02-15 04:00:03] Top 5 Memory Consumers:
[2026-02-15 04:00:03]   infinite27        2133   6.8 11.6 39041652 970528   ??  S     3:09AM   6:05.83 /Applications/Antigravity.app/Contents/Resources/app/extensions/antigravity/bin/language_server_macos_x64 --enable_lsp --extension_server_port 49916 --csrf_token 23c1b1ac-5382-4adc-a474-cec54536c64f --random_port --workspace_id file_Users_infinite27_AILCC_PRIME --cloud_code_endpoint https://daily-cloudcode-pa.googleapis.com --app_data_dir antigravity --parent_pipe_path /var/folders/hz/52mr8nws137fxvfv8bbt6sq80000gn/T/server_1f5226cb8dc4d3d9
[2026-02-15 04:00:03]   infinite27         867   1.7  3.7 37970536 309560   ??  Ss    3:08AM   3:38.04 /System/Library/Frameworks/Virtualization.framework/Versions/A/XPCServices/com.apple.Virtualization.VirtualMachine.xpc/Contents/MacOS/com.apple.Virtualization.VirtualMachine
[2026-02-15 04:00:03]   infinite27         592  50.0  1.6 85000044 130184   ??  R     3:07AM   1:07.19 /Applications/Comet.app/Contents/MacOS/Comet
[2026-02-15 04:00:03]   infinite27        5353   0.0  1.4 33981336 118376   ??  S     3:20AM   0:17.07 /System/Library/PrivateFrameworks/MediaAnalysis.framework/Versions/A/mediaanalysisd
[2026-02-15 04:00:03]   infinite27         914   0.0  1.2 1489052816  96692   ??  S     3:08AM   1:24.00 /Applications/Docker.app/Contents/MacOS/Docker Desktop.app/Contents/Frameworks/Docker Desktop Helper (Renderer).app/Contents/MacOS/Docker Desktop Helper (Renderer) --type=renderer --user-data-dir=/Users/infinite27/Library/Application Support/Docker Desktop --standard-schemes=app --enable-sandbox --secure-schemes=app --fetch-schemes=dd --code-cache-schemes=app --app-path=/Applications/Docker.app/Contents/MacOS/Docker Desktop.app/Contents/Resources/app.asar --enable-sandbox --lang=en-US --num-raster-threads=4 --enable-zero-copy --enable-gpu-memory-buffer-compositor-resources --enable-main-frame-before-activation --renderer-client-id=4 --time-ticks-at-unix-epoch=-1771139243136675 --launch-time-ticks=62837833 --shared-files --field-trial-handle=1718379636,r,15873893194165386489,8371022572480479065,262144 --enable-features=PdfUseShowSaveFilePicker,ScreenCaptureKitPickerScreen,ScreenCaptureKitStreamPickerSonoma --disable-features=MacWebContentsOcclusion,ScreenAIOCREnabled,SpareRendererForSitePerProcess,TimeoutHangingVideoCaptureStarts --variations-seed-version --desktop-ui-preload-params={"needsBackendErrorsIpcClient":true,"needsPrimaryIpcClient":true} --seatbelt-client=84
[2026-02-15 04:00:03] --- DISK SPACE OPTIMIZATION ---
[2026-02-15 04:00:07] Cleared npm cache
[2026-02-15 04:00:07] --- CRASH SCOUT ---
[2026-02-15 04:00:07] No recent Chromium crashes detected.
[2026-02-15 04:00:07] --- OBSERVABILITY CONFIGURATION ---
[2026-02-15 04:00:07] [SUCCESS] live_status.json updated
[2026-02-15 04:00:07] --- INTEROPERABILITY CHECK ---
[2026-02-15 04:00:07] [WARNING] Valentine Core (port 3002): OFFLINE
[2026-02-15 04:00:07] [WARNING] Dashboard (port 3000): OFFLINE
[2026-02-15 04:00:07] Hippocampus/Qdrant (port 6333): OFFLINE (optional)
[2026-02-15 04:00:07] ==========================================
[2026-02-15 04:00:07] OPTIMIZATION COMPLETE
[2026-02-15 04:00:07] ==========================================
[2026-02-15 04:00:07] Disk Usage After: 36% (19Gi free)
[2026-02-15 04:00:07] Load Avg After: 4.72 3.59 10.73
[2026-02-15 04:00:07] Log saved to: /Users/infinite27/AILCC_PRIME/logs/system_opt_20260215_040000.log
