[2026-01-12T02:45:53.086954Z] [INFO] Sync daemon started
[2026-01-12T02:45:53.087841Z] [INFO] ============================================================
[2026-01-12T02:45:53.087917Z] [INFO] Starting sync cycle
[2026-01-12T02:45:53.087972Z] [INFO] Exporting Comet history...
[2026-01-12T02:45:53.088270Z] [INFO] Exporting Antigravity history...
[2026-01-12T02:45:53.092557Z] [WARNING] Antigravity DB not found at /Users/infinite27/.antigravity/workspace.db
[2026-01-12T02:45:53.099776Z] [INFO] MAS Broadcast: {"timestamp": "2026-01-12T02:45:53.092749Z", "comet": {"source": "comet", "count": 0}, "antigravity": {"source": "antigravity", "count": 0}, "total_synced": 0}
[2026-01-12T02:45:53.099869Z] [INFO] Sync cycle complete: 0 items
[2026-01-12T03:18:44.460449Z] [INFO] Sync daemon started
[2026-01-12T03:18:44.461909Z] [INFO] ============================================================
[2026-01-12T03:18:44.461973Z] [INFO] Starting sync cycle
[2026-01-12T03:18:44.462027Z] [INFO] Exporting Comet history...
[2026-01-12T03:18:44.462277Z] [INFO] Exporting Antigravity history...
[2026-01-12T03:18:44.463265Z] [ERROR] Antigravity export error: no such column: updated_at
[2026-01-12T03:18:44.464607Z] [INFO] MAS Broadcast: {"timestamp": "2026-01-12T03:18:44.463364Z", "comet": {"source": "comet", "count": 0}, "antigravity": {"source": "antigravity", "count": 0, "error": "no such column: updated_at"}, "total_synced": 0}
[2026-01-12T03:18:44.464661Z] [INFO] Sync cycle complete: 0 items
[2026-01-12T03:19:09.504026Z] [INFO] Sync daemon started
[2026-01-12T03:19:09.505952Z] [INFO] ============================================================
[2026-01-12T03:19:09.505998Z] [INFO] Starting sync cycle
[2026-01-12T03:19:09.506020Z] [INFO] Exporting Comet history...
[2026-01-12T03:19:09.506128Z] [INFO] Exporting Antigravity history...
[2026-01-12T03:19:09.510206Z] [INFO] Antigravity: 0 new conversations
[2026-01-12T03:19:09.510828Z] [INFO] MAS Broadcast: {"timestamp": "2026-01-12T03:19:09.510304Z", "comet": {"source": "comet", "count": 0}, "antigravity": {"source": "antigravity", "count": 0}, "total_synced": 0}
[2026-01-12T03:19:09.510917Z] [INFO] Sync cycle complete: 0 items
[2026-01-12T03:19:35.686178Z] [INFO] Sync daemon started
[2026-01-12T03:19:35.701484Z] [INFO] ============================================================
[2026-01-12T03:19:35.729312Z] [INFO] Starting sync cycle
[2026-01-12T03:19:35.729399Z] [INFO] Exporting Comet history...
[2026-01-12T03:19:35.729650Z] [INFO] Exporting Antigravity history...
[2026-01-12T03:19:35.732635Z] [INFO] Antigravity: 0 new conversations
[2026-01-12T03:19:35.761851Z] [INFO] MAS Broadcast: {"timestamp": "2026-01-12T03:19:35.761104Z", "comet": {"source": "comet", "count": 0}, "antigravity": {"source": "antigravity", "count": 0}, "total_synced": 0}
[2026-01-12T03:19:35.761919Z] [INFO] Sync cycle complete: 0 items
[2026-01-12T03:20:02.871506Z] [INFO] Sync daemon started
[2026-01-12T03:20:02.872214Z] [INFO] ============================================================
[2026-01-12T03:20:02.872246Z] [INFO] Starting sync cycle
[2026-01-12T03:20:02.872264Z] [INFO] Exporting Comet history...
[2026-01-12T03:20:02.872565Z] [INFO] Exporting Antigravity history...
[2026-01-12T03:20:02.873685Z] [INFO] Antigravity: 3 new conversations
[2026-01-12T03:20:02.874392Z] [INFO] MAS Broadcast: {"timestamp": "2026-01-12T03:20:02.873797Z", "comet": {"source": "comet", "count": 0}, "antigravity": {"source": "antigravity", "count": 3}, "total_synced": 3}
[2026-01-12T03:20:02.874526Z] [INFO] Sync cycle complete: 3 items
